

================================================================
== Vitis HLS Report for 'case_3_Pipeline_L_n4_1_L_n4_2_L_n4_3'
================================================================
* Date:           Tue Jan 20 09:52:11 2026

* Version:        2025.1 (Build 6135595 on May 21 2025)
* Project:        project_tmp
* Solution:       solution_tmp (Vivado IP Flow Target)
* Product family: zynq
* Target device:  xc7z020-clg484-1


================================================================
== Performance Estimates
================================================================
+ Timing: 
    * Summary: 
    +--------+----------+----------+------------+
    |  Clock |  Target  | Estimated| Uncertainty|
    +--------+----------+----------+------------+
    |ap_clk  |  12.00 ns|  7.850 ns|     3.24 ns|
    +--------+----------+----------+------------+

+ Latency: 
    * Summary: 
    +---------+---------+----------+----------+-----+-----+------------------------------------------------+
    |  Latency (cycles) |  Latency (absolute) |  Interval |                    Pipeline                    |
    |   min   |   max   |    min   |    max   | min | max |                      Type                      |
    +---------+---------+----------+----------+-----+-----+------------------------------------------------+
    |      515|      515|  6.180 us|  6.180 us|  513|  513|  loop auto-rewind stp (delay=0 clock cycles(s))|
    +---------+---------+----------+----------+-----+-----+------------------------------------------------+

    + Detail: 
        * Instance: 
        N/A

        * Loop: 
        +------------------------+---------+---------+----------+-----------+-----------+------+----------+
        |                        |  Latency (cycles) | Iteration|  Initiation Interval  | Trip |          |
        |        Loop Name       |   min   |   max   |  Latency |  achieved |   target  | Count| Pipelined|
        +------------------------+---------+---------+----------+-----------+-----------+------+----------+
        |- L_n4_1_L_n4_2_L_n4_3  |      513|      513|         3|          1|          1|   512|       yes|
        +------------------------+---------+---------+----------+-----------+-----------+------+----------+



================================================================
== Utilization Estimates
================================================================
* Summary: 
+-----------------+---------+-----+--------+-------+-----+
|       Name      | BRAM_18K| DSP |   FF   |  LUT  | URAM|
+-----------------+---------+-----+--------+-------+-----+
|DSP              |        -|    -|       -|      -|    -|
|Expression       |        -|    -|       0|    165|    -|
|FIFO             |        -|    -|       -|      -|    -|
|Instance         |        -|    -|       -|      -|    -|
|Memory           |        -|    -|       -|      -|    -|
|Multiplexer      |        -|    -|       0|     81|    -|
|Register         |        -|    -|      81|      -|    -|
+-----------------+---------+-----+--------+-------+-----+
|Total            |        0|    0|      81|    246|    0|
+-----------------+---------+-----+--------+-------+-----+
|Available        |      280|  220|  106400|  53200|    0|
+-----------------+---------+-----+--------+-------+-----+
|Utilization (%)  |        0|    0|      ~0|     ~0|    0|
+-----------------+---------+-----+--------+-------+-----+

+ Detail: 
    * Instance: 
    N/A

    * DSP: 
    N/A

    * Memory: 
    N/A

    * FIFO: 
    N/A

    * Expression: 
    +------------------------+----------+----+---+----+------------+------------+
    |      Variable Name     | Operation| DSP| FF| LUT| Bitwidth P0| Bitwidth P1|
    +------------------------+----------+----+---+----+------------+------------+
    |add_ln131_fu_180_p2     |         +|   0|  0|  13|          10|           1|
    |add_ln132_fu_241_p2     |         +|   0|  0|  15|           8|           1|
    |add_ln133_fu_235_p2     |         +|   0|  0|  13|           4|           1|
    |add_ln139_1_fu_295_p2   |         +|   0|  0|  14|           9|           9|
    |add_ln139_fu_287_p2     |         +|   0|  0|  13|           5|           5|
    |m27_fu_304_p2           |         +|   0|  0|  23|          16|          16|
    |m56_fu_274_p2           |         +|   0|  0|  14|           9|           9|
    |and_ln22_fu_210_p2      |       and|   0|  0|   2|           1|           1|
    |icmp_ln131_fu_174_p2    |      icmp|   0|  0|  12|          10|          11|
    |icmp_ln132_fu_192_p2    |      icmp|   0|  0|  15|           8|           7|
    |icmp_ln133_fu_204_p2    |      icmp|   0|  0|  13|           4|           5|
    |or_ln22_fu_216_p2       |        or|   0|  0|   2|           1|           1|
    |select_ln132_fu_247_p3  |    select|   0|  0|   8|           1|           1|
    |select_ln22_fu_222_p3   |    select|   0|  0|   4|           1|           1|
    |ap_enable_pp0           |       xor|   0|  0|   2|           1|           2|
    |xor_ln22_fu_198_p2      |       xor|   0|  0|   2|           1|           2|
    +------------------------+----------+----+---+----+------------+------------+
    |Total                   |          |   0|  0| 165|          89|          73|
    +------------------------+----------+----+---+----+------------+------------+

    * Multiplexer: 
    +----------------------------------------+----+-----------+-----+-----------+
    |                  Name                  | LUT| Input Size| Bits| Total Bits|
    +----------------------------------------+----+-----------+-----+-----------+
    |ap_done_int                             |   9|          2|    1|          2|
    |ap_enable_reg_pp0_iter1                 |   9|          2|    1|          2|
    |ap_sig_allocacmp_i_n4_2_load            |   9|          2|    4|          8|
    |ap_sig_allocacmp_indvar_flatten28_load  |   9|          2|    8|         16|
    |ap_sig_allocacmp_indvar_flatten43_load  |   9|          2|   10|         20|
    |i_n4_2_fu_76                            |   9|          2|    4|          8|
    |indvar_flatten28_fu_80                  |   9|          2|    8|         16|
    |indvar_flatten43_fu_84                  |   9|          2|   10|         20|
    |m27_3_fu_72                             |   9|          2|   16|         32|
    +----------------------------------------+----+-----------+-----+-----------+
    |Total                                   |  81|         18|   62|        124|
    +----------------------------------------+----+-----------+-----+-----------+

    * Register: 
    +----------------------------------+----+----+-----+-----------+
    |               Name               | FF | LUT| Bits| Const Bits|
    +----------------------------------+----+----+-----+-----------+
    |ap_CS_fsm                         |   1|   0|    1|          0|
    |ap_done_reg                       |   1|   0|    1|          0|
    |ap_enable_reg_pp0_iter1           |   1|   0|    1|          0|
    |ap_enable_reg_pp0_iter2           |   1|   0|    1|          0|
    |ap_loop_exit_ready_pp0_iter1_reg  |   1|   0|    1|          0|
    |conv_i3873_cast_cast_reg_368      |   9|   0|    9|          0|
    |i_n4_2_fu_76                      |   4|   0|    4|          0|
    |icmp_ln131_reg_373                |   1|   0|    1|          0|
    |indvar_flatten28_fu_80            |   8|   0|    8|          0|
    |indvar_flatten43_fu_84            |  10|   0|   10|          0|
    |m124_fu_68                        |   9|   0|    9|          0|
    |m27_3_fu_72                       |  16|   0|   16|          0|
    |m56_reg_382                       |   9|   0|    9|          0|
    |sext_ln131_cast_reg_363           |   5|   0|    5|          0|
    |sext_ln22_cast_reg_358            |   5|   0|    5|          0|
    +----------------------------------+----+----+-----+-----------+
    |Total                             |  81|   0|   81|          0|
    +----------------------------------+----+----+-----+-----------+



================================================================
== Interface
================================================================
* Summary: 
+---------------------+-----+-----+------------+--------------------------------------+--------------+
|      RTL Ports      | Dir | Bits|  Protocol  |             Source Object            |    C Type    |
+---------------------+-----+-----+------------+--------------------------------------+--------------+
|ap_clk               |   in|    1|  ap_ctrl_hs|  case_3_Pipeline_L_n4_1_L_n4_2_L_n4_3|  return value|
|ap_rst               |   in|    1|  ap_ctrl_hs|  case_3_Pipeline_L_n4_1_L_n4_2_L_n4_3|  return value|
|ap_start             |   in|    1|  ap_ctrl_hs|  case_3_Pipeline_L_n4_1_L_n4_2_L_n4_3|  return value|
|ap_done              |  out|    1|  ap_ctrl_hs|  case_3_Pipeline_L_n4_1_L_n4_2_L_n4_3|  return value|
|ap_idle              |  out|    1|  ap_ctrl_hs|  case_3_Pipeline_L_n4_1_L_n4_2_L_n4_3|  return value|
|ap_ready             |  out|    1|  ap_ctrl_hs|  case_3_Pipeline_L_n4_1_L_n4_2_L_n4_3|  return value|
|m27_2_reload         |   in|   16|     ap_none|                          m27_2_reload|        scalar|
|in_data_12_address0  |  out|    4|   ap_memory|                            in_data_12|         array|
|in_data_12_ce0       |  out|    1|   ap_memory|                            in_data_12|         array|
|in_data_12_q0        |   in|    8|   ap_memory|                            in_data_12|         array|
|conv_i3873_cast      |   in|    5|     ap_none|                       conv_i3873_cast|        scalar|
|sext_ln131           |   in|    4|     ap_none|                            sext_ln131|        scalar|
|sext_ln22            |   in|    4|     ap_none|                             sext_ln22|        scalar|
|m27_3_out            |  out|   16|      ap_vld|                             m27_3_out|       pointer|
|m27_3_out_ap_vld     |  out|    1|      ap_vld|                             m27_3_out|       pointer|
|m124_out             |  out|    9|      ap_vld|                              m124_out|       pointer|
|m124_out_ap_vld      |  out|    1|      ap_vld|                              m124_out|       pointer|
+---------------------+-----+-----+------------+--------------------------------------+--------------+

