

================================================================
== Vitis HLS Report for 'case_9'
================================================================
* Date:           Wed Jan 21 17:33:38 2026

* Version:        2025.1 (Build 6135595 on May 21 2025)
* Project:        project_tmp
* Solution:       solution_tmp (Vivado IP Flow Target)
* Product family: zynq
* Target device:  xc7z020-clg484-1


================================================================
== Performance Estimates
================================================================
+ Timing: 
    * Summary: 
    +--------+----------+----------+------------+
    |  Clock |  Target  | Estimated| Uncertainty|
    +--------+----------+----------+------------+
    |ap_clk  |  12.00 ns|  8.748 ns|     3.24 ns|
    +--------+----------+----------+------------+

+ Latency: 
    * Summary: 
    +---------+---------+-----------+-----------+-----+-----+---------+
    |  Latency (cycles) |   Latency (absolute)  |  Interval | Pipeline|
    |   min   |   max   |    min    |    max    | min | max |   Type  |
    +---------+---------+-----------+-----------+-----+-----+---------+
    |      841|      841|  10.092 us|  10.092 us|  842|  842|       no|
    +---------+---------+-----------+-----------+-----+-----+---------+

    + Detail: 
        * Instance: 
        +------------------------------------+------------------------+---------+---------+----------+----------+-----+-----+------------------------------------------------+
        |                                    |                        |  Latency (cycles) |  Latency (absolute) |  Interval |                    Pipeline                    |
        |              Instance              |         Module         |   min   |   max   |    min   |    max   | min | max |                      Type                      |
        +------------------------------------+------------------------+---------+---------+----------+----------+-----+-----+------------------------------------------------+
        |grp_case_9_Pipeline_L_s4_1_fu_1108  |case_9_Pipeline_L_s4_1  |       11|       11|  0.132 us|  0.132 us|    9|    9|  loop auto-rewind stp (delay=0 clock cycles(s))|
        +------------------------------------+------------------------+---------+---------+----------+----------+-----+-----+------------------------------------------------+

        * Loop: 
        +-----------------+---------+---------+----------+-----------+-----------+------+----------+
        |                 |  Latency (cycles) | Iteration|  Initiation Interval  | Trip |          |
        |    Loop Name    |   min   |   max   |  Latency |  achieved |   target  | Count| Pipelined|
        +-----------------+---------+---------+----------+-----------+-----------+------+----------+
        |- L_n1_1_L_n1_2  |       69|       69|         6|          1|          1|    64|       yes|
        |- L_s1_1         |       32|       32|         4|          -|          -|     8|        no|
        |- L_n2_1         |      208|      208|        26|          -|          -|     8|        no|
        | + L_n2_2        |       24|       24|         3|          -|          -|     8|        no|
        |- L_n3_1         |      336|      336|        42|          -|          -|     8|        no|
        | + L_n3_2        |       40|       40|         5|          -|          -|     8|        no|
        |- L_n4_1_L_n4_2  |       68|       68|         6|          1|          1|    64|       yes|
        |- L_s2_1         |       48|       48|         6|          -|          -|     8|        no|
        |- L_s3_1         |       48|       48|         6|          -|          -|     8|        no|
        +-----------------+---------+---------+----------+-----------+-----------+------+----------+



================================================================
== Utilization Estimates
================================================================
* Summary: 
+-----------------+---------+-----+--------+-------+-----+
|       Name      | BRAM_18K| DSP |   FF   |  LUT  | URAM|
+-----------------+---------+-----+--------+-------+-----+
|DSP              |        -|   12|       -|      -|    -|
|Expression       |        -|    -|       0|   2159|    -|
|FIFO             |        -|    -|       -|      -|    -|
|Instance         |        -|    0|      61|   1442|    -|
|Memory           |        -|    -|       -|      -|    -|
|Multiplexer      |        -|    -|       0|    876|    -|
|Register         |        -|    -|    1873|     64|    -|
+-----------------+---------+-----+--------+-------+-----+
|Total            |        0|   12|    1934|   4541|    0|
+-----------------+---------+-----+--------+-------+-----+
|Available        |      280|  220|  106400|  53200|    0|
+-----------------+---------+-----+--------+-------+-----+
|Utilization (%)  |        0|    5|       1|      8|    0|
+-----------------+---------+-----+--------+-------+-----+

+ Detail: 
    * Instance: 
    +------------------------------------+------------------------+---------+----+----+-----+-----+
    |              Instance              |         Module         | BRAM_18K| DSP| FF | LUT | URAM|
    +------------------------------------+------------------------+---------+----+----+-----+-----+
    |grp_case_9_Pipeline_L_s4_1_fu_1108  |case_9_Pipeline_L_s4_1  |        0|   0|  61|  166|    0|
    |mul_12s_3s_15_1_1_U31               |mul_12s_3s_15_1_1       |        0|   0|   0|  166|    0|
    |mul_15s_4s_16_1_1_U39               |mul_15s_4s_16_1_1       |        0|   0|   0|    6|    0|
    |mul_2s_2s_2_1_1_U22                 |mul_2s_2s_2_1_1         |        0|   0|   0|    8|    0|
    |mul_2s_2s_4_1_1_U13                 |mul_2s_2s_4_1_1         |        0|   0|   0|    3|    0|
    |mul_2s_2s_4_1_1_U15                 |mul_2s_2s_4_1_1         |        0|   0|   0|    3|    0|
    |mul_3s_2s_4_1_1_U14                 |mul_3s_2s_4_1_1         |        0|   0|   0|    9|    0|
    |mul_3s_3s_3_1_1_U8                  |mul_3s_3s_3_1_1         |        0|   0|   0|    9|    0|
    |mul_3s_3s_3_1_1_U25                 |mul_3s_3s_3_1_1         |        0|   0|   0|    9|    0|
    |mul_3s_3s_6_1_1_U10                 |mul_3s_3s_6_1_1         |        0|   0|   0|    9|    0|
    |mul_3s_3s_6_1_1_U28                 |mul_3s_3s_6_1_1         |        0|   0|   0|    9|    0|
    |mul_3s_3s_6_1_1_U40                 |mul_3s_3s_6_1_1         |        0|   0|   0|    9|    0|
    |mul_3s_3s_6_1_1_U41                 |mul_3s_3s_6_1_1         |        0|   0|   0|    9|    0|
    |mul_3s_3s_6_1_1_U42                 |mul_3s_3s_6_1_1         |        0|   0|   0|    9|    0|
    |mul_3s_3s_6_1_1_U43                 |mul_3s_3s_6_1_1         |        0|   0|   0|    9|    0|
    |mul_4s_3s_4_1_1_U21                 |mul_4s_3s_4_1_1         |        0|   0|   0|   13|    0|
    |mul_4s_3s_7_1_1_U12                 |mul_4s_3s_7_1_1         |        0|   0|   0|   24|    0|
    |mul_4s_3s_7_1_1_U18                 |mul_4s_3s_7_1_1         |        0|   0|   0|   24|    0|
    |mul_4s_3s_7_1_1_U29                 |mul_4s_3s_7_1_1         |        0|   0|   0|   24|    0|
    |mul_4s_5s_5_1_1_U38                 |mul_4s_5s_5_1_1         |        0|   0|   0|   17|    0|
    |mul_5s_3s_5_1_1_U36                 |mul_5s_3s_5_1_1         |        0|   0|   0|   17|    0|
    |mul_5s_3s_6_1_1_U47                 |mul_5s_3s_6_1_1         |        0|   0|   0|   17|    0|
    |mul_5s_3s_8_1_1_U30                 |mul_5s_3s_8_1_1         |        0|   0|   0|   17|    0|
    |mul_6s_2s_8_1_1_U23                 |mul_6s_2s_8_1_1         |        0|   0|   0|   43|    0|
    |mul_6s_3s_9_1_1_U20                 |mul_6s_3s_9_1_1         |        0|   0|   0|   26|    0|
    |mul_6s_3s_9_1_1_U33                 |mul_6s_3s_9_1_1         |        0|   0|   0|   43|    0|
    |mul_6s_6s_12_1_1_U26                |mul_6s_6s_12_1_1        |        0|   0|   0|   43|    0|
    |mul_6s_6s_6_1_1_U44                 |mul_6s_6s_6_1_1         |        0|   0|   0|   26|    0|
    |mul_7s_3s_7_1_1_U35                 |mul_7s_3s_7_1_1         |        0|   0|   0|   33|    0|
    |mul_7s_3s_7_1_1_U37                 |mul_7s_3s_7_1_1         |        0|   0|   0|   33|    0|
    |mul_7s_7s_7_1_1_U45                 |mul_7s_7s_7_1_1         |        0|   0|   0|   33|    0|
    |mul_8s_2s_10_1_1_U27                |mul_8s_2s_10_1_1        |        0|   0|   0|   41|    0|
    |mul_8s_3s_11_1_1_U9                 |mul_8s_3s_11_1_1        |        0|   0|   0|   62|    0|
    |mul_8s_3s_11_1_1_U19                |mul_8s_3s_11_1_1        |        0|   0|   0|   62|    0|
    |mul_8s_3s_11_1_1_U46                |mul_8s_3s_11_1_1        |        0|   0|   0|   62|    0|
    |mul_8s_3s_11_1_1_U48                |mul_8s_3s_11_1_1        |        0|   0|   0|   62|    0|
    |mul_8s_4s_12_1_1_U24                |mul_8s_4s_12_1_1        |        0|   0|   0|   41|    0|
    |mul_8s_5s_13_1_1_U17                |mul_8s_5s_13_1_1        |        0|   0|   0|   62|    0|
    |mul_8s_7s_15_1_1_U32                |mul_8s_7s_15_1_1        |        0|   0|   0|   41|    0|
    |mul_8s_8s_8_1_1_U11                 |mul_8s_8s_8_1_1         |        0|   0|   0|   41|    0|
    |mul_9s_3s_9_1_1_U34                 |mul_9s_3s_9_1_1         |        0|   0|   0|   51|    0|
    |mul_9s_4s_10_1_1_U16                |mul_9s_4s_10_1_1        |        0|   0|   0|   51|    0|
    +------------------------------------+------------------------+---------+----+----+-----+-----+
    |Total                               |                        |        0|   0|  61| 1442|    0|
    +------------------------------------+------------------------+---------+----+----+-----+-----+

    * DSP: 
    +---------------------------------+-----------------------------+--------------+
    |             Instance            |            Module           |  Expression  |
    +---------------------------------+-----------------------------+--------------+
    |mac_muladd_3s_3s_16s_17_4_1_U58  |mac_muladd_3s_3s_16s_17_4_1  |  i0 + i1 * i2|
    |mac_muladd_3s_3s_5s_6_4_1_U50    |mac_muladd_3s_3s_5s_6_4_1    |  i0 + i1 * i2|
    |mac_muladd_3s_3s_6s_7_4_1_U53    |mac_muladd_3s_3s_6s_7_4_1    |  i0 + i1 * i2|
    |mac_muladd_3s_3s_6s_7_4_1_U54    |mac_muladd_3s_3s_6s_7_4_1    |  i0 + i1 * i2|
    |mac_muladd_3s_3s_6s_7_4_1_U55    |mac_muladd_3s_3s_6s_7_4_1    |  i0 + i1 * i2|
    |mac_muladd_3s_3s_6s_7_4_1_U56    |mac_muladd_3s_3s_6s_7_4_1    |  i0 * i1 + i2|
    |mac_muladd_4s_3s_12s_12_4_1_U59  |mac_muladd_4s_3s_12s_12_4_1  |  i0 + i1 * i2|
    |mac_muladd_4s_3s_4s_7_4_1_U57    |mac_muladd_4s_3s_4s_7_4_1    |  i0 + i0 * i1|
    |mac_muladd_4s_3s_9s_9_4_1_U49    |mac_muladd_4s_3s_9s_9_4_1    |  i0 * i1 + i2|
    |mac_muladd_8s_3s_12s_12_4_1_U60  |mac_muladd_8s_3s_12s_12_4_1  |  i0 + i1 * i2|
    |mac_muladd_8s_3s_14s_14_4_1_U52  |mac_muladd_8s_3s_14s_14_4_1  |  i0 + i1 * i2|
    |mac_muladd_9s_3s_9s_12_4_1_U51   |mac_muladd_9s_3s_9s_12_4_1   |  i0 + i1 * i2|
    +---------------------------------+-----------------------------+--------------+

    * Memory: 
    N/A

    * FIFO: 
    N/A

    * Expression: 
    +-------------------------+----------+----+---+----+------------+------------+
    |      Variable Name      | Operation| DSP| FF| LUT| Bitwidth P0| Bitwidth P1|
    +-------------------------+----------+----+---+----+------------+------------+
    |add_i1730_1_fu_3421_p2   |         +|   0|  0|  12|          11|          11|
    |add_i1730_2_fu_3430_p2   |         +|   0|  0|  12|          11|          11|
    |add_i1730_3_fu_3439_p2   |         +|   0|  0|  12|          11|          11|
    |add_i1730_4_fu_3457_p2   |         +|   0|  0|  12|          11|          11|
    |add_i1730_5_fu_3463_p2   |         +|   0|  0|  12|          11|          11|
    |add_i1730_6_fu_3469_p2   |         +|   0|  0|  12|          11|          11|
    |add_i1730_7_fu_3475_p2   |         +|   0|  0|  12|          11|          11|
    |add_i1730_fu_3412_p2     |         +|   0|  0|  12|          11|          11|
    |add_ln113_fu_1217_p2     |         +|   0|  0|  14|           7|           1|
    |add_ln114_fu_1248_p2     |         +|   0|  0|  13|           4|           1|
    |add_ln146_11_fu_1556_p2  |         +|   0|  0|   8|           8|           8|
    |add_ln146_12_fu_1562_p2  |         +|   0|  0|   8|           8|           8|
    |add_ln146_13_fu_1730_p2  |         +|   0|  0|   9|           9|           9|
    |add_ln146_14_fu_1568_p2  |         +|   0|  0|  13|           5|           5|
    |add_ln146_15_fu_1739_p2  |         +|   0|  0|   7|           6|           6|
    |add_ln146_16_fu_1574_p2  |         +|   0|  0|  11|           3|           3|
    |add_ln146_17_fu_1584_p2  |         +|   0|  0|  13|           4|           4|
    |add_ln146_18_fu_1748_p2  |         +|   0|  0|   7|           6|           6|
    |add_ln146_19_fu_1758_p2  |         +|   0|  0|   9|           9|           9|
    |add_ln146_1_fu_1685_p2   |         +|   0|  0|  13|           5|           5|
    |add_ln146_20_fu_1813_p2  |         +|   0|  0|  12|          12|          12|
    |add_ln146_2_fu_1695_p2   |         +|   0|  0|  11|          11|          11|
    |add_ln146_3_fu_1700_p2   |         +|   0|  0|  11|          11|          11|
    |add_ln146_5_fu_1709_p2   |         +|   0|  0|  11|          11|          11|
    |add_ln146_6_fu_1540_p2   |         +|   0|  0|  14|           9|           9|
    |add_ln146_7_fu_1550_p2   |         +|   0|  0|  13|          10|          10|
    |add_ln146_8_fu_1718_p2   |         +|   0|  0|  11|          11|          11|
    |add_ln146_9_fu_1804_p2   |         +|   0|  0|  12|          12|          12|
    |add_ln146_fu_1676_p2     |         +|   0|  0|  14|           9|           9|
    |add_ln149_fu_1903_p2     |         +|   0|  0|  13|           4|           1|
    |add_ln156_1_fu_1991_p2   |         +|   0|  0|  15|           8|           8|
    |add_ln156_2_fu_2016_p2   |         +|   0|  0|  14|           9|           9|
    |add_ln156_3_fu_2026_p2   |         +|   0|  0|  13|          13|          13|
    |add_ln156_fu_2008_p2     |         +|   0|  0|  13|          13|          13|
    |add_ln159_fu_2076_p2     |         +|   0|  0|  13|           4|           1|
    |add_ln163_fu_2126_p2     |         +|   0|  0|  14|           7|           7|
    |add_ln167_fu_2439_p2     |         +|   0|  0|  13|           4|           1|
    |add_ln177_fu_2508_p2     |         +|   0|  0|  15|           8|           8|
    |add_ln185_10_fu_2661_p2  |         +|   0|  0|  15|           8|           8|
    |add_ln185_11_fu_2720_p2  |         +|   0|  0|  15|          15|          15|
    |add_ln185_1_fu_2702_p2   |         +|   0|  0|  20|          15|          15|
    |add_ln185_2_fu_2579_p2   |         +|   0|  0|  13|          10|          10|
    |add_ln185_3_fu_2589_p2   |         +|   0|  0|  12|          11|          11|
    |add_ln185_4_fu_2711_p2   |         +|   0|  0|  15|          15|          15|
    |add_ln185_5_fu_2594_p2   |         +|   0|  0|   7|           7|           7|
    |add_ln185_6_fu_2599_p2   |         +|   0|  0|   7|           7|           7|
    |add_ln185_7_fu_2646_p2   |         +|   0|  0|   7|           6|           6|
    |add_ln185_8_fu_2267_p2   |         +|   0|  0|  13|           4|           4|
    |add_ln185_9_fu_2652_p2   |         +|   0|  0|   7|           6|           6|
    |add_ln185_fu_2692_p2     |         +|   0|  0|  17|          14|          14|
    |add_ln188_fu_2749_p2     |         +|   0|  0|  14|           7|           1|
    |add_ln189_fu_2778_p2     |         +|   0|  0|  13|           4|           1|
    |add_ln222_10_fu_3221_p2  |         +|   0|  0|  14|          14|          14|
    |add_ln222_11_fu_3041_p2  |         +|   0|  0|  15|           8|           8|
    |add_ln222_12_fu_3051_p2  |         +|   0|  0|  14|           9|           9|
    |add_ln222_13_fu_3057_p2  |         +|   0|  0|  14|           7|           7|
    |add_ln222_14_fu_3066_p2  |         +|   0|  0|  15|           8|           8|
    |add_ln222_15_fu_3181_p2  |         +|   0|  0|  10|          10|          10|
    |add_ln222_16_fu_3072_p2  |         +|   0|  0|  14|           7|           7|
    |add_ln222_17_fu_3190_p2  |         +|   0|  0|   8|           8|           8|
    |add_ln222_18_fu_3078_p2  |         +|   0|  0|  14|           6|           6|
    |add_ln222_19_fu_3088_p2  |         +|   0|  0|  14|           7|           7|
    |add_ln222_20_fu_3199_p2  |         +|   0|  0|   8|           8|           8|
    |add_ln222_21_fu_3209_p2  |         +|   0|  0|  10|          10|          10|
    |add_ln222_22_fu_3229_p2  |         +|   0|  0|  14|          14|          14|
    |add_ln222_2_fu_3032_p2   |         +|   0|  0|  14|           9|           9|
    |add_ln222_4_fu_3129_p2   |         +|   0|  0|  17|          14|          14|
    |add_ln222_5_fu_3134_p2   |         +|   0|  0|  13|           5|           5|
    |add_ln222_6_fu_3144_p2   |         +|   0|  0|  13|          10|          10|
    |add_ln222_7_fu_3153_p2   |         +|   0|  0|  10|          10|          10|
    |add_ln222_8_fu_3159_p2   |         +|   0|  0|  10|          10|          10|
    |add_ln222_9_fu_3169_p2   |         +|   0|  0|  12|          11|          11|
    |add_ln222_fu_2844_p2     |         +|   0|  0|  17|          14|          14|
    |add_ln225_1_fu_3523_p2   |         +|   0|  0|  12|          12|          12|
    |add_ln225_2_fu_3533_p2   |         +|   0|  0|  14|          13|          13|
    |add_ln225_3_fu_3543_p2   |         +|   0|  0|  12|          12|          12|
    |add_ln225_4_fu_3553_p2   |         +|   0|  0|  12|          12|          12|
    |add_ln225_5_fu_3563_p2   |         +|   0|  0|  14|          13|          13|
    |add_ln225_6_fu_3573_p2   |         +|   0|  0|  17|          14|          14|
    |add_ln225_fu_3513_p2     |         +|   0|  0|  12|          12|          12|
    |add_ln231_2_fu_3393_p2   |         +|   0|  0|  15|           8|           8|
    |add_ln231_5_fu_3600_p2   |         +|   0|  0|  15|           8|           8|
    |add_ln231_6_fu_3610_p2   |         +|   0|  0|  14|           9|           9|
    |add_ln231_7_fu_3658_p2   |         +|   0|  0|  32|          32|          32|
    |add_ln231_8_fu_3628_p2   |         +|   0|  0|  25|          18|          18|
    |add_ln231_9_fu_3667_p2   |         +|   0|  0|  32|          32|          32|
    |add_ln240_fu_3707_p2     |         +|   0|  0|  13|           4|           1|
    |add_ln252_1_fu_3864_p2   |         +|   0|  0|  12|          11|          11|
    |add_ln252_2_fu_3872_p2   |         +|   0|  0|  17|          17|          17|
    |add_ln252_4_fu_3838_p2   |         +|   0|  0|  14|           7|           7|
    |add_ln252_5_fu_3847_p2   |         +|   0|  0|  15|           8|           8|
    |add_ln252_6_fu_3883_p2   |         +|   0|  0|  14|           9|           9|
    |add_ln252_7_fu_3893_p2   |         +|   0|  0|  17|          17|          17|
    |add_ln254_fu_3921_p2     |         +|   0|  0|  13|           4|           1|
    |add_ln263_2_fu_4012_p2   |         +|   0|  0|  11|          11|          11|
    |add_ln263_3_fu_3987_p2   |         +|   0|  0|  15|           8|           8|
    |add_ln263_4_fu_4021_p2   |         +|   0|  0|  11|          11|          11|
    |add_ln263_5_fu_4033_p2   |         +|   0|  0|  14|          13|          13|
    |grp_fu_4089_p2           |         +|   0|  0|  14|           9|           9|
    |i_n2_0_2_fu_2054_p2      |         +|   0|  0|  13|           4|           1|
    |i_n3_0_2_fu_2286_p2      |         +|   0|  0|  13|           4|           1|
    |m101_fu_3262_p2          |         +|   0|  0|  13|           5|           5|
    |m102_fu_3784_p2          |         +|   0|  0|  13|           5|           5|
    |m103_fu_3797_p2          |         +|   0|  0|  13|           4|           4|
    |m113_fu_3995_p2          |         +|   0|  0|  14|           9|           9|
    |m116_fu_3761_p2          |         +|   0|  0|  12|          12|          12|
    |m16_13_fu_2140_p2        |         +|   0|  0|  39|          32|          32|
    |m16_19_fu_2729_p2        |         +|   0|  0|  39|          32|          32|
    |m16_21_fu_3902_p2        |         +|   0|  0|  39|          32|          32|
    |m16_22_fu_4043_p2        |         +|   0|  0|  39|          32|          32|
    |m16_23_fu_1823_p2        |         +|   0|  0|  25|          18|          18|
    |m16_24_fu_3239_p2        |         +|   0|  0|  39|          32|          32|
    |m16_fu_2036_p2           |         +|   0|  0|  26|          19|          19|
    |m19_fu_1348_p2           |         +|   0|  0|  14|           6|           6|
    |m21_fu_1307_p2           |         +|   0|  0|  14|           9|           9|
    |m24_fu_1369_p2           |         +|   0|  0|  14|           7|           7|
    |m25_fu_1378_p2           |         +|   0|  0|  13|           4|           4|
    |m26_fu_1391_p2           |         +|   0|  0|  13|           5|           5|
    |m28_fu_1276_p2           |         +|   0|  0|  13|           4|           4|
    |m33_fu_1465_p2           |         +|   0|  0|  13|           4|           4|
    |m34_fu_1475_p2           |         +|   0|  0|  15|           8|           8|
    |m38_fu_1516_p2           |         +|   0|  0|  13|           5|           5|
    |m42_fu_1947_p2           |         +|   0|  0|  14|           7|           7|
    |m45_fu_1973_p2           |         +|   0|  0|  15|           8|           8|
    |m53_fu_2464_p2           |         +|   0|  0|  14|           9|           9|
    |m58_fu_2682_p2           |         +|   0|  0|  17|          14|          14|
    |m59_fu_2503_p2           |         +|   0|  0|  13|           4|           4|
    |m61_fu_2534_p2           |         +|   0|  0|  14|           9|           9|
    |m63_fu_2569_p2           |         +|   0|  0|  13|           4|           4|
    |m68_fu_2805_p2           |         +|   0|  0|  15|           8|           8|
    |m71_fu_2873_p2           |         +|   0|  0|  13|           4|           4|
    |m72_fu_2887_p2           |         +|   0|  0|  13|           4|           4|
    |m73_fu_2334_p2           |         +|   0|  0|  13|           5|           5|
    |m78_fu_2925_p2           |         +|   0|  0|  13|           4|           4|
    |m81_fu_2948_p2           |         +|   0|  0|  15|           8|           8|
    |m82_fu_2969_p2           |         +|   0|  0|  13|           4|           4|
    |m84_fu_2983_p2           |         +|   0|  0|  13|           5|           5|
    |m85_fu_2992_p2           |         +|   0|  0|  15|           8|           8|
    |m88_fu_2394_p2           |         +|   0|  0|  14|           9|           9|
    |icmp_ln113_fu_1211_p2    |      icmp|   0|  0|  15|           7|           8|
    |icmp_ln114_fu_1226_p2    |      icmp|   0|  0|  13|           4|           5|
    |icmp_ln149_fu_1897_p2    |      icmp|   0|  0|  13|           4|           5|
    |icmp_ln158_fu_2048_p2    |      icmp|   0|  0|  13|           4|           5|
    |icmp_ln159_fu_2070_p2    |      icmp|   0|  0|  13|           4|           5|
    |icmp_ln166_fu_2280_p2    |      icmp|   0|  0|  13|           4|           5|
    |icmp_ln167_fu_2433_p2    |      icmp|   0|  0|  13|           4|           5|
    |icmp_ln188_fu_2743_p2    |      icmp|   0|  0|  15|           7|           8|
    |icmp_ln189_fu_2758_p2    |      icmp|   0|  0|  13|           4|           5|
    |icmp_ln240_fu_3701_p2    |      icmp|   0|  0|  13|           4|           5|
    |icmp_ln254_fu_3915_p2    |      icmp|   0|  0|  13|           4|           5|
    |select_ln1_fu_1232_p3    |    select|   0|  0|   4|           1|           1|
    |select_ln8_fu_2764_p3    |    select|   0|  0|   4|           1|           1|
    |ap_enable_pp0            |       xor|   0|  0|   2|           1|           2|
    |ap_enable_pp1            |       xor|   0|  0|   2|           1|           2|
    +-------------------------+----------+----+---+----+------------+------------+
    |Total                    |          |   0|  0|2159|        1440|        1414|
    +-------------------------+----------+----+---+----+------------+------------+

    * Multiplexer: 
    +---------------------------+-----+-----------+-----+-----------+
    |            Name           | LUT | Input Size| Bits| Total Bits|
    +---------------------------+-----+-----------+-----+-----------+
    |ap_NS_fsm                  |  193|         44|    1|         44|
    |ap_enable_reg_pp0_iter5    |    9|          2|    1|          2|
    |ap_enable_reg_pp1_iter2    |    9|          2|    1|          2|
    |ap_enable_reg_pp1_iter5    |    9|          2|    1|          2|
    |i_n1_1_fu_294              |    9|          2|    4|          8|
    |i_n2_0_fu_318              |    9|          2|    4|          8|
    |i_n2_1_reg_1086            |    9|          2|    4|          8|
    |i_n3_0_fu_330              |    9|          2|    4|          8|
    |i_n3_1_reg_1097            |    9|          2|    4|          8|
    |i_n4_1_fu_378              |    9|          2|    4|          8|
    |i_s1_0_fu_314              |    9|          2|    4|          8|
    |i_s2_0_fu_390              |    9|          2|    4|          8|
    |i_s3_0_fu_402              |    9|          2|    4|          8|
    |in_data_0_address0_local   |   37|          7|    4|         28|
    |in_data_10_address0_local  |   42|          8|    4|         32|
    |in_data_10_address1_local  |   37|          7|    4|         28|
    |in_data_12_address0_local  |   25|          5|    4|         20|
    |in_data_14_address0        |    9|          2|    4|          8|
    |in_data_14_address0_local  |   48|          9|    4|         36|
    |in_data_14_address1_local  |   31|          6|    4|         24|
    |in_data_14_ce0             |    9|          2|    1|          2|
    |in_data_2_address0_local   |   37|          7|    4|         28|
    |in_data_4_address0         |    9|          2|    4|          8|
    |in_data_4_address0_local   |   25|          5|    4|         20|
    |in_data_4_ce0              |    9|          2|    1|          2|
    |in_data_6_address0_local   |   31|          6|    4|         24|
    |in_data_8_address0_local   |   48|          9|    4|         36|
    |in_data_8_address1_local   |   25|          5|    4|         20|
    |in_scalar_address0_local   |   25|          5|    4|         20|
    |in_scalar_address1_local   |   20|          4|    4|         16|
    |indvar_flatten6_fu_382     |    9|          2|    7|         14|
    |indvar_flatten_fu_298      |    9|          2|    7|         14|
    |m16_10_fu_374              |    9|          2|   32|         64|
    |m16_14_fu_394              |    9|          2|   32|         64|
    |m16_17_fu_398              |    9|          2|   32|         64|
    |m16_1_fu_290               |    9|          2|   18|         36|
    |m16_2_fu_310               |    9|          2|   19|         38|
    |m16_4_fu_322               |    9|          2|   32|         64|
    |m16_6_fu_334               |    9|          2|   32|         64|
    |reg_1155                   |    9|          2|    8|         16|
    |reg_1160                   |    9|          2|    8|         16|
    |reg_1169                   |    9|          2|    3|          6|
    +---------------------------+-----+-----------+-----+-----------+
    |Total                      |  876|        183|  332|        934|
    +---------------------------+-----+-----------+-----+-----------+

    * Register: 
    +-------------------------------------------------+----+----+-----+-----------+
    |                       Name                      | FF | LUT| Bits| Const Bits|
    +-------------------------------------------------+----+----+-----+-----------+
    |add_i2039_phi_fu_358                             |   4|   0|    4|          0|
    |add_i2636_phi_fu_362                             |   8|   0|    8|          0|
    |add_i4161_lcssa_phi_fu_350                       |   8|   0|    8|          0|
    |add_i5077_phi_cast_reg_4891                      |   8|   0|    8|          0|
    |add_i5077_phi_fu_306                             |   7|   0|    7|          0|
    |add_i5426_phi_fu_230                             |   3|   0|    4|          1|
    |add_i5426_phi_load_reg_4510                      |   3|   0|    4|          1|
    |add_i5493_phi_fu_250                             |   9|   0|    9|          0|
    |add_i6304_phi_fu_274                             |   4|   0|    4|          0|
    |add_i6304_phi_load_reg_4520                      |   4|   0|    4|          0|
    |add_i6356_phi_cast37_reg_4896                    |  15|   0|   15|          0|
    |add_i6356_phi_fu_278                             |   7|   0|    7|          0|
    |add_i6572_phi_fu_282                             |   9|   0|    9|          0|
    |add_ln146_12_reg_4495                            |   8|   0|    8|          0|
    |add_ln146_14_reg_4500                            |   5|   0|    5|          0|
    |add_ln146_17_reg_4505                            |   4|   0|    4|          0|
    |add_ln146_19_reg_4537                            |   9|   0|    9|          0|
    |add_ln146_3_reg_4527                             |  11|   0|   11|          0|
    |add_ln146_7_reg_4490                             |  10|   0|   10|          0|
    |add_ln146_8_reg_4532                             |  11|   0|   11|          0|
    |add_ln156_1_reg_4683                             |   8|   0|    8|          0|
    |add_ln159_reg_4747                               |   4|   0|    4|          0|
    |add_ln163_reg_4762                               |   7|   0|    7|          0|
    |add_ln167_reg_4974                               |   4|   0|    4|          0|
    |add_ln185_10_reg_5044                            |   8|   0|    8|          0|
    |add_ln185_11_reg_5049                            |  15|   0|   15|          0|
    |add_ln185_3_reg_5029                             |  11|   0|   11|          0|
    |add_ln185_6_reg_5034                             |   7|   0|    7|          0|
    |add_ln222_12_reg_5174                            |   9|   0|    9|          0|
    |add_ln222_14_reg_5179                            |   8|   0|    8|          0|
    |add_ln222_16_reg_5184                            |   7|   0|    7|          0|
    |add_ln222_19_reg_5189                            |   7|   0|    7|          0|
    |add_ln222_21_reg_5204                            |  10|   0|   10|          0|
    |add_ln222_4_reg_5194                             |  14|   0|   14|          0|
    |add_ln222_9_reg_5199                             |  11|   0|   11|          0|
    |add_ln222_reg_5138                               |  14|   0|   14|          0|
    |add_ln231_2_reg_5465                             |   8|   0|    8|          0|
    |add_ln231_8_reg_5475                             |  15|   0|   18|          3|
    |add_ln252_1_reg_5625                             |  11|   0|   11|          0|
    |add_ln252_5_reg_5620                             |   8|   0|    8|          0|
    |add_ln252_7_reg_5630                             |  17|   0|   17|          0|
    |add_ln263_3_reg_5694                             |   8|   0|    8|          0|
    |add_ln263_4_reg_5704                             |  11|   0|   11|          0|
    |ap_CS_fsm                                        |  43|   0|   43|          0|
    |ap_enable_reg_pp0_iter0                          |   1|   0|    1|          0|
    |ap_enable_reg_pp0_iter1                          |   1|   0|    1|          0|
    |ap_enable_reg_pp0_iter2                          |   1|   0|    1|          0|
    |ap_enable_reg_pp0_iter3                          |   1|   0|    1|          0|
    |ap_enable_reg_pp0_iter4                          |   1|   0|    1|          0|
    |ap_enable_reg_pp0_iter5                          |   1|   0|    1|          0|
    |ap_enable_reg_pp1_iter0                          |   1|   0|    1|          0|
    |ap_enable_reg_pp1_iter1                          |   1|   0|    1|          0|
    |ap_enable_reg_pp1_iter2                          |   1|   0|    1|          0|
    |ap_enable_reg_pp1_iter3                          |   1|   0|    1|          0|
    |ap_enable_reg_pp1_iter4                          |   1|   0|    1|          0|
    |ap_enable_reg_pp1_iter5                          |   1|   0|    1|          0|
    |conv25_i4067_cast_reg_4945                       |  12|   0|   12|          0|
    |conv3_i_i4149133_cast_cast_cast_cast_reg_4796    |   7|   0|    8|          1|
    |conv_i3502_cast112_reg_4901                      |   9|   0|    9|          0|
    |conv_i3929_cast_reg_4806                         |   8|   0|    8|          0|
    |conv_i4714_cast_reg_4663                         |   9|   0|    9|          0|
    |conv_i4979_cast_reg_4592                         |   7|   0|    7|          0|
    |conv_i6325_phi_cast_reg_4801                     |   7|   0|    7|          0|
    |empty_47_reg_4583                                |   7|   0|    7|          0|
    |empty_49_reg_4668                                |   4|   0|    4|          0|
    |empty_55_reg_4906                                |   5|   0|    5|          0|
    |empty_57_reg_4925                                |   9|   0|    9|          0|
    |empty_58_reg_4930                                |   7|   0|    7|          0|
    |empty_59_reg_4935                                |   5|   0|    5|          0|
    |empty_61_reg_5390                                |   6|   0|    6|          0|
    |empty_reg_4315                                   |   6|   0|    6|          0|
    |grp_case_9_Pipeline_L_s4_1_fu_1108_ap_start_reg  |   1|   0|    1|          0|
    |i_n1_1_fu_294                                    |   4|   0|    4|          0|
    |i_n2_0_2_reg_4696                                |   4|   0|    4|          0|
    |i_n2_0_fu_318                                    |   4|   0|    4|          0|
    |i_n2_1_reg_1086                                  |   4|   0|    4|          0|
    |i_n3_0_2_reg_4829                                |   4|   0|    4|          0|
    |i_n3_0_fu_330                                    |   4|   0|    4|          0|
    |i_n3_1_reg_1097                                  |   4|   0|    4|          0|
    |i_n4_1_fu_378                                    |   4|   0|    4|          0|
    |i_s1_0_fu_314                                    |   4|   0|    4|          0|
    |i_s2_0_fu_390                                    |   4|   0|    4|          0|
    |i_s3_0_fu_402                                    |   4|   0|    4|          0|
    |icmp_ln113_reg_4357                              |   1|   0|    1|          0|
    |icmp_ln188_reg_5054                              |   1|   0|    1|          0|
    |in_data_10_load_12_reg_5679                      |   3|   0|    3|          0|
    |in_data_14_load_3_reg_5275                       |   3|   0|    3|          0|
    |in_data_14_load_4_reg_5330                       |   3|   0|    3|          0|
    |in_data_14_load_5_reg_5335                       |   3|   0|    3|          0|
    |in_data_14_load_6_reg_5395                       |   3|   0|    3|          0|
    |in_data_14_load_7_reg_5400                       |   3|   0|    3|          0|
    |in_data_14_load_8_reg_5445                       |   3|   0|    3|          0|
    |in_data_14_load_9_reg_5450                       |   3|   0|    3|          0|
    |in_data_4_load_2_reg_5083                        |   3|   0|    3|          0|
    |in_data_4_load_2_reg_5083_pp1_iter2_reg          |   3|   0|    3|          0|
    |in_data_6_load_reg_4399                          |   3|   0|    3|          0|
    |in_data_6_load_reg_4399_pp0_iter2_reg            |   3|   0|    3|          0|
    |in_scalar_load_1_cast24_reg_4341                 |   9|   0|    9|          0|
    |in_scalar_load_1_reg_4320                        |   8|   0|    8|          0|
    |in_scalar_load_2_cast_reg_4352                   |  11|   0|   11|          0|
    |in_scalar_load_2_reg_4346                        |   8|   0|    8|          0|
    |in_scalar_load_4_cast124_reg_5575                |  11|   0|   11|          0|
    |in_scalar_load_4_cast_reg_4777                   |   9|   0|    9|          0|
    |in_scalar_load_6_cast122_reg_4966                |  11|   0|   11|          0|
    |in_scalar_load_cast_reg_4597                     |  11|   0|   11|          0|
    |indvar_flatten6_fu_382                           |   7|   0|    7|          0|
    |indvar_flatten_fu_298                            |   7|   0|    7|          0|
    |m101_cast149_reg_5490                            |   8|   0|    8|          0|
    |m101_reg_5265                                    |   5|   0|    5|          0|
    |m102_reg_5590                                    |   5|   0|    5|          0|
    |m104_cast_reg_5495                               |  17|   0|   17|          0|
    |m104_reg_5270                                    |  16|   0|   16|          0|
    |m105_reg_5470                                    |   6|   0|    6|          0|
    |m106_reg_5600                                    |  11|   0|   11|          0|
    |m115_reg_5684                                    |  10|   0|   10|          0|
    |m116_reg_5580                                    |  12|   0|   12|          0|
    |m16_10_fu_374                                    |  32|   0|   32|          0|
    |m16_14_fu_394                                    |  32|   0|   32|          0|
    |m16_17_fu_398                                    |  32|   0|   32|          0|
    |m16_17_load_1_reg_5663                           |  32|   0|   32|          0|
    |m16_1_fu_290                                     |  18|   0|   18|          0|
    |m16_2_fu_310                                     |  19|   0|   19|          0|
    |m16_4_fu_322                                     |  32|   0|   32|          0|
    |m16_6_fu_334                                     |  32|   0|   32|          0|
    |m16_reg_4688                                     |  19|   0|   19|          0|
    |m20_reg_4468                                     |   6|   0|    6|          0|
    |m21_reg_4435                                     |   9|   0|    9|          0|
    |m21_reg_4435_pp0_iter3_reg                       |   9|   0|    9|          0|
    |m22_reg_4441                                     |   3|   0|    3|          0|
    |m23_reg_4446                                     |  11|   0|   11|          0|
    |m23_reg_4446_pp0_iter3_reg                       |  11|   0|   11|          0|
    |m25_reg_4473                                     |   4|   0|    4|          0|
    |m28_reg_4410                                     |   4|   0|    4|          0|
    |m45_reg_4673                                     |   8|   0|    8|          0|
    |m46_reg_4678                                     |  11|   0|   11|          0|
    |m53_reg_5014                                     |   9|   0|    9|          0|
    |m56_reg_5039                                     |  13|   0|   13|          0|
    |m60_reg_5019                                     |   4|   0|    4|          0|
    |m62_reg_5024                                     |   5|   0|    5|          0|
    |m64_cast_reg_4816                                |  11|   0|   11|          0|
    |m68_reg_5088                                     |   8|   0|    8|          0|
    |m70_reg_5143                                     |   6|   0|    6|          0|
    |m71_reg_5148                                     |   4|   0|    4|          0|
    |m72_reg_5153                                     |   4|   0|    4|          0|
    |m73_cast_reg_4911                                |   7|   0|    7|          0|
    |m74_cast_reg_4920                                |   7|   0|    7|          0|
    |m76_reg_5159                                     |   9|   0|    9|          0|
    |m78_reg_5164                                     |   4|   0|    4|          0|
    |m88_reg_4955                                     |   9|   0|    9|          0|
    |m90_reg_4960                                     |  10|   0|   10|          0|
    |m_reg_5674                                       |   4|   0|    5|          1|
    |mul_i1148_phi_fu_386                             |   7|   0|    7|          0|
    |mul_i1663_reg_5239                               |   5|   0|    5|          0|
    |mul_i3533_phi_fu_354                             |  15|   0|   15|          0|
    |mul_i3800_reg_4811                               |  12|   0|   12|          0|
    |mul_i3908_lcssa_phi_fu_346                       |  32|   0|   32|          0|
    |mul_i4343_cast_cast_reg_4786                     |   7|   0|    7|          0|
    |mul_i4387_lcssa_phi_fu_338                       |  32|   0|   32|          0|
    |mul_i4506_lcssa_phi_fu_342                       |   8|   0|    8|          0|
    |mul_i4703_lcssa_phi_fu_326                       |  32|   0|   32|          0|
    |mul_i6484_phi_fu_234                             |  11|   0|   11|          0|
    |mul_i6484_phi_load_reg_4515                      |  11|   0|   11|          0|
    |mul_i6668_phi_fu_238                             |   6|   0|    6|          0|
    |phi_ln119_fu_286                                 |   3|   0|    3|          0|
    |phi_ln124_fu_270                                 |   5|   0|    5|          0|
    |phi_ln127_cast_reg_5485                          |   5|   0|    5|          0|
    |phi_ln127_fu_266                                 |   4|   0|    4|          0|
    |phi_ln129_fu_262                                 |   2|   0|    2|          0|
    |phi_ln130_fu_258                                 |  10|   0|   10|          0|
    |phi_ln133_fu_254                                 |   4|   0|    4|          0|
    |phi_ln140_fu_246                                 |   4|   0|    4|          0|
    |phi_ln145_cast_reg_4791                          |   4|   0|    4|          0|
    |phi_ln145_fu_242                                 |   2|   0|    2|          0|
    |phi_ln190_cast_reg_5570                          |  11|   0|   11|          0|
    |phi_ln190_fu_370                                 |   8|   0|    8|          0|
    |phi_ln193_fu_366                                 |   4|   0|    4|          0|
    |reg_1155                                         |   8|   0|    8|          0|
    |reg_1160                                         |   8|   0|    8|          0|
    |reg_1165                                         |   3|   0|    3|          0|
    |reg_1165_pp0_iter2_reg                           |   3|   0|    3|          0|
    |reg_1169                                         |   3|   0|    3|          0|
    |reg_1174                                         |   3|   0|    3|          0|
    |reg_1174_pp1_iter2_reg                           |   3|   0|    3|          0|
    |reg_1178                                         |   3|   0|    3|          0|
    |sext_ln116_reg_4393                              |   6|   0|    6|          0|
    |sext_ln116_reg_4393_pp0_iter2_reg                |   6|   0|    6|          0|
    |sext_ln185_5_reg_4821                            |   6|   0|    6|          0|
    |sext_ln1_1_reg_4548                              |   5|   0|    5|          0|
    |sext_ln1_2_reg_4553                              |  12|   0|   12|          0|
    |sext_ln1_3_reg_4558                              |  19|   0|   19|          0|
    |sext_ln1_reg_4542                                |   4|   0|    5|          1|
    |sext_ln22_1_reg_5585                             |   7|   0|    7|          0|
    |sext_ln240_reg_5505                              |   7|   0|    7|          0|
    |sext_ln255_reg_5560                              |   6|   0|    6|          0|
    |sext_ln259_reg_5565                              |   8|   0|    8|          0|
    |sext_ln46_1_reg_4607                             |  13|   0|   13|          0|
    |sext_ln46_reg_4602                               |  15|   0|   15|          0|
    |sext_ln8_reg_5078                                |  16|   0|   16|          0|
    |sext_ln94_reg_5595                               |   7|   0|    7|          0|
    |trunc_ln122_1_reg_4658                           |   7|   0|    7|          0|
    |trunc_ln122_reg_4452                             |   7|   0|    7|          0|
    |trunc_ln129_reg_4415                             |   2|   0|    2|          0|
    |trunc_ln129_reg_4415_pp0_iter2_reg               |   2|   0|    2|          0|
    |trunc_ln134_reg_4457                             |   8|   0|    8|          0|
    |trunc_ln177_cast_reg_4950                        |   8|   0|    8|          0|
    |trunc_ln177_reg_4886                             |   7|   0|    7|          0|
    |trunc_ln181_reg_5480                             |   5|   0|    5|          0|
    |trunc_ln194_reg_5093                             |  14|   0|   14|          0|
    |trunc_ln208_cast_reg_5500                        |  11|   0|   11|          0|
    |trunc_ln211_reg_4940                             |   8|   0|    8|          0|
    |zext_ln114_reg_4361                              |   4|   0|   64|         60|
    |zext_ln114_reg_4361_pp0_iter1_reg                |   4|   0|   64|         60|
    |zext_ln189_reg_5058                              |   4|   0|   64|         60|
    |zext_ln189_reg_5058_pp1_iter1_reg                |   4|   0|   64|         60|
    |icmp_ln113_reg_4357                              |  64|  32|    1|          0|
    |m28_reg_4410                                     |  64|  32|    4|          0|
    +-------------------------------------------------+----+----+-----+-----------+
    |Total                                            |1873|  64| 1998|        248|
    +-------------------------------------------------+----+----+-----+-----------+



================================================================
== Interface
================================================================
* Summary: 
+---------------------+-----+-----+------------+--------------+--------------+
|      RTL Ports      | Dir | Bits|  Protocol  | Source Object|    C Type    |
+---------------------+-----+-----+------------+--------------+--------------+
|ap_clk               |   in|    1|  ap_ctrl_hs|        case_9|  return value|
|ap_rst               |   in|    1|  ap_ctrl_hs|        case_9|  return value|
|ap_start             |   in|    1|  ap_ctrl_hs|        case_9|  return value|
|ap_done              |  out|    1|  ap_ctrl_hs|        case_9|  return value|
|ap_idle              |  out|    1|  ap_ctrl_hs|        case_9|  return value|
|ap_ready             |  out|    1|  ap_ctrl_hs|        case_9|  return value|
|in_data_0_address0   |  out|    4|   ap_memory|     in_data_0|         array|
|in_data_0_ce0        |  out|    1|   ap_memory|     in_data_0|         array|
|in_data_0_q0         |   in|    3|   ap_memory|     in_data_0|         array|
|in_data_1_address0   |  out|    4|   ap_memory|     in_data_1|         array|
|in_data_1_ce0        |  out|    1|   ap_memory|     in_data_1|         array|
|in_data_1_we0        |  out|    1|   ap_memory|     in_data_1|         array|
|in_data_1_d0         |  out|    3|   ap_memory|     in_data_1|         array|
|in_data_1_q0         |   in|    3|   ap_memory|     in_data_1|         array|
|in_data_1_address1   |  out|    4|   ap_memory|     in_data_1|         array|
|in_data_1_ce1        |  out|    1|   ap_memory|     in_data_1|         array|
|in_data_1_we1        |  out|    1|   ap_memory|     in_data_1|         array|
|in_data_1_d1         |  out|    3|   ap_memory|     in_data_1|         array|
|in_data_1_q1         |   in|    3|   ap_memory|     in_data_1|         array|
|in_data_2_address0   |  out|    4|   ap_memory|     in_data_2|         array|
|in_data_2_ce0        |  out|    1|   ap_memory|     in_data_2|         array|
|in_data_2_q0         |   in|    3|   ap_memory|     in_data_2|         array|
|in_data_3_address0   |  out|    4|   ap_memory|     in_data_3|         array|
|in_data_3_ce0        |  out|    1|   ap_memory|     in_data_3|         array|
|in_data_3_we0        |  out|    1|   ap_memory|     in_data_3|         array|
|in_data_3_d0         |  out|    3|   ap_memory|     in_data_3|         array|
|in_data_3_q0         |   in|    3|   ap_memory|     in_data_3|         array|
|in_data_3_address1   |  out|    4|   ap_memory|     in_data_3|         array|
|in_data_3_ce1        |  out|    1|   ap_memory|     in_data_3|         array|
|in_data_3_we1        |  out|    1|   ap_memory|     in_data_3|         array|
|in_data_3_d1         |  out|    3|   ap_memory|     in_data_3|         array|
|in_data_3_q1         |   in|    3|   ap_memory|     in_data_3|         array|
|in_data_4_address0   |  out|    4|   ap_memory|     in_data_4|         array|
|in_data_4_ce0        |  out|    1|   ap_memory|     in_data_4|         array|
|in_data_4_q0         |   in|    3|   ap_memory|     in_data_4|         array|
|in_data_5_address0   |  out|    4|   ap_memory|     in_data_5|         array|
|in_data_5_ce0        |  out|    1|   ap_memory|     in_data_5|         array|
|in_data_5_we0        |  out|    1|   ap_memory|     in_data_5|         array|
|in_data_5_d0         |  out|    3|   ap_memory|     in_data_5|         array|
|in_data_5_q0         |   in|    3|   ap_memory|     in_data_5|         array|
|in_data_5_address1   |  out|    4|   ap_memory|     in_data_5|         array|
|in_data_5_ce1        |  out|    1|   ap_memory|     in_data_5|         array|
|in_data_5_we1        |  out|    1|   ap_memory|     in_data_5|         array|
|in_data_5_d1         |  out|    3|   ap_memory|     in_data_5|         array|
|in_data_5_q1         |   in|    3|   ap_memory|     in_data_5|         array|
|in_data_6_address0   |  out|    4|   ap_memory|     in_data_6|         array|
|in_data_6_ce0        |  out|    1|   ap_memory|     in_data_6|         array|
|in_data_6_q0         |   in|    3|   ap_memory|     in_data_6|         array|
|in_data_7_address0   |  out|    4|   ap_memory|     in_data_7|         array|
|in_data_7_ce0        |  out|    1|   ap_memory|     in_data_7|         array|
|in_data_7_we0        |  out|    1|   ap_memory|     in_data_7|         array|
|in_data_7_d0         |  out|    3|   ap_memory|     in_data_7|         array|
|in_data_7_q0         |   in|    3|   ap_memory|     in_data_7|         array|
|in_data_7_address1   |  out|    4|   ap_memory|     in_data_7|         array|
|in_data_7_ce1        |  out|    1|   ap_memory|     in_data_7|         array|
|in_data_7_we1        |  out|    1|   ap_memory|     in_data_7|         array|
|in_data_7_d1         |  out|    3|   ap_memory|     in_data_7|         array|
|in_data_7_q1         |   in|    3|   ap_memory|     in_data_7|         array|
|in_data_8_address0   |  out|    4|   ap_memory|     in_data_8|         array|
|in_data_8_ce0        |  out|    1|   ap_memory|     in_data_8|         array|
|in_data_8_q0         |   in|    3|   ap_memory|     in_data_8|         array|
|in_data_8_address1   |  out|    4|   ap_memory|     in_data_8|         array|
|in_data_8_ce1        |  out|    1|   ap_memory|     in_data_8|         array|
|in_data_8_q1         |   in|    3|   ap_memory|     in_data_8|         array|
|in_data_9_address0   |  out|    4|   ap_memory|     in_data_9|         array|
|in_data_9_ce0        |  out|    1|   ap_memory|     in_data_9|         array|
|in_data_9_we0        |  out|    1|   ap_memory|     in_data_9|         array|
|in_data_9_d0         |  out|    3|   ap_memory|     in_data_9|         array|
|in_data_9_q0         |   in|    3|   ap_memory|     in_data_9|         array|
|in_data_9_address1   |  out|    4|   ap_memory|     in_data_9|         array|
|in_data_9_ce1        |  out|    1|   ap_memory|     in_data_9|         array|
|in_data_9_we1        |  out|    1|   ap_memory|     in_data_9|         array|
|in_data_9_d1         |  out|    3|   ap_memory|     in_data_9|         array|
|in_data_9_q1         |   in|    3|   ap_memory|     in_data_9|         array|
|in_data_10_address0  |  out|    4|   ap_memory|    in_data_10|         array|
|in_data_10_ce0       |  out|    1|   ap_memory|    in_data_10|         array|
|in_data_10_q0        |   in|    3|   ap_memory|    in_data_10|         array|
|in_data_10_address1  |  out|    4|   ap_memory|    in_data_10|         array|
|in_data_10_ce1       |  out|    1|   ap_memory|    in_data_10|         array|
|in_data_10_q1        |   in|    3|   ap_memory|    in_data_10|         array|
|in_data_11_address0  |  out|    4|   ap_memory|    in_data_11|         array|
|in_data_11_ce0       |  out|    1|   ap_memory|    in_data_11|         array|
|in_data_11_we0       |  out|    1|   ap_memory|    in_data_11|         array|
|in_data_11_d0        |  out|    3|   ap_memory|    in_data_11|         array|
|in_data_11_q0        |   in|    3|   ap_memory|    in_data_11|         array|
|in_data_11_address1  |  out|    4|   ap_memory|    in_data_11|         array|
|in_data_11_ce1       |  out|    1|   ap_memory|    in_data_11|         array|
|in_data_11_we1       |  out|    1|   ap_memory|    in_data_11|         array|
|in_data_11_d1        |  out|    3|   ap_memory|    in_data_11|         array|
|in_data_11_q1        |   in|    3|   ap_memory|    in_data_11|         array|
|in_data_12_address0  |  out|    4|   ap_memory|    in_data_12|         array|
|in_data_12_ce0       |  out|    1|   ap_memory|    in_data_12|         array|
|in_data_12_q0        |   in|    3|   ap_memory|    in_data_12|         array|
|in_data_13_address0  |  out|    4|   ap_memory|    in_data_13|         array|
|in_data_13_ce0       |  out|    1|   ap_memory|    in_data_13|         array|
|in_data_13_we0       |  out|    1|   ap_memory|    in_data_13|         array|
|in_data_13_d0        |  out|    3|   ap_memory|    in_data_13|         array|
|in_data_13_q0        |   in|    3|   ap_memory|    in_data_13|         array|
|in_data_13_address1  |  out|    4|   ap_memory|    in_data_13|         array|
|in_data_13_ce1       |  out|    1|   ap_memory|    in_data_13|         array|
|in_data_13_we1       |  out|    1|   ap_memory|    in_data_13|         array|
|in_data_13_d1        |  out|    3|   ap_memory|    in_data_13|         array|
|in_data_13_q1        |   in|    3|   ap_memory|    in_data_13|         array|
|in_data_14_address0  |  out|    4|   ap_memory|    in_data_14|         array|
|in_data_14_ce0       |  out|    1|   ap_memory|    in_data_14|         array|
|in_data_14_q0        |   in|    3|   ap_memory|    in_data_14|         array|
|in_data_14_address1  |  out|    4|   ap_memory|    in_data_14|         array|
|in_data_14_ce1       |  out|    1|   ap_memory|    in_data_14|         array|
|in_data_14_q1        |   in|    3|   ap_memory|    in_data_14|         array|
|in_data_15_address0  |  out|    4|   ap_memory|    in_data_15|         array|
|in_data_15_ce0       |  out|    1|   ap_memory|    in_data_15|         array|
|in_data_15_we0       |  out|    1|   ap_memory|    in_data_15|         array|
|in_data_15_d0        |  out|    3|   ap_memory|    in_data_15|         array|
|in_data_15_q0        |   in|    3|   ap_memory|    in_data_15|         array|
|in_data_15_address1  |  out|    4|   ap_memory|    in_data_15|         array|
|in_data_15_ce1       |  out|    1|   ap_memory|    in_data_15|         array|
|in_data_15_we1       |  out|    1|   ap_memory|    in_data_15|         array|
|in_data_15_d1        |  out|    3|   ap_memory|    in_data_15|         array|
|in_data_15_q1        |   in|    3|   ap_memory|    in_data_15|         array|
|in_scalar_address0   |  out|    4|   ap_memory|     in_scalar|         array|
|in_scalar_ce0        |  out|    1|   ap_memory|     in_scalar|         array|
|in_scalar_q0         |   in|    8|   ap_memory|     in_scalar|         array|
|in_scalar_address1   |  out|    4|   ap_memory|     in_scalar|         array|
|in_scalar_ce1        |  out|    1|   ap_memory|     in_scalar|         array|
|in_scalar_q1         |   in|    8|   ap_memory|     in_scalar|         array|
|out_data_0           |  out|    8|     ap_none|    out_data_0|       pointer|
|out_data_1           |  out|    8|     ap_none|    out_data_1|       pointer|
|out_data_2           |  out|    8|     ap_none|    out_data_2|       pointer|
|out_data_3           |  out|    8|     ap_none|    out_data_3|       pointer|
+---------------------+-----+-----+------------+--------------+--------------+

