  **** HLS Build v2025.1 6135595
Sourcing Tcl script '/home/jjh/RL_test/for_ironman/synthesis/./script_tmp.tcl'
INFO: [HLS 200-1510] Running: open_project -reset project_tmp 
WARNING: [HLS 200-2182] The 'project_tmp' project will not automatically appear within Vitis IDE workspaces and is meant only for TCL batch use.  Please use open_component instead of open_project/open_solution to generate Vitis IDE compatible component files and directory structure.
Resolution: For help on HLS 200-2182 see docs.xilinx.com/access/sources/dita/topic?Doc_Version=2025.1%20English&url=ug1448-hls-guidance&resourceid=200-2182.html
INFO: [HLS 200-10] Creating and opening solution '/home/jjh/RL_test/for_ironman/synthesis/project_tmp'.
INFO: [HLS 200-1510] Running: set_top case_4 
INFO: [HLS 200-1510] Running: add_files case_4.cc 
INFO: [HLS 200-10] Adding design file 'case_4.cc' to the project
INFO: [HLS 200-1510] Running: open_solution solution_tmp -flow_target vivado 
INFO: [HLS 200-10] Creating and opening solution '/home/jjh/RL_test/for_ironman/synthesis/project_tmp/solution_tmp'.
INFO: [HLS 200-1505] Using flow_target 'vivado'
Resolution: For help on HLS 200-1505 see docs.xilinx.com/access/sources/dita/topic?Doc_Version=2025.1%20English&url=ug1448-hls-guidance&resourceid=200-1505.html
INFO: [HLS 200-1510] Running: set_part xc7z020clg484-1 
INFO: [HLS 200-1611] Setting target device to 'xc7z020-clg484-1'
INFO: [HLS 200-1510] Running: create_clock -period 10 -name default 
INFO: [SYN 201-201] Setting up clock 'default' with a period of 10ns.
INFO: [HLS 200-1510] Running: source ./directive_tmp.tcl
INFO: [HLS 200-1510] Running: set_directive_pipeline case_4/L_n1_1 
INFO: [HLS 200-1510] Running: set_directive_pipeline -off case_4/L_n1_2 
INFO: [HLS 200-1510] Running: set_directive_pipeline -off case_4/L_n2_1 
INFO: [HLS 200-1510] Running: set_directive_pipeline case_4/L_n2_2 
INFO: [HLS 200-1510] Running: set_directive_pipeline -off case_4/L_n2_3 
INFO: [HLS 200-1510] Running: set_directive_pipeline case_4/L_s1_1 
INFO: [HLS 200-1510] Running: set_directive_pipeline case_4/L_n3_1 
INFO: [HLS 200-1510] Running: set_directive_pipeline case_4/L_n3_2 
INFO: [HLS 200-1510] Running: set_directive_pipeline -off case_4/L_n3_3 
INFO: [HLS 200-1510] Running: set_directive_pipeline -off case_4/L_n4_1 
INFO: [HLS 200-1510] Running: set_directive_pipeline case_4/L_n4_2 
INFO: [HLS 200-1510] Running: set_directive_pipeline case_4/L_n5_1 
INFO: [HLS 200-1510] Running: set_directive_pipeline case_4/L_n5_2 
INFO: [HLS 200-1510] Running: set_directive_pipeline -off case_4/L_n6_1 
INFO: [HLS 200-1510] Running: set_directive_pipeline -off case_4/L_n6_2 
INFO: [HLS 200-1510] Running: set_directive_pipeline case_4/L_n7_1 
INFO: [HLS 200-1510] Running: set_directive_pipeline -off case_4/L_n7_2 
INFO: [HLS 200-1510] Running: set_directive_pipeline case_4/L_n7_3 
INFO: [HLS 200-1510] Running: set_directive_pipeline case_4/L_s2_1 
INFO: [HLS 200-1510] Running: set_directive_pipeline -off case_4/L_n8_1 
INFO: [HLS 200-1510] Running: set_directive_pipeline case_4/L_n8_2 
INFO: [HLS 200-1510] Running: set_directive_pipeline case_4/L_n9_1 
INFO: [HLS 200-1510] Running: set_directive_pipeline case_4/L_n9_2 
INFO: [HLS 200-1510] Running: set_directive_pipeline case_4/L_n10_1 
INFO: [HLS 200-1510] Running: set_directive_pipeline case_4/L_n10_2 
INFO: [HLS 200-1510] Running: set_directive_pipeline case_4/L_n11_1 
INFO: [HLS 200-1510] Running: set_directive_pipeline case_4/L_n11_2 
INFO: [HLS 200-1510] Running: set_directive_pipeline case_4/L_n11_3 
INFO: [HLS 200-1510] Running: set_directive_pipeline -off case_4/L_n12_1 
INFO: [HLS 200-1510] Running: set_directive_pipeline case_4/L_n12_2 
INFO: [HLS 200-1510] Running: set_directive_pipeline -off case_4/L_n13_1 
INFO: [HLS 200-1510] Running: set_directive_pipeline case_4/L_n13_2 
INFO: [HLS 200-1510] Running: set_directive_pipeline -off case_4/L_s3_1 
INFO: [HLS 200-1510] Running: set_directive_pipeline -off case_4/L_s4_1 
INFO: [HLS 200-1510] Running: set_directive_pipeline case_4/L_n14_1 
INFO: [HLS 200-1510] Running: set_directive_pipeline case_4/L_n14_2 
INFO: [HLS 200-1510] Running: set_directive_pipeline -off case_4/L_n14_3 
INFO: [HLS 200-1510] Running: set_directive_pipeline case_4/L_n15_1 
INFO: [HLS 200-1510] Running: set_directive_pipeline case_4/L_n15_2 
INFO: [HLS 200-1510] Running: set_directive_pipeline -off case_4/L_n15_3 
INFO: [HLS 200-1510] Running: set_directive_pipeline case_4/L_n16_1 
INFO: [HLS 200-1510] Running: set_directive_pipeline -off case_4/L_n16_2 
INFO: [HLS 200-1510] Running: set_directive_pipeline case_4/L_s5_1 
INFO: [HLS 200-1510] Running: set_directive_pipeline case_4/L_s6_1 
INFO: [HLS 200-1510] Running: set_directive_pipeline case_4/L_n17_1 
INFO: [HLS 200-1510] Running: set_directive_pipeline -off case_4/L_n17_2 
INFO: [HLS 200-1510] Running: set_directive_pipeline case_4/L_n18_1 
INFO: [HLS 200-1510] Running: set_directive_pipeline case_4/L_n18_2 
INFO: [HLS 200-1510] Running: set_directive_pipeline case_4/L_n18_3 
INFO: [HLS 200-1510] Running: set_directive_pipeline case_4/L_n19_1 
INFO: [HLS 200-1510] Running: set_directive_pipeline case_4/L_n19_2 
INFO: [HLS 200-1510] Running: set_directive_pipeline case_4/L_n19_3 
INFO: [HLS 200-1510] Running: set_directive_pipeline case_4/L_s7_1 
INFO: [HLS 200-1510] Running: set_directive_bind_op -op mul -impl fabric case_4 m29 
INFO: [HLS 200-1510] Running: set_directive_bind_op -op add -impl fabric case_4 m33 
INFO: [HLS 200-1510] Running: set_directive_bind_op -op add -impl fabric case_4 m34 
INFO: [HLS 200-1510] Running: set_directive_bind_op -op add -impl fabric case_4 m36 
INFO: [HLS 200-1510] Running: set_directive_bind_op -op mul -impl fabric case_4 m37 
INFO: [HLS 200-1510] Running: set_directive_bind_op -op mul -impl fabric case_4 m38 
INFO: [HLS 200-1510] Running: set_directive_bind_op -op mul -impl fabric case_4 m40 
INFO: [HLS 200-1510] Running: set_directive_bind_op -op mul -impl fabric case_4 m41 
INFO: [HLS 200-1510] Running: set_directive_bind_op -op add -impl fabric case_4 m43 
INFO: [HLS 200-1510] Running: set_directive_bind_op -op add -impl fabric case_4 m44 
INFO: [HLS 200-1510] Running: set_directive_bind_op -op mul -impl fabric case_4 m48 
INFO: [HLS 200-1510] Running: set_directive_bind_op -op add -impl fabric case_4 m50 
INFO: [HLS 200-1510] Running: set_directive_bind_op -op mul -impl fabric case_4 m52 
INFO: [HLS 200-1510] Running: set_directive_bind_op -op add -impl fabric case_4 m54 
INFO: [HLS 200-1510] Running: set_directive_bind_op -op mul -impl fabric case_4 m55 
INFO: [HLS 200-1510] Running: set_directive_bind_op -op mul -impl fabric case_4 m56 
INFO: [HLS 200-1510] Running: set_directive_bind_op -op mul -impl fabric case_4 m57 
INFO: [HLS 200-1510] Running: set_directive_bind_op -op add -impl fabric case_4 m58 
INFO: [HLS 200-1510] Running: set_directive_bind_op -op mul -impl fabric case_4 m59 
INFO: [HLS 200-1510] Running: set_directive_bind_op -op add -impl fabric case_4 m60 
INFO: [HLS 200-1510] Running: set_directive_bind_op -op add -impl fabric case_4 m62 
INFO: [HLS 200-1510] Running: set_directive_bind_op -op add -impl fabric case_4 m65 
INFO: [HLS 200-1510] Running: set_directive_bind_op -op add -impl fabric case_4 m66 
INFO: [HLS 200-1510] Running: set_directive_bind_op -op add -impl fabric case_4 m67 
INFO: [HLS 200-1510] Running: set_directive_bind_op -op mul -impl fabric case_4 m68 
INFO: [HLS 200-1510] Running: set_directive_bind_op -op add -impl fabric case_4 m70 
INFO: [HLS 200-1510] Running: set_directive_bind_op -op mul -impl fabric case_4 m72 
INFO: [HLS 200-1510] Running: set_directive_bind_op -op add -impl fabric case_4 m73 
INFO: [HLS 200-1510] Running: set_directive_bind_op -op add -impl fabric case_4 m74 
INFO: [HLS 200-1510] Running: set_directive_bind_op -op mul -impl fabric case_4 m76 
INFO: [HLS 200-1510] Running: set_directive_bind_op -op add -impl fabric case_4 m80 
INFO: [HLS 200-1510] Running: set_directive_bind_op -op add -impl fabric case_4 m83 
INFO: [HLS 200-1510] Running: set_directive_bind_op -op add -impl fabric case_4 m86 
INFO: [HLS 200-1510] Running: set_directive_bind_op -op mul -impl fabric case_4 m91 
INFO: [HLS 200-1510] Running: set_directive_bind_op -op add -impl fabric case_4 m93 
INFO: [HLS 200-1510] Running: set_directive_bind_op -op add -impl fabric case_4 m94 
INFO: [HLS 200-1510] Running: set_directive_bind_op -op mul -impl fabric case_4 m97 
INFO: [HLS 200-1510] Running: set_directive_bind_op -op mul -impl fabric case_4 m99 
INFO: [HLS 200-1510] Running: set_directive_bind_op -op add -impl fabric case_4 m100 
INFO: [HLS 200-1510] Running: set_directive_bind_op -op mul -impl fabric case_4 m101 
INFO: [HLS 200-1510] Running: set_directive_bind_op -op mul -impl fabric case_4 m102 
INFO: [HLS 200-1510] Running: set_directive_bind_op -op add -impl fabric case_4 m103 
INFO: [HLS 200-1510] Running: set_directive_bind_op -op mul -impl fabric case_4 m104 
INFO: [HLS 200-1510] Running: set_directive_bind_op -op mul -impl fabric case_4 m105 
INFO: [HLS 200-1510] Running: set_directive_bind_op -op add -impl fabric case_4 m106 
INFO: [HLS 200-1510] Running: set_directive_bind_op -op mul -impl fabric case_4 m107 
INFO: [HLS 200-1510] Running: set_directive_bind_op -op mul -impl fabric case_4 m109 
INFO: [HLS 200-1510] Running: set_directive_bind_op -op mul -impl fabric case_4 m112 
INFO: [HLS 200-1510] Running: set_directive_bind_op -op add -impl fabric case_4 m113 
INFO: [HLS 200-1510] Running: set_directive_bind_op -op add -impl fabric case_4 m114 
INFO: [HLS 200-1510] Running: set_directive_bind_op -op add -impl fabric case_4 m117 
INFO: [HLS 200-1510] Running: set_directive_bind_op -op mul -impl fabric case_4 m118 
INFO: [HLS 200-1510] Running: set_directive_bind_op -op mul -impl fabric case_4 m120 
INFO: [HLS 200-1510] Running: set_directive_bind_op -op add -impl fabric case_4 m126 
INFO: [HLS 200-1510] Running: set_directive_bind_op -op mul -impl fabric case_4 m129 
INFO: [HLS 200-1510] Running: set_directive_bind_op -op mul -impl fabric case_4 m130 
INFO: [HLS 200-1510] Running: set_directive_bind_op -op mul -impl fabric case_4 m138 
INFO: [HLS 200-1510] Running: set_directive_bind_op -op add -impl fabric case_4 m139 
INFO: [HLS 200-1510] Running: set_directive_bind_op -op mul -impl fabric case_4 m141 
INFO: [HLS 200-1510] Running: set_directive_bind_op -op add -impl fabric case_4 m142 
INFO: [HLS 200-1510] Running: set_directive_bind_op -op add -impl fabric case_4 m146 
INFO: [HLS 200-1510] Running: set_directive_bind_op -op add -impl fabric case_4 m148 
INFO: [HLS 200-1510] Running: set_directive_bind_op -op mul -impl fabric case_4 m151 
INFO: [HLS 200-1510] Running: set_directive_bind_op -op add -impl fabric case_4 m153 
INFO: [HLS 200-1510] Running: set_directive_bind_op -op mul -impl fabric case_4 m155 
INFO: [HLS 200-1510] Running: set_directive_bind_op -op add -impl fabric case_4 m156 
INFO: [HLS 200-1510] Running: set_directive_bind_op -op mul -impl fabric case_4 m157 
INFO: [HLS 200-1510] Running: set_directive_bind_op -op mul -impl fabric case_4 m158 
INFO: [HLS 200-1510] Running: set_directive_bind_op -op add -impl fabric case_4 m159 
INFO: [HLS 200-1510] Running: set_directive_bind_op -op add -impl fabric case_4 m160 
INFO: [HLS 200-1510] Running: set_directive_bind_op -op add -impl fabric case_4 m162 
INFO: [HLS 200-1510] Running: set_directive_bind_op -op add -impl fabric case_4 m163 
INFO: [HLS 200-1510] Running: set_directive_bind_op -op add -impl fabric case_4 m164 
INFO: [HLS 200-1510] Running: set_directive_bind_op -op add -impl fabric case_4 m165 
INFO: [HLS 200-1510] Running: set_directive_bind_op -op mul -impl fabric case_4 m169 
INFO: [HLS 200-1510] Running: set_directive_bind_op -op add -impl fabric case_4 m170 
INFO: [HLS 200-1510] Running: set_directive_bind_op -op mul -impl fabric case_4 m172 
INFO: [HLS 200-1510] Running: set_directive_bind_op -op mul -impl fabric case_4 m173 
INFO: [HLS 200-1510] Running: set_directive_bind_op -op add -impl fabric case_4 m174 
INFO: [HLS 200-1510] Running: set_directive_bind_op -op add -impl fabric case_4 m175 
INFO: [HLS 200-1510] Running: set_directive_bind_op -op mul -impl fabric case_4 m180 
INFO: [HLS 200-1510] Running: set_directive_bind_op -op add -impl fabric case_4 m186 
INFO: [HLS 200-1510] Running: set_directive_bind_op -op add -impl fabric case_4 m190 
INFO: [HLS 200-1510] Running: set_directive_bind_op -op mul -impl fabric case_4 m191 
INFO: [HLS 200-1510] Running: set_directive_bind_op -op mul -impl fabric case_4 m192 
INFO: [HLS 200-1510] Running: set_directive_bind_op -op add -impl fabric case_4 m194 
INFO: [HLS 200-1510] Running: set_directive_bind_op -op mul -impl fabric case_4 m195 
INFO: [HLS 200-1510] Running: set_directive_bind_op -op mul -impl fabric case_4 m197 
INFO: [HLS 200-1510] Running: set_directive_bind_op -op mul -impl fabric case_4 m200 
INFO: [HLS 200-1510] Running: set_directive_bind_op -op add -impl fabric case_4 m201 
INFO: [HLS 200-1510] Running: set_directive_bind_op -op mul -impl fabric case_4 m202 
INFO: [HLS 200-1510] Running: set_directive_bind_op -op mul -impl fabric case_4 m203 
INFO: [HLS 200-1510] Running: set_directive_bind_op -op add -impl fabric case_4 m204 
INFO: [HLS 200-1510] Running: set_directive_bind_op -op mul -impl fabric case_4 m207 
INFO: [HLS 200-1510] Running: set_directive_bind_op -op add -impl fabric case_4 m210 
INFO: [HLS 200-1510] Running: set_directive_bind_op -op add -impl fabric case_4 m211 
INFO: [HLS 200-1510] Running: set_directive_bind_op -op mul -impl fabric case_4 m215 
INFO: [HLS 200-1510] Running: set_directive_bind_op -op mul -impl fabric case_4 m219 
INFO: [HLS 200-1510] Running: set_directive_bind_op -op mul -impl fabric case_4 m221 
INFO: [HLS 200-1510] Running: set_directive_bind_op -op add -impl fabric case_4 m222 
INFO: [HLS 200-1510] Running: csynth_design 
INFO: [HLS 200-111] Finished File checks and directory preparation: CPU user time: 1.17 seconds. CPU system time: 0.1 seconds. Elapsed time: 1.28 seconds; current allocated memory: 267.320 MB.
INFO: [HLS 200-10] Analyzing design file 'case_4.cc' ... 
INFO: [HLS 200-111] Finished Source Code Analysis and Preprocessing: CPU user time: 9 seconds. CPU system time: 0.64 seconds. Elapsed time: 9.64 seconds; current allocated memory: 273.863 MB.
INFO: [HLS 200-777] Using interface defaults for 'Vivado' flow target.
INFO: [HLS 200-1995] There were 47,331 instructions in the design after the 'Compile/Link' phase of compilation. See the Design Size Report for more details (/home/jjh/RL_test/for_ironman/synthesis/project_tmp/solution_tmp/syn/report/csynth_design_size.rpt:2)
WARNING: [HLS 200-1995] There were 328,346 instructions in the design after the 'Unroll/Inline' phase of compilation. See the Design Size Report for more details (/home/jjh/RL_test/for_ironman/synthesis/project_tmp/solution_tmp/syn/report/csynth_design_size.rpt:2)
WARNING: [HLS 200-1995] There were 263,569 instructions in the design after the 'Unroll/Inline (step 2)' phase of compilation. See the Design Size Report for more details (/home/jjh/RL_test/for_ironman/synthesis/project_tmp/solution_tmp/syn/report/csynth_design_size.rpt:2)
