  **** HLS Build v2025.1 6135595
Sourcing Tcl script '/home/jjh/RL_test/for_ironman/synthesis/./script_tmp.tcl'
INFO: [HLS 200-1510] Running: open_project -reset project_tmp 
WARNING: [HLS 200-2182] The 'project_tmp' project will not automatically appear within Vitis IDE workspaces and is meant only for TCL batch use.  Please use open_component instead of open_project/open_solution to generate Vitis IDE compatible component files and directory structure.
Resolution: For help on HLS 200-2182 see docs.xilinx.com/access/sources/dita/topic?Doc_Version=2025.1%20English&url=ug1448-hls-guidance&resourceid=200-2182.html
INFO: [HLS 200-10] Creating and opening solution '/home/jjh/RL_test/for_ironman/synthesis/project_tmp'.
INFO: [HLS 200-1510] Running: open_component hls_ -reset -flow_target vivado 
INFO: [HLS 200-10] Creating and opening component '/home/jjh/RL_test/for_ironman/synthesis/hls_'.
INFO: [HLS 200-10] Cleaning up the component database.
INFO: [HLS 200-1505] Using flow_target 'vivado'
Resolution: For help on HLS 200-1505 see docs.xilinx.com/access/sources/dita/topic?Doc_Version=2025.1%20English&url=ug1448-hls-guidance&resourceid=200-1505.html
INFO: [HLS 200-2176] Writing Vitis IDE component file /home/jjh/RL_test/for_ironman/synthesis/hls_/vitis-comp.json
INFO: [HLS 200-1915] Writing HLS config ini file /home/jjh/RL_test/for_ironman/synthesis/hls_/hls_config.cfg
INFO: [HLS 200-1510] Running: set_top case_11 
INFO: [HLS 200-1510] Running: add_files case_11.cc 
WARNING: [HLS 200-40] Cannot find design file 'case_11.cc'
INFO: [HLS 200-1510] Running: open_solution solution_tmp1 -flow_target vivado 
INFO: [HLS 200-10] Creating and opening solution '/home/jjh/RL_test/for_ironman/synthesis/hls_solution_tmp1/hls'.
INFO: [HLS 200-1505] Using flow_target 'vivado'
Resolution: For help on HLS 200-1505 see docs.xilinx.com/access/sources/dita/topic?Doc_Version=2025.1%20English&url=ug1448-hls-guidance&resourceid=200-1505.html
INFO: [HLS 200-2176] Writing Vitis IDE component file /home/jjh/RL_test/for_ironman/synthesis/hls_solution_tmp1/vitis-comp.json
INFO: [HLS 200-1915] Writing HLS config ini file /home/jjh/RL_test/for_ironman/synthesis/hls_solution_tmp1/hls_config.cfg
WARNING: [HLS 200-1998] cannot find relative file path 'case_11.cc' in directory(s): /home/jjh/RL_test/for_ironman/synthesis /home/jjh/RL_test/for_ironman/synthesis
INFO: [HLS 200-1510] Running: set_part xc7z020clg484-1 
INFO: [HLS 200-1611] Setting target device to 'xc7z020-clg484-1'
INFO: [HLS 200-1510] Running: create_clock -period 10 -name default 
INFO: [SYN 201-201] Setting up clock 'default' with a period of 10ns.
INFO: [HLS 200-1510] Running: source ./directive_tmp.tcl
INFO: [HLS 200-1510] Running: csynth_design 
INFO: [HLS 200-1915] Writing HLS config ini file /home/jjh/RL_test/for_ironman/synthesis/hls_solution_tmp1/hls_config.cfg
WARNING: [HLS 200-1998] cannot find relative file path 'case_11.cc' in directory(s): /home/jjh/RL_test/for_ironman/synthesis /home/jjh/RL_test/for_ironman/synthesis
WARNING: [HLS 200-40] Cannot find source file case_11.cc; skipping it.
INFO: [HLS 200-111] Finished File checks and directory preparation: CPU user time: 0.12 seconds. CPU system time: 0.03 seconds. Elapsed time: 2.66 seconds; current allocated memory: 264.602 MB.
WARNING: [HLS 200-1986] Could not apply TOP directive, invalid function, label, or variable (/home/jjh/RL_test/for_ironman/synthesis/script_tmp.tcl:10)
INFO: [HLS 200-111] Finished Source Code Analysis and Preprocessing: CPU user time: 0.01 seconds. CPU system time: 0 seconds. Elapsed time: 0.01 seconds; current allocated memory: 264.602 MB.
ERROR: [HLS 200-70] Cannot find any design unit to elaborate.
INFO: [HLS 200-2161] Finished Command csynth_design Elapsed time: 00:00:02; Allocated memory: 16.000 MB.
Error in linking the design.
    while executing
"source /home/jjh/RL_test/for_ironman/synthesis/./script_tmp.tcl"
    ("uplevel" body line 1)
    invoked from within
"uplevel \#0 [list source $tclfile] "

INFO: [HLS 200-112] Total CPU user time: 2.09 seconds. Total CPU system time: 0.4 seconds. Total elapsed time: 4.83 seconds; peak allocated memory: 264.602 MB.
INFO: [vitis-run 60-1662] Stopping dispatch session having empty uuid.
