  **** HLS Build v2025.1 6135595
Sourcing Tcl script '/home/jjh/RL_test/for_ironman/synthesis/./script_tmp.tcl'
INFO: [HLS 200-1510] Running: open_project -reset project_tmp 
WARNING: [HLS 200-2182] The 'project_tmp' project will not automatically appear within Vitis IDE workspaces and is meant only for TCL batch use.  Please use open_component instead of open_project/open_solution to generate Vitis IDE compatible component files and directory structure.
Resolution: For help on HLS 200-2182 see docs.xilinx.com/access/sources/dita/topic?Doc_Version=2025.1%20English&url=ug1448-hls-guidance&resourceid=200-2182.html
INFO: [HLS 200-10] Opening and resetting solution '/home/jjh/RL_test/for_ironman/synthesis/project_tmp'.
INFO: [HLS 200-1510] Running: set_top case_1 
INFO: [HLS 200-1510] Running: add_files case_1.cc 
INFO: [HLS 200-10] Adding design file 'case_1.cc' to the project
INFO: [HLS 200-1510] Running: open_solution solution_tmp -flow_target vivado 
INFO: [HLS 200-10] Creating and opening solution '/home/jjh/RL_test/for_ironman/synthesis/project_tmp/solution_tmp'.
INFO: [HLS 200-1505] Using flow_target 'vivado'
Resolution: For help on HLS 200-1505 see docs.xilinx.com/access/sources/dita/topic?Doc_Version=2025.1%20English&url=ug1448-hls-guidance&resourceid=200-1505.html
INFO: [HLS 200-1510] Running: set_part xc7z020clg484-1 
INFO: [HLS 200-1611] Setting target device to 'xc7z020-clg484-1'
INFO: [HLS 200-1510] Running: create_clock -period 10 -name default 
INFO: [SYN 201-201] Setting up clock 'default' with a period of 10ns.
INFO: [HLS 200-1510] Running: source ./directive_tmp.tcl
INFO: [HLS 200-1510] Running: set_directive_pipeline case_1/L_s1_1 
INFO: [HLS 200-1510] Running: set_directive_pipeline case_1/L_n1_1 
INFO: [HLS 200-1510] Running: set_directive_pipeline case_1/L_n1_2 
INFO: [HLS 200-1510] Running: set_directive_pipeline case_1/L_n1_3 
INFO: [HLS 200-1510] Running: set_directive_pipeline case_1/L_n2_1 
INFO: [HLS 200-1510] Running: set_directive_pipeline case_1/L_n3_1 
INFO: [HLS 200-1510] Running: set_directive_pipeline case_1/L_n3_3 
INFO: [HLS 200-1510] Running: set_directive_pipeline case_1/L_n4_1 
INFO: [HLS 200-1510] Running: set_directive_pipeline case_1/L_n4_2 
INFO: [HLS 200-1510] Running: set_directive_pipeline case_1/L_n5_1 
INFO: [HLS 200-1510] Running: set_directive_bind_op -op mul -impl fabric case_1 m23 
INFO: [HLS 200-1510] Running: set_directive_bind_op -op add -impl fabric case_1 m30 
INFO: [HLS 200-1510] Running: set_directive_bind_op -op mul -impl fabric case_1 m33 
INFO: [HLS 200-1510] Running: set_directive_bind_op -op mul -impl fabric case_1 m34 
INFO: [HLS 200-1510] Running: set_directive_bind_op -op add -impl fabric case_1 m43 
INFO: [HLS 200-1510] Running: set_directive_bind_op -op mul -impl fabric case_1 m51 
INFO: [HLS 200-1510] Running: set_directive_bind_op -op mul -impl fabric case_1 m56 
INFO: [HLS 200-1510] Running: set_directive_bind_op -op mul -impl fabric case_1 m57 
INFO: [HLS 200-1510] Running: set_directive_bind_op -op add -impl fabric case_1 m61 
INFO: [HLS 200-1510] Running: set_directive_bind_op -op add -impl fabric case_1 m62 
INFO: [HLS 200-1510] Running: set_directive_bind_op -op add -impl fabric case_1 m68 
INFO: [HLS 200-1510] Running: set_directive_bind_op -op mul -impl fabric case_1 m69 
INFO: [HLS 200-1510] Running: set_directive_bind_op -op mul -impl fabric case_1 m70 
INFO: [HLS 200-1510] Running: set_directive_bind_op -op mul -impl fabric case_1 m73 
INFO: [HLS 200-1510] Running: set_directive_bind_op -op mul -impl fabric case_1 m75 
INFO: [HLS 200-1510] Running: set_directive_bind_op -op mul -impl fabric case_1 m76 
INFO: [HLS 200-1510] Running: set_directive_bind_op -op add -impl fabric case_1 m77 
INFO: [HLS 200-1510] Running: set_directive_bind_op -op add -impl fabric case_1 m80 
INFO: [HLS 200-1510] Running: csynth_design 
INFO: [HLS 200-111] Finished File checks and directory preparation: CPU user time: 0.86 seconds. CPU system time: 0.07 seconds. Elapsed time: 0.93 seconds; current allocated memory: 248.305 MB.
INFO: [HLS 200-10] Analyzing design file 'case_1.cc' ... 
INFO: [HLS 200-111] Finished Source Code Analysis and Preprocessing: CPU user time: 5.66 seconds. CPU system time: 0.59 seconds. Elapsed time: 6.26 seconds; current allocated memory: 251.117 MB.
INFO: [HLS 200-777] Using interface defaults for 'Vivado' flow target.
INFO: [HLS 200-1995] There were 14,753 instructions in the design after the 'Compile/Link' phase of compilation. See the Design Size Report for more details (/home/jjh/RL_test/for_ironman/synthesis/project_tmp/solution_tmp/syn/report/csynth_design_size.rpt:2)
WARNING: [HLS 200-1995] There were 247,665 instructions in the design after the 'Unroll/Inline' phase of compilation. See the Design Size Report for more details (/home/jjh/RL_test/for_ironman/synthesis/project_tmp/solution_tmp/syn/report/csynth_design_size.rpt:2)
WARNING: [HLS 200-1995] There were 203,026 instructions in the design after the 'Unroll/Inline (step 2)' phase of compilation. See the Design Size Report for more details (/home/jjh/RL_test/for_ironman/synthesis/project_tmp/solution_tmp/syn/report/csynth_design_size.rpt:2)
