Invalid Directive: for current device, add + fabric is invalid combination for bind_op
Invalid Directive: for current device, add + fabric is invalid combination for bind_op
Invalid Directive: for current device, add + fabric is invalid combination for bind_op
Invalid Directive: for current device, mul + fabric is invalid combination for bind_op
Invalid Directive: for current device, mul + fabric is invalid combination for bind_op
Invalid Directive: for current device, mul + fabric is invalid combination for bind_op
Invalid Directive: for current device, mul + fabric is invalid combination for bind_op
Invalid Directive: for current device, mul + fabric is invalid combination for bind_op
Invalid Directive: for current device, mul + fabric is invalid combination for bind_op
Invalid Directive: for current device, mul + fabric is invalid combination for bind_op
Invalid Directive: for current device, add + fabric is invalid combination for bind_op
Invalid Directive: for current device, mul + fabric is invalid combination for bind_op
Invalid Directive: for current device, mul + fabric is invalid combination for bind_op
Invalid Directive: for current device, mul + fabric is invalid combination for bind_op
Invalid Directive: for current device, mul + fabric is invalid combination for bind_op
Invalid Directive: for current device, mul + fabric is invalid combination for bind_op
Invalid Directive: for current device, mul + fabric is invalid combination for bind_op
Invalid Directive: for current device, mul + fabric is invalid combination for bind_op
Invalid Directive: for current device, mul + fabric is invalid combination for bind_op
Invalid Directive: for current device, mul + fabric is invalid combination for bind_op
Invalid Directive: for current device, mul + fabric is invalid combination for bind_op
Invalid Directive: for current device, add + fabric is invalid combination for bind_op
Invalid Directive: for current device, add + fabric is invalid combination for bind_op
Invalid Directive: for current device, add + fabric is invalid combination for bind_op
Invalid Directive: for current device, add + fabric is invalid combination for bind_op
Invalid Directive: for current device, add + fabric is invalid combination for bind_op
Invalid Directive: for current device, add + fabric is invalid combination for bind_op
Invalid Directive: for current device, mul + fabric is invalid combination for bind_op
Invalid Directive: for current device, mul + fabric is invalid combination for bind_op
Invalid Directive: for current device, mul + fabric is invalid combination for bind_op
Invalid Directive: for current device, add + fabric is invalid combination for bind_op
Invalid Directive: for current device, add + fabric is invalid combination for bind_op
Invalid Directive: for current device, add + fabric is invalid combination for bind_op
Invalid Directive: for current device, add + fabric is invalid combination for bind_op
Invalid Directive: for current device, mul + fabric is invalid combination for bind_op
Invalid Directive: for current device, mul + fabric is invalid combination for bind_op
Invalid Directive: for current device, add + fabric is invalid combination for bind_op
Invalid Directive: for current device, add + fabric is invalid combination for bind_op
Invalid Directive: for current device, add + fabric is invalid combination for bind_op
Invalid Directive: for current device, add + fabric is invalid combination for bind_op
Invalid Directive: for current device, add + fabric is invalid combination for bind_op
Invalid Directive: for current device, add + fabric is invalid combination for bind_op
Invalid Directive: for current device, add + fabric is invalid combination for bind_op
Invalid Directive: for current device, add + fabric is invalid combination for bind_op
Invalid Directive: for current device, add + fabric is invalid combination for bind_op
Invalid Directive: for current device, add + fabric is invalid combination for bind_op
Invalid Directive: for current device, add + fabric is invalid combination for bind_op
Invalid Directive: for current device, add + fabric is invalid combination for bind_op
Invalid Directive: for current device, add + fabric is invalid combination for bind_op
Invalid Directive: for current device, add + fabric is invalid combination for bind_op
Invalid Directive: for current device, mul + fabric is invalid combination for bind_op
Invalid Directive: for current device, mul + fabric is invalid combination for bind_op
Invalid Directive: for current device, mul + fabric is invalid combination for bind_op
Invalid Directive: for current device, mul + fabric is invalid combination for bind_op
Invalid Directive: for current device, mul + fabric is invalid combination for bind_op
Invalid Directive: for current device, mul + fabric is invalid combination for bind_op
Invalid Directive: for current device, mul + fabric is invalid combination for bind_op
Invalid Directive: for current device, mul + fabric is invalid combination for bind_op
Invalid Directive: for current device, mul + fabric is invalid combination for bind_op
Invalid Directive: for current device, mul + fabric is invalid combination for bind_op
Invalid Directive: for current device, mul + fabric is invalid combination for bind_op
Invalid Directive: for current device, mul + fabric is invalid combination for bind_op
Invalid Directive: for current device, mul + fabric is invalid combination for bind_op
Invalid Directive: for current device, mul + fabric is invalid combination for bind_op
Invalid Directive: for current device, mul + fabric is invalid combination for bind_op
Invalid Directive: for current device, mul + fabric is invalid combination for bind_op
Invalid Directive: for current device, mul + fabric is invalid combination for bind_op
Invalid Directive: for current device, mul + fabric is invalid combination for bind_op
Invalid Directive: for current device, mul + fabric is invalid combination for bind_op
Invalid Directive: for current device, mul + fabric is invalid combination for bind_op
Invalid Directive: for current device, add + fabric is invalid combination for bind_op
Invalid Directive: for current device, add + fabric is invalid combination for bind_op
Invalid Directive: for current device, add + fabric is invalid combination for bind_op
Invalid Directive: for current device, add + fabric is invalid combination for bind_op
Invalid Directive: for current device, add + fabric is invalid combination for bind_op
Invalid Directive: for current device, add + fabric is invalid combination for bind_op
Invalid Directive: for current device, add + fabric is invalid combination for bind_op
Invalid Directive: for current device, add + fabric is invalid combination for bind_op
Invalid Directive: for current device, add + fabric is invalid combination for bind_op
Invalid Directive: for current device, add + fabric is invalid combination for bind_op
Invalid Directive: for current device, add + fabric is invalid combination for bind_op
Invalid Directive: for current device, add + fabric is invalid combination for bind_op
Invalid Directive: for current device, add + fabric is invalid combination for bind_op
Invalid Directive: for current device, add + fabric is invalid combination for bind_op
Invalid Directive: for current device, add + fabric is invalid combination for bind_op
Invalid Directive: for current device, add + fabric is invalid combination for bind_op
Invalid Directive: for current device, add + fabric is invalid combination for bind_op
Invalid Directive: for current device, add + fabric is invalid combination for bind_op
Invalid Directive: for current device, add + fabric is invalid combination for bind_op
Invalid Directive: for current device, add + fabric is invalid combination for bind_op
Invalid Directive: for current device, add + fabric is invalid combination for bind_op
Invalid Directive: for current device, add + fabric is invalid combination for bind_op
Invalid Directive: for current device, add + fabric is invalid combination for bind_op
Invalid Directive: for current device, add + fabric is invalid combination for bind_op
Invalid Directive: for current device, add + fabric is invalid combination for bind_op
Invalid Directive: for current device, add + fabric is invalid combination for bind_op
Invalid Directive: for current device, add + fabric is invalid combination for bind_op
Invalid Directive: for current device, add + fabric is invalid combination for bind_op
Invalid Directive: for current device, add + fabric is invalid combination for bind_op
Invalid Directive: for current device, add + fabric is invalid combination for bind_op
Invalid Directive: for current device, add + fabric is invalid combination for bind_op
Invalid Directive: for current device, add + fabric is invalid combination for bind_op
Invalid Directive: for current device, add + fabric is invalid combination for bind_op
Invalid Directive: for current device, add + fabric is invalid combination for bind_op
Invalid Directive: for current device, add + fabric is invalid combination for bind_op
Invalid Directive: for current device, add + fabric is invalid combination for bind_op
Invalid Directive: for current device, add + fabric is invalid combination for bind_op
Invalid Directive: for current device, add + fabric is invalid combination for bind_op
Invalid Directive: for current device, add + fabric is invalid combination for bind_op
Invalid Directive: for current device, add + fabric is invalid combination for bind_op
Invalid Directive: for current device, mul + fabric is invalid combination for bind_op
Invalid Directive: for current device, mul + fabric is invalid combination for bind_op
Invalid Directive: for current device, mul + fabric is invalid combination for bind_op
Invalid Directive: for current device, mul + fabric is invalid combination for bind_op
Invalid Directive: for current device, mul + fabric is invalid combination for bind_op
Invalid Directive: for current device, mul + fabric is invalid combination for bind_op
Invalid Directive: for current device, mul + fabric is invalid combination for bind_op
Invalid Directive: for current device, mul + fabric is invalid combination for bind_op
Invalid Directive: for current device, mul + fabric is invalid combination for bind_op
Invalid Directive: for current device, mul + fabric is invalid combination for bind_op
Invalid Directive: for current device, add + fabric is invalid combination for bind_op
Invalid Directive: for current device, add + fabric is invalid combination for bind_op
Invalid Directive: for current device, add + fabric is invalid combination for bind_op
Invalid Directive: for current device, add + fabric is invalid combination for bind_op
Invalid Directive: for current device, add + fabric is invalid combination for bind_op
Invalid Directive: for current device, add + fabric is invalid combination for bind_op
Invalid Directive: for current device, add + fabric is invalid combination for bind_op
Invalid Directive: for current device, add + fabric is invalid combination for bind_op
Invalid Directive: for current device, add + fabric is invalid combination for bind_op
Invalid Directive: for current device, add + fabric is invalid combination for bind_op
Invalid Directive: for current device, mul + fabric is invalid combination for bind_op
Invalid Directive: for current device, mul + fabric is invalid combination for bind_op
Invalid Directive: for current device, mul + fabric is invalid combination for bind_op
Invalid Directive: for current device, mul + fabric is invalid combination for bind_op
Invalid Directive: for current device, mul + fabric is invalid combination for bind_op
Invalid Directive: for current device, mul + fabric is invalid combination for bind_op
Invalid Directive: for current device, mul + fabric is invalid combination for bind_op
Invalid Directive: for current device, mul + fabric is invalid combination for bind_op
Invalid Directive: for current device, mul + fabric is invalid combination for bind_op
Invalid Directive: for current device, mul + fabric is invalid combination for bind_op
Invalid Directive: for current device, mul + fabric is invalid combination for bind_op
Invalid Directive: for current device, mul + fabric is invalid combination for bind_op
Invalid Directive: for current device, mul + fabric is invalid combination for bind_op
Invalid Directive: for current device, mul + fabric is invalid combination for bind_op
Invalid Directive: for current device, mul + fabric is invalid combination for bind_op
Invalid Directive: for current device, mul + fabric is invalid combination for bind_op
Invalid Directive: for current device, mul + fabric is invalid combination for bind_op
Invalid Directive: for current device, mul + fabric is invalid combination for bind_op
Invalid Directive: for current device, mul + fabric is invalid combination for bind_op
Invalid Directive: for current device, mul + fabric is invalid combination for bind_op
Invalid Directive: for current device, add + fabric is invalid combination for bind_op
Invalid Directive: for current device, add + fabric is invalid combination for bind_op
Invalid Directive: for current device, add + fabric is invalid combination for bind_op
Invalid Directive: for current device, add + fabric is invalid combination for bind_op
Invalid Directive: for current device, add + fabric is invalid combination for bind_op
Invalid Directive: for current device, add + fabric is invalid combination for bind_op
Invalid Directive: for current device, add + fabric is invalid combination for bind_op
Invalid Directive: for current device, add + fabric is invalid combination for bind_op
Invalid Directive: for current device, add + fabric is invalid combination for bind_op
Invalid Directive: for current device, add + fabric is invalid combination for bind_op
Invalid Directive: for current device, add + fabric is invalid combination for bind_op
Invalid Directive: for current device, add + fabric is invalid combination for bind_op
Invalid Directive: for current device, add + fabric is invalid combination for bind_op
Invalid Directive: for current device, add + fabric is invalid combination for bind_op
Invalid Directive: for current device, add + fabric is invalid combination for bind_op
Invalid Directive: for current device, add + fabric is invalid combination for bind_op
Invalid Directive: for current device, add + fabric is invalid combination for bind_op
Invalid Directive: for current device, add + fabric is invalid combination for bind_op
Invalid Directive: for current device, add + fabric is invalid combination for bind_op
Invalid Directive: for current device, add + fabric is invalid combination for bind_op
Invalid Directive: for current device, mul + fabric is invalid combination for bind_op
Invalid Directive: for current device, mul + fabric is invalid combination for bind_op
Invalid Directive: for current device, mul + fabric is invalid combination for bind_op
Invalid Directive: for current device, mul + fabric is invalid combination for bind_op
Invalid Directive: for current device, mul + fabric is invalid combination for bind_op
Invalid Directive: for current device, mul + fabric is invalid combination for bind_op
Invalid Directive: for current device, mul + fabric is invalid combination for bind_op
Invalid Directive: for current device, mul + fabric is invalid combination for bind_op
Invalid Directive: for current device, mul + fabric is invalid combination for bind_op
Invalid Directive: for current device, mul + fabric is invalid combination for bind_op
Invalid Directive: for current device, mul + fabric is invalid combination for bind_op
Invalid Directive: for current device, mul + fabric is invalid combination for bind_op
Invalid Directive: for current device, mul + fabric is invalid combination for bind_op
Invalid Directive: for current device, mul + fabric is invalid combination for bind_op
Invalid Directive: for current device, mul + fabric is invalid combination for bind_op
Invalid Directive: for current device, mul + fabric is invalid combination for bind_op
Invalid Directive: for current device, mul + fabric is invalid combination for bind_op
Invalid Directive: for current device, mul + fabric is invalid combination for bind_op
Invalid Directive: for current device, mul + fabric is invalid combination for bind_op
Invalid Directive: for current device, mul + fabric is invalid combination for bind_op
Invalid Directive: for current device, mul + fabric is invalid combination for bind_op
Invalid Directive: for current device, mul + fabric is invalid combination for bind_op
Invalid Directive: for current device, mul + fabric is invalid combination for bind_op
Invalid Directive: for current device, mul + fabric is invalid combination for bind_op
Invalid Directive: for current device, mul + fabric is invalid combination for bind_op
Invalid Directive: for current device, mul + fabric is invalid combination for bind_op
Invalid Directive: for current device, mul + fabric is invalid combination for bind_op
Invalid Directive: for current device, mul + fabric is invalid combination for bind_op
Invalid Directive: for current device, mul + fabric is invalid combination for bind_op
Invalid Directive: for current device, mul + fabric is invalid combination for bind_op
Invalid Directive: for current device, add + fabric is invalid combination for bind_op
Invalid Directive: for current device, add + fabric is invalid combination for bind_op
Invalid Directive: for current device, add + fabric is invalid combination for bind_op
Invalid Directive: for current device, add + fabric is invalid combination for bind_op
Invalid Directive: for current device, add + fabric is invalid combination for bind_op
Invalid Directive: for current device, add + fabric is invalid combination for bind_op
Invalid Directive: for current device, add + fabric is invalid combination for bind_op
Invalid Directive: for current device, add + fabric is invalid combination for bind_op
Invalid Directive: for current device, add + fabric is invalid combination for bind_op
Invalid Directive: for current device, add + fabric is invalid combination for bind_op
Invalid Directive: for current device, add + fabric is invalid combination for bind_op
Invalid Directive: for current device, add + fabric is invalid combination for bind_op
Invalid Directive: for current device, add + fabric is invalid combination for bind_op
Invalid Directive: for current device, add + fabric is invalid combination for bind_op
Invalid Directive: for current device, add + fabric is invalid combination for bind_op
Invalid Directive: for current device, add + fabric is invalid combination for bind_op
Invalid Directive: for current device, add + fabric is invalid combination for bind_op
Invalid Directive: for current device, add + fabric is invalid combination for bind_op
Invalid Directive: for current device, add + fabric is invalid combination for bind_op
Invalid Directive: for current device, add + fabric is invalid combination for bind_op
Invalid Directive: for current device, mul + fabric is invalid combination for bind_op
Invalid Directive: for current device, mul + fabric is invalid combination for bind_op
Invalid Directive: for current device, mul + fabric is invalid combination for bind_op
Invalid Directive: for current device, mul + fabric is invalid combination for bind_op
Invalid Directive: for current device, mul + fabric is invalid combination for bind_op
Invalid Directive: for current device, mul + fabric is invalid combination for bind_op
Invalid Directive: for current device, mul + fabric is invalid combination for bind_op
Invalid Directive: for current device, mul + fabric is invalid combination for bind_op
Invalid Directive: for current device, mul + fabric is invalid combination for bind_op
Invalid Directive: for current device, mul + fabric is invalid combination for bind_op
Invalid Directive: for current device, add + fabric is invalid combination for bind_op
Invalid Directive: for current device, add + fabric is invalid combination for bind_op
Invalid Directive: for current device, add + fabric is invalid combination for bind_op
Invalid Directive: for current device, add + fabric is invalid combination for bind_op
Invalid Directive: for current device, add + fabric is invalid combination for bind_op
Invalid Directive: for current device, add + fabric is invalid combination for bind_op
Invalid Directive: for current device, add + fabric is invalid combination for bind_op
Invalid Directive: for current device, add + fabric is invalid combination for bind_op
Invalid Directive: for current device, add + fabric is invalid combination for bind_op
Invalid Directive: for current device, add + fabric is invalid combination for bind_op
Invalid Directive: for current device, add + fabric is invalid combination for bind_op
Invalid Directive: for current device, add + fabric is invalid combination for bind_op
Invalid Directive: for current device, add + fabric is invalid combination for bind_op
Invalid Directive: for current device, add + fabric is invalid combination for bind_op
Invalid Directive: for current device, add + fabric is invalid combination for bind_op
Invalid Directive: for current device, add + fabric is invalid combination for bind_op
Invalid Directive: for current device, add + fabric is invalid combination for bind_op
Invalid Directive: for current device, add + fabric is invalid combination for bind_op
Invalid Directive: for current device, add + fabric is invalid combination for bind_op
Invalid Directive: for current device, add + fabric is invalid combination for bind_op
Invalid Directive: for current device, mul + fabric is invalid combination for bind_op
Invalid Directive: for current device, mul + fabric is invalid combination for bind_op
Invalid Directive: for current device, mul + fabric is invalid combination for bind_op
Invalid Directive: for current device, mul + fabric is invalid combination for bind_op
Invalid Directive: for current device, mul + fabric is invalid combination for bind_op
Invalid Directive: for current device, mul + fabric is invalid combination for bind_op
Invalid Directive: for current device, mul + fabric is invalid combination for bind_op
Invalid Directive: for current device, mul + fabric is invalid combination for bind_op
Invalid Directive: for current device, mul + fabric is invalid combination for bind_op
Invalid Directive: for current device, mul + fabric is invalid combination for bind_op
Invalid Directive: for current device, add + fabric is invalid combination for bind_op
Invalid Directive: for current device, add + fabric is invalid combination for bind_op
Invalid Directive: for current device, add + fabric is invalid combination for bind_op
Invalid Directive: for current device, add + fabric is invalid combination for bind_op
Invalid Directive: for current device, add + fabric is invalid combination for bind_op
Invalid Directive: for current device, add + fabric is invalid combination for bind_op
Invalid Directive: for current device, add + fabric is invalid combination for bind_op
Invalid Directive: for current device, add + fabric is invalid combination for bind_op
Invalid Directive: for current device, add + fabric is invalid combination for bind_op
Invalid Directive: for current device, add + fabric is invalid combination for bind_op
Invalid Directive: for current device, mul + fabric is invalid combination for bind_op
Invalid Directive: for current device, mul + fabric is invalid combination for bind_op
Invalid Directive: for current device, mul + fabric is invalid combination for bind_op
Invalid Directive: for current device, mul + fabric is invalid combination for bind_op
Invalid Directive: for current device, mul + fabric is invalid combination for bind_op
Invalid Directive: for current device, mul + fabric is invalid combination for bind_op
Invalid Directive: for current device, mul + fabric is invalid combination for bind_op
Invalid Directive: for current device, mul + fabric is invalid combination for bind_op
Invalid Directive: for current device, mul + fabric is invalid combination for bind_op
Invalid Directive: for current device, mul + fabric is invalid combination for bind_op
Invalid Directive: for current device, add + fabric is invalid combination for bind_op
Invalid Directive: for current device, add + fabric is invalid combination for bind_op
Invalid Directive: for current device, add + fabric is invalid combination for bind_op
Invalid Directive: for current device, add + fabric is invalid combination for bind_op
Invalid Directive: for current device, add + fabric is invalid combination for bind_op
Invalid Directive: for current device, add + fabric is invalid combination for bind_op
Invalid Directive: for current device, add + fabric is invalid combination for bind_op
Invalid Directive: for current device, add + fabric is invalid combination for bind_op
Invalid Directive: for current device, add + fabric is invalid combination for bind_op
Invalid Directive: for current device, add + fabric is invalid combination for bind_op
Invalid Directive: for current device, mul + fabric is invalid combination for bind_op
Invalid Directive: for current device, mul + fabric is invalid combination for bind_op
Invalid Directive: for current device, mul + fabric is invalid combination for bind_op
Invalid Directive: for current device, mul + fabric is invalid combination for bind_op
Invalid Directive: for current device, mul + fabric is invalid combination for bind_op
Invalid Directive: for current device, mul + fabric is invalid combination for bind_op
Invalid Directive: for current device, mul + fabric is invalid combination for bind_op
Invalid Directive: for current device, mul + fabric is invalid combination for bind_op
Invalid Directive: for current device, mul + fabric is invalid combination for bind_op
Invalid Directive: for current device, mul + fabric is invalid combination for bind_op
Invalid Directive: for current device, mul + fabric is invalid combination for bind_op
Invalid Directive: for current device, mul + fabric is invalid combination for bind_op
Invalid Directive: for current device, mul + fabric is invalid combination for bind_op
Invalid Directive: for current device, mul + fabric is invalid combination for bind_op
Invalid Directive: for current device, mul + fabric is invalid combination for bind_op
Invalid Directive: for current device, mul + fabric is invalid combination for bind_op
Invalid Directive: for current device, mul + fabric is invalid combination for bind_op
Invalid Directive: for current device, mul + fabric is invalid combination for bind_op
Invalid Directive: for current device, mul + fabric is invalid combination for bind_op
Invalid Directive: for current device, mul + fabric is invalid combination for bind_op
Invalid Directive: for current device, mul + fabric is invalid combination for bind_op
Invalid Directive: for current device, mul + fabric is invalid combination for bind_op
Invalid Directive: for current device, mul + fabric is invalid combination for bind_op
Invalid Directive: for current device, mul + fabric is invalid combination for bind_op
Invalid Directive: for current device, mul + fabric is invalid combination for bind_op
Invalid Directive: for current device, mul + fabric is invalid combination for bind_op
Invalid Directive: for current device, mul + fabric is invalid combination for bind_op
Invalid Directive: for current device, mul + fabric is invalid combination for bind_op
Invalid Directive: for current device, mul + fabric is invalid combination for bind_op
Invalid Directive: for current device, mul + fabric is invalid combination for bind_op
Invalid Directive: for current device, add + fabric is invalid combination for bind_op
Invalid Directive: for current device, add + fabric is invalid combination for bind_op
Invalid Directive: for current device, add + fabric is invalid combination for bind_op
Invalid Directive: for current device, add + fabric is invalid combination for bind_op
Invalid Directive: for current device, add + fabric is invalid combination for bind_op
Invalid Directive: for current device, add + fabric is invalid combination for bind_op
Invalid Directive: for current device, add + fabric is invalid combination for bind_op
Invalid Directive: for current device, add + fabric is invalid combination for bind_op
Invalid Directive: for current device, add + fabric is invalid combination for bind_op
Invalid Directive: for current device, add + fabric is invalid combination for bind_op
Invalid Directive: for current device, mul + fabric is invalid combination for bind_op
Invalid Directive: for current device, mul + fabric is invalid combination for bind_op
Invalid Directive: for current device, mul + fabric is invalid combination for bind_op
Invalid Directive: for current device, mul + fabric is invalid combination for bind_op
Invalid Directive: for current device, mul + fabric is invalid combination for bind_op
Invalid Directive: for current device, mul + fabric is invalid combination for bind_op
Invalid Directive: for current device, mul + fabric is invalid combination for bind_op
Invalid Directive: for current device, mul + fabric is invalid combination for bind_op
Invalid Directive: for current device, mul + fabric is invalid combination for bind_op
Invalid Directive: for current device, mul + fabric is invalid combination for bind_op
address of array 'm68' will always evaluate to 'true'
address of array 'm88' will always evaluate to 'true'
address of array 'm115' will always evaluate to 'true'
3 warnings and 340 errors generated.
Error while processing /home/jjh/RL_test/for_ironman/hls_componentsolution_tmp/hls/.autopilot/db/case_1.pp.0.cc.
