/home/jjh/RL_test/for_ironman/synthesis/project_tmp/solution_tmp/.autopilot/db/case_4.pp.0.cc:3165:5: warning: Added loop label VITIS_LOOP_676_1:   [xilinx-label-all-loops]
    for (unsigned i = low; i != high+1; ++i) {
    ^~~
    VITIS_LOOP_676_1: 
/home/jjh/RL_test/for_ironman/synthesis/project_tmp/solution_tmp/.autopilot/db/case_4.pp.0.cc:3165:5: note: FIX-IT applied suggested code changes
/home/jjh/RL_test/for_ironman/synthesis/project_tmp/solution_tmp/.autopilot/db/case_4.pp.0.cc:3179:5: warning: Added loop label VITIS_LOOP_690_1:   [xilinx-label-all-loops]
    for (unsigned i = low; i != high+1; ++i) {
    ^~~
    VITIS_LOOP_690_1: 
/home/jjh/RL_test/for_ironman/synthesis/project_tmp/solution_tmp/.autopilot/db/case_4.pp.0.cc:3179:5: note: FIX-IT applied suggested code changes
/home/jjh/RL_test/for_ironman/synthesis/project_tmp/solution_tmp/.autopilot/db/case_4.pp.0.cc:3193:5: warning: Added loop label VITIS_LOOP_704_1:   [xilinx-label-all-loops]
    for (unsigned i = low; i != high+1; ++i) {
    ^~~
    VITIS_LOOP_704_1: 
/home/jjh/RL_test/for_ironman/synthesis/project_tmp/solution_tmp/.autopilot/db/case_4.pp.0.cc:3193:5: note: FIX-IT applied suggested code changes
/home/jjh/RL_test/for_ironman/synthesis/project_tmp/solution_tmp/.autopilot/db/case_4.pp.0.cc:5161:7: warning: Added loop label VITIS_LOOP_1248_1:   [xilinx-label-all-loops]
      for (i = 0; i < __N - 1; ++i) {
      ^~~
      VITIS_LOOP_1248_1: 
/home/jjh/RL_test/for_ironman/synthesis/project_tmp/solution_tmp/.autopilot/db/case_4.pp.0.cc:5161:7: note: FIX-IT applied suggested code changes
/home/jjh/RL_test/for_ironman/synthesis/project_tmp/solution_tmp/.autopilot/db/case_4.pp.0.cc:7139:9: error: Invalid Directive: for current device, mul + fabric is invalid combination for bind_op [clang-diagnostic-error]
#pragma HLSDIRECTIVE BIND_OP impl=fabric op=mul variable=m29
        ^
/home/jjh/RL_test/for_ironman/synthesis/project_tmp/solution_tmp/.autopilot/db/case_4.pp.0.cc:7144:9: error: Invalid Directive: for current device, add + fabric is invalid combination for bind_op [clang-diagnostic-error]
#pragma HLSDIRECTIVE BIND_OP impl=fabric op=add variable=m33
        ^
/home/jjh/RL_test/for_ironman/synthesis/project_tmp/solution_tmp/.autopilot/db/case_4.pp.0.cc:7149:9: error: Invalid Directive: for current device, add + fabric is invalid combination for bind_op [clang-diagnostic-error]
#pragma HLSDIRECTIVE BIND_OP impl=fabric op=add variable=m34
        ^
/home/jjh/RL_test/for_ironman/synthesis/project_tmp/solution_tmp/.autopilot/db/case_4.pp.0.cc:7154:9: error: Invalid Directive: for current device, add + fabric is invalid combination for bind_op [clang-diagnostic-error]
#pragma HLSDIRECTIVE BIND_OP impl=fabric op=add variable=m36
        ^
/home/jjh/RL_test/for_ironman/synthesis/project_tmp/solution_tmp/.autopilot/db/case_4.pp.0.cc:7159:9: error: Invalid Directive: for current device, mul + fabric is invalid combination for bind_op [clang-diagnostic-error]
#pragma HLSDIRECTIVE BIND_OP impl=fabric op=mul variable=m37
        ^
/home/jjh/RL_test/for_ironman/synthesis/project_tmp/solution_tmp/.autopilot/db/case_4.pp.0.cc:7164:9: error: Invalid Directive: for current device, mul + fabric is invalid combination for bind_op [clang-diagnostic-error]
#pragma HLSDIRECTIVE BIND_OP impl=fabric op=mul variable=m38
        ^
/home/jjh/RL_test/for_ironman/synthesis/project_tmp/solution_tmp/.autopilot/db/case_4.pp.0.cc:7170:9: error: Invalid Directive: for current device, mul + fabric is invalid combination for bind_op [clang-diagnostic-error]
#pragma HLSDIRECTIVE BIND_OP impl=fabric op=mul variable=m40
        ^
/home/jjh/RL_test/for_ironman/synthesis/project_tmp/solution_tmp/.autopilot/db/case_4.pp.0.cc:7175:9: error: Invalid Directive: for current device, mul + fabric is invalid combination for bind_op [clang-diagnostic-error]
#pragma HLSDIRECTIVE BIND_OP impl=fabric op=mul variable=m41
        ^
/home/jjh/RL_test/for_ironman/synthesis/project_tmp/solution_tmp/.autopilot/db/case_4.pp.0.cc:7181:9: error: Invalid Directive: for current device, add + fabric is invalid combination for bind_op [clang-diagnostic-error]
#pragma HLSDIRECTIVE BIND_OP impl=fabric op=add variable=m43
        ^
/home/jjh/RL_test/for_ironman/synthesis/project_tmp/solution_tmp/.autopilot/db/case_4.pp.0.cc:7186:9: error: Invalid Directive: for current device, add + fabric is invalid combination for bind_op [clang-diagnostic-error]
#pragma HLSDIRECTIVE BIND_OP impl=fabric op=add variable=m44
        ^
/home/jjh/RL_test/for_ironman/synthesis/project_tmp/solution_tmp/.autopilot/db/case_4.pp.0.cc:7191:9: error: Invalid Directive: for current device, mul + fabric is invalid combination for bind_op [clang-diagnostic-error]
#pragma HLSDIRECTIVE BIND_OP impl=fabric op=mul variable=m48
        ^
/home/jjh/RL_test/for_ironman/synthesis/project_tmp/solution_tmp/.autopilot/db/case_4.pp.0.cc:7197:9: error: Invalid Directive: for current device, add + fabric is invalid combination for bind_op [clang-diagnostic-error]
#pragma HLSDIRECTIVE BIND_OP impl=fabric op=add variable=m50
        ^
/home/jjh/RL_test/for_ironman/synthesis/project_tmp/solution_tmp/.autopilot/db/case_4.pp.0.cc:7203:9: error: Invalid Directive: for current device, mul + fabric is invalid combination for bind_op [clang-diagnostic-error]
#pragma HLSDIRECTIVE BIND_OP impl=fabric op=mul variable=m52
        ^
/home/jjh/RL_test/for_ironman/synthesis/project_tmp/solution_tmp/.autopilot/db/case_4.pp.0.cc:7209:9: error: Invalid Directive: for current device, add + fabric is invalid combination for bind_op [clang-diagnostic-error]
#pragma HLSDIRECTIVE BIND_OP impl=fabric op=add variable=m54
        ^
/home/jjh/RL_test/for_ironman/synthesis/project_tmp/solution_tmp/.autopilot/db/case_4.pp.0.cc:7214:9: error: Invalid Directive: for current device, mul + fabric is invalid combination for bind_op [clang-diagnostic-error]
#pragma HLSDIRECTIVE BIND_OP impl=fabric op=mul variable=m55
        ^
/home/jjh/RL_test/for_ironman/synthesis/project_tmp/solution_tmp/.autopilot/db/case_4.pp.0.cc:7219:9: error: Invalid Directive: for current device, mul + fabric is invalid combination for bind_op [clang-diagnostic-error]
#pragma HLSDIRECTIVE BIND_OP impl=fabric op=mul variable=m56
        ^
/home/jjh/RL_test/for_ironman/synthesis/project_tmp/solution_tmp/.autopilot/db/case_4.pp.0.cc:7224:9: error: Invalid Directive: for current device, mul + fabric is invalid combination for bind_op [clang-diagnostic-error]
#pragma HLSDIRECTIVE BIND_OP impl=fabric op=mul variable=m57
        ^
/home/jjh/RL_test/for_ironman/synthesis/project_tmp/solution_tmp/.autopilot/db/case_4.pp.0.cc:7229:9: error: Invalid Directive: for current device, add + fabric is invalid combination for bind_op [clang-diagnostic-error]
#pragma HLSDIRECTIVE BIND_OP impl=fabric op=add variable=m58
        ^
/home/jjh/RL_test/for_ironman/synthesis/project_tmp/solution_tmp/.autopilot/db/case_4.pp.0.cc:7234:9: error: Invalid Directive: for current device, mul + fabric is invalid combination for bind_op [clang-diagnostic-error]
#pragma HLSDIRECTIVE BIND_OP impl=fabric op=mul variable=m59
        ^
/home/jjh/RL_test/for_ironman/synthesis/project_tmp/solution_tmp/.autopilot/db/case_4.pp.0.cc:7239:9: error: Invalid Directive: for current device, add + fabric is invalid combination for bind_op [clang-diagnostic-error]
#pragma HLSDIRECTIVE BIND_OP impl=fabric op=add variable=m60
        ^
/home/jjh/RL_test/for_ironman/synthesis/project_tmp/solution_tmp/.autopilot/db/case_4.pp.0.cc:7245:9: error: Invalid Directive: for current device, add + fabric is invalid combination for bind_op [clang-diagnostic-error]
#pragma HLSDIRECTIVE BIND_OP impl=fabric op=add variable=m62
        ^
/home/jjh/RL_test/for_ironman/synthesis/project_tmp/solution_tmp/.autopilot/db/case_4.pp.0.cc:7250:9: error: Invalid Directive: for current device, add + fabric is invalid combination for bind_op [clang-diagnostic-error]
#pragma HLSDIRECTIVE BIND_OP impl=fabric op=add variable=m65
        ^
/home/jjh/RL_test/for_ironman/synthesis/project_tmp/solution_tmp/.autopilot/db/case_4.pp.0.cc:7255:9: error: Invalid Directive: for current device, add + fabric is invalid combination for bind_op [clang-diagnostic-error]
#pragma HLSDIRECTIVE BIND_OP impl=fabric op=add variable=m66
        ^
/home/jjh/RL_test/for_ironman/synthesis/project_tmp/solution_tmp/.autopilot/db/case_4.pp.0.cc:7260:9: error: Invalid Directive: for current device, add + fabric is invalid combination for bind_op [clang-diagnostic-error]
#pragma HLSDIRECTIVE BIND_OP impl=fabric op=add variable=m67
        ^
/home/jjh/RL_test/for_ironman/synthesis/project_tmp/solution_tmp/.autopilot/db/case_4.pp.0.cc:7265:9: error: Invalid Directive: for current device, mul + fabric is invalid combination for bind_op [clang-diagnostic-error]
#pragma HLSDIRECTIVE BIND_OP impl=fabric op=mul variable=m68
        ^
/home/jjh/RL_test/for_ironman/synthesis/project_tmp/solution_tmp/.autopilot/db/case_4.pp.0.cc:7271:9: error: Invalid Directive: for current device, add + fabric is invalid combination for bind_op [clang-diagnostic-error]
#pragma HLSDIRECTIVE BIND_OP impl=fabric op=add variable=m70
        ^
/home/jjh/RL_test/for_ironman/synthesis/project_tmp/solution_tmp/.autopilot/db/case_4.pp.0.cc:7277:9: error: Invalid Directive: for current device, mul + fabric is invalid combination for bind_op [clang-diagnostic-error]
#pragma HLSDIRECTIVE BIND_OP impl=fabric op=mul variable=m72
        ^
/home/jjh/RL_test/for_ironman/synthesis/project_tmp/solution_tmp/.autopilot/db/case_4.pp.0.cc:7282:9: error: Invalid Directive: for current device, add + fabric is invalid combination for bind_op [clang-diagnostic-error]
#pragma HLSDIRECTIVE BIND_OP impl=fabric op=add variable=m73
        ^
/home/jjh/RL_test/for_ironman/synthesis/project_tmp/solution_tmp/.autopilot/db/case_4.pp.0.cc:7287:9: error: Invalid Directive: for current device, add + fabric is invalid combination for bind_op [clang-diagnostic-error]
#pragma HLSDIRECTIVE BIND_OP impl=fabric op=add variable=m74
        ^
/home/jjh/RL_test/for_ironman/synthesis/project_tmp/solution_tmp/.autopilot/db/case_4.pp.0.cc:7293:9: error: Invalid Directive: for current device, mul + fabric is invalid combination for bind_op [clang-diagnostic-error]
#pragma HLSDIRECTIVE BIND_OP impl=fabric op=mul variable=m76
        ^
/home/jjh/RL_test/for_ironman/synthesis/project_tmp/solution_tmp/.autopilot/db/case_4.pp.0.cc:7299:9: error: Invalid Directive: for current device, add + fabric is invalid combination for bind_op [clang-diagnostic-error]
#pragma HLSDIRECTIVE BIND_OP impl=fabric op=add variable=m80
        ^
/home/jjh/RL_test/for_ironman/synthesis/project_tmp/solution_tmp/.autopilot/db/case_4.pp.0.cc:7306:9: error: Invalid Directive: for current device, add + fabric is invalid combination for bind_op [clang-diagnostic-error]
#pragma HLSDIRECTIVE BIND_OP impl=fabric op=add variable=m83
        ^
/home/jjh/RL_test/for_ironman/synthesis/project_tmp/solution_tmp/.autopilot/db/case_4.pp.0.cc:7311:9: error: Invalid Directive: for current device, add + fabric is invalid combination for bind_op [clang-diagnostic-error]
#pragma HLSDIRECTIVE BIND_OP impl=fabric op=add variable=m86
        ^
/home/jjh/RL_test/for_ironman/synthesis/project_tmp/solution_tmp/.autopilot/db/case_4.pp.0.cc:7317:9: error: Invalid Directive: for current device, mul + fabric is invalid combination for bind_op [clang-diagnostic-error]
#pragma HLSDIRECTIVE BIND_OP impl=fabric op=mul variable=m91
        ^
/home/jjh/RL_test/for_ironman/synthesis/project_tmp/solution_tmp/.autopilot/db/case_4.pp.0.cc:7323:9: error: Invalid Directive: for current device, add + fabric is invalid combination for bind_op [clang-diagnostic-error]
#pragma HLSDIRECTIVE BIND_OP impl=fabric op=add variable=m93
        ^
/home/jjh/RL_test/for_ironman/synthesis/project_tmp/solution_tmp/.autopilot/db/case_4.pp.0.cc:7328:9: error: Invalid Directive: for current device, add + fabric is invalid combination for bind_op [clang-diagnostic-error]
#pragma HLSDIRECTIVE BIND_OP impl=fabric op=add variable=m94
        ^
/home/jjh/RL_test/for_ironman/synthesis/project_tmp/solution_tmp/.autopilot/db/case_4.pp.0.cc:7334:9: error: Invalid Directive: for current device, mul + fabric is invalid combination for bind_op [clang-diagnostic-error]
#pragma HLSDIRECTIVE BIND_OP impl=fabric op=mul variable=m97
        ^
/home/jjh/RL_test/for_ironman/synthesis/project_tmp/solution_tmp/.autopilot/db/case_4.pp.0.cc:7340:9: error: Invalid Directive: for current device, mul + fabric is invalid combination for bind_op [clang-diagnostic-error]
#pragma HLSDIRECTIVE BIND_OP impl=fabric op=mul variable=m99
        ^
/home/jjh/RL_test/for_ironman/synthesis/project_tmp/solution_tmp/.autopilot/db/case_4.pp.0.cc:7345:9: error: Invalid Directive: for current device, add + fabric is invalid combination for bind_op [clang-diagnostic-error]
#pragma HLSDIRECTIVE BIND_OP impl=fabric op=add variable=m100
        ^
/home/jjh/RL_test/for_ironman/synthesis/project_tmp/solution_tmp/.autopilot/db/case_4.pp.0.cc:7350:9: error: Invalid Directive: for current device, mul + fabric is invalid combination for bind_op [clang-diagnostic-error]
#pragma HLSDIRECTIVE BIND_OP impl=fabric op=mul variable=m101
        ^
/home/jjh/RL_test/for_ironman/synthesis/project_tmp/solution_tmp/.autopilot/db/case_4.pp.0.cc:7355:9: error: Invalid Directive: for current device, mul + fabric is invalid combination for bind_op [clang-diagnostic-error]
#pragma HLSDIRECTIVE BIND_OP impl=fabric op=mul variable=m102
        ^
/home/jjh/RL_test/for_ironman/synthesis/project_tmp/solution_tmp/.autopilot/db/case_4.pp.0.cc:7360:9: error: Invalid Directive: for current device, add + fabric is invalid combination for bind_op [clang-diagnostic-error]
#pragma HLSDIRECTIVE BIND_OP impl=fabric op=add variable=m103
        ^
/home/jjh/RL_test/for_ironman/synthesis/project_tmp/solution_tmp/.autopilot/db/case_4.pp.0.cc:7365:9: error: Invalid Directive: for current device, mul + fabric is invalid combination for bind_op [clang-diagnostic-error]
#pragma HLSDIRECTIVE BIND_OP impl=fabric op=mul variable=m104
        ^
/home/jjh/RL_test/for_ironman/synthesis/project_tmp/solution_tmp/.autopilot/db/case_4.pp.0.cc:7370:9: error: Invalid Directive: for current device, mul + fabric is invalid combination for bind_op [clang-diagnostic-error]
#pragma HLSDIRECTIVE BIND_OP impl=fabric op=mul variable=m105
        ^
/home/jjh/RL_test/for_ironman/synthesis/project_tmp/solution_tmp/.autopilot/db/case_4.pp.0.cc:7375:9: error: Invalid Directive: for current device, add + fabric is invalid combination for bind_op [clang-diagnostic-error]
#pragma HLSDIRECTIVE BIND_OP impl=fabric op=add variable=m106
        ^
/home/jjh/RL_test/for_ironman/synthesis/project_tmp/solution_tmp/.autopilot/db/case_4.pp.0.cc:7380:9: error: Invalid Directive: for current device, mul + fabric is invalid combination for bind_op [clang-diagnostic-error]
#pragma HLSDIRECTIVE BIND_OP impl=fabric op=mul variable=m107
        ^
/home/jjh/RL_test/for_ironman/synthesis/project_tmp/solution_tmp/.autopilot/db/case_4.pp.0.cc:7386:9: error: Invalid Directive: for current device, mul + fabric is invalid combination for bind_op [clang-diagnostic-error]
#pragma HLSDIRECTIVE BIND_OP impl=fabric op=mul variable=m109
        ^
/home/jjh/RL_test/for_ironman/synthesis/project_tmp/solution_tmp/.autopilot/db/case_4.pp.0.cc:7393:9: error: Invalid Directive: for current device, mul + fabric is invalid combination for bind_op [clang-diagnostic-error]
#pragma HLSDIRECTIVE BIND_OP impl=fabric op=mul variable=m112
        ^
/home/jjh/RL_test/for_ironman/synthesis/project_tmp/solution_tmp/.autopilot/db/case_4.pp.0.cc:7398:9: error: Invalid Directive: for current device, add + fabric is invalid combination for bind_op [clang-diagnostic-error]
#pragma HLSDIRECTIVE BIND_OP impl=fabric op=add variable=m113
        ^
/home/jjh/RL_test/for_ironman/synthesis/project_tmp/solution_tmp/.autopilot/db/case_4.pp.0.cc:7403:9: error: Invalid Directive: for current device, add + fabric is invalid combination for bind_op [clang-diagnostic-error]
#pragma HLSDIRECTIVE BIND_OP impl=fabric op=add variable=m114
        ^
/home/jjh/RL_test/for_ironman/synthesis/project_tmp/solution_tmp/.autopilot/db/case_4.pp.0.cc:7408:9: error: Invalid Directive: for current device, add + fabric is invalid combination for bind_op [clang-diagnostic-error]
#pragma HLSDIRECTIVE BIND_OP impl=fabric op=add variable=m117
        ^
/home/jjh/RL_test/for_ironman/synthesis/project_tmp/solution_tmp/.autopilot/db/case_4.pp.0.cc:7413:9: error: Invalid Directive: for current device, mul + fabric is invalid combination for bind_op [clang-diagnostic-error]
#pragma HLSDIRECTIVE BIND_OP impl=fabric op=mul variable=m118
        ^
/home/jjh/RL_test/for_ironman/synthesis/project_tmp/solution_tmp/.autopilot/db/case_4.pp.0.cc:7419:9: error: Invalid Directive: for current device, mul + fabric is invalid combination for bind_op [clang-diagnostic-error]
#pragma HLSDIRECTIVE BIND_OP impl=fabric op=mul variable=m120
        ^
/home/jjh/RL_test/for_ironman/synthesis/project_tmp/solution_tmp/.autopilot/db/case_4.pp.0.cc:7427:9: error: Invalid Directive: for current device, add + fabric is invalid combination for bind_op [clang-diagnostic-error]
#pragma HLSDIRECTIVE BIND_OP impl=fabric op=add variable=m126
        ^
/home/jjh/RL_test/for_ironman/synthesis/project_tmp/solution_tmp/.autopilot/db/case_4.pp.0.cc:7432:9: error: Invalid Directive: for current device, mul + fabric is invalid combination for bind_op [clang-diagnostic-error]
#pragma HLSDIRECTIVE BIND_OP impl=fabric op=mul variable=m129
        ^
/home/jjh/RL_test/for_ironman/synthesis/project_tmp/solution_tmp/.autopilot/db/case_4.pp.0.cc:7437:9: error: Invalid Directive: for current device, mul + fabric is invalid combination for bind_op [clang-diagnostic-error]
#pragma HLSDIRECTIVE BIND_OP impl=fabric op=mul variable=m130
        ^
/home/jjh/RL_test/for_ironman/synthesis/project_tmp/solution_tmp/.autopilot/db/case_4.pp.0.cc:7446:9: error: Invalid Directive: for current device, mul + fabric is invalid combination for bind_op [clang-diagnostic-error]
#pragma HLSDIRECTIVE BIND_OP impl=fabric op=mul variable=m138
        ^
/home/jjh/RL_test/for_ironman/synthesis/project_tmp/solution_tmp/.autopilot/db/case_4.pp.0.cc:7451:9: error: Invalid Directive: for current device, add + fabric is invalid combination for bind_op [clang-diagnostic-error]
#pragma HLSDIRECTIVE BIND_OP impl=fabric op=add variable=m139
        ^
/home/jjh/RL_test/for_ironman/synthesis/project_tmp/solution_tmp/.autopilot/db/case_4.pp.0.cc:7457:9: error: Invalid Directive: for current device, mul + fabric is invalid combination for bind_op [clang-diagnostic-error]
#pragma HLSDIRECTIVE BIND_OP impl=fabric op=mul variable=m141
        ^
/home/jjh/RL_test/for_ironman/synthesis/project_tmp/solution_tmp/.autopilot/db/case_4.pp.0.cc:7462:9: error: Invalid Directive: for current device, add + fabric is invalid combination for bind_op [clang-diagnostic-error]
#pragma HLSDIRECTIVE BIND_OP impl=fabric op=add variable=m142
        ^
/home/jjh/RL_test/for_ironman/synthesis/project_tmp/solution_tmp/.autopilot/db/case_4.pp.0.cc:7468:9: error: Invalid Directive: for current device, add + fabric is invalid combination for bind_op [clang-diagnostic-error]
#pragma HLSDIRECTIVE BIND_OP impl=fabric op=add variable=m146
        ^
/home/jjh/RL_test/for_ironman/synthesis/project_tmp/solution_tmp/.autopilot/db/case_4.pp.0.cc:7474:9: error: Invalid Directive: for current device, add + fabric is invalid combination for bind_op [clang-diagnostic-error]
#pragma HLSDIRECTIVE BIND_OP impl=fabric op=add variable=m148
        ^
/home/jjh/RL_test/for_ironman/synthesis/project_tmp/solution_tmp/.autopilot/db/case_4.pp.0.cc:7479:9: error: Invalid Directive: for current device, mul + fabric is invalid combination for bind_op [clang-diagnostic-error]
#pragma HLSDIRECTIVE BIND_OP impl=fabric op=mul variable=m151
        ^
/home/jjh/RL_test/for_ironman/synthesis/project_tmp/solution_tmp/.autopilot/db/case_4.pp.0.cc:7484:9: error: Invalid Directive: for current device, add + fabric is invalid combination for bind_op [clang-diagnostic-error]
#pragma HLSDIRECTIVE BIND_OP impl=fabric op=add variable=m153
        ^
/home/jjh/RL_test/for_ironman/synthesis/project_tmp/solution_tmp/.autopilot/db/case_4.pp.0.cc:7490:9: error: Invalid Directive: for current device, mul + fabric is invalid combination for bind_op [clang-diagnostic-error]
#pragma HLSDIRECTIVE BIND_OP impl=fabric op=mul variable=m155
        ^
/home/jjh/RL_test/for_ironman/synthesis/project_tmp/solution_tmp/.autopilot/db/case_4.pp.0.cc:7495:9: error: Invalid Directive: for current device, add + fabric is invalid combination for bind_op [clang-diagnostic-error]
#pragma HLSDIRECTIVE BIND_OP impl=fabric op=add variable=m156
        ^
/home/jjh/RL_test/for_ironman/synthesis/project_tmp/solution_tmp/.autopilot/db/case_4.pp.0.cc:7500:9: error: Invalid Directive: for current device, mul + fabric is invalid combination for bind_op [clang-diagnostic-error]
#pragma HLSDIRECTIVE BIND_OP impl=fabric op=mul variable=m157
        ^
/home/jjh/RL_test/for_ironman/synthesis/project_tmp/solution_tmp/.autopilot/db/case_4.pp.0.cc:7505:9: error: Invalid Directive: for current device, mul + fabric is invalid combination for bind_op [clang-diagnostic-error]
#pragma HLSDIRECTIVE BIND_OP impl=fabric op=mul variable=m158
        ^
/home/jjh/RL_test/for_ironman/synthesis/project_tmp/solution_tmp/.autopilot/db/case_4.pp.0.cc:7510:9: error: Invalid Directive: for current device, add + fabric is invalid combination for bind_op [clang-diagnostic-error]
#pragma HLSDIRECTIVE BIND_OP impl=fabric op=add variable=m159
        ^
/home/jjh/RL_test/for_ironman/synthesis/project_tmp/solution_tmp/.autopilot/db/case_4.pp.0.cc:7515:9: error: Invalid Directive: for current device, add + fabric is invalid combination for bind_op [clang-diagnostic-error]
#pragma HLSDIRECTIVE BIND_OP impl=fabric op=add variable=m160
        ^
/home/jjh/RL_test/for_ironman/synthesis/project_tmp/solution_tmp/.autopilot/db/case_4.pp.0.cc:7521:9: error: Invalid Directive: for current device, add + fabric is invalid combination for bind_op [clang-diagnostic-error]
#pragma HLSDIRECTIVE BIND_OP impl=fabric op=add variable=m162
        ^
/home/jjh/RL_test/for_ironman/synthesis/project_tmp/solution_tmp/.autopilot/db/case_4.pp.0.cc:7526:9: error: Invalid Directive: for current device, add + fabric is invalid combination for bind_op [clang-diagnostic-error]
#pragma HLSDIRECTIVE BIND_OP impl=fabric op=add variable=m163
        ^
/home/jjh/RL_test/for_ironman/synthesis/project_tmp/solution_tmp/.autopilot/db/case_4.pp.0.cc:7531:9: error: Invalid Directive: for current device, add + fabric is invalid combination for bind_op [clang-diagnostic-error]
#pragma HLSDIRECTIVE BIND_OP impl=fabric op=add variable=m164
        ^
/home/jjh/RL_test/for_ironman/synthesis/project_tmp/solution_tmp/.autopilot/db/case_4.pp.0.cc:7536:9: error: Invalid Directive: for current device, add + fabric is invalid combination for bind_op [clang-diagnostic-error]
#pragma HLSDIRECTIVE BIND_OP impl=fabric op=add variable=m165
        ^
/home/jjh/RL_test/for_ironman/synthesis/project_tmp/solution_tmp/.autopilot/db/case_4.pp.0.cc:7543:9: error: Invalid Directive: for current device, mul + fabric is invalid combination for bind_op [clang-diagnostic-error]
#pragma HLSDIRECTIVE BIND_OP impl=fabric op=mul variable=m169
        ^
/home/jjh/RL_test/for_ironman/synthesis/project_tmp/solution_tmp/.autopilot/db/case_4.pp.0.cc:7548:9: error: Invalid Directive: for current device, add + fabric is invalid combination for bind_op [clang-diagnostic-error]
#pragma HLSDIRECTIVE BIND_OP impl=fabric op=add variable=m170
        ^
/home/jjh/RL_test/for_ironman/synthesis/project_tmp/solution_tmp/.autopilot/db/case_4.pp.0.cc:7554:9: error: Invalid Directive: for current device, mul + fabric is invalid combination for bind_op [clang-diagnostic-error]
#pragma HLSDIRECTIVE BIND_OP impl=fabric op=mul variable=m172
        ^
/home/jjh/RL_test/for_ironman/synthesis/project_tmp/solution_tmp/.autopilot/db/case_4.pp.0.cc:7559:9: error: Invalid Directive: for current device, mul + fabric is invalid combination for bind_op [clang-diagnostic-error]
#pragma HLSDIRECTIVE BIND_OP impl=fabric op=mul variable=m173
        ^
/home/jjh/RL_test/for_ironman/synthesis/project_tmp/solution_tmp/.autopilot/db/case_4.pp.0.cc:7564:9: error: Invalid Directive: for current device, add + fabric is invalid combination for bind_op [clang-diagnostic-error]
#pragma HLSDIRECTIVE BIND_OP impl=fabric op=add variable=m174
        ^
/home/jjh/RL_test/for_ironman/synthesis/project_tmp/solution_tmp/.autopilot/db/case_4.pp.0.cc:7569:9: error: Invalid Directive: for current device, add + fabric is invalid combination for bind_op [clang-diagnostic-error]
#pragma HLSDIRECTIVE BIND_OP impl=fabric op=add variable=m175
        ^
/home/jjh/RL_test/for_ironman/synthesis/project_tmp/solution_tmp/.autopilot/db/case_4.pp.0.cc:7575:9: error: Invalid Directive: for current device, mul + fabric is invalid combination for bind_op [clang-diagnostic-error]
#pragma HLSDIRECTIVE BIND_OP impl=fabric op=mul variable=m180
        ^
/home/jjh/RL_test/for_ironman/synthesis/project_tmp/solution_tmp/.autopilot/db/case_4.pp.0.cc:7582:9: error: Invalid Directive: for current device, add + fabric is invalid combination for bind_op [clang-diagnostic-error]
#pragma HLSDIRECTIVE BIND_OP impl=fabric op=add variable=m186
        ^
/home/jjh/RL_test/for_ironman/synthesis/project_tmp/solution_tmp/.autopilot/db/case_4.pp.0.cc:7588:9: error: Invalid Directive: for current device, add + fabric is invalid combination for bind_op [clang-diagnostic-error]
#pragma HLSDIRECTIVE BIND_OP impl=fabric op=add variable=m190
        ^
/home/jjh/RL_test/for_ironman/synthesis/project_tmp/solution_tmp/.autopilot/db/case_4.pp.0.cc:7593:9: error: Invalid Directive: for current device, mul + fabric is invalid combination for bind_op [clang-diagnostic-error]
#pragma HLSDIRECTIVE BIND_OP impl=fabric op=mul variable=m191
        ^
/home/jjh/RL_test/for_ironman/synthesis/project_tmp/solution_tmp/.autopilot/db/case_4.pp.0.cc:7598:9: error: Invalid Directive: for current device, mul + fabric is invalid combination for bind_op [clang-diagnostic-error]
#pragma HLSDIRECTIVE BIND_OP impl=fabric op=mul variable=m192
        ^
/home/jjh/RL_test/for_ironman/synthesis/project_tmp/solution_tmp/.autopilot/db/case_4.pp.0.cc:7604:9: error: Invalid Directive: for current device, add + fabric is invalid combination for bind_op [clang-diagnostic-error]
#pragma HLSDIRECTIVE BIND_OP impl=fabric op=add variable=m194
        ^
/home/jjh/RL_test/for_ironman/synthesis/project_tmp/solution_tmp/.autopilot/db/case_4.pp.0.cc:7609:9: error: Invalid Directive: for current device, mul + fabric is invalid combination for bind_op [clang-diagnostic-error]
#pragma HLSDIRECTIVE BIND_OP impl=fabric op=mul variable=m195
        ^
/home/jjh/RL_test/for_ironman/synthesis/project_tmp/solution_tmp/.autopilot/db/case_4.pp.0.cc:7615:9: error: Invalid Directive: for current device, mul + fabric is invalid combination for bind_op [clang-diagnostic-error]
#pragma HLSDIRECTIVE BIND_OP impl=fabric op=mul variable=m197
        ^
/home/jjh/RL_test/for_ironman/synthesis/project_tmp/solution_tmp/.autopilot/db/case_4.pp.0.cc:7621:9: error: Invalid Directive: for current device, mul + fabric is invalid combination for bind_op [clang-diagnostic-error]
#pragma HLSDIRECTIVE BIND_OP impl=fabric op=mul variable=m200
        ^
/home/jjh/RL_test/for_ironman/synthesis/project_tmp/solution_tmp/.autopilot/db/case_4.pp.0.cc:7626:9: error: Invalid Directive: for current device, add + fabric is invalid combination for bind_op [clang-diagnostic-error]
#pragma HLSDIRECTIVE BIND_OP impl=fabric op=add variable=m201
        ^
/home/jjh/RL_test/for_ironman/synthesis/project_tmp/solution_tmp/.autopilot/db/case_4.pp.0.cc:7631:9: error: Invalid Directive: for current device, mul + fabric is invalid combination for bind_op [clang-diagnostic-error]
#pragma HLSDIRECTIVE BIND_OP impl=fabric op=mul variable=m202
        ^
/home/jjh/RL_test/for_ironman/synthesis/project_tmp/solution_tmp/.autopilot/db/case_4.pp.0.cc:7636:9: error: Invalid Directive: for current device, mul + fabric is invalid combination for bind_op [clang-diagnostic-error]
#pragma HLSDIRECTIVE BIND_OP impl=fabric op=mul variable=m203
        ^
/home/jjh/RL_test/for_ironman/synthesis/project_tmp/solution_tmp/.autopilot/db/case_4.pp.0.cc:7641:9: error: Invalid Directive: for current device, add + fabric is invalid combination for bind_op [clang-diagnostic-error]
#pragma HLSDIRECTIVE BIND_OP impl=fabric op=add variable=m204
        ^
/home/jjh/RL_test/for_ironman/synthesis/project_tmp/solution_tmp/.autopilot/db/case_4.pp.0.cc:7647:9: error: Invalid Directive: for current device, mul + fabric is invalid combination for bind_op [clang-diagnostic-error]
#pragma HLSDIRECTIVE BIND_OP impl=fabric op=mul variable=m207
        ^
/home/jjh/RL_test/for_ironman/synthesis/project_tmp/solution_tmp/.autopilot/db/case_4.pp.0.cc:7652:9: error: Invalid Directive: for current device, add + fabric is invalid combination for bind_op [clang-diagnostic-error]
#pragma HLSDIRECTIVE BIND_OP impl=fabric op=add variable=m210
        ^
/home/jjh/RL_test/for_ironman/synthesis/project_tmp/solution_tmp/.autopilot/db/case_4.pp.0.cc:7657:9: error: Invalid Directive: for current device, add + fabric is invalid combination for bind_op [clang-diagnostic-error]
#pragma HLSDIRECTIVE BIND_OP impl=fabric op=add variable=m211
        ^
/home/jjh/RL_test/for_ironman/synthesis/project_tmp/solution_tmp/.autopilot/db/case_4.pp.0.cc:7662:9: error: Invalid Directive: for current device, mul + fabric is invalid combination for bind_op [clang-diagnostic-error]
#pragma HLSDIRECTIVE BIND_OP impl=fabric op=mul variable=m215
        ^
/home/jjh/RL_test/for_ironman/synthesis/project_tmp/solution_tmp/.autopilot/db/case_4.pp.0.cc:7667:9: error: Invalid Directive: for current device, mul + fabric is invalid combination for bind_op [clang-diagnostic-error]
#pragma HLSDIRECTIVE BIND_OP impl=fabric op=mul variable=m219
        ^
/home/jjh/RL_test/for_ironman/synthesis/project_tmp/solution_tmp/.autopilot/db/case_4.pp.0.cc:7672:9: error: Invalid Directive: for current device, mul + fabric is invalid combination for bind_op [clang-diagnostic-error]
#pragma HLSDIRECTIVE BIND_OP impl=fabric op=mul variable=m221
        ^
/home/jjh/RL_test/for_ironman/synthesis/project_tmp/solution_tmp/.autopilot/db/case_4.pp.0.cc:7677:9: error: Invalid Directive: for current device, add + fabric is invalid combination for bind_op [clang-diagnostic-error]
#pragma HLSDIRECTIVE BIND_OP impl=fabric op=add variable=m222
        ^
