

================================================================
== Vitis HLS Report for 'case_3_Pipeline_L_n9_1_L_n9_2'
================================================================
* Date:           Tue Jan 20 09:52:11 2026

* Version:        2025.1 (Build 6135595 on May 21 2025)
* Project:        project_tmp
* Solution:       solution_tmp (Vivado IP Flow Target)
* Product family: zynq
* Target device:  xc7z020-clg484-1


================================================================
== Performance Estimates
================================================================
+ Timing: 
    * Summary: 
    +--------+----------+----------+------------+
    |  Clock |  Target  | Estimated| Uncertainty|
    +--------+----------+----------+------------+
    |ap_clk  |  12.00 ns|  7.670 ns|     3.24 ns|
    +--------+----------+----------+------------+

+ Latency: 
    * Summary: 
    +---------+---------+----------+----------+-----+-----+------------------------------------------------+
    |  Latency (cycles) |  Latency (absolute) |  Interval |                    Pipeline                    |
    |   min   |   max   |    min   |    max   | min | max |                      Type                      |
    +---------+---------+----------+----------+-----+-----+------------------------------------------------+
    |       67|       67|  0.804 us|  0.804 us|   65|   65|  loop auto-rewind stp (delay=0 clock cycles(s))|
    +---------+---------+----------+----------+-----+-----+------------------------------------------------+

    + Detail: 
        * Instance: 
        N/A

        * Loop: 
        +-----------------+---------+---------+----------+-----------+-----------+------+----------+
        |                 |  Latency (cycles) | Iteration|  Initiation Interval  | Trip |          |
        |    Loop Name    |   min   |   max   |  Latency |  achieved |   target  | Count| Pipelined|
        +-----------------+---------+---------+----------+-----------+-----------+------+----------+
        |- L_n9_1_L_n9_2  |       65|       65|         3|          1|          1|    64|       yes|
        +-----------------+---------+---------+----------+-----------+-----------+------+----------+

============================================================
+ Verbose Summary: Synthesis Manager
============================================================
InlineROM: 1
ExposeGlobal: 0
============================================================
+ Verbose Summary: CDFG Model
============================================================
IsTopModel: 0
ResetActiveHigh: 1
IsCombinational: 0
IsDatapathOnly: 0
HasWiredReturn: 1
HasMFsm: 2
HasVarLatency: 1
IsPipeline: 0
IsRtlPipelined: 0
IsInstanceOverlapped: 0
IsDontTouch: 0
HasImplIP: 0
IsGatedGlobalClock: 0

+ Individual pipeline summary: 
  * Pipeline-0: initiation interval (II) = 1, depth = 3


============================================================
+ Verbose Summary: Schedule
============================================================
* Number of FSM states : 3
* Pipeline : 1
  Pipeline-0 : II = 1, D = 3, States = { 1 2 3 }
* Dataflow Pipeline: 0

* FSM state transitions: 
1 --> 2 
2 --> 3 
3 --> 

* FSM state operations: 

State 1 <SV = 0> <Delay = 7.67>
ST_1 : Operation 6 [1/1] (0.00ns)   --->   "%m27 = alloca i32 1" [case_3.cc:22]   --->   Operation 6 'alloca' 'm27' <Predicate = true> <Delay = 0.00>
ST_1 : Operation 7 [1/1] (0.00ns)   --->   "%i_n9_1 = alloca i32 1" [case_3.cc:219]   --->   Operation 7 'alloca' 'i_n9_1' <Predicate = true> <Delay = 0.00>
ST_1 : Operation 8 [1/1] (0.00ns)   --->   "%indvar_flatten89 = alloca i32 1"   --->   Operation 8 'alloca' 'indvar_flatten89' <Predicate = true> <Delay = 0.00>
ST_1 : Operation 9 [1/1] (0.00ns)   --->   "%sext_ln220_read = read i4 @_ssdm_op_Read.ap_auto.i4, i4 %sext_ln220"   --->   Operation 9 'read' 'sext_ln220_read' <Predicate = true> <Delay = 0.00>
ST_1 : Operation 10 [1/1] (0.00ns)   --->   "%m27_13_reload_read = read i16 @_ssdm_op_Read.ap_auto.i16, i16 %m27_13_reload"   --->   Operation 10 'read' 'm27_13_reload_read' <Predicate = true> <Delay = 0.00>
ST_1 : Operation 11 [1/1] (0.00ns)   --->   "%sext_ln220_cast = sext i4 %sext_ln220_read"   --->   Operation 11 'sext' 'sext_ln220_cast' <Predicate = true> <Delay = 0.00>
ST_1 : Operation 12 [1/1] (0.00ns)   --->   "%specinterface_ln0 = specinterface void @_ssdm_op_SpecInterface, i8 %in_data_2, void @empty, i32 0, i32 0, void @empty_5, i32 4294967295, i32 0, void @empty_5, void @empty_5, void @empty_5, i32 0, i32 0, i32 0, i32 0, void @empty_5, void @empty_5, i32 4294967295, i32 0, i32 0"   --->   Operation 12 'specinterface' 'specinterface_ln0' <Predicate = true> <Delay = 0.00>
ST_1 : Operation 13 [1/1] (1.58ns)   --->   "%store_ln0 = store i7 0, i7 %indvar_flatten89"   --->   Operation 13 'store' 'store_ln0' <Predicate = true> <Delay = 1.58>
ST_1 : Operation 14 [1/1] (1.58ns)   --->   "%store_ln219 = store i4 0, i4 %i_n9_1" [case_3.cc:219]   --->   Operation 14 'store' 'store_ln219' <Predicate = true> <Delay = 1.58>
ST_1 : Operation 15 [1/1] (1.58ns)   --->   "%store_ln22 = store i16 %m27_13_reload_read, i16 %m27" [case_3.cc:22]   --->   Operation 15 'store' 'store_ln22' <Predicate = true> <Delay = 1.58>
ST_1 : Operation 16 [1/1] (0.00ns)   --->   "%br_ln0 = br void %for.inc702"   --->   Operation 16 'br' 'br_ln0' <Predicate = true> <Delay = 0.00>
ST_1 : Operation 17 [1/1] (0.00ns)   --->   "%indvar_flatten89_load = load i7 %indvar_flatten89" [case_3.cc:218]   --->   Operation 17 'load' 'indvar_flatten89_load' <Predicate = true> <Delay = 0.00>
ST_1 : Operation 18 [1/1] (1.87ns)   --->   "%icmp_ln218 = icmp_eq  i7 %indvar_flatten89_load, i7 64" [case_3.cc:218]   --->   Operation 18 'icmp' 'icmp_ln218' <Predicate = true> <Delay = 1.87> <CoreInst = "Cmp">   --->   Core 9 'Cmp' <Latency = 0> <II = 1> <Delay = 1.87> <FuncUnit> <Opcode : 'seteq' 'setne' 'setle' 'setge' 'setlt' 'setgt'> <InPorts = 2> <OutPorts = 1>
ST_1 : Operation 19 [1/1] (1.87ns)   --->   "%add_ln218 = add i7 %indvar_flatten89_load, i7 1" [case_3.cc:218]   --->   Operation 19 'add' 'add_ln218' <Predicate = true> <Delay = 1.87> <CoreInst = "Adder">   --->   Core 1 'Adder' <Latency = 0> <II = 1> <Delay = 1.87> <FuncUnit> <Opcode : 'add' 'sub'> <InPorts = 2> <OutPorts = 1>
ST_1 : Operation 20 [1/1] (0.00ns)   --->   "%br_ln218 = br i1 %icmp_ln218, void %for.inc705, void %for.cond.cleanup677.exitStub" [case_3.cc:218]   --->   Operation 20 'br' 'br_ln218' <Predicate = true> <Delay = 0.00>
ST_1 : Operation 21 [1/1] (0.00ns)   --->   "%i_n9_1_load = load i4 %i_n9_1" [case_3.cc:219]   --->   Operation 21 'load' 'i_n9_1_load' <Predicate = (!icmp_ln218)> <Delay = 0.00>
ST_1 : Operation 22 [1/1] (1.73ns)   --->   "%icmp_ln219 = icmp_eq  i4 %i_n9_1_load, i4 8" [case_3.cc:219]   --->   Operation 22 'icmp' 'icmp_ln219' <Predicate = (!icmp_ln218)> <Delay = 1.73> <CoreInst = "Cmp">   --->   Core 9 'Cmp' <Latency = 0> <II = 1> <Delay = 1.73> <FuncUnit> <Opcode : 'seteq' 'setne' 'setle' 'setge' 'setlt' 'setgt'> <InPorts = 2> <OutPorts = 1>
ST_1 : Operation 23 [1/1] (1.02ns)   --->   "%select_ln22 = select i1 %icmp_ln219, i4 0, i4 %i_n9_1_load" [case_3.cc:22]   --->   Operation 23 'select' 'select_ln22' <Predicate = (!icmp_ln218)> <Delay = 1.02> <CoreInst = "Sel">   --->   Core 73 'Sel' <Latency = 0> <II = 1> <Delay = 1.02> <FuncUnit> <Opcode : 'select'> <InPorts = 3> <OutPorts = 1>
ST_1 : Operation 24 [1/1] (0.00ns)   --->   "%zext_ln219 = zext i4 %select_ln22" [case_3.cc:219]   --->   Operation 24 'zext' 'zext_ln219' <Predicate = (!icmp_ln218)> <Delay = 0.00>
ST_1 : Operation 25 [1/1] (0.00ns)   --->   "%in_data_2_addr = getelementptr i8 %in_data_2, i64 0, i64 %zext_ln219" [case_3.cc:220]   --->   Operation 25 'getelementptr' 'in_data_2_addr' <Predicate = (!icmp_ln218)> <Delay = 0.00>
ST_1 : Operation 26 [2/2] (2.32ns)   --->   "%in_data_2_load = load i4 %in_data_2_addr" [case_3.cc:220]   --->   Operation 26 'load' 'in_data_2_load' <Predicate = (!icmp_ln218)> <Delay = 2.32> <CoreInst = "RAM">   --->   Core 81 'RAM' <Latency = 1> <II = 1> <Delay = 2.32> <Storage> <Opcode : 'load' 'store'> <Ports = 2> <Width = 8> <Depth = 16> <RAM>
ST_1 : Operation 27 [1/1] (1.73ns)   --->   "%add_ln219 = add i4 %select_ln22, i4 1" [case_3.cc:219]   --->   Operation 27 'add' 'add_ln219' <Predicate = (!icmp_ln218)> <Delay = 1.73> <CoreInst = "Adder">   --->   Core 1 'Adder' <Latency = 0> <II = 1> <Delay = 1.73> <FuncUnit> <Opcode : 'add' 'sub'> <InPorts = 2> <OutPorts = 1>
ST_1 : Operation 28 [1/1] (1.58ns)   --->   "%store_ln218 = store i7 %add_ln218, i7 %indvar_flatten89" [case_3.cc:218]   --->   Operation 28 'store' 'store_ln218' <Predicate = (!icmp_ln218)> <Delay = 1.58>
ST_1 : Operation 29 [1/1] (1.58ns)   --->   "%store_ln219 = store i4 %add_ln219, i4 %i_n9_1" [case_3.cc:219]   --->   Operation 29 'store' 'store_ln219' <Predicate = (!icmp_ln218)> <Delay = 1.58>

State 2 <SV = 1> <Delay = 6.49>
ST_2 : Operation 30 [1/2] ( I:2.32ns O:2.32ns )   --->   "%in_data_2_load = load i4 %in_data_2_addr" [case_3.cc:220]   --->   Operation 30 'load' 'in_data_2_load' <Predicate = true> <Delay = 2.32> <CoreInst = "RAM">   --->   Core 81 'RAM' <Latency = 1> <II = 1> <Delay = 2.32> <Storage> <Opcode : 'load' 'store'> <Ports = 2> <Width = 8> <Depth = 16> <RAM>
ST_2 : Operation 31 [1/1] (0.00ns)   --->   "%sext_ln220_1 = sext i8 %in_data_2_load" [case_3.cc:220]   --->   Operation 31 'sext' 'sext_ln220_1' <Predicate = true> <Delay = 0.00>
ST_2 : Operation 32 [1/1] (4.17ns)   --->   "%m105 = mul i10 %sext_ln220_1, i10 %sext_ln220_cast" [case_3.cc:220]   --->   Operation 32 'mul' 'm105' <Predicate = true> <Delay = 4.17> <CoreInst = "Multiplier">   --->   Core 3 'Multiplier' <Latency = 0> <II = 1> <Delay = 4.17> <FuncUnit> <Opcode : 'mul'> <InPorts = 2> <OutPorts = 1>
ST_2 : Operation 41 [1/1] (0.00ns)   --->   "%m27_load = load i16 %m27"   --->   Operation 41 'load' 'm27_load' <Predicate = (icmp_ln218)> <Delay = 0.00>
ST_2 : Operation 42 [1/1] (0.00ns)   --->   "%write_ln0 = write void @_ssdm_op_Write.ap_auto.i16P0A, i16 %m27_15_out, i16 %m27_load"   --->   Operation 42 'write' 'write_ln0' <Predicate = (icmp_ln218)> <Delay = 0.00>
ST_2 : Operation 43 [1/1] (1.58ns)   --->   "%ret_ln0 = ret"   --->   Operation 43 'ret' 'ret_ln0' <Predicate = (icmp_ln218)> <Delay = 1.58>

State 3 <SV = 2> <Delay = 3.66>
ST_3 : Operation 33 [1/1] (0.00ns)   --->   "%m27_load_3 = load i16 %m27" [case_3.cc:222]   --->   Operation 33 'load' 'm27_load_3' <Predicate = true> <Delay = 0.00>
ST_3 : Operation 34 [1/1] (0.00ns)   --->   "%specloopname_ln0 = specloopname void @_ssdm_op_SpecLoopName, void @L_n9_1_L_n9_2_str"   --->   Operation 34 'specloopname' 'specloopname_ln0' <Predicate = true> <Delay = 0.00>
ST_3 : Operation 35 [1/1] (0.00ns)   --->   "%speclooptripcount_ln0 = speclooptripcount void @_ssdm_op_SpecLoopTripCount, i64 64, i64 64, i64 64"   --->   Operation 35 'speclooptripcount' 'speclooptripcount_ln0' <Predicate = true> <Delay = 0.00>
ST_3 : Operation 36 [1/1] (0.00ns)   --->   "%specpipeline_ln22 = specpipeline void @_ssdm_op_SpecPipeline, i32 4294967295, i32 0, i32 0, i32 0, void @empty_5" [case_3.cc:22]   --->   Operation 36 'specpipeline' 'specpipeline_ln22' <Predicate = true> <Delay = 0.00>
ST_3 : Operation 37 [1/1] (0.00ns)   --->   "%sext_ln222 = sext i10 %m105" [case_3.cc:222]   --->   Operation 37 'sext' 'sext_ln222' <Predicate = true> <Delay = 0.00>
ST_3 : Operation 38 [1/1] (2.07ns)   --->   "%m27_4 = add i16 %sext_ln222, i16 %m27_load_3" [case_3.cc:222]   --->   Operation 38 'add' 'm27_4' <Predicate = true> <Delay = 2.07> <CoreInst = "Adder">   --->   Core 1 'Adder' <Latency = 0> <II = 1> <Delay = 2.07> <FuncUnit> <Opcode : 'add' 'sub'> <InPorts = 2> <OutPorts = 1>
ST_3 : Operation 39 [1/1] (1.58ns)   --->   "%store_ln22 = store i16 %m27_4, i16 %m27" [case_3.cc:22]   --->   Operation 39 'store' 'store_ln22' <Predicate = true> <Delay = 1.58>
ST_3 : Operation 40 [1/1] (0.00ns)   --->   "%br_ln219 = br void %for.inc702" [case_3.cc:219]   --->   Operation 40 'br' 'br_ln219' <Predicate = true> <Delay = 0.00>


============================================================
+ Verbose Summary: Binding
============================================================
STG Binding: 
---------------- STG Properties BEGIN ----------------
- Is combinational: 0
- Is one-state seq: 0
- Is datapath-only: 0
- Is pipelined: 0
- Is top level: 0
Port [ Return ] is wired: 1; IO mode=ap_ctrl_hs:ce=0
Port [ m27_13_reload]:  wired=1; compound=0; hidden=0; nouse=0; global=0; static=0; extern=0; dir=0; type=0; pingpong=0; private_global=0; IO mode=ap_none:ce=0
Port [ in_data_2]:  wired=1; compound=1; hidden=0; nouse=0; global=0; static=0; extern=0; dir=0; type=1; pingpong=0; private_global=0; MemPort=[13]; IO mode=ap_memory:ce=0
Port [ sext_ln220]:  wired=1; compound=0; hidden=0; nouse=0; global=0; static=0; extern=0; dir=0; type=0; pingpong=0; private_global=0; IO mode=ap_none:ce=0
Port [ m27_15_out]:  wired=1; compound=0; hidden=0; nouse=0; global=0; static=0; extern=0; dir=1; type=0; pingpong=0; private_global=0; IO mode=ap_vld:ce=0
---------------- STG Properties END ------------------

---------------- Datapath Model BEGIN ----------------

<LifeTime>
<method=bitvector/>
m27                   (alloca           ) [ 0111]
i_n9_1                (alloca           ) [ 0100]
indvar_flatten89      (alloca           ) [ 0100]
sext_ln220_read       (read             ) [ 0000]
m27_13_reload_read    (read             ) [ 0000]
sext_ln220_cast       (sext             ) [ 0110]
specinterface_ln0     (specinterface    ) [ 0000]
store_ln0             (store            ) [ 0000]
store_ln219           (store            ) [ 0000]
store_ln22            (store            ) [ 0000]
br_ln0                (br               ) [ 0000]
indvar_flatten89_load (load             ) [ 0000]
icmp_ln218            (icmp             ) [ 0110]
add_ln218             (add              ) [ 0000]
br_ln218              (br               ) [ 0000]
i_n9_1_load           (load             ) [ 0000]
icmp_ln219            (icmp             ) [ 0000]
select_ln22           (select           ) [ 0000]
zext_ln219            (zext             ) [ 0000]
in_data_2_addr        (getelementptr    ) [ 0110]
add_ln219             (add              ) [ 0000]
store_ln218           (store            ) [ 0000]
store_ln219           (store            ) [ 0000]
in_data_2_load        (load             ) [ 0000]
sext_ln220_1          (sext             ) [ 0000]
m105                  (mul              ) [ 0101]
m27_load_3            (load             ) [ 0000]
specloopname_ln0      (specloopname     ) [ 0000]
speclooptripcount_ln0 (speclooptripcount) [ 0000]
specpipeline_ln22     (specpipeline     ) [ 0000]
sext_ln222            (sext             ) [ 0000]
m27_4                 (add              ) [ 0000]
store_ln22            (store            ) [ 0000]
br_ln219              (br               ) [ 0000]
m27_load              (load             ) [ 0000]
write_ln0             (write            ) [ 0000]
ret_ln0               (ret              ) [ 0000]
</LifeTime>

<model>

<comp_list>
<comp id="0" class="1000" name="m27_13_reload">
<pin_list>
<pin id="1" dir="1" index="0" bw="1" slack="0"/>
</pin_list>
<bind>
<StgValue><ssdm name="m27_13_reload"/></StgValue>
</bind>
</comp>

<comp id="2" class="1000" name="in_data_2">
<pin_list>
<pin id="3" dir="1" index="0" bw="1" slack="0"/>
</pin_list>
<bind>
<StgValue><ssdm name="in_data_2"/><MemPortTyVec>1 3 </MemPortTyVec>
</StgValue>
</bind>
</comp>

<comp id="4" class="1000" name="sext_ln220">
<pin_list>
<pin id="5" dir="1" index="0" bw="1" slack="0"/>
</pin_list>
<bind>
<StgValue><ssdm name="sext_ln220"/></StgValue>
</bind>
</comp>

<comp id="6" class="1000" name="m27_15_out">
<pin_list>
<pin id="7" dir="1" index="0" bw="1" slack="0"/>
</pin_list>
<bind>
<StgValue><ssdm name="m27_15_out"/></StgValue>
</bind>
</comp>

<comp id="8" class="1001" name="const_8">
<pin_list>
<pin id="9" dir="1" index="0" bw="1" slack="0"/>
</pin_list>
<bind>
<StgValue><ssdm name=""/></StgValue>
</bind>
</comp>

<comp id="10" class="1001" name="const_10">
<pin_list>
<pin id="11" dir="1" index="0" bw="1" slack="0"/>
</pin_list>
<bind>
<StgValue><ssdm name="_ssdm_op_Read.ap_auto.i4"/></StgValue>
</bind>
</comp>

<comp id="12" class="1001" name="const_12">
<pin_list>
<pin id="13" dir="1" index="0" bw="1" slack="0"/>
</pin_list>
<bind>
<StgValue><ssdm name="_ssdm_op_Read.ap_auto.i16"/></StgValue>
</bind>
</comp>

<comp id="14" class="1001" name="const_14">
<pin_list>
<pin id="15" dir="1" index="0" bw="1" slack="2147483647"/>
</pin_list>
<bind>
<StgValue><ssdm name="_ssdm_op_SpecInterface"/></StgValue>
</bind>
</comp>

<comp id="16" class="1001" name="const_16">
<pin_list>
<pin id="17" dir="1" index="0" bw="1" slack="2147483647"/>
</pin_list>
<bind>
<StgValue><ssdm name="empty"/></StgValue>
</bind>
</comp>

<comp id="18" class="1001" name="const_18">
<pin_list>
<pin id="19" dir="1" index="0" bw="1" slack="2147483647"/>
</pin_list>
<bind>
<StgValue><ssdm name=""/></StgValue>
</bind>
</comp>

<comp id="20" class="1001" name="const_20">
<pin_list>
<pin id="21" dir="1" index="0" bw="1" slack="2147483647"/>
</pin_list>
<bind>
<StgValue><ssdm name="empty_5"/></StgValue>
</bind>
</comp>

<comp id="22" class="1001" name="const_22">
<pin_list>
<pin id="23" dir="1" index="0" bw="1" slack="2147483647"/>
</pin_list>
<bind>
<StgValue><ssdm name=""/></StgValue>
</bind>
</comp>

<comp id="24" class="1001" name="const_24">
<pin_list>
<pin id="25" dir="1" index="0" bw="1" slack="0"/>
</pin_list>
<bind>
<StgValue><ssdm name=""/></StgValue>
</bind>
</comp>

<comp id="26" class="1001" name="const_26">
<pin_list>
<pin id="27" dir="1" index="0" bw="1" slack="0"/>
</pin_list>
<bind>
<StgValue><ssdm name=""/></StgValue>
</bind>
</comp>

<comp id="28" class="1001" name="const_28">
<pin_list>
<pin id="29" dir="1" index="0" bw="1" slack="0"/>
</pin_list>
<bind>
<StgValue><ssdm name=""/></StgValue>
</bind>
</comp>

<comp id="30" class="1001" name="const_30">
<pin_list>
<pin id="31" dir="1" index="0" bw="1" slack="0"/>
</pin_list>
<bind>
<StgValue><ssdm name=""/></StgValue>
</bind>
</comp>

<comp id="32" class="1001" name="const_32">
<pin_list>
<pin id="33" dir="1" index="0" bw="1" slack="0"/>
</pin_list>
<bind>
<StgValue><ssdm name=""/></StgValue>
</bind>
</comp>

<comp id="34" class="1001" name="const_34">
<pin_list>
<pin id="35" dir="1" index="0" bw="1" slack="0"/>
</pin_list>
<bind>
<StgValue><ssdm name=""/></StgValue>
</bind>
</comp>

<comp id="36" class="1001" name="const_36">
<pin_list>
<pin id="37" dir="1" index="0" bw="1" slack="0"/>
</pin_list>
<bind>
<StgValue><ssdm name=""/></StgValue>
</bind>
</comp>

<comp id="38" class="1001" name="const_38">
<pin_list>
<pin id="39" dir="1" index="0" bw="1" slack="2147483647"/>
</pin_list>
<bind>
<StgValue><ssdm name="_ssdm_op_SpecLoopName"/></StgValue>
</bind>
</comp>

<comp id="40" class="1001" name="const_40">
<pin_list>
<pin id="41" dir="1" index="0" bw="1" slack="2147483647"/>
</pin_list>
<bind>
<StgValue><ssdm name="L_n9_1_L_n9_2_str"/></StgValue>
</bind>
</comp>

<comp id="42" class="1001" name="const_42">
<pin_list>
<pin id="43" dir="1" index="0" bw="1" slack="2147483647"/>
</pin_list>
<bind>
<StgValue><ssdm name="_ssdm_op_SpecLoopTripCount"/></StgValue>
</bind>
</comp>

<comp id="44" class="1001" name="const_44">
<pin_list>
<pin id="45" dir="1" index="0" bw="1" slack="2147483647"/>
</pin_list>
<bind>
<StgValue><ssdm name=""/></StgValue>
</bind>
</comp>

<comp id="46" class="1001" name="const_46">
<pin_list>
<pin id="47" dir="1" index="0" bw="1" slack="2147483647"/>
</pin_list>
<bind>
<StgValue><ssdm name="_ssdm_op_SpecPipeline"/></StgValue>
</bind>
</comp>

<comp id="48" class="1001" name="const_48">
<pin_list>
<pin id="49" dir="1" index="0" bw="1" slack="0"/>
</pin_list>
<bind>
<StgValue><ssdm name="_ssdm_op_Write.ap_auto.i16P0A"/></StgValue>
</bind>
</comp>

<comp id="50" class="1004" name="m27_fu_50">
<pin_list>
<pin id="51" dir="0" index="0" bw="1" slack="0"/>
<pin id="52" dir="1" index="1" bw="16" slack="0"/>
</pin_list>
<bind>
<opcode="alloca(26) " fcode="alloca"/>
<opset="m27/1 "/>
</bind>
</comp>

<comp id="54" class="1004" name="i_n9_1_fu_54">
<pin_list>
<pin id="55" dir="0" index="0" bw="1" slack="0"/>
<pin id="56" dir="1" index="1" bw="4" slack="0"/>
</pin_list>
<bind>
<opcode="alloca(26) " fcode="alloca"/>
<opset="i_n9_1/1 "/>
</bind>
</comp>

<comp id="58" class="1004" name="indvar_flatten89_fu_58">
<pin_list>
<pin id="59" dir="0" index="0" bw="1" slack="0"/>
<pin id="60" dir="1" index="1" bw="7" slack="0"/>
</pin_list>
<bind>
<opcode="alloca(26) " fcode="alloca"/>
<opset="indvar_flatten89/1 "/>
</bind>
</comp>

<comp id="62" class="1004" name="sext_ln220_read_read_fu_62">
<pin_list>
<pin id="63" dir="0" index="0" bw="4" slack="0"/>
<pin id="64" dir="0" index="1" bw="4" slack="0"/>
<pin id="65" dir="1" index="2" bw="4" slack="0"/>
</pin_list>
<bind>
<opcode="read(1150) " fcode="read"/>
<opset="sext_ln220_read/1 "/>
</bind>
</comp>

<comp id="68" class="1004" name="m27_13_reload_read_read_fu_68">
<pin_list>
<pin id="69" dir="0" index="0" bw="16" slack="0"/>
<pin id="70" dir="0" index="1" bw="16" slack="0"/>
<pin id="71" dir="1" index="2" bw="16" slack="0"/>
</pin_list>
<bind>
<opcode="read(1150) " fcode="read"/>
<opset="m27_13_reload_read/1 "/>
</bind>
</comp>

<comp id="74" class="1004" name="write_ln0_write_fu_74">
<pin_list>
<pin id="75" dir="0" index="0" bw="0" slack="0"/>
<pin id="76" dir="0" index="1" bw="16" slack="0"/>
<pin id="77" dir="0" index="2" bw="16" slack="0"/>
<pin id="78" dir="1" index="3" bw="0" slack="2147483647"/>
</pin_list>
<bind>
<opcode="write(1151) " fcode="write"/>
<opset="write_ln0/2 "/>
</bind>
</comp>

<comp id="81" class="1004" name="in_data_2_addr_gep_fu_81">
<pin_list>
<pin id="82" dir="0" index="0" bw="8" slack="0"/>
<pin id="83" dir="0" index="1" bw="1" slack="0"/>
<pin id="84" dir="0" index="2" bw="4" slack="0"/>
<pin id="85" dir="1" index="3" bw="4" slack="0"/>
</pin_list>
<bind>
<opcode="getelementptr(29) " fcode="getelementptr"/>
<opset="in_data_2_addr/1 "/>
</bind>
</comp>

<comp id="88" class="1004" name="grp_access_fu_88">
<pin_list>
<pin id="89" dir="0" index="0" bw="4" slack="0"/>
<pin id="90" dir="0" index="1" bw="8" slack="2147483647"/>
<pin id="91" dir="0" index="2" bw="0" slack="2147483647"/>
<pin id="92" dir="1" index="3" bw="8" slack="0"/>
</pin_list>
<bind>
<opcode="load(27) " fcode="load"/>
<opset="in_data_2_load/1 "/>
</bind>
</comp>

<comp id="94" class="1004" name="sext_ln220_cast_fu_94">
<pin_list>
<pin id="95" dir="0" index="0" bw="4" slack="0"/>
<pin id="96" dir="1" index="1" bw="10" slack="1"/>
</pin_list>
<bind>
<opcode="sext(35) " fcode="sext"/>
<opset="sext_ln220_cast/1 "/>
</bind>
</comp>

<comp id="98" class="1004" name="store_ln0_store_fu_98">
<pin_list>
<pin id="99" dir="0" index="0" bw="1" slack="0"/>
<pin id="100" dir="0" index="1" bw="7" slack="0"/>
<pin id="101" dir="1" index="2" bw="0" slack="2147483647"/>
</pin_list>
<bind>
<opcode="store(28) " fcode="store"/>
<opset="store_ln0/1 "/>
</bind>
</comp>

<comp id="103" class="1004" name="store_ln219_store_fu_103">
<pin_list>
<pin id="104" dir="0" index="0" bw="1" slack="0"/>
<pin id="105" dir="0" index="1" bw="4" slack="0"/>
<pin id="106" dir="1" index="2" bw="0" slack="2147483647"/>
</pin_list>
<bind>
<opcode="store(28) " fcode="store"/>
<opset="store_ln219/1 "/>
</bind>
</comp>

<comp id="108" class="1004" name="store_ln22_store_fu_108">
<pin_list>
<pin id="109" dir="0" index="0" bw="16" slack="0"/>
<pin id="110" dir="0" index="1" bw="16" slack="0"/>
<pin id="111" dir="1" index="2" bw="0" slack="2147483647"/>
</pin_list>
<bind>
<opcode="store(28) " fcode="store"/>
<opset="store_ln22/1 "/>
</bind>
</comp>

<comp id="113" class="1004" name="indvar_flatten89_load_load_fu_113">
<pin_list>
<pin id="114" dir="0" index="0" bw="7" slack="0"/>
<pin id="115" dir="1" index="1" bw="7" slack="0"/>
</pin_list>
<bind>
<opcode="load(27) " fcode="load"/>
<opset="indvar_flatten89_load/1 "/>
</bind>
</comp>

<comp id="116" class="1004" name="icmp_ln218_fu_116">
<pin_list>
<pin id="117" dir="0" index="0" bw="7" slack="0"/>
<pin id="118" dir="0" index="1" bw="7" slack="0"/>
<pin id="119" dir="1" index="2" bw="1" slack="1"/>
</pin_list>
<bind>
<opcode="icmp(45) " fcode="icmp"/>
<opset="icmp_ln218/1 "/>
</bind>
</comp>

<comp id="122" class="1004" name="add_ln218_fu_122">
<pin_list>
<pin id="123" dir="0" index="0" bw="7" slack="0"/>
<pin id="124" dir="0" index="1" bw="1" slack="0"/>
<pin id="125" dir="1" index="2" bw="7" slack="0"/>
</pin_list>
<bind>
<opcode="add(8) " fcode="add"/>
<opset="add_ln218/1 "/>
</bind>
</comp>

<comp id="128" class="1004" name="i_n9_1_load_load_fu_128">
<pin_list>
<pin id="129" dir="0" index="0" bw="4" slack="0"/>
<pin id="130" dir="1" index="1" bw="4" slack="0"/>
</pin_list>
<bind>
<opcode="load(27) " fcode="load"/>
<opset="i_n9_1_load/1 "/>
</bind>
</comp>

<comp id="131" class="1004" name="icmp_ln219_fu_131">
<pin_list>
<pin id="132" dir="0" index="0" bw="4" slack="0"/>
<pin id="133" dir="0" index="1" bw="4" slack="0"/>
<pin id="134" dir="1" index="2" bw="1" slack="0"/>
</pin_list>
<bind>
<opcode="icmp(45) " fcode="icmp"/>
<opset="icmp_ln219/1 "/>
</bind>
</comp>

<comp id="137" class="1004" name="select_ln22_fu_137">
<pin_list>
<pin id="138" dir="0" index="0" bw="1" slack="0"/>
<pin id="139" dir="0" index="1" bw="1" slack="0"/>
<pin id="140" dir="0" index="2" bw="4" slack="0"/>
<pin id="141" dir="1" index="3" bw="4" slack="0"/>
</pin_list>
<bind>
<opcode="select(49) " fcode="select"/>
<opset="select_ln22/1 "/>
</bind>
</comp>

<comp id="145" class="1004" name="zext_ln219_fu_145">
<pin_list>
<pin id="146" dir="0" index="0" bw="4" slack="0"/>
<pin id="147" dir="1" index="1" bw="64" slack="0"/>
</pin_list>
<bind>
<opcode="zext(34) " fcode="zext"/>
<opset="zext_ln219/1 "/>
</bind>
</comp>

<comp id="150" class="1004" name="add_ln219_fu_150">
<pin_list>
<pin id="151" dir="0" index="0" bw="4" slack="0"/>
<pin id="152" dir="0" index="1" bw="1" slack="0"/>
<pin id="153" dir="1" index="2" bw="4" slack="0"/>
</pin_list>
<bind>
<opcode="add(8) " fcode="add"/>
<opset="add_ln219/1 "/>
</bind>
</comp>

<comp id="156" class="1004" name="store_ln218_store_fu_156">
<pin_list>
<pin id="157" dir="0" index="0" bw="7" slack="0"/>
<pin id="158" dir="0" index="1" bw="7" slack="0"/>
<pin id="159" dir="1" index="2" bw="0" slack="2147483647"/>
</pin_list>
<bind>
<opcode="store(28) " fcode="store"/>
<opset="store_ln218/1 "/>
</bind>
</comp>

<comp id="161" class="1004" name="store_ln219_store_fu_161">
<pin_list>
<pin id="162" dir="0" index="0" bw="4" slack="0"/>
<pin id="163" dir="0" index="1" bw="4" slack="0"/>
<pin id="164" dir="1" index="2" bw="0" slack="2147483647"/>
</pin_list>
<bind>
<opcode="store(28) " fcode="store"/>
<opset="store_ln219/1 "/>
</bind>
</comp>

<comp id="166" class="1004" name="sext_ln220_1_fu_166">
<pin_list>
<pin id="167" dir="0" index="0" bw="8" slack="0"/>
<pin id="168" dir="1" index="1" bw="10" slack="0"/>
</pin_list>
<bind>
<opcode="sext(35) " fcode="sext"/>
<opset="sext_ln220_1/2 "/>
</bind>
</comp>

<comp id="170" class="1004" name="m105_fu_170">
<pin_list>
<pin id="171" dir="0" index="0" bw="8" slack="0"/>
<pin id="172" dir="0" index="1" bw="4" slack="1"/>
<pin id="173" dir="1" index="2" bw="10" slack="1"/>
</pin_list>
<bind>
<opcode="mul(12) " fcode="mul"/>
<opset="m105/2 "/>
</bind>
</comp>

<comp id="175" class="1004" name="m27_load_3_load_fu_175">
<pin_list>
<pin id="176" dir="0" index="0" bw="16" slack="2"/>
<pin id="177" dir="1" index="1" bw="16" slack="0"/>
</pin_list>
<bind>
<opcode="load(27) " fcode="load"/>
<opset="m27_load_3/3 "/>
</bind>
</comp>

<comp id="178" class="1004" name="sext_ln222_fu_178">
<pin_list>
<pin id="179" dir="0" index="0" bw="10" slack="1"/>
<pin id="180" dir="1" index="1" bw="16" slack="0"/>
</pin_list>
<bind>
<opcode="sext(35) " fcode="sext"/>
<opset="sext_ln222/3 "/>
</bind>
</comp>

<comp id="181" class="1004" name="m27_4_fu_181">
<pin_list>
<pin id="182" dir="0" index="0" bw="10" slack="0"/>
<pin id="183" dir="0" index="1" bw="16" slack="0"/>
<pin id="184" dir="1" index="2" bw="16" slack="0"/>
</pin_list>
<bind>
<opcode="add(8) " fcode="add"/>
<opset="m27_4/3 "/>
</bind>
</comp>

<comp id="187" class="1004" name="store_ln22_store_fu_187">
<pin_list>
<pin id="188" dir="0" index="0" bw="16" slack="0"/>
<pin id="189" dir="0" index="1" bw="16" slack="2"/>
<pin id="190" dir="1" index="2" bw="0" slack="2147483647"/>
</pin_list>
<bind>
<opcode="store(28) " fcode="store"/>
<opset="store_ln22/3 "/>
</bind>
</comp>

<comp id="192" class="1004" name="m27_load_load_fu_192">
<pin_list>
<pin id="193" dir="0" index="0" bw="16" slack="1"/>
<pin id="194" dir="1" index="1" bw="16" slack="0"/>
</pin_list>
<bind>
<opcode="load(27) " fcode="load"/>
<opset="m27_load/2 "/>
</bind>
</comp>

<comp id="196" class="1005" name="m27_reg_196">
<pin_list>
<pin id="197" dir="0" index="0" bw="16" slack="0"/>
<pin id="198" dir="1" index="1" bw="16" slack="0"/>
</pin_list>
<bind>
<opset="m27 "/>
</bind>
</comp>

<comp id="204" class="1005" name="i_n9_1_reg_204">
<pin_list>
<pin id="205" dir="0" index="0" bw="4" slack="0"/>
<pin id="206" dir="1" index="1" bw="4" slack="0"/>
</pin_list>
<bind>
<opset="i_n9_1 "/>
</bind>
</comp>

<comp id="211" class="1005" name="indvar_flatten89_reg_211">
<pin_list>
<pin id="212" dir="0" index="0" bw="7" slack="0"/>
<pin id="213" dir="1" index="1" bw="7" slack="0"/>
</pin_list>
<bind>
<opset="indvar_flatten89 "/>
</bind>
</comp>

<comp id="218" class="1005" name="sext_ln220_cast_reg_218">
<pin_list>
<pin id="219" dir="0" index="0" bw="10" slack="1"/>
<pin id="220" dir="1" index="1" bw="10" slack="1"/>
</pin_list>
<bind>
<opset="sext_ln220_cast "/>
</bind>
</comp>

<comp id="223" class="1005" name="icmp_ln218_reg_223">
<pin_list>
<pin id="224" dir="0" index="0" bw="1" slack="1"/>
<pin id="225" dir="1" index="1" bw="1" slack="2147483647"/>
</pin_list>
<bind>
<opset="icmp_ln218 "/>
</bind>
</comp>

<comp id="227" class="1005" name="in_data_2_addr_reg_227">
<pin_list>
<pin id="228" dir="0" index="0" bw="4" slack="1"/>
<pin id="229" dir="1" index="1" bw="4" slack="1"/>
</pin_list>
<bind>
<opset="in_data_2_addr "/>
</bind>
</comp>

<comp id="232" class="1005" name="m105_reg_232">
<pin_list>
<pin id="233" dir="0" index="0" bw="10" slack="1"/>
<pin id="234" dir="1" index="1" bw="10" slack="1"/>
</pin_list>
<bind>
<opset="m105 "/>
</bind>
</comp>

</comp_list>

<net_list>
<net id="53"><net_src comp="8" pin="0"/><net_sink comp="50" pin=0"/></net>

<net id="57"><net_src comp="8" pin="0"/><net_sink comp="54" pin=0"/></net>

<net id="61"><net_src comp="8" pin="0"/><net_sink comp="58" pin=0"/></net>

<net id="66"><net_src comp="10" pin="0"/><net_sink comp="62" pin=0"/></net>

<net id="67"><net_src comp="4" pin="0"/><net_sink comp="62" pin=1"/></net>

<net id="72"><net_src comp="12" pin="0"/><net_sink comp="68" pin=0"/></net>

<net id="73"><net_src comp="0" pin="0"/><net_sink comp="68" pin=1"/></net>

<net id="79"><net_src comp="48" pin="0"/><net_sink comp="74" pin=0"/></net>

<net id="80"><net_src comp="6" pin="0"/><net_sink comp="74" pin=1"/></net>

<net id="86"><net_src comp="2" pin="0"/><net_sink comp="81" pin=0"/></net>

<net id="87"><net_src comp="34" pin="0"/><net_sink comp="81" pin=1"/></net>

<net id="93"><net_src comp="81" pin="3"/><net_sink comp="88" pin=0"/></net>

<net id="97"><net_src comp="62" pin="2"/><net_sink comp="94" pin=0"/></net>

<net id="102"><net_src comp="24" pin="0"/><net_sink comp="98" pin=0"/></net>

<net id="107"><net_src comp="26" pin="0"/><net_sink comp="103" pin=0"/></net>

<net id="112"><net_src comp="68" pin="2"/><net_sink comp="108" pin=0"/></net>

<net id="120"><net_src comp="113" pin="1"/><net_sink comp="116" pin=0"/></net>

<net id="121"><net_src comp="28" pin="0"/><net_sink comp="116" pin=1"/></net>

<net id="126"><net_src comp="113" pin="1"/><net_sink comp="122" pin=0"/></net>

<net id="127"><net_src comp="30" pin="0"/><net_sink comp="122" pin=1"/></net>

<net id="135"><net_src comp="128" pin="1"/><net_sink comp="131" pin=0"/></net>

<net id="136"><net_src comp="32" pin="0"/><net_sink comp="131" pin=1"/></net>

<net id="142"><net_src comp="131" pin="2"/><net_sink comp="137" pin=0"/></net>

<net id="143"><net_src comp="26" pin="0"/><net_sink comp="137" pin=1"/></net>

<net id="144"><net_src comp="128" pin="1"/><net_sink comp="137" pin=2"/></net>

<net id="148"><net_src comp="137" pin="3"/><net_sink comp="145" pin=0"/></net>

<net id="149"><net_src comp="145" pin="1"/><net_sink comp="81" pin=2"/></net>

<net id="154"><net_src comp="137" pin="3"/><net_sink comp="150" pin=0"/></net>

<net id="155"><net_src comp="36" pin="0"/><net_sink comp="150" pin=1"/></net>

<net id="160"><net_src comp="122" pin="2"/><net_sink comp="156" pin=0"/></net>

<net id="165"><net_src comp="150" pin="2"/><net_sink comp="161" pin=0"/></net>

<net id="169"><net_src comp="88" pin="3"/><net_sink comp="166" pin=0"/></net>

<net id="174"><net_src comp="166" pin="1"/><net_sink comp="170" pin=0"/></net>

<net id="185"><net_src comp="178" pin="1"/><net_sink comp="181" pin=0"/></net>

<net id="186"><net_src comp="175" pin="1"/><net_sink comp="181" pin=1"/></net>

<net id="191"><net_src comp="181" pin="2"/><net_sink comp="187" pin=0"/></net>

<net id="195"><net_src comp="192" pin="1"/><net_sink comp="74" pin=2"/></net>

<net id="199"><net_src comp="50" pin="1"/><net_sink comp="196" pin=0"/></net>

<net id="200"><net_src comp="196" pin="1"/><net_sink comp="108" pin=1"/></net>

<net id="201"><net_src comp="196" pin="1"/><net_sink comp="175" pin=0"/></net>

<net id="202"><net_src comp="196" pin="1"/><net_sink comp="187" pin=1"/></net>

<net id="203"><net_src comp="196" pin="1"/><net_sink comp="192" pin=0"/></net>

<net id="207"><net_src comp="54" pin="1"/><net_sink comp="204" pin=0"/></net>

<net id="208"><net_src comp="204" pin="1"/><net_sink comp="103" pin=1"/></net>

<net id="209"><net_src comp="204" pin="1"/><net_sink comp="128" pin=0"/></net>

<net id="210"><net_src comp="204" pin="1"/><net_sink comp="161" pin=1"/></net>

<net id="214"><net_src comp="58" pin="1"/><net_sink comp="211" pin=0"/></net>

<net id="215"><net_src comp="211" pin="1"/><net_sink comp="98" pin=1"/></net>

<net id="216"><net_src comp="211" pin="1"/><net_sink comp="113" pin=0"/></net>

<net id="217"><net_src comp="211" pin="1"/><net_sink comp="156" pin=1"/></net>

<net id="221"><net_src comp="94" pin="1"/><net_sink comp="218" pin=0"/></net>

<net id="222"><net_src comp="218" pin="1"/><net_sink comp="170" pin=1"/></net>

<net id="226"><net_src comp="116" pin="2"/><net_sink comp="223" pin=0"/></net>

<net id="230"><net_src comp="81" pin="3"/><net_sink comp="227" pin=0"/></net>

<net id="231"><net_src comp="227" pin="1"/><net_sink comp="88" pin=0"/></net>

<net id="235"><net_src comp="170" pin="2"/><net_sink comp="232" pin=0"/></net>

<net id="236"><net_src comp="232" pin="1"/><net_sink comp="178" pin=0"/></net>

</net_list>

</model> 
---------------- Datapath Model END ------------------

* FSMD analyzer results:
  - Output states:
	Port: m27_15_out | {2 }
 - Input state : 
	Port: case_3_Pipeline_L_n9_1_L_n9_2 : m27_13_reload | {1 }
	Port: case_3_Pipeline_L_n9_1_L_n9_2 : in_data_2 | {1 2 }
	Port: case_3_Pipeline_L_n9_1_L_n9_2 : sext_ln220 | {1 }
  - Chain level:
	State 1
		store_ln0 : 1
		store_ln219 : 1
		indvar_flatten89_load : 1
		icmp_ln218 : 2
		add_ln218 : 2
		br_ln218 : 3
		i_n9_1_load : 1
		icmp_ln219 : 2
		select_ln22 : 3
		zext_ln219 : 4
		in_data_2_addr : 5
		in_data_2_load : 6
		add_ln219 : 4
		store_ln218 : 3
		store_ln219 : 5
	State 2
		sext_ln220_1 : 1
		m105 : 2
		write_ln0 : 1
	State 3
		m27_4 : 1
		store_ln22 : 2


============================================================
+ Verbose Summary: Datapath Resource usage 
============================================================

* Functional unit list:
|----------|-------------------------------|---------|---------|---------|
| Operation|        Functional Unit        |   DSP   |    FF   |   LUT   |
|----------|-------------------------------|---------|---------|---------|
|          |        add_ln218_fu_122       |    0    |    0    |    14   |
|    add   |        add_ln219_fu_150       |    0    |    0    |    13   |
|          |          m27_4_fu_181         |    0    |    0    |    23   |
|----------|-------------------------------|---------|---------|---------|
|    mul   |          m105_fu_170          |    0    |    0    |    41   |
|----------|-------------------------------|---------|---------|---------|
|   icmp   |       icmp_ln218_fu_116       |    0    |    0    |    14   |
|          |       icmp_ln219_fu_131       |    0    |    0    |    13   |
|----------|-------------------------------|---------|---------|---------|
|  select  |       select_ln22_fu_137      |    0    |    0    |    4    |
|----------|-------------------------------|---------|---------|---------|
|   read   |   sext_ln220_read_read_fu_62  |    0    |    0    |    0    |
|          | m27_13_reload_read_read_fu_68 |    0    |    0    |    0    |
|----------|-------------------------------|---------|---------|---------|
|   write  |     write_ln0_write_fu_74     |    0    |    0    |    0    |
|----------|-------------------------------|---------|---------|---------|
|          |     sext_ln220_cast_fu_94     |    0    |    0    |    0    |
|   sext   |      sext_ln220_1_fu_166      |    0    |    0    |    0    |
|          |       sext_ln222_fu_178       |    0    |    0    |    0    |
|----------|-------------------------------|---------|---------|---------|
|   zext   |       zext_ln219_fu_145       |    0    |    0    |    0    |
|----------|-------------------------------|---------|---------|---------|
|   Total  |                               |    0    |    0    |   122   |
|----------|-------------------------------|---------|---------|---------|

Memories:
N/A

* Register list:
+------------------------+--------+
|                        |   FF   |
+------------------------+--------+
|     i_n9_1_reg_204     |    4   |
|   icmp_ln218_reg_223   |    1   |
| in_data_2_addr_reg_227 |    4   |
|indvar_flatten89_reg_211|    7   |
|      m105_reg_232      |   10   |
|       m27_reg_196      |   16   |
| sext_ln220_cast_reg_218|   10   |
+------------------------+--------+
|          Total         |   52   |
+------------------------+--------+

* Multiplexer (MUX) list: 
|------------------|------|------|------|--------||---------||---------||---------|
|       Comp       |  Pin | Size |  BW  | S x BW ||  Delay  ||    FF   ||   LUT   |
|------------------|------|------|------|--------||---------||---------||---------|
| grp_access_fu_88 |  p0  |   2  |   4  |    8   ||    0    ||    9    |
|------------------|------|------|------|--------||---------||---------||---------|
|       Total      |      |      |      |    8   ||  1.588  ||    0    ||    9    |
|------------------|------|------|------|--------||---------||---------||---------|



* Summary:
+-----------+--------+--------+--------+--------+
|           |   DSP  |  Delay |   FF   |   LUT  |
+-----------+--------+--------+--------+--------+
|  Function |    0   |    -   |    0   |   122  |
|   Memory  |    -   |    -   |    -   |    -   |
|Multiplexer|    -   |    1   |    0   |    9   |
|  Register |    -   |    -   |   52   |    -   |
+-----------+--------+--------+--------+--------+
|   Total   |    0   |    1   |   52   |   131  |
+-----------+--------+--------+--------+--------+
