

================================================================
== Vitis HLS Report for 'case_3_Pipeline_L_n10_1_L_n10_2_L_n10_3'
================================================================
* Date:           Tue Jan 20 09:52:11 2026

* Version:        2025.1 (Build 6135595 on May 21 2025)
* Project:        project_tmp
* Solution:       solution_tmp (Vivado IP Flow Target)
* Product family: zynq
* Target device:  xc7z020-clg484-1


================================================================
== Performance Estimates
================================================================
+ Timing: 
    * Summary: 
    +--------+----------+----------+------------+
    |  Clock |  Target  | Estimated| Uncertainty|
    +--------+----------+----------+------------+
    |ap_clk  |  12.00 ns|  7.930 ns|     3.24 ns|
    +--------+----------+----------+------------+

+ Latency: 
    * Summary: 
    +---------+---------+----------+----------+-----+-----+------------------------------------------------+
    |  Latency (cycles) |  Latency (absolute) |  Interval |                    Pipeline                    |
    |   min   |   max   |    min   |    max   | min | max |                      Type                      |
    +---------+---------+----------+----------+-----+-----+------------------------------------------------+
    |      516|      516|  6.192 us|  6.192 us|  513|  513|  loop auto-rewind stp (delay=0 clock cycles(s))|
    +---------+---------+----------+----------+-----+-----+------------------------------------------------+

    + Detail: 
        * Instance: 
        N/A

        * Loop: 
        +---------------------------+---------+---------+----------+-----------+-----------+------+----------+
        |                           |  Latency (cycles) | Iteration|  Initiation Interval  | Trip |          |
        |         Loop Name         |   min   |   max   |  Latency |  achieved |   target  | Count| Pipelined|
        +---------------------------+---------+---------+----------+-----------+-----------+------+----------+
        |- L_n10_1_L_n10_2_L_n10_3  |      514|      514|         4|          1|          1|   512|       yes|
        +---------------------------+---------+---------+----------+-----------+-----------+------+----------+

============================================================
+ Verbose Summary: Synthesis Manager
============================================================
InlineROM: 1
ExposeGlobal: 0
============================================================
+ Verbose Summary: CDFG Model
============================================================
IsTopModel: 0
ResetActiveHigh: 1
IsCombinational: 0
IsDatapathOnly: 0
HasWiredReturn: 1
HasMFsm: 2
HasVarLatency: 1
IsPipeline: 0
IsRtlPipelined: 0
IsInstanceOverlapped: 0
IsDontTouch: 0
HasImplIP: 0
IsGatedGlobalClock: 0

+ Individual pipeline summary: 
  * Pipeline-0: initiation interval (II) = 1, depth = 4


============================================================
+ Verbose Summary: Schedule
============================================================
* Number of FSM states : 4
* Pipeline : 1
  Pipeline-0 : II = 1, D = 4, States = { 1 2 3 4 }
* Dataflow Pipeline: 0

* FSM state transitions: 
1 --> 2 
2 --> 3 
3 --> 4 
4 --> 

* FSM state operations: 

State 1 <SV = 0> <Delay = 6.33>
ST_1 : Operation 7 [1/1] (0.00ns)   --->   "%m27 = alloca i32 1" [case_3.cc:22]   --->   Operation 7 'alloca' 'm27' <Predicate = true> <Delay = 0.00>
ST_1 : Operation 8 [1/1] (0.00ns)   --->   "%i_n10_2 = alloca i32 1" [case_3.cc:227]   --->   Operation 8 'alloca' 'i_n10_2' <Predicate = true> <Delay = 0.00>
ST_1 : Operation 9 [1/1] (0.00ns)   --->   "%i_n10_1 = alloca i32 1" [case_3.cc:226]   --->   Operation 9 'alloca' 'i_n10_1' <Predicate = true> <Delay = 0.00>
ST_1 : Operation 10 [1/1] (0.00ns)   --->   "%indvar_flatten96 = alloca i32 1"   --->   Operation 10 'alloca' 'indvar_flatten96' <Predicate = true> <Delay = 0.00>
ST_1 : Operation 11 [1/1] (0.00ns)   --->   "%indvar_flatten109 = alloca i32 1"   --->   Operation 11 'alloca' 'indvar_flatten109' <Predicate = true> <Delay = 0.00>
ST_1 : Operation 12 [1/1] (0.00ns)   --->   "%conv3_i12_i132751_read = read i8 @_ssdm_op_Read.ap_auto.i8, i8 %conv3_i12_i132751"   --->   Operation 12 'read' 'conv3_i12_i132751_read' <Predicate = true> <Delay = 0.00>
ST_1 : Operation 13 [1/1] (0.00ns)   --->   "%sext_ln228_read = read i8 @_ssdm_op_Read.ap_auto.i8, i8 %sext_ln228"   --->   Operation 13 'read' 'sext_ln228_read' <Predicate = true> <Delay = 0.00>
ST_1 : Operation 14 [1/1] (0.00ns)   --->   "%m27_15_reload_read = read i16 @_ssdm_op_Read.ap_auto.i16, i16 %m27_15_reload"   --->   Operation 14 'read' 'm27_15_reload_read' <Predicate = true> <Delay = 0.00>
ST_1 : Operation 15 [1/1] (0.00ns)   --->   "%conv3_i12_i132751_cast = sext i8 %conv3_i12_i132751_read"   --->   Operation 15 'sext' 'conv3_i12_i132751_cast' <Predicate = true> <Delay = 0.00>
ST_1 : Operation 16 [1/1] (0.00ns)   --->   "%sext_ln228_cast = sext i8 %sext_ln228_read"   --->   Operation 16 'sext' 'sext_ln228_cast' <Predicate = true> <Delay = 0.00>
ST_1 : Operation 17 [1/1] (1.58ns)   --->   "%store_ln0 = store i10 0, i10 %indvar_flatten109"   --->   Operation 17 'store' 'store_ln0' <Predicate = true> <Delay = 1.58>
ST_1 : Operation 18 [1/1] (1.58ns)   --->   "%store_ln0 = store i8 0, i8 %indvar_flatten96"   --->   Operation 18 'store' 'store_ln0' <Predicate = true> <Delay = 1.58>
ST_1 : Operation 19 [1/1] (1.58ns)   --->   "%store_ln226 = store i4 0, i4 %i_n10_1" [case_3.cc:226]   --->   Operation 19 'store' 'store_ln226' <Predicate = true> <Delay = 1.58>
ST_1 : Operation 20 [1/1] (1.58ns)   --->   "%store_ln227 = store i4 0, i4 %i_n10_2" [case_3.cc:227]   --->   Operation 20 'store' 'store_ln227' <Predicate = true> <Delay = 1.58>
ST_1 : Operation 21 [1/1] (1.58ns)   --->   "%store_ln22 = store i16 %m27_15_reload_read, i16 %m27" [case_3.cc:22]   --->   Operation 21 'store' 'store_ln22' <Predicate = true> <Delay = 1.58>
ST_1 : Operation 22 [1/1] (0.00ns)   --->   "%br_ln0 = br void %for.inc739"   --->   Operation 22 'br' 'br_ln0' <Predicate = true> <Delay = 0.00>
ST_1 : Operation 23 [1/1] (0.00ns)   --->   "%indvar_flatten109_load = load i10 %indvar_flatten109" [case_3.cc:225]   --->   Operation 23 'load' 'indvar_flatten109_load' <Predicate = true> <Delay = 0.00>
ST_1 : Operation 24 [1/1] (1.73ns)   --->   "%icmp_ln225 = icmp_eq  i10 %indvar_flatten109_load, i10 512" [case_3.cc:225]   --->   Operation 24 'icmp' 'icmp_ln225' <Predicate = true> <Delay = 1.73> <CoreInst = "Cmp">   --->   Core 9 'Cmp' <Latency = 0> <II = 1> <Delay = 1.73> <FuncUnit> <Opcode : 'seteq' 'setne' 'setle' 'setge' 'setlt' 'setgt'> <InPorts = 2> <OutPorts = 1>
ST_1 : Operation 25 [1/1] (1.73ns)   --->   "%add_ln225 = add i10 %indvar_flatten109_load, i10 1" [case_3.cc:225]   --->   Operation 25 'add' 'add_ln225' <Predicate = true> <Delay = 1.73> <CoreInst = "Adder">   --->   Core 1 'Adder' <Latency = 0> <II = 1> <Delay = 1.73> <FuncUnit> <Opcode : 'add' 'sub'> <InPorts = 2> <OutPorts = 1>
ST_1 : Operation 26 [1/1] (0.00ns)   --->   "%br_ln225 = br i1 %icmp_ln225, void %for.inc745, void %L_n11_1.exitStub" [case_3.cc:225]   --->   Operation 26 'br' 'br_ln225' <Predicate = true> <Delay = 0.00>
ST_1 : Operation 27 [1/1] (0.00ns)   --->   "%indvar_flatten96_load = load i8 %indvar_flatten96" [case_3.cc:226]   --->   Operation 27 'load' 'indvar_flatten96_load' <Predicate = (!icmp_ln225)> <Delay = 0.00>
ST_1 : Operation 28 [1/1] (1.91ns)   --->   "%icmp_ln226 = icmp_eq  i8 %indvar_flatten96_load, i8 64" [case_3.cc:226]   --->   Operation 28 'icmp' 'icmp_ln226' <Predicate = (!icmp_ln225)> <Delay = 1.91> <CoreInst = "Cmp">   --->   Core 9 'Cmp' <Latency = 0> <II = 1> <Delay = 1.91> <FuncUnit> <Opcode : 'seteq' 'setne' 'setle' 'setge' 'setlt' 'setgt'> <InPorts = 2> <OutPorts = 1>
ST_1 : Operation 29 [1/1] (1.91ns)   --->   "%add_ln226_1 = add i8 %indvar_flatten96_load, i8 1" [case_3.cc:226]   --->   Operation 29 'add' 'add_ln226_1' <Predicate = (!icmp_ln225)> <Delay = 1.91> <CoreInst = "Adder">   --->   Core 1 'Adder' <Latency = 0> <II = 1> <Delay = 1.91> <FuncUnit> <Opcode : 'add' 'sub'> <InPorts = 2> <OutPorts = 1>
ST_1 : Operation 30 [1/1] (1.24ns)   --->   "%select_ln226_1 = select i1 %icmp_ln226, i8 1, i8 %add_ln226_1" [case_3.cc:226]   --->   Operation 30 'select' 'select_ln226_1' <Predicate = (!icmp_ln225)> <Delay = 1.24> <CoreInst = "Sel">   --->   Core 73 'Sel' <Latency = 0> <II = 1> <Delay = 1.24> <FuncUnit> <Opcode : 'select'> <InPorts = 3> <OutPorts = 1>
ST_1 : Operation 31 [1/1] (1.58ns)   --->   "%store_ln225 = store i10 %add_ln225, i10 %indvar_flatten109" [case_3.cc:225]   --->   Operation 31 'store' 'store_ln225' <Predicate = (!icmp_ln225)> <Delay = 1.58>
ST_1 : Operation 32 [1/1] (1.58ns)   --->   "%store_ln226 = store i8 %select_ln226_1, i8 %indvar_flatten96" [case_3.cc:226]   --->   Operation 32 'store' 'store_ln226' <Predicate = (!icmp_ln225)> <Delay = 1.58>

State 2 <SV = 1> <Delay = 7.93>
ST_2 : Operation 33 [1/1] (0.00ns)   --->   "%i_n10_2_load = load i4 %i_n10_2" [case_3.cc:227]   --->   Operation 33 'load' 'i_n10_2_load' <Predicate = true> <Delay = 0.00>
ST_2 : Operation 34 [1/1] (0.00ns)   --->   "%i_n10_1_load = load i4 %i_n10_1" [case_3.cc:22]   --->   Operation 34 'load' 'i_n10_1_load' <Predicate = (!icmp_ln226)> <Delay = 0.00>
ST_2 : Operation 35 [1/1] (1.02ns)   --->   "%select_ln22 = select i1 %icmp_ln226, i4 0, i4 %i_n10_1_load" [case_3.cc:22]   --->   Operation 35 'select' 'select_ln22' <Predicate = true> <Delay = 1.02> <CoreInst = "Sel">   --->   Core 73 'Sel' <Latency = 0> <II = 1> <Delay = 1.02> <FuncUnit> <Opcode : 'select'> <InPorts = 3> <OutPorts = 1>
ST_2 : Operation 36 [1/1] (0.00ns) (grouped into LUT with out node and_ln22)   --->   "%xor_ln22 = xor i1 %icmp_ln226, i1 1" [case_3.cc:22]   --->   Operation 36 'xor' 'xor_ln22' <Predicate = true> <Delay = 0.00> <CoreInst = "LogicGate">   --->   Core 74 'LogicGate' <Latency = 0> <II = 1> <Delay = 0.97> <FuncUnit> <Opcode : 'and' 'or' 'xor'> <InPorts = 2> <OutPorts = 1>
ST_2 : Operation 37 [1/1] (1.73ns)   --->   "%icmp_ln227 = icmp_eq  i4 %i_n10_2_load, i4 8" [case_3.cc:227]   --->   Operation 37 'icmp' 'icmp_ln227' <Predicate = true> <Delay = 1.73> <CoreInst = "Cmp">   --->   Core 9 'Cmp' <Latency = 0> <II = 1> <Delay = 1.73> <FuncUnit> <Opcode : 'seteq' 'setne' 'setle' 'setge' 'setlt' 'setgt'> <InPorts = 2> <OutPorts = 1>
ST_2 : Operation 38 [1/1] (0.97ns) (out node of the LUT)   --->   "%and_ln22 = and i1 %icmp_ln227, i1 %xor_ln22" [case_3.cc:22]   --->   Operation 38 'and' 'and_ln22' <Predicate = true> <Delay = 0.97> <CoreInst = "LogicGate">   --->   Core 74 'LogicGate' <Latency = 0> <II = 1> <Delay = 0.97> <FuncUnit> <Opcode : 'and' 'or' 'xor'> <InPorts = 2> <OutPorts = 1>
ST_2 : Operation 39 [1/1] (1.73ns)   --->   "%add_ln226 = add i4 %select_ln22, i4 1" [case_3.cc:226]   --->   Operation 39 'add' 'add_ln226' <Predicate = true> <Delay = 1.73> <CoreInst = "Adder">   --->   Core 1 'Adder' <Latency = 0> <II = 1> <Delay = 1.73> <FuncUnit> <Opcode : 'add' 'sub'> <InPorts = 2> <OutPorts = 1>
ST_2 : Operation 40 [1/1] (0.00ns) (grouped into LUT with out node select_ln22_1)   --->   "%or_ln22 = or i1 %and_ln22, i1 %icmp_ln226" [case_3.cc:22]   --->   Operation 40 'or' 'or_ln22' <Predicate = true> <Delay = 0.00> <CoreInst = "LogicGate">   --->   Core 74 'LogicGate' <Latency = 0> <II = 1> <Delay = 0.97> <FuncUnit> <Opcode : 'and' 'or' 'xor'> <InPorts = 2> <OutPorts = 1>
ST_2 : Operation 41 [1/1] (1.02ns) (out node of the LUT)   --->   "%select_ln22_1 = select i1 %or_ln22, i4 0, i4 %i_n10_2_load" [case_3.cc:22]   --->   Operation 41 'select' 'select_ln22_1' <Predicate = true> <Delay = 1.02> <CoreInst = "Sel">   --->   Core 73 'Sel' <Latency = 0> <II = 1> <Delay = 1.02> <FuncUnit> <Opcode : 'select'> <InPorts = 3> <OutPorts = 1>
ST_2 : Operation 42 [1/1] (1.02ns)   --->   "%select_ln226 = select i1 %and_ln22, i4 %add_ln226, i4 %select_ln22" [case_3.cc:226]   --->   Operation 42 'select' 'select_ln226' <Predicate = true> <Delay = 1.02> <CoreInst = "Sel">   --->   Core 73 'Sel' <Latency = 0> <II = 1> <Delay = 1.02> <FuncUnit> <Opcode : 'select'> <InPorts = 3> <OutPorts = 1>
ST_2 : Operation 43 [1/1] (0.00ns)   --->   "%trunc_ln228 = trunc i4 %select_ln226" [case_3.cc:228]   --->   Operation 43 'trunc' 'trunc_ln228' <Predicate = true> <Delay = 0.00>
ST_2 : Operation 44 [1/1] (0.00ns)   --->   "%tmp_4 = bitconcatenate i6 @_ssdm_op_BitConcatenate.i6.i3.i3, i3 %trunc_ln228, i3 0" [case_3.cc:228]   --->   Operation 44 'bitconcatenate' 'tmp_4' <Predicate = true> <Delay = 0.00>
ST_2 : Operation 45 [1/1] (0.00ns)   --->   "%zext_ln228 = zext i4 %select_ln22_1" [case_3.cc:228]   --->   Operation 45 'zext' 'zext_ln228' <Predicate = true> <Delay = 0.00>
ST_2 : Operation 46 [1/1] (1.82ns)   --->   "%add_ln228 = add i6 %tmp_4, i6 %zext_ln228" [case_3.cc:228]   --->   Operation 46 'add' 'add_ln228' <Predicate = true> <Delay = 1.82> <CoreInst = "Adder">   --->   Core 1 'Adder' <Latency = 0> <II = 1> <Delay = 1.82> <FuncUnit> <Opcode : 'add' 'sub'> <InPorts = 2> <OutPorts = 1>
ST_2 : Operation 47 [1/1] (0.00ns)   --->   "%zext_ln228_1 = zext i6 %add_ln228" [case_3.cc:228]   --->   Operation 47 'zext' 'zext_ln228_1' <Predicate = true> <Delay = 0.00>
ST_2 : Operation 48 [1/1] (0.00ns)   --->   "%m64_addr = getelementptr i15 %m64, i64 0, i64 %zext_ln228_1" [case_3.cc:228]   --->   Operation 48 'getelementptr' 'm64_addr' <Predicate = true> <Delay = 0.00>
ST_2 : Operation 49 [2/2] (2.32ns)   --->   "%m64_load = load i6 %m64_addr" [case_3.cc:228]   --->   Operation 49 'load' 'm64_load' <Predicate = true> <Delay = 2.32> <CoreInst = "RAM">   --->   Core 81 'RAM' <Latency = 1> <II = 1> <Delay = 2.32> <Storage> <Opcode : 'load' 'store'> <Ports = 2> <Width = 15> <Depth = 64> <RAM>
ST_2 : Operation 50 [1/1] (1.73ns)   --->   "%add_ln227 = add i4 %select_ln22_1, i4 1" [case_3.cc:227]   --->   Operation 50 'add' 'add_ln227' <Predicate = true> <Delay = 1.73> <CoreInst = "Adder">   --->   Core 1 'Adder' <Latency = 0> <II = 1> <Delay = 1.73> <FuncUnit> <Opcode : 'add' 'sub'> <InPorts = 2> <OutPorts = 1>
ST_2 : Operation 51 [1/1] (1.58ns)   --->   "%store_ln226 = store i4 %select_ln226, i4 %i_n10_1" [case_3.cc:226]   --->   Operation 51 'store' 'store_ln226' <Predicate = true> <Delay = 1.58>
ST_2 : Operation 52 [1/1] (1.58ns)   --->   "%store_ln227 = store i4 %add_ln227, i4 %i_n10_2" [case_3.cc:227]   --->   Operation 52 'store' 'store_ln227' <Predicate = true> <Delay = 1.58>

State 3 <SV = 2> <Delay = 7.91>
ST_3 : Operation 53 [1/2] ( I:2.32ns O:2.32ns )   --->   "%m64_load = load i6 %m64_addr" [case_3.cc:228]   --->   Operation 53 'load' 'm64_load' <Predicate = true> <Delay = 2.32> <CoreInst = "RAM">   --->   Core 81 'RAM' <Latency = 1> <II = 1> <Delay = 2.32> <Storage> <Opcode : 'load' 'store'> <Ports = 2> <Width = 15> <Depth = 64> <RAM>
ST_3 : Operation 54 [1/1] (5.59ns)   --->   "%m110 = mul i15 %m64_load, i15 %sext_ln228_cast" [case_3.cc:228]   --->   Operation 54 'mul' 'm110' <Predicate = true> <Delay = 5.59> <CoreInst = "Multiplier">   --->   Core 3 'Multiplier' <Latency = 0> <II = 1> <Delay = 5.59> <FuncUnit> <Opcode : 'mul'> <InPorts = 2> <OutPorts = 1>
ST_3 : Operation 64 [1/1] (0.00ns)   --->   "%m27_load = load i16 %m27"   --->   Operation 64 'load' 'm27_load' <Predicate = (icmp_ln225)> <Delay = 0.00>
ST_3 : Operation 65 [1/1] (0.00ns)   --->   "%write_ln0 = write void @_ssdm_op_Write.ap_auto.i16P0A, i16 %m27_17_out, i16 %m27_load"   --->   Operation 65 'write' 'write_ln0' <Predicate = (icmp_ln225)> <Delay = 0.00>
ST_3 : Operation 66 [1/1] (1.58ns)   --->   "%ret_ln0 = ret"   --->   Operation 66 'ret' 'ret_ln0' <Predicate = (icmp_ln225)> <Delay = 1.58>

State 4 <SV = 3> <Delay = 5.49>
ST_4 : Operation 55 [1/1] (0.00ns)   --->   "%m27_load_7 = load i16 %m27" [case_3.cc:230]   --->   Operation 55 'load' 'm27_load_7' <Predicate = true> <Delay = 0.00>
ST_4 : Operation 56 [1/1] (0.00ns)   --->   "%specloopname_ln0 = specloopname void @_ssdm_op_SpecLoopName, void @L_n10_1_L_n10_2_L_n10_3_str"   --->   Operation 56 'specloopname' 'specloopname_ln0' <Predicate = true> <Delay = 0.00>
ST_4 : Operation 57 [1/1] (0.00ns)   --->   "%speclooptripcount_ln0 = speclooptripcount void @_ssdm_op_SpecLoopTripCount, i64 512, i64 512, i64 512"   --->   Operation 57 'speclooptripcount' 'speclooptripcount_ln0' <Predicate = true> <Delay = 0.00>
ST_4 : Operation 58 [1/1] (0.00ns)   --->   "%specpipeline_ln22 = specpipeline void @_ssdm_op_SpecPipeline, i32 4294967295, i32 0, i32 0, i32 0, void @empty_5" [case_3.cc:22]   --->   Operation 58 'specpipeline' 'specpipeline_ln22' <Predicate = true> <Delay = 0.00>
ST_4 : Operation 59 [1/1] (0.00ns)   --->   "%sext_ln230 = sext i15 %m110" [case_3.cc:230]   --->   Operation 59 'sext' 'sext_ln230' <Predicate = true> <Delay = 0.00>
ST_4 : Operation 60 [1/1] (0.00ns) (grouped into TernaryAdder)   --->   "%add_ln230 = add i16 %conv3_i12_i132751_cast, i16 %sext_ln230" [case_3.cc:230]   --->   Operation 60 'add' 'add_ln230' <Predicate = true> <Delay = 0.00> <CoreInst = "TAddSub">   --->   Core 10 'TAddSub' <Latency = 0> <II = 1> <Delay = 1.95> <IPBlock> <Opcode : 'add' 'sub'> <InPorts = 3> <OutPorts = 1> <Sync> <CReg>
ST_4 : Operation 61 [1/1] (3.90ns) (root node of TernaryAdder)   --->   "%m27_12 = add i16 %m27_load_7, i16 %add_ln230" [case_3.cc:230]   --->   Operation 61 'add' 'm27_12' <Predicate = true> <Delay = 3.90> <CoreInst = "TAddSub">   --->   Core 10 'TAddSub' <Latency = 0> <II = 1> <Delay = 1.95> <IPBlock> <Opcode : 'add' 'sub'> <InPorts = 3> <OutPorts = 1> <Sync> <CReg>
ST_4 : Operation 62 [1/1] (1.58ns)   --->   "%store_ln22 = store i16 %m27_12, i16 %m27" [case_3.cc:22]   --->   Operation 62 'store' 'store_ln22' <Predicate = true> <Delay = 1.58>
ST_4 : Operation 63 [1/1] (0.00ns)   --->   "%br_ln227 = br void %for.inc739" [case_3.cc:227]   --->   Operation 63 'br' 'br_ln227' <Predicate = true> <Delay = 0.00>


============================================================
+ Verbose Summary: Binding
============================================================
STG Binding: 
---------------- STG Properties BEGIN ----------------
- Is combinational: 0
- Is one-state seq: 0
- Is datapath-only: 0
- Is pipelined: 0
- Is top level: 0
Port [ Return ] is wired: 1; IO mode=ap_ctrl_hs:ce=0
Port [ m27_15_reload]:  wired=1; compound=0; hidden=0; nouse=0; global=0; static=0; extern=0; dir=0; type=0; pingpong=0; private_global=0; IO mode=ap_none:ce=0
Port [ m64]:  wired=1; compound=1; hidden=0; nouse=0; global=0; static=0; extern=0; dir=0; type=1; pingpong=0; private_global=0; MemPort=[13]; IO mode=ap_memory:ce=0
Port [ sext_ln228]:  wired=1; compound=0; hidden=0; nouse=0; global=0; static=0; extern=0; dir=0; type=0; pingpong=0; private_global=0; IO mode=ap_none:ce=0
Port [ conv3_i12_i132751]:  wired=1; compound=0; hidden=0; nouse=0; global=0; static=0; extern=0; dir=0; type=0; pingpong=0; private_global=0; IO mode=ap_none:ce=0
Port [ m27_17_out]:  wired=1; compound=0; hidden=0; nouse=0; global=0; static=0; extern=0; dir=1; type=0; pingpong=0; private_global=0; IO mode=ap_vld:ce=0
---------------- STG Properties END ------------------

---------------- Datapath Model BEGIN ----------------

<LifeTime>
<method=bitvector/>
m27                    (alloca           ) [ 01111]
i_n10_2                (alloca           ) [ 01100]
i_n10_1                (alloca           ) [ 01100]
indvar_flatten96       (alloca           ) [ 01000]
indvar_flatten109      (alloca           ) [ 01000]
conv3_i12_i132751_read (read             ) [ 00000]
sext_ln228_read        (read             ) [ 00000]
m27_15_reload_read     (read             ) [ 00000]
conv3_i12_i132751_cast (sext             ) [ 01111]
sext_ln228_cast        (sext             ) [ 01110]
store_ln0              (store            ) [ 00000]
store_ln0              (store            ) [ 00000]
store_ln226            (store            ) [ 00000]
store_ln227            (store            ) [ 00000]
store_ln22             (store            ) [ 00000]
br_ln0                 (br               ) [ 00000]
indvar_flatten109_load (load             ) [ 00000]
icmp_ln225             (icmp             ) [ 01110]
add_ln225              (add              ) [ 00000]
br_ln225               (br               ) [ 00000]
indvar_flatten96_load  (load             ) [ 00000]
icmp_ln226             (icmp             ) [ 01100]
add_ln226_1            (add              ) [ 00000]
select_ln226_1         (select           ) [ 00000]
store_ln225            (store            ) [ 00000]
store_ln226            (store            ) [ 00000]
i_n10_2_load           (load             ) [ 00000]
i_n10_1_load           (load             ) [ 00000]
select_ln22            (select           ) [ 00000]
xor_ln22               (xor              ) [ 00000]
icmp_ln227             (icmp             ) [ 00000]
and_ln22               (and              ) [ 00000]
add_ln226              (add              ) [ 00000]
or_ln22                (or               ) [ 00000]
select_ln22_1          (select           ) [ 00000]
select_ln226           (select           ) [ 00000]
trunc_ln228            (trunc            ) [ 00000]
tmp_4                  (bitconcatenate   ) [ 00000]
zext_ln228             (zext             ) [ 00000]
add_ln228              (add              ) [ 00000]
zext_ln228_1           (zext             ) [ 00000]
m64_addr               (getelementptr    ) [ 01010]
add_ln227              (add              ) [ 00000]
store_ln226            (store            ) [ 00000]
store_ln227            (store            ) [ 00000]
m64_load               (load             ) [ 00000]
m110                   (mul              ) [ 01001]
m27_load_7             (load             ) [ 00000]
specloopname_ln0       (specloopname     ) [ 00000]
speclooptripcount_ln0  (speclooptripcount) [ 00000]
specpipeline_ln22      (specpipeline     ) [ 00000]
sext_ln230             (sext             ) [ 00000]
add_ln230              (add              ) [ 00000]
m27_12                 (add              ) [ 00000]
store_ln22             (store            ) [ 00000]
br_ln227               (br               ) [ 00000]
m27_load               (load             ) [ 00000]
write_ln0              (write            ) [ 00000]
ret_ln0                (ret              ) [ 00000]
</LifeTime>

<model>

<comp_list>
<comp id="0" class="1000" name="m27_15_reload">
<pin_list>
<pin id="1" dir="1" index="0" bw="1" slack="0"/>
</pin_list>
<bind>
<StgValue><ssdm name="m27_15_reload"/></StgValue>
</bind>
</comp>

<comp id="2" class="1000" name="m64">
<pin_list>
<pin id="3" dir="1" index="0" bw="1" slack="0"/>
</pin_list>
<bind>
<StgValue><ssdm name="m64"/><MemPortTyVec>1 3 </MemPortTyVec>
</StgValue>
</bind>
</comp>

<comp id="4" class="1000" name="sext_ln228">
<pin_list>
<pin id="5" dir="1" index="0" bw="1" slack="0"/>
</pin_list>
<bind>
<StgValue><ssdm name="sext_ln228"/></StgValue>
</bind>
</comp>

<comp id="6" class="1000" name="conv3_i12_i132751">
<pin_list>
<pin id="7" dir="1" index="0" bw="1" slack="0"/>
</pin_list>
<bind>
<StgValue><ssdm name="conv3_i12_i132751"/></StgValue>
</bind>
</comp>

<comp id="8" class="1000" name="m27_17_out">
<pin_list>
<pin id="9" dir="1" index="0" bw="1" slack="0"/>
</pin_list>
<bind>
<StgValue><ssdm name="m27_17_out"/></StgValue>
</bind>
</comp>

<comp id="10" class="1001" name="const_10">
<pin_list>
<pin id="11" dir="1" index="0" bw="1" slack="0"/>
</pin_list>
<bind>
<StgValue><ssdm name=""/></StgValue>
</bind>
</comp>

<comp id="12" class="1001" name="const_12">
<pin_list>
<pin id="13" dir="1" index="0" bw="1" slack="0"/>
</pin_list>
<bind>
<StgValue><ssdm name="_ssdm_op_Read.ap_auto.i8"/></StgValue>
</bind>
</comp>

<comp id="14" class="1001" name="const_14">
<pin_list>
<pin id="15" dir="1" index="0" bw="1" slack="0"/>
</pin_list>
<bind>
<StgValue><ssdm name="_ssdm_op_Read.ap_auto.i16"/></StgValue>
</bind>
</comp>

<comp id="16" class="1001" name="const_16">
<pin_list>
<pin id="17" dir="1" index="0" bw="1" slack="0"/>
</pin_list>
<bind>
<StgValue><ssdm name=""/></StgValue>
</bind>
</comp>

<comp id="18" class="1001" name="const_18">
<pin_list>
<pin id="19" dir="1" index="0" bw="1" slack="0"/>
</pin_list>
<bind>
<StgValue><ssdm name=""/></StgValue>
</bind>
</comp>

<comp id="20" class="1001" name="const_20">
<pin_list>
<pin id="21" dir="1" index="0" bw="1" slack="0"/>
</pin_list>
<bind>
<StgValue><ssdm name=""/></StgValue>
</bind>
</comp>

<comp id="22" class="1001" name="const_22">
<pin_list>
<pin id="23" dir="1" index="0" bw="1" slack="0"/>
</pin_list>
<bind>
<StgValue><ssdm name=""/></StgValue>
</bind>
</comp>

<comp id="24" class="1001" name="const_24">
<pin_list>
<pin id="25" dir="1" index="0" bw="1" slack="0"/>
</pin_list>
<bind>
<StgValue><ssdm name=""/></StgValue>
</bind>
</comp>

<comp id="26" class="1001" name="const_26">
<pin_list>
<pin id="27" dir="1" index="0" bw="1" slack="0"/>
</pin_list>
<bind>
<StgValue><ssdm name=""/></StgValue>
</bind>
</comp>

<comp id="28" class="1001" name="const_28">
<pin_list>
<pin id="29" dir="1" index="0" bw="1" slack="0"/>
</pin_list>
<bind>
<StgValue><ssdm name=""/></StgValue>
</bind>
</comp>

<comp id="30" class="1001" name="const_30">
<pin_list>
<pin id="31" dir="1" index="0" bw="1" slack="0"/>
</pin_list>
<bind>
<StgValue><ssdm name=""/></StgValue>
</bind>
</comp>

<comp id="32" class="1001" name="const_32">
<pin_list>
<pin id="33" dir="1" index="0" bw="1" slack="0"/>
</pin_list>
<bind>
<StgValue><ssdm name=""/></StgValue>
</bind>
</comp>

<comp id="34" class="1001" name="const_34">
<pin_list>
<pin id="35" dir="1" index="0" bw="1" slack="0"/>
</pin_list>
<bind>
<StgValue><ssdm name=""/></StgValue>
</bind>
</comp>

<comp id="36" class="1001" name="const_36">
<pin_list>
<pin id="37" dir="1" index="0" bw="1" slack="0"/>
</pin_list>
<bind>
<StgValue><ssdm name="_ssdm_op_BitConcatenate.i6.i3.i3"/></StgValue>
</bind>
</comp>

<comp id="38" class="1001" name="const_38">
<pin_list>
<pin id="39" dir="1" index="0" bw="1" slack="0"/>
</pin_list>
<bind>
<StgValue><ssdm name=""/></StgValue>
</bind>
</comp>

<comp id="40" class="1001" name="const_40">
<pin_list>
<pin id="41" dir="1" index="0" bw="1" slack="0"/>
</pin_list>
<bind>
<StgValue><ssdm name=""/></StgValue>
</bind>
</comp>

<comp id="42" class="1001" name="const_42">
<pin_list>
<pin id="43" dir="1" index="0" bw="1" slack="2147483647"/>
</pin_list>
<bind>
<StgValue><ssdm name="_ssdm_op_SpecLoopName"/></StgValue>
</bind>
</comp>

<comp id="44" class="1001" name="const_44">
<pin_list>
<pin id="45" dir="1" index="0" bw="1" slack="2147483647"/>
</pin_list>
<bind>
<StgValue><ssdm name="L_n10_1_L_n10_2_L_n10_3_str"/></StgValue>
</bind>
</comp>

<comp id="46" class="1001" name="const_46">
<pin_list>
<pin id="47" dir="1" index="0" bw="1" slack="2147483647"/>
</pin_list>
<bind>
<StgValue><ssdm name="_ssdm_op_SpecLoopTripCount"/></StgValue>
</bind>
</comp>

<comp id="48" class="1001" name="const_48">
<pin_list>
<pin id="49" dir="1" index="0" bw="1" slack="2147483647"/>
</pin_list>
<bind>
<StgValue><ssdm name=""/></StgValue>
</bind>
</comp>

<comp id="50" class="1001" name="const_50">
<pin_list>
<pin id="51" dir="1" index="0" bw="1" slack="2147483647"/>
</pin_list>
<bind>
<StgValue><ssdm name="_ssdm_op_SpecPipeline"/></StgValue>
</bind>
</comp>

<comp id="52" class="1001" name="const_52">
<pin_list>
<pin id="53" dir="1" index="0" bw="1" slack="2147483647"/>
</pin_list>
<bind>
<StgValue><ssdm name=""/></StgValue>
</bind>
</comp>

<comp id="54" class="1001" name="const_54">
<pin_list>
<pin id="55" dir="1" index="0" bw="1" slack="2147483647"/>
</pin_list>
<bind>
<StgValue><ssdm name=""/></StgValue>
</bind>
</comp>

<comp id="56" class="1001" name="const_56">
<pin_list>
<pin id="57" dir="1" index="0" bw="1" slack="2147483647"/>
</pin_list>
<bind>
<StgValue><ssdm name="empty_5"/></StgValue>
</bind>
</comp>

<comp id="58" class="1001" name="const_58">
<pin_list>
<pin id="59" dir="1" index="0" bw="1" slack="0"/>
</pin_list>
<bind>
<StgValue><ssdm name="_ssdm_op_Write.ap_auto.i16P0A"/></StgValue>
</bind>
</comp>

<comp id="60" class="1004" name="m27_fu_60">
<pin_list>
<pin id="61" dir="0" index="0" bw="1" slack="0"/>
<pin id="62" dir="1" index="1" bw="16" slack="0"/>
</pin_list>
<bind>
<opcode="alloca(26) " fcode="alloca"/>
<opset="m27/1 "/>
</bind>
</comp>

<comp id="64" class="1004" name="i_n10_2_fu_64">
<pin_list>
<pin id="65" dir="0" index="0" bw="1" slack="0"/>
<pin id="66" dir="1" index="1" bw="4" slack="0"/>
</pin_list>
<bind>
<opcode="alloca(26) " fcode="alloca"/>
<opset="i_n10_2/1 "/>
</bind>
</comp>

<comp id="68" class="1004" name="i_n10_1_fu_68">
<pin_list>
<pin id="69" dir="0" index="0" bw="1" slack="0"/>
<pin id="70" dir="1" index="1" bw="4" slack="0"/>
</pin_list>
<bind>
<opcode="alloca(26) " fcode="alloca"/>
<opset="i_n10_1/1 "/>
</bind>
</comp>

<comp id="72" class="1004" name="indvar_flatten96_fu_72">
<pin_list>
<pin id="73" dir="0" index="0" bw="1" slack="0"/>
<pin id="74" dir="1" index="1" bw="8" slack="0"/>
</pin_list>
<bind>
<opcode="alloca(26) " fcode="alloca"/>
<opset="indvar_flatten96/1 "/>
</bind>
</comp>

<comp id="76" class="1004" name="indvar_flatten109_fu_76">
<pin_list>
<pin id="77" dir="0" index="0" bw="1" slack="0"/>
<pin id="78" dir="1" index="1" bw="10" slack="0"/>
</pin_list>
<bind>
<opcode="alloca(26) " fcode="alloca"/>
<opset="indvar_flatten109/1 "/>
</bind>
</comp>

<comp id="80" class="1004" name="conv3_i12_i132751_read_read_fu_80">
<pin_list>
<pin id="81" dir="0" index="0" bw="8" slack="0"/>
<pin id="82" dir="0" index="1" bw="8" slack="0"/>
<pin id="83" dir="1" index="2" bw="8" slack="0"/>
</pin_list>
<bind>
<opcode="read(1150) " fcode="read"/>
<opset="conv3_i12_i132751_read/1 "/>
</bind>
</comp>

<comp id="86" class="1004" name="sext_ln228_read_read_fu_86">
<pin_list>
<pin id="87" dir="0" index="0" bw="8" slack="0"/>
<pin id="88" dir="0" index="1" bw="8" slack="0"/>
<pin id="89" dir="1" index="2" bw="8" slack="0"/>
</pin_list>
<bind>
<opcode="read(1150) " fcode="read"/>
<opset="sext_ln228_read/1 "/>
</bind>
</comp>

<comp id="92" class="1004" name="m27_15_reload_read_read_fu_92">
<pin_list>
<pin id="93" dir="0" index="0" bw="16" slack="0"/>
<pin id="94" dir="0" index="1" bw="16" slack="0"/>
<pin id="95" dir="1" index="2" bw="16" slack="0"/>
</pin_list>
<bind>
<opcode="read(1150) " fcode="read"/>
<opset="m27_15_reload_read/1 "/>
</bind>
</comp>

<comp id="98" class="1004" name="write_ln0_write_fu_98">
<pin_list>
<pin id="99" dir="0" index="0" bw="0" slack="0"/>
<pin id="100" dir="0" index="1" bw="16" slack="0"/>
<pin id="101" dir="0" index="2" bw="16" slack="0"/>
<pin id="102" dir="1" index="3" bw="0" slack="2147483647"/>
</pin_list>
<bind>
<opcode="write(1151) " fcode="write"/>
<opset="write_ln0/3 "/>
</bind>
</comp>

<comp id="105" class="1004" name="m64_addr_gep_fu_105">
<pin_list>
<pin id="106" dir="0" index="0" bw="15" slack="0"/>
<pin id="107" dir="0" index="1" bw="1" slack="0"/>
<pin id="108" dir="0" index="2" bw="6" slack="0"/>
<pin id="109" dir="1" index="3" bw="6" slack="0"/>
</pin_list>
<bind>
<opcode="getelementptr(29) " fcode="getelementptr"/>
<opset="m64_addr/2 "/>
</bind>
</comp>

<comp id="112" class="1004" name="grp_access_fu_112">
<pin_list>
<pin id="113" dir="0" index="0" bw="6" slack="0"/>
<pin id="114" dir="0" index="1" bw="15" slack="2147483647"/>
<pin id="115" dir="0" index="2" bw="0" slack="2147483647"/>
<pin id="116" dir="1" index="3" bw="15" slack="0"/>
</pin_list>
<bind>
<opcode="load(27) " fcode="load"/>
<opset="m64_load/2 "/>
</bind>
</comp>

<comp id="118" class="1004" name="conv3_i12_i132751_cast_fu_118">
<pin_list>
<pin id="119" dir="0" index="0" bw="8" slack="0"/>
<pin id="120" dir="1" index="1" bw="16" slack="3"/>
</pin_list>
<bind>
<opcode="sext(35) " fcode="sext"/>
<opset="conv3_i12_i132751_cast/1 "/>
</bind>
</comp>

<comp id="122" class="1004" name="sext_ln228_cast_fu_122">
<pin_list>
<pin id="123" dir="0" index="0" bw="8" slack="0"/>
<pin id="124" dir="1" index="1" bw="15" slack="2"/>
</pin_list>
<bind>
<opcode="sext(35) " fcode="sext"/>
<opset="sext_ln228_cast/1 "/>
</bind>
</comp>

<comp id="126" class="1004" name="store_ln0_store_fu_126">
<pin_list>
<pin id="127" dir="0" index="0" bw="1" slack="0"/>
<pin id="128" dir="0" index="1" bw="10" slack="0"/>
<pin id="129" dir="1" index="2" bw="0" slack="2147483647"/>
</pin_list>
<bind>
<opcode="store(28) " fcode="store"/>
<opset="store_ln0/1 "/>
</bind>
</comp>

<comp id="131" class="1004" name="store_ln0_store_fu_131">
<pin_list>
<pin id="132" dir="0" index="0" bw="1" slack="0"/>
<pin id="133" dir="0" index="1" bw="8" slack="0"/>
<pin id="134" dir="1" index="2" bw="0" slack="2147483647"/>
</pin_list>
<bind>
<opcode="store(28) " fcode="store"/>
<opset="store_ln0/1 "/>
</bind>
</comp>

<comp id="136" class="1004" name="store_ln226_store_fu_136">
<pin_list>
<pin id="137" dir="0" index="0" bw="1" slack="0"/>
<pin id="138" dir="0" index="1" bw="4" slack="0"/>
<pin id="139" dir="1" index="2" bw="0" slack="2147483647"/>
</pin_list>
<bind>
<opcode="store(28) " fcode="store"/>
<opset="store_ln226/1 "/>
</bind>
</comp>

<comp id="141" class="1004" name="store_ln227_store_fu_141">
<pin_list>
<pin id="142" dir="0" index="0" bw="1" slack="0"/>
<pin id="143" dir="0" index="1" bw="4" slack="0"/>
<pin id="144" dir="1" index="2" bw="0" slack="2147483647"/>
</pin_list>
<bind>
<opcode="store(28) " fcode="store"/>
<opset="store_ln227/1 "/>
</bind>
</comp>

<comp id="146" class="1004" name="store_ln22_store_fu_146">
<pin_list>
<pin id="147" dir="0" index="0" bw="16" slack="0"/>
<pin id="148" dir="0" index="1" bw="16" slack="0"/>
<pin id="149" dir="1" index="2" bw="0" slack="2147483647"/>
</pin_list>
<bind>
<opcode="store(28) " fcode="store"/>
<opset="store_ln22/1 "/>
</bind>
</comp>

<comp id="151" class="1004" name="indvar_flatten109_load_load_fu_151">
<pin_list>
<pin id="152" dir="0" index="0" bw="10" slack="0"/>
<pin id="153" dir="1" index="1" bw="10" slack="0"/>
</pin_list>
<bind>
<opcode="load(27) " fcode="load"/>
<opset="indvar_flatten109_load/1 "/>
</bind>
</comp>

<comp id="154" class="1004" name="icmp_ln225_fu_154">
<pin_list>
<pin id="155" dir="0" index="0" bw="10" slack="0"/>
<pin id="156" dir="0" index="1" bw="10" slack="0"/>
<pin id="157" dir="1" index="2" bw="1" slack="2"/>
</pin_list>
<bind>
<opcode="icmp(45) " fcode="icmp"/>
<opset="icmp_ln225/1 "/>
</bind>
</comp>

<comp id="160" class="1004" name="add_ln225_fu_160">
<pin_list>
<pin id="161" dir="0" index="0" bw="10" slack="0"/>
<pin id="162" dir="0" index="1" bw="1" slack="0"/>
<pin id="163" dir="1" index="2" bw="10" slack="0"/>
</pin_list>
<bind>
<opcode="add(8) " fcode="add"/>
<opset="add_ln225/1 "/>
</bind>
</comp>

<comp id="166" class="1004" name="indvar_flatten96_load_load_fu_166">
<pin_list>
<pin id="167" dir="0" index="0" bw="8" slack="0"/>
<pin id="168" dir="1" index="1" bw="8" slack="0"/>
</pin_list>
<bind>
<opcode="load(27) " fcode="load"/>
<opset="indvar_flatten96_load/1 "/>
</bind>
</comp>

<comp id="169" class="1004" name="icmp_ln226_fu_169">
<pin_list>
<pin id="170" dir="0" index="0" bw="8" slack="0"/>
<pin id="171" dir="0" index="1" bw="8" slack="0"/>
<pin id="172" dir="1" index="2" bw="1" slack="0"/>
</pin_list>
<bind>
<opcode="icmp(45) " fcode="icmp"/>
<opset="icmp_ln226/1 "/>
</bind>
</comp>

<comp id="175" class="1004" name="add_ln226_1_fu_175">
<pin_list>
<pin id="176" dir="0" index="0" bw="8" slack="0"/>
<pin id="177" dir="0" index="1" bw="1" slack="0"/>
<pin id="178" dir="1" index="2" bw="8" slack="0"/>
</pin_list>
<bind>
<opcode="add(8) " fcode="add"/>
<opset="add_ln226_1/1 "/>
</bind>
</comp>

<comp id="181" class="1004" name="select_ln226_1_fu_181">
<pin_list>
<pin id="182" dir="0" index="0" bw="1" slack="0"/>
<pin id="183" dir="0" index="1" bw="1" slack="0"/>
<pin id="184" dir="0" index="2" bw="8" slack="0"/>
<pin id="185" dir="1" index="3" bw="8" slack="0"/>
</pin_list>
<bind>
<opcode="select(49) " fcode="select"/>
<opset="select_ln226_1/1 "/>
</bind>
</comp>

<comp id="189" class="1004" name="store_ln225_store_fu_189">
<pin_list>
<pin id="190" dir="0" index="0" bw="10" slack="0"/>
<pin id="191" dir="0" index="1" bw="10" slack="0"/>
<pin id="192" dir="1" index="2" bw="0" slack="2147483647"/>
</pin_list>
<bind>
<opcode="store(28) " fcode="store"/>
<opset="store_ln225/1 "/>
</bind>
</comp>

<comp id="194" class="1004" name="store_ln226_store_fu_194">
<pin_list>
<pin id="195" dir="0" index="0" bw="8" slack="0"/>
<pin id="196" dir="0" index="1" bw="8" slack="0"/>
<pin id="197" dir="1" index="2" bw="0" slack="2147483647"/>
</pin_list>
<bind>
<opcode="store(28) " fcode="store"/>
<opset="store_ln226/1 "/>
</bind>
</comp>

<comp id="199" class="1004" name="i_n10_2_load_load_fu_199">
<pin_list>
<pin id="200" dir="0" index="0" bw="4" slack="1"/>
<pin id="201" dir="1" index="1" bw="4" slack="0"/>
</pin_list>
<bind>
<opcode="load(27) " fcode="load"/>
<opset="i_n10_2_load/2 "/>
</bind>
</comp>

<comp id="202" class="1004" name="i_n10_1_load_load_fu_202">
<pin_list>
<pin id="203" dir="0" index="0" bw="4" slack="1"/>
<pin id="204" dir="1" index="1" bw="4" slack="0"/>
</pin_list>
<bind>
<opcode="load(27) " fcode="load"/>
<opset="i_n10_1_load/2 "/>
</bind>
</comp>

<comp id="205" class="1004" name="select_ln22_fu_205">
<pin_list>
<pin id="206" dir="0" index="0" bw="1" slack="1"/>
<pin id="207" dir="0" index="1" bw="1" slack="0"/>
<pin id="208" dir="0" index="2" bw="4" slack="0"/>
<pin id="209" dir="1" index="3" bw="4" slack="0"/>
</pin_list>
<bind>
<opcode="select(49) " fcode="select"/>
<opset="select_ln22/2 "/>
</bind>
</comp>

<comp id="212" class="1004" name="xor_ln22_fu_212">
<pin_list>
<pin id="213" dir="0" index="0" bw="1" slack="1"/>
<pin id="214" dir="0" index="1" bw="1" slack="0"/>
<pin id="215" dir="1" index="2" bw="1" slack="0"/>
</pin_list>
<bind>
<opcode="xor(25) " fcode="xor"/>
<opset="xor_ln22/2 "/>
</bind>
</comp>

<comp id="217" class="1004" name="icmp_ln227_fu_217">
<pin_list>
<pin id="218" dir="0" index="0" bw="4" slack="0"/>
<pin id="219" dir="0" index="1" bw="4" slack="0"/>
<pin id="220" dir="1" index="2" bw="1" slack="0"/>
</pin_list>
<bind>
<opcode="icmp(45) " fcode="icmp"/>
<opset="icmp_ln227/2 "/>
</bind>
</comp>

<comp id="223" class="1004" name="and_ln22_fu_223">
<pin_list>
<pin id="224" dir="0" index="0" bw="1" slack="0"/>
<pin id="225" dir="0" index="1" bw="1" slack="0"/>
<pin id="226" dir="1" index="2" bw="1" slack="0"/>
</pin_list>
<bind>
<opcode="and(23) " fcode="and"/>
<opset="and_ln22/2 "/>
</bind>
</comp>

<comp id="229" class="1004" name="add_ln226_fu_229">
<pin_list>
<pin id="230" dir="0" index="0" bw="4" slack="0"/>
<pin id="231" dir="0" index="1" bw="1" slack="0"/>
<pin id="232" dir="1" index="2" bw="4" slack="0"/>
</pin_list>
<bind>
<opcode="add(8) " fcode="add"/>
<opset="add_ln226/2 "/>
</bind>
</comp>

<comp id="235" class="1004" name="or_ln22_fu_235">
<pin_list>
<pin id="236" dir="0" index="0" bw="1" slack="0"/>
<pin id="237" dir="0" index="1" bw="1" slack="1"/>
<pin id="238" dir="1" index="2" bw="1" slack="0"/>
</pin_list>
<bind>
<opcode="or(24) " fcode="or"/>
<opset="or_ln22/2 "/>
</bind>
</comp>

<comp id="240" class="1004" name="select_ln22_1_fu_240">
<pin_list>
<pin id="241" dir="0" index="0" bw="1" slack="0"/>
<pin id="242" dir="0" index="1" bw="1" slack="0"/>
<pin id="243" dir="0" index="2" bw="4" slack="0"/>
<pin id="244" dir="1" index="3" bw="4" slack="0"/>
</pin_list>
<bind>
<opcode="select(49) " fcode="select"/>
<opset="select_ln22_1/2 "/>
</bind>
</comp>

<comp id="248" class="1004" name="select_ln226_fu_248">
<pin_list>
<pin id="249" dir="0" index="0" bw="1" slack="0"/>
<pin id="250" dir="0" index="1" bw="4" slack="0"/>
<pin id="251" dir="0" index="2" bw="4" slack="0"/>
<pin id="252" dir="1" index="3" bw="4" slack="0"/>
</pin_list>
<bind>
<opcode="select(49) " fcode="select"/>
<opset="select_ln226/2 "/>
</bind>
</comp>

<comp id="256" class="1004" name="trunc_ln228_fu_256">
<pin_list>
<pin id="257" dir="0" index="0" bw="4" slack="0"/>
<pin id="258" dir="1" index="1" bw="3" slack="0"/>
</pin_list>
<bind>
<opcode="trunc(33) " fcode="trunc"/>
<opset="trunc_ln228/2 "/>
</bind>
</comp>

<comp id="260" class="1004" name="tmp_4_fu_260">
<pin_list>
<pin id="261" dir="0" index="0" bw="6" slack="0"/>
<pin id="262" dir="0" index="1" bw="3" slack="0"/>
<pin id="263" dir="0" index="2" bw="1" slack="0"/>
<pin id="264" dir="1" index="3" bw="6" slack="0"/>
</pin_list>
<bind>
<opcode="bitconcatenate(1004) " fcode="bitconcatenate"/>
<opset="tmp_4/2 "/>
</bind>
</comp>

<comp id="268" class="1004" name="zext_ln228_fu_268">
<pin_list>
<pin id="269" dir="0" index="0" bw="4" slack="0"/>
<pin id="270" dir="1" index="1" bw="6" slack="0"/>
</pin_list>
<bind>
<opcode="zext(34) " fcode="zext"/>
<opset="zext_ln228/2 "/>
</bind>
</comp>

<comp id="272" class="1004" name="add_ln228_fu_272">
<pin_list>
<pin id="273" dir="0" index="0" bw="6" slack="0"/>
<pin id="274" dir="0" index="1" bw="4" slack="0"/>
<pin id="275" dir="1" index="2" bw="6" slack="0"/>
</pin_list>
<bind>
<opcode="add(8) " fcode="add"/>
<opset="add_ln228/2 "/>
</bind>
</comp>

<comp id="278" class="1004" name="zext_ln228_1_fu_278">
<pin_list>
<pin id="279" dir="0" index="0" bw="6" slack="0"/>
<pin id="280" dir="1" index="1" bw="64" slack="0"/>
</pin_list>
<bind>
<opcode="zext(34) " fcode="zext"/>
<opset="zext_ln228_1/2 "/>
</bind>
</comp>

<comp id="283" class="1004" name="add_ln227_fu_283">
<pin_list>
<pin id="284" dir="0" index="0" bw="4" slack="0"/>
<pin id="285" dir="0" index="1" bw="1" slack="0"/>
<pin id="286" dir="1" index="2" bw="4" slack="0"/>
</pin_list>
<bind>
<opcode="add(8) " fcode="add"/>
<opset="add_ln227/2 "/>
</bind>
</comp>

<comp id="289" class="1004" name="store_ln226_store_fu_289">
<pin_list>
<pin id="290" dir="0" index="0" bw="4" slack="0"/>
<pin id="291" dir="0" index="1" bw="4" slack="1"/>
<pin id="292" dir="1" index="2" bw="0" slack="2147483647"/>
</pin_list>
<bind>
<opcode="store(28) " fcode="store"/>
<opset="store_ln226/2 "/>
</bind>
</comp>

<comp id="294" class="1004" name="store_ln227_store_fu_294">
<pin_list>
<pin id="295" dir="0" index="0" bw="4" slack="0"/>
<pin id="296" dir="0" index="1" bw="4" slack="1"/>
<pin id="297" dir="1" index="2" bw="0" slack="2147483647"/>
</pin_list>
<bind>
<opcode="store(28) " fcode="store"/>
<opset="store_ln227/2 "/>
</bind>
</comp>

<comp id="299" class="1004" name="m110_fu_299">
<pin_list>
<pin id="300" dir="0" index="0" bw="15" slack="0"/>
<pin id="301" dir="0" index="1" bw="8" slack="2"/>
<pin id="302" dir="1" index="2" bw="15" slack="1"/>
</pin_list>
<bind>
<opcode="mul(12) " fcode="mul"/>
<opset="m110/3 "/>
</bind>
</comp>

<comp id="304" class="1004" name="m27_load_7_load_fu_304">
<pin_list>
<pin id="305" dir="0" index="0" bw="16" slack="3"/>
<pin id="306" dir="1" index="1" bw="16" slack="0"/>
</pin_list>
<bind>
<opcode="load(27) " fcode="load"/>
<opset="m27_load_7/4 "/>
</bind>
</comp>

<comp id="307" class="1004" name="sext_ln230_fu_307">
<pin_list>
<pin id="308" dir="0" index="0" bw="15" slack="1"/>
<pin id="309" dir="1" index="1" bw="16" slack="0"/>
</pin_list>
<bind>
<opcode="sext(35) " fcode="sext"/>
<opset="sext_ln230/4 "/>
</bind>
</comp>

<comp id="310" class="1004" name="add_ln230_fu_310">
<pin_list>
<pin id="311" dir="0" index="0" bw="8" slack="3"/>
<pin id="312" dir="0" index="1" bw="15" slack="0"/>
<pin id="313" dir="1" index="2" bw="16" slack="0"/>
</pin_list>
<bind>
<opcode="add(8) " fcode="add"/>
<opset="add_ln230/4 "/>
</bind>
</comp>

<comp id="315" class="1004" name="m27_12_fu_315">
<pin_list>
<pin id="316" dir="0" index="0" bw="16" slack="0"/>
<pin id="317" dir="0" index="1" bw="16" slack="0"/>
<pin id="318" dir="1" index="2" bw="16" slack="0"/>
</pin_list>
<bind>
<opcode="add(8) " fcode="add"/>
<opset="m27_12/4 "/>
</bind>
</comp>

<comp id="321" class="1004" name="store_ln22_store_fu_321">
<pin_list>
<pin id="322" dir="0" index="0" bw="16" slack="0"/>
<pin id="323" dir="0" index="1" bw="16" slack="3"/>
<pin id="324" dir="1" index="2" bw="0" slack="2147483647"/>
</pin_list>
<bind>
<opcode="store(28) " fcode="store"/>
<opset="store_ln22/4 "/>
</bind>
</comp>

<comp id="326" class="1004" name="m27_load_load_fu_326">
<pin_list>
<pin id="327" dir="0" index="0" bw="16" slack="2"/>
<pin id="328" dir="1" index="1" bw="16" slack="0"/>
</pin_list>
<bind>
<opcode="load(27) " fcode="load"/>
<opset="m27_load/3 "/>
</bind>
</comp>

<comp id="330" class="1005" name="m27_reg_330">
<pin_list>
<pin id="331" dir="0" index="0" bw="16" slack="0"/>
<pin id="332" dir="1" index="1" bw="16" slack="0"/>
</pin_list>
<bind>
<opset="m27 "/>
</bind>
</comp>

<comp id="338" class="1005" name="i_n10_2_reg_338">
<pin_list>
<pin id="339" dir="0" index="0" bw="4" slack="0"/>
<pin id="340" dir="1" index="1" bw="4" slack="0"/>
</pin_list>
<bind>
<opset="i_n10_2 "/>
</bind>
</comp>

<comp id="345" class="1005" name="i_n10_1_reg_345">
<pin_list>
<pin id="346" dir="0" index="0" bw="4" slack="0"/>
<pin id="347" dir="1" index="1" bw="4" slack="0"/>
</pin_list>
<bind>
<opset="i_n10_1 "/>
</bind>
</comp>

<comp id="352" class="1005" name="indvar_flatten96_reg_352">
<pin_list>
<pin id="353" dir="0" index="0" bw="8" slack="0"/>
<pin id="354" dir="1" index="1" bw="8" slack="0"/>
</pin_list>
<bind>
<opset="indvar_flatten96 "/>
</bind>
</comp>

<comp id="359" class="1005" name="indvar_flatten109_reg_359">
<pin_list>
<pin id="360" dir="0" index="0" bw="10" slack="0"/>
<pin id="361" dir="1" index="1" bw="10" slack="0"/>
</pin_list>
<bind>
<opset="indvar_flatten109 "/>
</bind>
</comp>

<comp id="366" class="1005" name="conv3_i12_i132751_cast_reg_366">
<pin_list>
<pin id="367" dir="0" index="0" bw="16" slack="3"/>
<pin id="368" dir="1" index="1" bw="16" slack="3"/>
</pin_list>
<bind>
<opset="conv3_i12_i132751_cast "/>
</bind>
</comp>

<comp id="371" class="1005" name="sext_ln228_cast_reg_371">
<pin_list>
<pin id="372" dir="0" index="0" bw="15" slack="2"/>
<pin id="373" dir="1" index="1" bw="15" slack="2"/>
</pin_list>
<bind>
<opset="sext_ln228_cast "/>
</bind>
</comp>

<comp id="376" class="1005" name="icmp_ln225_reg_376">
<pin_list>
<pin id="377" dir="0" index="0" bw="1" slack="2"/>
<pin id="378" dir="1" index="1" bw="1" slack="2147483647"/>
</pin_list>
<bind>
<opset="icmp_ln225 "/>
</bind>
</comp>

<comp id="380" class="1005" name="icmp_ln226_reg_380">
<pin_list>
<pin id="381" dir="0" index="0" bw="1" slack="1"/>
<pin id="382" dir="1" index="1" bw="1" slack="1"/>
</pin_list>
<bind>
<opset="icmp_ln226 "/>
</bind>
</comp>

<comp id="387" class="1005" name="m64_addr_reg_387">
<pin_list>
<pin id="388" dir="0" index="0" bw="6" slack="1"/>
<pin id="389" dir="1" index="1" bw="6" slack="1"/>
</pin_list>
<bind>
<opset="m64_addr "/>
</bind>
</comp>

<comp id="392" class="1005" name="m110_reg_392">
<pin_list>
<pin id="393" dir="0" index="0" bw="15" slack="1"/>
<pin id="394" dir="1" index="1" bw="15" slack="1"/>
</pin_list>
<bind>
<opset="m110 "/>
</bind>
</comp>

</comp_list>

<net_list>
<net id="63"><net_src comp="10" pin="0"/><net_sink comp="60" pin=0"/></net>

<net id="67"><net_src comp="10" pin="0"/><net_sink comp="64" pin=0"/></net>

<net id="71"><net_src comp="10" pin="0"/><net_sink comp="68" pin=0"/></net>

<net id="75"><net_src comp="10" pin="0"/><net_sink comp="72" pin=0"/></net>

<net id="79"><net_src comp="10" pin="0"/><net_sink comp="76" pin=0"/></net>

<net id="84"><net_src comp="12" pin="0"/><net_sink comp="80" pin=0"/></net>

<net id="85"><net_src comp="6" pin="0"/><net_sink comp="80" pin=1"/></net>

<net id="90"><net_src comp="12" pin="0"/><net_sink comp="86" pin=0"/></net>

<net id="91"><net_src comp="4" pin="0"/><net_sink comp="86" pin=1"/></net>

<net id="96"><net_src comp="14" pin="0"/><net_sink comp="92" pin=0"/></net>

<net id="97"><net_src comp="0" pin="0"/><net_sink comp="92" pin=1"/></net>

<net id="103"><net_src comp="58" pin="0"/><net_sink comp="98" pin=0"/></net>

<net id="104"><net_src comp="8" pin="0"/><net_sink comp="98" pin=1"/></net>

<net id="110"><net_src comp="2" pin="0"/><net_sink comp="105" pin=0"/></net>

<net id="111"><net_src comp="40" pin="0"/><net_sink comp="105" pin=1"/></net>

<net id="117"><net_src comp="105" pin="3"/><net_sink comp="112" pin=0"/></net>

<net id="121"><net_src comp="80" pin="2"/><net_sink comp="118" pin=0"/></net>

<net id="125"><net_src comp="86" pin="2"/><net_sink comp="122" pin=0"/></net>

<net id="130"><net_src comp="16" pin="0"/><net_sink comp="126" pin=0"/></net>

<net id="135"><net_src comp="18" pin="0"/><net_sink comp="131" pin=0"/></net>

<net id="140"><net_src comp="20" pin="0"/><net_sink comp="136" pin=0"/></net>

<net id="145"><net_src comp="20" pin="0"/><net_sink comp="141" pin=0"/></net>

<net id="150"><net_src comp="92" pin="2"/><net_sink comp="146" pin=0"/></net>

<net id="158"><net_src comp="151" pin="1"/><net_sink comp="154" pin=0"/></net>

<net id="159"><net_src comp="22" pin="0"/><net_sink comp="154" pin=1"/></net>

<net id="164"><net_src comp="151" pin="1"/><net_sink comp="160" pin=0"/></net>

<net id="165"><net_src comp="24" pin="0"/><net_sink comp="160" pin=1"/></net>

<net id="173"><net_src comp="166" pin="1"/><net_sink comp="169" pin=0"/></net>

<net id="174"><net_src comp="26" pin="0"/><net_sink comp="169" pin=1"/></net>

<net id="179"><net_src comp="166" pin="1"/><net_sink comp="175" pin=0"/></net>

<net id="180"><net_src comp="28" pin="0"/><net_sink comp="175" pin=1"/></net>

<net id="186"><net_src comp="169" pin="2"/><net_sink comp="181" pin=0"/></net>

<net id="187"><net_src comp="28" pin="0"/><net_sink comp="181" pin=1"/></net>

<net id="188"><net_src comp="175" pin="2"/><net_sink comp="181" pin=2"/></net>

<net id="193"><net_src comp="160" pin="2"/><net_sink comp="189" pin=0"/></net>

<net id="198"><net_src comp="181" pin="3"/><net_sink comp="194" pin=0"/></net>

<net id="210"><net_src comp="20" pin="0"/><net_sink comp="205" pin=1"/></net>

<net id="211"><net_src comp="202" pin="1"/><net_sink comp="205" pin=2"/></net>

<net id="216"><net_src comp="30" pin="0"/><net_sink comp="212" pin=1"/></net>

<net id="221"><net_src comp="199" pin="1"/><net_sink comp="217" pin=0"/></net>

<net id="222"><net_src comp="32" pin="0"/><net_sink comp="217" pin=1"/></net>

<net id="227"><net_src comp="217" pin="2"/><net_sink comp="223" pin=0"/></net>

<net id="228"><net_src comp="212" pin="2"/><net_sink comp="223" pin=1"/></net>

<net id="233"><net_src comp="205" pin="3"/><net_sink comp="229" pin=0"/></net>

<net id="234"><net_src comp="34" pin="0"/><net_sink comp="229" pin=1"/></net>

<net id="239"><net_src comp="223" pin="2"/><net_sink comp="235" pin=0"/></net>

<net id="245"><net_src comp="235" pin="2"/><net_sink comp="240" pin=0"/></net>

<net id="246"><net_src comp="20" pin="0"/><net_sink comp="240" pin=1"/></net>

<net id="247"><net_src comp="199" pin="1"/><net_sink comp="240" pin=2"/></net>

<net id="253"><net_src comp="223" pin="2"/><net_sink comp="248" pin=0"/></net>

<net id="254"><net_src comp="229" pin="2"/><net_sink comp="248" pin=1"/></net>

<net id="255"><net_src comp="205" pin="3"/><net_sink comp="248" pin=2"/></net>

<net id="259"><net_src comp="248" pin="3"/><net_sink comp="256" pin=0"/></net>

<net id="265"><net_src comp="36" pin="0"/><net_sink comp="260" pin=0"/></net>

<net id="266"><net_src comp="256" pin="1"/><net_sink comp="260" pin=1"/></net>

<net id="267"><net_src comp="38" pin="0"/><net_sink comp="260" pin=2"/></net>

<net id="271"><net_src comp="240" pin="3"/><net_sink comp="268" pin=0"/></net>

<net id="276"><net_src comp="260" pin="3"/><net_sink comp="272" pin=0"/></net>

<net id="277"><net_src comp="268" pin="1"/><net_sink comp="272" pin=1"/></net>

<net id="281"><net_src comp="272" pin="2"/><net_sink comp="278" pin=0"/></net>

<net id="282"><net_src comp="278" pin="1"/><net_sink comp="105" pin=2"/></net>

<net id="287"><net_src comp="240" pin="3"/><net_sink comp="283" pin=0"/></net>

<net id="288"><net_src comp="34" pin="0"/><net_sink comp="283" pin=1"/></net>

<net id="293"><net_src comp="248" pin="3"/><net_sink comp="289" pin=0"/></net>

<net id="298"><net_src comp="283" pin="2"/><net_sink comp="294" pin=0"/></net>

<net id="303"><net_src comp="112" pin="3"/><net_sink comp="299" pin=0"/></net>

<net id="314"><net_src comp="307" pin="1"/><net_sink comp="310" pin=1"/></net>

<net id="319"><net_src comp="304" pin="1"/><net_sink comp="315" pin=0"/></net>

<net id="320"><net_src comp="310" pin="2"/><net_sink comp="315" pin=1"/></net>

<net id="325"><net_src comp="315" pin="2"/><net_sink comp="321" pin=0"/></net>

<net id="329"><net_src comp="326" pin="1"/><net_sink comp="98" pin=2"/></net>

<net id="333"><net_src comp="60" pin="1"/><net_sink comp="330" pin=0"/></net>

<net id="334"><net_src comp="330" pin="1"/><net_sink comp="146" pin=1"/></net>

<net id="335"><net_src comp="330" pin="1"/><net_sink comp="304" pin=0"/></net>

<net id="336"><net_src comp="330" pin="1"/><net_sink comp="321" pin=1"/></net>

<net id="337"><net_src comp="330" pin="1"/><net_sink comp="326" pin=0"/></net>

<net id="341"><net_src comp="64" pin="1"/><net_sink comp="338" pin=0"/></net>

<net id="342"><net_src comp="338" pin="1"/><net_sink comp="141" pin=1"/></net>

<net id="343"><net_src comp="338" pin="1"/><net_sink comp="199" pin=0"/></net>

<net id="344"><net_src comp="338" pin="1"/><net_sink comp="294" pin=1"/></net>

<net id="348"><net_src comp="68" pin="1"/><net_sink comp="345" pin=0"/></net>

<net id="349"><net_src comp="345" pin="1"/><net_sink comp="136" pin=1"/></net>

<net id="350"><net_src comp="345" pin="1"/><net_sink comp="202" pin=0"/></net>

<net id="351"><net_src comp="345" pin="1"/><net_sink comp="289" pin=1"/></net>

<net id="355"><net_src comp="72" pin="1"/><net_sink comp="352" pin=0"/></net>

<net id="356"><net_src comp="352" pin="1"/><net_sink comp="131" pin=1"/></net>

<net id="357"><net_src comp="352" pin="1"/><net_sink comp="166" pin=0"/></net>

<net id="358"><net_src comp="352" pin="1"/><net_sink comp="194" pin=1"/></net>

<net id="362"><net_src comp="76" pin="1"/><net_sink comp="359" pin=0"/></net>

<net id="363"><net_src comp="359" pin="1"/><net_sink comp="126" pin=1"/></net>

<net id="364"><net_src comp="359" pin="1"/><net_sink comp="151" pin=0"/></net>

<net id="365"><net_src comp="359" pin="1"/><net_sink comp="189" pin=1"/></net>

<net id="369"><net_src comp="118" pin="1"/><net_sink comp="366" pin=0"/></net>

<net id="370"><net_src comp="366" pin="1"/><net_sink comp="310" pin=0"/></net>

<net id="374"><net_src comp="122" pin="1"/><net_sink comp="371" pin=0"/></net>

<net id="375"><net_src comp="371" pin="1"/><net_sink comp="299" pin=1"/></net>

<net id="379"><net_src comp="154" pin="2"/><net_sink comp="376" pin=0"/></net>

<net id="383"><net_src comp="169" pin="2"/><net_sink comp="380" pin=0"/></net>

<net id="384"><net_src comp="380" pin="1"/><net_sink comp="205" pin=0"/></net>

<net id="385"><net_src comp="380" pin="1"/><net_sink comp="212" pin=0"/></net>

<net id="386"><net_src comp="380" pin="1"/><net_sink comp="235" pin=1"/></net>

<net id="390"><net_src comp="105" pin="3"/><net_sink comp="387" pin=0"/></net>

<net id="391"><net_src comp="387" pin="1"/><net_sink comp="112" pin=0"/></net>

<net id="395"><net_src comp="299" pin="2"/><net_sink comp="392" pin=0"/></net>

<net id="396"><net_src comp="392" pin="1"/><net_sink comp="307" pin=0"/></net>

</net_list>

</model> 
---------------- Datapath Model END ------------------

* FSMD analyzer results:
  - Output states:
	Port: m27_17_out | {3 }
 - Input state : 
	Port: case_3_Pipeline_L_n10_1_L_n10_2_L_n10_3 : m27_15_reload | {1 }
	Port: case_3_Pipeline_L_n10_1_L_n10_2_L_n10_3 : m64 | {2 3 }
	Port: case_3_Pipeline_L_n10_1_L_n10_2_L_n10_3 : sext_ln228 | {1 }
	Port: case_3_Pipeline_L_n10_1_L_n10_2_L_n10_3 : conv3_i12_i132751 | {1 }
  - Chain level:
	State 1
		store_ln0 : 1
		store_ln0 : 1
		store_ln226 : 1
		store_ln227 : 1
		indvar_flatten109_load : 1
		icmp_ln225 : 2
		add_ln225 : 2
		br_ln225 : 3
		indvar_flatten96_load : 1
		icmp_ln226 : 2
		add_ln226_1 : 2
		select_ln226_1 : 3
		store_ln225 : 3
		store_ln226 : 4
	State 2
		select_ln22 : 1
		icmp_ln227 : 1
		and_ln22 : 2
		add_ln226 : 2
		or_ln22 : 2
		select_ln22_1 : 2
		select_ln226 : 3
		trunc_ln228 : 4
		tmp_4 : 5
		zext_ln228 : 3
		add_ln228 : 6
		zext_ln228_1 : 7
		m64_addr : 8
		m64_load : 9
		add_ln227 : 3
		store_ln226 : 4
		store_ln227 : 4
	State 3
		m110 : 1
		write_ln0 : 1
	State 4
		add_ln230 : 1
		m27_12 : 2
		store_ln22 : 3


============================================================
+ Verbose Summary: Datapath Resource usage 
============================================================

* Functional unit list:
|----------|-----------------------------------|---------|---------|---------|
| Operation|          Functional Unit          |   DSP   |    FF   |   LUT   |
|----------|-----------------------------------|---------|---------|---------|
|          |          add_ln225_fu_160         |    0    |    0    |    13   |
|          |         add_ln226_1_fu_175        |    0    |    0    |    15   |
|          |          add_ln226_fu_229         |    0    |    0    |    13   |
|    add   |          add_ln228_fu_272         |    0    |    0    |    14   |
|          |          add_ln227_fu_283         |    0    |    0    |    13   |
|          |          add_ln230_fu_310         |    0    |    0    |    15   |
|          |           m27_12_fu_315           |    0    |    0    |    16   |
|----------|-----------------------------------|---------|---------|---------|
|          |         icmp_ln225_fu_154         |    0    |    0    |    13   |
|   icmp   |         icmp_ln226_fu_169         |    0    |    0    |    15   |
|          |         icmp_ln227_fu_217         |    0    |    0    |    13   |
|----------|-----------------------------------|---------|---------|---------|
|          |       select_ln226_1_fu_181       |    0    |    0    |    8    |
|  select  |         select_ln22_fu_205        |    0    |    0    |    4    |
|          |        select_ln22_1_fu_240       |    0    |    0    |    4    |
|          |        select_ln226_fu_248        |    0    |    0    |    4    |
|----------|-----------------------------------|---------|---------|---------|
|    mul   |            m110_fu_299            |    1    |    0    |    6    |
|----------|-----------------------------------|---------|---------|---------|
|    xor   |          xor_ln22_fu_212          |    0    |    0    |    2    |
|----------|-----------------------------------|---------|---------|---------|
|    and   |          and_ln22_fu_223          |    0    |    0    |    2    |
|----------|-----------------------------------|---------|---------|---------|
|    or    |           or_ln22_fu_235          |    0    |    0    |    2    |
|----------|-----------------------------------|---------|---------|---------|
|          | conv3_i12_i132751_read_read_fu_80 |    0    |    0    |    0    |
|   read   |     sext_ln228_read_read_fu_86    |    0    |    0    |    0    |
|          |   m27_15_reload_read_read_fu_92   |    0    |    0    |    0    |
|----------|-----------------------------------|---------|---------|---------|
|   write  |       write_ln0_write_fu_98       |    0    |    0    |    0    |
|----------|-----------------------------------|---------|---------|---------|
|          |   conv3_i12_i132751_cast_fu_118   |    0    |    0    |    0    |
|   sext   |       sext_ln228_cast_fu_122      |    0    |    0    |    0    |
|          |         sext_ln230_fu_307         |    0    |    0    |    0    |
|----------|-----------------------------------|---------|---------|---------|
|   trunc  |         trunc_ln228_fu_256        |    0    |    0    |    0    |
|----------|-----------------------------------|---------|---------|---------|
|bitconcatenate|            tmp_4_fu_260           |    0    |    0    |    0    |
|----------|-----------------------------------|---------|---------|---------|
|   zext   |         zext_ln228_fu_268         |    0    |    0    |    0    |
|          |        zext_ln228_1_fu_278        |    0    |    0    |    0    |
|----------|-----------------------------------|---------|---------|---------|
|   Total  |                                   |    1    |    0    |   172   |
|----------|-----------------------------------|---------|---------|---------|

Memories:
N/A

* Register list:
+------------------------------+--------+
|                              |   FF   |
+------------------------------+--------+
|conv3_i12_i132751_cast_reg_366|   16   |
|        i_n10_1_reg_345       |    4   |
|        i_n10_2_reg_338       |    4   |
|      icmp_ln225_reg_376      |    1   |
|      icmp_ln226_reg_380      |    1   |
|   indvar_flatten109_reg_359  |   10   |
|   indvar_flatten96_reg_352   |    8   |
|         m110_reg_392         |   15   |
|          m27_reg_330         |   16   |
|       m64_addr_reg_387       |    6   |
|    sext_ln228_cast_reg_371   |   15   |
+------------------------------+--------+
|             Total            |   96   |
+------------------------------+--------+

* Multiplexer (MUX) list: 
|-------------------|------|------|------|--------||---------||---------||---------|
|        Comp       |  Pin | Size |  BW  | S x BW ||  Delay  ||    FF   ||   LUT   |
|-------------------|------|------|------|--------||---------||---------||---------|
| grp_access_fu_112 |  p0  |   2  |   6  |   12   ||    0    ||    9    |
|-------------------|------|------|------|--------||---------||---------||---------|
|       Total       |      |      |      |   12   ||  1.588  ||    0    ||    9    |
|-------------------|------|------|------|--------||---------||---------||---------|



* Summary:
+-----------+--------+--------+--------+--------+
|           |   DSP  |  Delay |   FF   |   LUT  |
+-----------+--------+--------+--------+--------+
|  Function |    1   |    -   |    0   |   172  |
|   Memory  |    -   |    -   |    -   |    -   |
|Multiplexer|    -   |    1   |    0   |    9   |
|  Register |    -   |    -   |   96   |    -   |
+-----------+--------+--------+--------+--------+
|   Total   |    1   |    1   |   96   |   181  |
+-----------+--------+--------+--------+--------+
