

================================================================
== Vitis HLS Report for 'case_3_Pipeline_L_n12_1_L_n12_2_L_n12_3'
================================================================
* Date:           Tue Jan 20 09:52:11 2026

* Version:        2025.1 (Build 6135595 on May 21 2025)
* Project:        project_tmp
* Solution:       solution_tmp (Vivado IP Flow Target)
* Product family: zynq
* Target device:  xc7z020-clg484-1


================================================================
== Performance Estimates
================================================================
+ Timing: 
    * Summary: 
    +--------+----------+----------+------------+
    |  Clock |  Target  | Estimated| Uncertainty|
    +--------+----------+----------+------------+
    |ap_clk  |  12.00 ns|  8.315 ns|     3.24 ns|
    +--------+----------+----------+------------+

+ Latency: 
    * Summary: 
    +---------+---------+----------+----------+-----+-----+------------------------------------------------+
    |  Latency (cycles) |  Latency (absolute) |  Interval |                    Pipeline                    |
    |   min   |   max   |    min   |    max   | min | max |                      Type                      |
    +---------+---------+----------+----------+-----+-----+------------------------------------------------+
    |      515|      515|  6.180 us|  6.180 us|  513|  513|  loop auto-rewind stp (delay=0 clock cycles(s))|
    +---------+---------+----------+----------+-----+-----+------------------------------------------------+

    + Detail: 
        * Instance: 
        N/A

        * Loop: 
        +---------------------------+---------+---------+----------+-----------+-----------+------+----------+
        |                           |  Latency (cycles) | Iteration|  Initiation Interval  | Trip |          |
        |         Loop Name         |   min   |   max   |  Latency |  achieved |   target  | Count| Pipelined|
        +---------------------------+---------+---------+----------+-----------+-----------+------+----------+
        |- L_n12_1_L_n12_2_L_n12_3  |      513|      513|         3|          1|          1|   512|       yes|
        +---------------------------+---------+---------+----------+-----------+-----------+------+----------+

============================================================
+ Verbose Summary: Synthesis Manager
============================================================
InlineROM: 1
ExposeGlobal: 0
============================================================
+ Verbose Summary: CDFG Model
============================================================
IsTopModel: 0
ResetActiveHigh: 1
IsCombinational: 0
IsDatapathOnly: 0
HasWiredReturn: 1
HasMFsm: 2
HasVarLatency: 1
IsPipeline: 0
IsRtlPipelined: 0
IsInstanceOverlapped: 0
IsDontTouch: 0
HasImplIP: 0
IsGatedGlobalClock: 0

+ Individual pipeline summary: 
  * Pipeline-0: initiation interval (II) = 1, depth = 3


============================================================
+ Verbose Summary: Schedule
============================================================
* Number of FSM states : 3
* Pipeline : 1
  Pipeline-0 : II = 1, D = 3, States = { 1 2 3 }
* Dataflow Pipeline: 0

* FSM state transitions: 
1 --> 2 
2 --> 3 
3 --> 

* FSM state operations: 

State 1 <SV = 0> <Delay = 7.85>
ST_1 : Operation 6 [1/1] (0.00ns)   --->   "%m27 = alloca i32 1" [case_3.cc:22]   --->   Operation 6 'alloca' 'm27' <Predicate = true> <Delay = 0.00>
ST_1 : Operation 7 [1/1] (0.00ns)   --->   "%i_n12_2 = alloca i32 1" [case_3.cc:243]   --->   Operation 7 'alloca' 'i_n12_2' <Predicate = true> <Delay = 0.00>
ST_1 : Operation 8 [1/1] (0.00ns)   --->   "%indvar_flatten123 = alloca i32 1"   --->   Operation 8 'alloca' 'indvar_flatten123' <Predicate = true> <Delay = 0.00>
ST_1 : Operation 9 [1/1] (0.00ns)   --->   "%indvar_flatten136 = alloca i32 1"   --->   Operation 9 'alloca' 'indvar_flatten136' <Predicate = true> <Delay = 0.00>
ST_1 : Operation 10 [1/1] (0.00ns)   --->   "%sext_ln108_read = read i4 @_ssdm_op_Read.ap_auto.i4, i4 %sext_ln108"   --->   Operation 10 'read' 'sext_ln108_read' <Predicate = true> <Delay = 0.00>
ST_1 : Operation 11 [1/1] (0.00ns)   --->   "%m120_cast_read = read i5 @_ssdm_op_Read.ap_auto.i5, i5 %m120_cast"   --->   Operation 11 'read' 'm120_cast_read' <Predicate = true> <Delay = 0.00>
ST_1 : Operation 12 [1/1] (0.00ns)   --->   "%conv3_i12_i4097189_phi_reload_read = read i3 @_ssdm_op_Read.ap_auto.i3, i3 %conv3_i12_i4097189_phi_reload"   --->   Operation 12 'read' 'conv3_i12_i4097189_phi_reload_read' <Predicate = true> <Delay = 0.00>
ST_1 : Operation 13 [1/1] (0.00ns)   --->   "%sext_ln241_read = read i9 @_ssdm_op_Read.ap_auto.i9, i9 %sext_ln241"   --->   Operation 13 'read' 'sext_ln241_read' <Predicate = true> <Delay = 0.00>
ST_1 : Operation 14 [1/1] (0.00ns)   --->   "%sext_ln22_4_read = read i8 @_ssdm_op_Read.ap_auto.i8, i8 %sext_ln22_4"   --->   Operation 14 'read' 'sext_ln22_4_read' <Predicate = true> <Delay = 0.00>
ST_1 : Operation 15 [1/1] (0.00ns)   --->   "%sext_ln247_read = read i7 @_ssdm_op_Read.ap_auto.i7, i7 %sext_ln247"   --->   Operation 15 'read' 'sext_ln247_read' <Predicate = true> <Delay = 0.00>
ST_1 : Operation 16 [1/1] (0.00ns)   --->   "%m27_19_reload_read = read i16 @_ssdm_op_Read.ap_auto.i16, i16 %m27_19_reload"   --->   Operation 16 'read' 'm27_19_reload_read' <Predicate = true> <Delay = 0.00>
ST_1 : Operation 17 [1/1] (0.00ns)   --->   "%sext_ln108_cast = sext i4 %sext_ln108_read"   --->   Operation 17 'sext' 'sext_ln108_cast' <Predicate = true> <Delay = 0.00>
ST_1 : Operation 18 [1/1] (0.00ns)   --->   "%m120_cast_cast = sext i5 %m120_cast_read"   --->   Operation 18 'sext' 'm120_cast_cast' <Predicate = true> <Delay = 0.00>
ST_1 : Operation 19 [1/1] (0.00ns)   --->   "%sext_ln22_4_cast = sext i8 %sext_ln22_4_read"   --->   Operation 19 'sext' 'sext_ln22_4_cast' <Predicate = true> <Delay = 0.00>
ST_1 : Operation 20 [1/1] (0.00ns)   --->   "%sext_ln247_cast = sext i7 %sext_ln247_read"   --->   Operation 20 'sext' 'sext_ln247_cast' <Predicate = true> <Delay = 0.00>
ST_1 : Operation 21 [1/1] (0.00ns)   --->   "%conv3_i12_i4097189_phi_reload_cast = sext i3 %conv3_i12_i4097189_phi_reload_read"   --->   Operation 21 'sext' 'conv3_i12_i4097189_phi_reload_cast' <Predicate = true> <Delay = 0.00>
ST_1 : Operation 22 [1/1] (0.00ns)   --->   "%sext_ln241_cast = sext i9 %sext_ln241_read"   --->   Operation 22 'sext' 'sext_ln241_cast' <Predicate = true> <Delay = 0.00>
ST_1 : Operation 23 [1/1] (0.00ns)   --->   "%specinterface_ln0 = specinterface void @_ssdm_op_SpecInterface, i8 %in_data_12, void @empty, i32 0, i32 0, void @empty_5, i32 4294967295, i32 0, void @empty_5, void @empty_5, void @empty_5, i32 0, i32 0, i32 0, i32 0, void @empty_5, void @empty_5, i32 4294967295, i32 0, i32 0"   --->   Operation 23 'specinterface' 'specinterface_ln0' <Predicate = true> <Delay = 0.00>
ST_1 : Operation 24 [1/1] (0.00ns)   --->   "%specinterface_ln0 = specinterface void @_ssdm_op_SpecInterface, i8 %in_data_0, void @empty, i32 0, i32 0, void @empty_5, i32 4294967295, i32 0, void @empty_5, void @empty_5, void @empty_5, i32 0, i32 0, i32 0, i32 0, void @empty_5, void @empty_5, i32 4294967295, i32 0, i32 0"   --->   Operation 24 'specinterface' 'specinterface_ln0' <Predicate = true> <Delay = 0.00>
ST_1 : Operation 25 [1/1] (1.58ns)   --->   "%store_ln0 = store i10 0, i10 %indvar_flatten136"   --->   Operation 25 'store' 'store_ln0' <Predicate = true> <Delay = 1.58>
ST_1 : Operation 26 [1/1] (1.58ns)   --->   "%store_ln0 = store i8 0, i8 %indvar_flatten123"   --->   Operation 26 'store' 'store_ln0' <Predicate = true> <Delay = 1.58>
ST_1 : Operation 27 [1/1] (1.58ns)   --->   "%store_ln243 = store i4 0, i4 %i_n12_2" [case_3.cc:243]   --->   Operation 27 'store' 'store_ln243' <Predicate = true> <Delay = 1.58>
ST_1 : Operation 28 [1/1] (1.58ns)   --->   "%store_ln22 = store i16 %m27_19_reload_read, i16 %m27" [case_3.cc:22]   --->   Operation 28 'store' 'store_ln22' <Predicate = true> <Delay = 1.58>
ST_1 : Operation 29 [1/1] (0.00ns)   --->   "%br_ln0 = br void %for.inc912"   --->   Operation 29 'br' 'br_ln0' <Predicate = true> <Delay = 0.00>
ST_1 : Operation 30 [1/1] (0.00ns)   --->   "%indvar_flatten136_load = load i10 %indvar_flatten136" [case_3.cc:241]   --->   Operation 30 'load' 'indvar_flatten136_load' <Predicate = true> <Delay = 0.00>
ST_1 : Operation 31 [1/1] (1.73ns)   --->   "%icmp_ln241 = icmp_eq  i10 %indvar_flatten136_load, i10 512" [case_3.cc:241]   --->   Operation 31 'icmp' 'icmp_ln241' <Predicate = true> <Delay = 1.73> <CoreInst = "Cmp">   --->   Core 9 'Cmp' <Latency = 0> <II = 1> <Delay = 1.73> <FuncUnit> <Opcode : 'seteq' 'setne' 'setle' 'setge' 'setlt' 'setgt'> <InPorts = 2> <OutPorts = 1>
ST_1 : Operation 32 [1/1] (1.73ns)   --->   "%add_ln241 = add i10 %indvar_flatten136_load, i10 1" [case_3.cc:241]   --->   Operation 32 'add' 'add_ln241' <Predicate = true> <Delay = 1.73> <CoreInst = "Adder">   --->   Core 1 'Adder' <Latency = 0> <II = 1> <Delay = 1.73> <FuncUnit> <Opcode : 'add' 'sub'> <InPorts = 2> <OutPorts = 1>
ST_1 : Operation 33 [1/1] (0.00ns)   --->   "%br_ln241 = br i1 %icmp_ln241, void %for.inc918, void %for.end920.exitStub" [case_3.cc:241]   --->   Operation 33 'br' 'br_ln241' <Predicate = true> <Delay = 0.00>
ST_1 : Operation 34 [1/1] (0.00ns)   --->   "%i_n12_2_load = load i4 %i_n12_2" [case_3.cc:243]   --->   Operation 34 'load' 'i_n12_2_load' <Predicate = (!icmp_ln241)> <Delay = 0.00>
ST_1 : Operation 35 [1/1] (0.00ns)   --->   "%indvar_flatten123_load = load i8 %indvar_flatten123" [case_3.cc:242]   --->   Operation 35 'load' 'indvar_flatten123_load' <Predicate = (!icmp_ln241)> <Delay = 0.00>
ST_1 : Operation 36 [1/1] (1.91ns)   --->   "%icmp_ln242 = icmp_eq  i8 %indvar_flatten123_load, i8 64" [case_3.cc:242]   --->   Operation 36 'icmp' 'icmp_ln242' <Predicate = (!icmp_ln241)> <Delay = 1.91> <CoreInst = "Cmp">   --->   Core 9 'Cmp' <Latency = 0> <II = 1> <Delay = 1.91> <FuncUnit> <Opcode : 'seteq' 'setne' 'setle' 'setge' 'setlt' 'setgt'> <InPorts = 2> <OutPorts = 1>
ST_1 : Operation 37 [1/1] (0.00ns) (grouped into LUT with out node select_ln22)   --->   "%xor_ln22 = xor i1 %icmp_ln242, i1 1" [case_3.cc:22]   --->   Operation 37 'xor' 'xor_ln22' <Predicate = (!icmp_ln241)> <Delay = 0.00> <CoreInst = "LogicGate">   --->   Core 74 'LogicGate' <Latency = 0> <II = 1> <Delay = 0.97> <FuncUnit> <Opcode : 'and' 'or' 'xor'> <InPorts = 2> <OutPorts = 1>
ST_1 : Operation 38 [1/1] (1.73ns)   --->   "%icmp_ln243 = icmp_eq  i4 %i_n12_2_load, i4 8" [case_3.cc:243]   --->   Operation 38 'icmp' 'icmp_ln243' <Predicate = (!icmp_ln241)> <Delay = 1.73> <CoreInst = "Cmp">   --->   Core 9 'Cmp' <Latency = 0> <II = 1> <Delay = 1.73> <FuncUnit> <Opcode : 'seteq' 'setne' 'setle' 'setge' 'setlt' 'setgt'> <InPorts = 2> <OutPorts = 1>
ST_1 : Operation 39 [1/1] (0.00ns) (grouped into LUT with out node select_ln22)   --->   "%and_ln22 = and i1 %icmp_ln243, i1 %xor_ln22" [case_3.cc:22]   --->   Operation 39 'and' 'and_ln22' <Predicate = (!icmp_ln241)> <Delay = 0.00> <CoreInst = "LogicGate">   --->   Core 74 'LogicGate' <Latency = 0> <II = 1> <Delay = 0.97> <FuncUnit> <Opcode : 'and' 'or' 'xor'> <InPorts = 2> <OutPorts = 1>
ST_1 : Operation 40 [1/1] (0.00ns) (grouped into LUT with out node select_ln22)   --->   "%or_ln22 = or i1 %and_ln22, i1 %icmp_ln242" [case_3.cc:22]   --->   Operation 40 'or' 'or_ln22' <Predicate = (!icmp_ln241)> <Delay = 0.00> <CoreInst = "LogicGate">   --->   Core 74 'LogicGate' <Latency = 0> <II = 1> <Delay = 0.97> <FuncUnit> <Opcode : 'and' 'or' 'xor'> <InPorts = 2> <OutPorts = 1>
ST_1 : Operation 41 [1/1] (1.02ns) (out node of the LUT)   --->   "%select_ln22 = select i1 %or_ln22, i4 0, i4 %i_n12_2_load" [case_3.cc:22]   --->   Operation 41 'select' 'select_ln22' <Predicate = (!icmp_ln241)> <Delay = 1.02> <CoreInst = "Sel">   --->   Core 73 'Sel' <Latency = 0> <II = 1> <Delay = 1.02> <FuncUnit> <Opcode : 'select'> <InPorts = 3> <OutPorts = 1>
ST_1 : Operation 42 [1/1] (0.00ns)   --->   "%zext_ln243 = zext i4 %select_ln22" [case_3.cc:243]   --->   Operation 42 'zext' 'zext_ln243' <Predicate = (!icmp_ln241)> <Delay = 0.00>
ST_1 : Operation 43 [1/1] (0.00ns)   --->   "%in_data_0_addr = getelementptr i8 %in_data_0, i64 0, i64 %zext_ln243" [case_3.cc:247]   --->   Operation 43 'getelementptr' 'in_data_0_addr' <Predicate = (!icmp_ln241)> <Delay = 0.00>
ST_1 : Operation 44 [2/2] (2.32ns)   --->   "%in_data_0_load = load i4 %in_data_0_addr" [case_3.cc:247]   --->   Operation 44 'load' 'in_data_0_load' <Predicate = (!icmp_ln241)> <Delay = 2.32> <CoreInst = "RAM">   --->   Core 81 'RAM' <Latency = 1> <II = 1> <Delay = 2.32> <Storage> <Opcode : 'load' 'store'> <Ports = 2> <Width = 8> <Depth = 16> <RAM>
ST_1 : Operation 45 [1/1] (0.00ns)   --->   "%in_data_12_addr = getelementptr i8 %in_data_12, i64 0, i64 %zext_ln243" [case_3.cc:254]   --->   Operation 45 'getelementptr' 'in_data_12_addr' <Predicate = (!icmp_ln241)> <Delay = 0.00>
ST_1 : Operation 46 [2/2] (2.32ns)   --->   "%in_data_12_load = load i4 %in_data_12_addr" [case_3.cc:254]   --->   Operation 46 'load' 'in_data_12_load' <Predicate = (!icmp_ln241)> <Delay = 2.32> <CoreInst = "RAM">   --->   Core 81 'RAM' <Latency = 1> <II = 1> <Delay = 2.32> <Storage> <Opcode : 'load' 'store'> <Ports = 2> <Width = 8> <Depth = 16> <RAM>
ST_1 : Operation 47 [1/1] (1.73ns)   --->   "%add_ln243 = add i4 %select_ln22, i4 1" [case_3.cc:243]   --->   Operation 47 'add' 'add_ln243' <Predicate = (!icmp_ln241)> <Delay = 1.73> <CoreInst = "Adder">   --->   Core 1 'Adder' <Latency = 0> <II = 1> <Delay = 1.73> <FuncUnit> <Opcode : 'add' 'sub'> <InPorts = 2> <OutPorts = 1>
ST_1 : Operation 48 [1/1] (1.91ns)   --->   "%add_ln242 = add i8 %indvar_flatten123_load, i8 1" [case_3.cc:242]   --->   Operation 48 'add' 'add_ln242' <Predicate = (!icmp_ln241)> <Delay = 1.91> <CoreInst = "Adder">   --->   Core 1 'Adder' <Latency = 0> <II = 1> <Delay = 1.91> <FuncUnit> <Opcode : 'add' 'sub'> <InPorts = 2> <OutPorts = 1>
ST_1 : Operation 49 [1/1] (1.24ns)   --->   "%select_ln242 = select i1 %icmp_ln242, i8 1, i8 %add_ln242" [case_3.cc:242]   --->   Operation 49 'select' 'select_ln242' <Predicate = (!icmp_ln241)> <Delay = 1.24> <CoreInst = "Sel">   --->   Core 73 'Sel' <Latency = 0> <II = 1> <Delay = 1.24> <FuncUnit> <Opcode : 'select'> <InPorts = 3> <OutPorts = 1>
ST_1 : Operation 50 [1/1] (1.58ns)   --->   "%store_ln241 = store i10 %add_ln241, i10 %indvar_flatten136" [case_3.cc:241]   --->   Operation 50 'store' 'store_ln241' <Predicate = (!icmp_ln241)> <Delay = 1.58>
ST_1 : Operation 51 [1/1] (1.58ns)   --->   "%store_ln242 = store i8 %select_ln242, i8 %indvar_flatten123" [case_3.cc:242]   --->   Operation 51 'store' 'store_ln242' <Predicate = (!icmp_ln241)> <Delay = 1.58>
ST_1 : Operation 52 [1/1] (1.58ns)   --->   "%store_ln243 = store i4 %add_ln243, i4 %i_n12_2" [case_3.cc:243]   --->   Operation 52 'store' 'store_ln243' <Predicate = (!icmp_ln241)> <Delay = 1.58>

State 2 <SV = 1> <Delay = 8.31>
ST_2 : Operation 53 [1/2] ( I:2.32ns O:2.32ns )   --->   "%in_data_0_load = load i4 %in_data_0_addr" [case_3.cc:247]   --->   Operation 53 'load' 'in_data_0_load' <Predicate = true> <Delay = 2.32> <CoreInst = "RAM">   --->   Core 81 'RAM' <Latency = 1> <II = 1> <Delay = 2.32> <Storage> <Opcode : 'load' 'store'> <Ports = 2> <Width = 8> <Depth = 16> <RAM>
ST_2 : Operation 54 [1/1] (0.00ns)   --->   "%sext_ln247_1 = sext i8 %in_data_0_load" [case_3.cc:247]   --->   Operation 54 'sext' 'sext_ln247_1' <Predicate = true> <Delay = 0.00>
ST_2 : Operation 55 [1/1] (4.17ns)   --->   "%m122 = mul i9 %sext_ln247_1, i9 %sext_ln247_cast" [case_3.cc:247]   --->   Operation 55 'mul' 'm122' <Predicate = true> <Delay = 4.17> <CoreInst = "Multiplier">   --->   Core 3 'Multiplier' <Latency = 0> <II = 1> <Delay = 4.17> <FuncUnit> <Opcode : 'mul'> <InPorts = 2> <OutPorts = 1>
ST_2 : Operation 56 [1/1] (0.00ns)   --->   "%sext_ln83 = sext i9 %m122" [case_3.cc:83]   --->   Operation 56 'sext' 'sext_ln83' <Predicate = true> <Delay = 0.00>
ST_2 : Operation 57 [1/2] ( I:2.32ns O:2.32ns )   --->   "%in_data_12_load = load i4 %in_data_12_addr" [case_3.cc:254]   --->   Operation 57 'load' 'in_data_12_load' <Predicate = true> <Delay = 2.32> <CoreInst = "RAM">   --->   Core 81 'RAM' <Latency = 1> <II = 1> <Delay = 2.32> <Storage> <Opcode : 'load' 'store'> <Ports = 2> <Width = 8> <Depth = 16> <RAM>
ST_2 : Operation 58 [1/1] (0.00ns)   --->   "%sext_ln254 = sext i8 %in_data_12_load" [case_3.cc:254]   --->   Operation 58 'sext' 'sext_ln254' <Predicate = true> <Delay = 0.00>
ST_2 : Operation 59 [1/1] (1.91ns)   --->   "%m126 = add i9 %sext_ln254, i9 %sext_ln22_4_cast" [case_3.cc:254]   --->   Operation 59 'add' 'm126' <Predicate = true> <Delay = 1.91> <CoreInst = "Adder">   --->   Core 1 'Adder' <Latency = 0> <II = 1> <Delay = 1.91> <FuncUnit> <Opcode : 'add' 'sub'> <InPorts = 2> <OutPorts = 1>
ST_2 : Operation 60 [1/1] (0.00ns)   --->   "%sext_ln262 = sext i9 %m126" [case_3.cc:262]   --->   Operation 60 'sext' 'sext_ln262' <Predicate = true> <Delay = 0.00>
ST_2 : Operation 61 [1/1] (1.82ns)   --->   "%add_ln262 = add i10 %sext_ln241_cast, i10 %sext_ln262" [case_3.cc:262]   --->   Operation 61 'add' 'add_ln262' <Predicate = true> <Delay = 1.82> <CoreInst = "Adder">   --->   Core 1 'Adder' <Latency = 0> <II = 1> <Delay = 1.82> <FuncUnit> <Opcode : 'add' 'sub'> <InPorts = 2> <OutPorts = 1>
ST_2 : Operation 62 [1/1] (1.78ns)   --->   "%add_ln262_2 = add i6 %m120_cast_cast, i6 %sext_ln108_cast" [case_3.cc:262]   --->   Operation 62 'add' 'add_ln262_2' <Predicate = true> <Delay = 1.78> <CoreInst = "Adder">   --->   Core 1 'Adder' <Latency = 0> <II = 1> <Delay = 1.78> <FuncUnit> <Opcode : 'add' 'sub'> <InPorts = 2> <OutPorts = 1>
ST_2 : Operation 63 [1/1] (0.00ns)   --->   "%sext_ln262_2 = sext i6 %add_ln262_2" [case_3.cc:262]   --->   Operation 63 'sext' 'sext_ln262_2' <Predicate = true> <Delay = 0.00>
ST_2 : Operation 64 [1/1] (1.82ns)   --->   "%add_ln262_3 = add i10 %sext_ln262_2, i10 %sext_ln83" [case_3.cc:262]   --->   Operation 64 'add' 'add_ln262_3' <Predicate = true> <Delay = 1.82> <CoreInst = "Adder">   --->   Core 1 'Adder' <Latency = 0> <II = 1> <Delay = 1.82> <FuncUnit> <Opcode : 'add' 'sub'> <InPorts = 2> <OutPorts = 1>
ST_2 : Operation 77 [1/1] (0.00ns)   --->   "%m27_load = load i16 %m27"   --->   Operation 77 'load' 'm27_load' <Predicate = (icmp_ln241)> <Delay = 0.00>
ST_2 : Operation 78 [1/1] (0.00ns)   --->   "%write_ln0 = write void @_ssdm_op_Write.ap_auto.i16P0A, i16 %m27_21_out, i16 %m27_load"   --->   Operation 78 'write' 'write_ln0' <Predicate = (icmp_ln241)> <Delay = 0.00>
ST_2 : Operation 79 [1/1] (1.58ns)   --->   "%ret_ln0 = ret"   --->   Operation 79 'ret' 'ret_ln0' <Predicate = (icmp_ln241)> <Delay = 1.58>

State 3 <SV = 2> <Delay = 7.42>
ST_3 : Operation 65 [1/1] (0.00ns)   --->   "%m27_load_5 = load i16 %m27" [case_3.cc:262]   --->   Operation 65 'load' 'm27_load_5' <Predicate = true> <Delay = 0.00>
ST_3 : Operation 66 [1/1] (0.00ns)   --->   "%specloopname_ln0 = specloopname void @_ssdm_op_SpecLoopName, void @L_n12_1_L_n12_2_L_n12_3_str"   --->   Operation 66 'specloopname' 'specloopname_ln0' <Predicate = true> <Delay = 0.00>
ST_3 : Operation 67 [1/1] (0.00ns)   --->   "%speclooptripcount_ln0 = speclooptripcount void @_ssdm_op_SpecLoopTripCount, i64 512, i64 512, i64 512"   --->   Operation 67 'speclooptripcount' 'speclooptripcount_ln0' <Predicate = true> <Delay = 0.00>
ST_3 : Operation 68 [1/1] (0.00ns)   --->   "%specpipeline_ln22 = specpipeline void @_ssdm_op_SpecPipeline, i32 4294967295, i32 0, i32 0, i32 0, void @empty_5" [case_3.cc:22]   --->   Operation 68 'specpipeline' 'specpipeline_ln22' <Predicate = true> <Delay = 0.00>
ST_3 : Operation 69 [1/1] (0.00ns)   --->   "%sext_ln262_1 = sext i10 %add_ln262" [case_3.cc:262]   --->   Operation 69 'sext' 'sext_ln262_1' <Predicate = true> <Delay = 0.00>
ST_3 : Operation 70 [1/1] (0.00ns) (grouped into TernaryAdder)   --->   "%add_ln262_1 = add i11 %sext_ln262_1, i11 %conv3_i12_i4097189_phi_reload_cast" [case_3.cc:262]   --->   Operation 70 'add' 'add_ln262_1' <Predicate = true> <Delay = 0.00> <CoreInst = "TAddSub">   --->   Core 10 'TAddSub' <Latency = 0> <II = 1> <Delay = 1.87> <IPBlock> <Opcode : 'add' 'sub'> <InPorts = 3> <OutPorts = 1> <Sync> <CReg>
ST_3 : Operation 71 [1/1] (0.00ns)   --->   "%sext_ln262_3 = sext i10 %add_ln262_3" [case_3.cc:262]   --->   Operation 71 'sext' 'sext_ln262_3' <Predicate = true> <Delay = 0.00>
ST_3 : Operation 72 [1/1] (3.75ns) (root node of TernaryAdder)   --->   "%add_ln262_4 = add i11 %sext_ln262_3, i11 %add_ln262_1" [case_3.cc:262]   --->   Operation 72 'add' 'add_ln262_4' <Predicate = true> <Delay = 3.75> <CoreInst = "TAddSub">   --->   Core 10 'TAddSub' <Latency = 0> <II = 1> <Delay = 1.87> <IPBlock> <Opcode : 'add' 'sub'> <InPorts = 3> <OutPorts = 1> <Sync> <CReg>
ST_3 : Operation 73 [1/1] (0.00ns)   --->   "%sext_ln262_4 = sext i11 %add_ln262_4" [case_3.cc:262]   --->   Operation 73 'sext' 'sext_ln262_4' <Predicate = true> <Delay = 0.00>
ST_3 : Operation 74 [1/1] (2.07ns)   --->   "%m27_8 = add i16 %m27_load_5, i16 %sext_ln262_4" [case_3.cc:262]   --->   Operation 74 'add' 'm27_8' <Predicate = true> <Delay = 2.07> <CoreInst = "Adder">   --->   Core 1 'Adder' <Latency = 0> <II = 1> <Delay = 2.07> <FuncUnit> <Opcode : 'add' 'sub'> <InPorts = 2> <OutPorts = 1>
ST_3 : Operation 75 [1/1] (1.58ns)   --->   "%store_ln22 = store i16 %m27_8, i16 %m27" [case_3.cc:22]   --->   Operation 75 'store' 'store_ln22' <Predicate = true> <Delay = 1.58>
ST_3 : Operation 76 [1/1] (0.00ns)   --->   "%br_ln243 = br void %for.inc912" [case_3.cc:243]   --->   Operation 76 'br' 'br_ln243' <Predicate = true> <Delay = 0.00>


============================================================
+ Verbose Summary: Binding
============================================================
STG Binding: 
---------------- STG Properties BEGIN ----------------
- Is combinational: 0
- Is one-state seq: 0
- Is datapath-only: 0
- Is pipelined: 0
- Is top level: 0
Port [ Return ] is wired: 1; IO mode=ap_ctrl_hs:ce=0
Port [ m27_19_reload]:  wired=1; compound=0; hidden=0; nouse=0; global=0; static=0; extern=0; dir=0; type=0; pingpong=0; private_global=0; IO mode=ap_none:ce=0
Port [ in_data_0]:  wired=1; compound=1; hidden=0; nouse=0; global=0; static=0; extern=0; dir=0; type=1; pingpong=0; private_global=0; MemPort=[13]; IO mode=ap_memory:ce=0
Port [ sext_ln247]:  wired=1; compound=0; hidden=0; nouse=0; global=0; static=0; extern=0; dir=0; type=0; pingpong=0; private_global=0; IO mode=ap_none:ce=0
Port [ in_data_12]:  wired=1; compound=1; hidden=0; nouse=0; global=0; static=0; extern=0; dir=0; type=1; pingpong=0; private_global=0; MemPort=[13]; IO mode=ap_memory:ce=0
Port [ sext_ln22_4]:  wired=1; compound=0; hidden=0; nouse=0; global=0; static=0; extern=0; dir=0; type=0; pingpong=0; private_global=0; IO mode=ap_none:ce=0
Port [ sext_ln241]:  wired=1; compound=0; hidden=0; nouse=0; global=0; static=0; extern=0; dir=0; type=0; pingpong=0; private_global=0; IO mode=ap_none:ce=0
Port [ conv3_i12_i4097189_phi_reload]:  wired=1; compound=0; hidden=0; nouse=0; global=0; static=0; extern=0; dir=0; type=0; pingpong=0; private_global=0; IO mode=ap_none:ce=0
Port [ m120_cast]:  wired=1; compound=0; hidden=0; nouse=0; global=0; static=0; extern=0; dir=0; type=0; pingpong=0; private_global=0; IO mode=ap_none:ce=0
Port [ sext_ln108]:  wired=1; compound=0; hidden=0; nouse=0; global=0; static=0; extern=0; dir=0; type=0; pingpong=0; private_global=0; IO mode=ap_none:ce=0
Port [ m27_21_out]:  wired=1; compound=0; hidden=0; nouse=0; global=0; static=0; extern=0; dir=1; type=0; pingpong=0; private_global=0; IO mode=ap_vld:ce=0
---------------- STG Properties END ------------------

---------------- Datapath Model BEGIN ----------------

<LifeTime>
<method=bitvector/>
m27                                (alloca           ) [ 0111]
i_n12_2                            (alloca           ) [ 0100]
indvar_flatten123                  (alloca           ) [ 0100]
indvar_flatten136                  (alloca           ) [ 0100]
sext_ln108_read                    (read             ) [ 0000]
m120_cast_read                     (read             ) [ 0000]
conv3_i12_i4097189_phi_reload_read (read             ) [ 0000]
sext_ln241_read                    (read             ) [ 0000]
sext_ln22_4_read                   (read             ) [ 0000]
sext_ln247_read                    (read             ) [ 0000]
m27_19_reload_read                 (read             ) [ 0000]
sext_ln108_cast                    (sext             ) [ 0110]
m120_cast_cast                     (sext             ) [ 0110]
sext_ln22_4_cast                   (sext             ) [ 0110]
sext_ln247_cast                    (sext             ) [ 0110]
conv3_i12_i4097189_phi_reload_cast (sext             ) [ 0111]
sext_ln241_cast                    (sext             ) [ 0110]
specinterface_ln0                  (specinterface    ) [ 0000]
specinterface_ln0                  (specinterface    ) [ 0000]
store_ln0                          (store            ) [ 0000]
store_ln0                          (store            ) [ 0000]
store_ln243                        (store            ) [ 0000]
store_ln22                         (store            ) [ 0000]
br_ln0                             (br               ) [ 0000]
indvar_flatten136_load             (load             ) [ 0000]
icmp_ln241                         (icmp             ) [ 0110]
add_ln241                          (add              ) [ 0000]
br_ln241                           (br               ) [ 0000]
i_n12_2_load                       (load             ) [ 0000]
indvar_flatten123_load             (load             ) [ 0000]
icmp_ln242                         (icmp             ) [ 0000]
xor_ln22                           (xor              ) [ 0000]
icmp_ln243                         (icmp             ) [ 0000]
and_ln22                           (and              ) [ 0000]
or_ln22                            (or               ) [ 0000]
select_ln22                        (select           ) [ 0000]
zext_ln243                         (zext             ) [ 0000]
in_data_0_addr                     (getelementptr    ) [ 0110]
in_data_12_addr                    (getelementptr    ) [ 0110]
add_ln243                          (add              ) [ 0000]
add_ln242                          (add              ) [ 0000]
select_ln242                       (select           ) [ 0000]
store_ln241                        (store            ) [ 0000]
store_ln242                        (store            ) [ 0000]
store_ln243                        (store            ) [ 0000]
in_data_0_load                     (load             ) [ 0000]
sext_ln247_1                       (sext             ) [ 0000]
m122                               (mul              ) [ 0000]
sext_ln83                          (sext             ) [ 0000]
in_data_12_load                    (load             ) [ 0000]
sext_ln254                         (sext             ) [ 0000]
m126                               (add              ) [ 0000]
sext_ln262                         (sext             ) [ 0000]
add_ln262                          (add              ) [ 0101]
add_ln262_2                        (add              ) [ 0000]
sext_ln262_2                       (sext             ) [ 0000]
add_ln262_3                        (add              ) [ 0101]
m27_load_5                         (load             ) [ 0000]
specloopname_ln0                   (specloopname     ) [ 0000]
speclooptripcount_ln0              (speclooptripcount) [ 0000]
specpipeline_ln22                  (specpipeline     ) [ 0000]
sext_ln262_1                       (sext             ) [ 0000]
add_ln262_1                        (add              ) [ 0000]
sext_ln262_3                       (sext             ) [ 0000]
add_ln262_4                        (add              ) [ 0000]
sext_ln262_4                       (sext             ) [ 0000]
m27_8                              (add              ) [ 0000]
store_ln22                         (store            ) [ 0000]
br_ln243                           (br               ) [ 0000]
m27_load                           (load             ) [ 0000]
write_ln0                          (write            ) [ 0000]
ret_ln0                            (ret              ) [ 0000]
</LifeTime>

<model>

<comp_list>
<comp id="0" class="1000" name="m27_19_reload">
<pin_list>
<pin id="1" dir="1" index="0" bw="1" slack="0"/>
</pin_list>
<bind>
<StgValue><ssdm name="m27_19_reload"/></StgValue>
</bind>
</comp>

<comp id="2" class="1000" name="in_data_0">
<pin_list>
<pin id="3" dir="1" index="0" bw="1" slack="0"/>
</pin_list>
<bind>
<StgValue><ssdm name="in_data_0"/><MemPortTyVec>1 3 </MemPortTyVec>
</StgValue>
</bind>
</comp>

<comp id="4" class="1000" name="sext_ln247">
<pin_list>
<pin id="5" dir="1" index="0" bw="1" slack="0"/>
</pin_list>
<bind>
<StgValue><ssdm name="sext_ln247"/></StgValue>
</bind>
</comp>

<comp id="6" class="1000" name="in_data_12">
<pin_list>
<pin id="7" dir="1" index="0" bw="1" slack="0"/>
</pin_list>
<bind>
<StgValue><ssdm name="in_data_12"/><MemPortTyVec>1 3 </MemPortTyVec>
</StgValue>
</bind>
</comp>

<comp id="8" class="1000" name="sext_ln22_4">
<pin_list>
<pin id="9" dir="1" index="0" bw="1" slack="0"/>
</pin_list>
<bind>
<StgValue><ssdm name="sext_ln22_4"/></StgValue>
</bind>
</comp>

<comp id="10" class="1000" name="sext_ln241">
<pin_list>
<pin id="11" dir="1" index="0" bw="1" slack="0"/>
</pin_list>
<bind>
<StgValue><ssdm name="sext_ln241"/></StgValue>
</bind>
</comp>

<comp id="12" class="1000" name="conv3_i12_i4097189_phi_reload">
<pin_list>
<pin id="13" dir="1" index="0" bw="1" slack="0"/>
</pin_list>
<bind>
<StgValue><ssdm name="conv3_i12_i4097189_phi_reload"/></StgValue>
</bind>
</comp>

<comp id="14" class="1000" name="m120_cast">
<pin_list>
<pin id="15" dir="1" index="0" bw="1" slack="0"/>
</pin_list>
<bind>
<StgValue><ssdm name="m120_cast"/></StgValue>
</bind>
</comp>

<comp id="16" class="1000" name="sext_ln108">
<pin_list>
<pin id="17" dir="1" index="0" bw="1" slack="0"/>
</pin_list>
<bind>
<StgValue><ssdm name="sext_ln108"/></StgValue>
</bind>
</comp>

<comp id="18" class="1000" name="m27_21_out">
<pin_list>
<pin id="19" dir="1" index="0" bw="1" slack="0"/>
</pin_list>
<bind>
<StgValue><ssdm name="m27_21_out"/></StgValue>
</bind>
</comp>

<comp id="20" class="1001" name="const_20">
<pin_list>
<pin id="21" dir="1" index="0" bw="1" slack="0"/>
</pin_list>
<bind>
<StgValue><ssdm name=""/></StgValue>
</bind>
</comp>

<comp id="22" class="1001" name="const_22">
<pin_list>
<pin id="23" dir="1" index="0" bw="1" slack="0"/>
</pin_list>
<bind>
<StgValue><ssdm name="_ssdm_op_Read.ap_auto.i4"/></StgValue>
</bind>
</comp>

<comp id="24" class="1001" name="const_24">
<pin_list>
<pin id="25" dir="1" index="0" bw="1" slack="0"/>
</pin_list>
<bind>
<StgValue><ssdm name="_ssdm_op_Read.ap_auto.i5"/></StgValue>
</bind>
</comp>

<comp id="26" class="1001" name="const_26">
<pin_list>
<pin id="27" dir="1" index="0" bw="1" slack="0"/>
</pin_list>
<bind>
<StgValue><ssdm name="_ssdm_op_Read.ap_auto.i3"/></StgValue>
</bind>
</comp>

<comp id="28" class="1001" name="const_28">
<pin_list>
<pin id="29" dir="1" index="0" bw="1" slack="0"/>
</pin_list>
<bind>
<StgValue><ssdm name="_ssdm_op_Read.ap_auto.i9"/></StgValue>
</bind>
</comp>

<comp id="30" class="1001" name="const_30">
<pin_list>
<pin id="31" dir="1" index="0" bw="1" slack="0"/>
</pin_list>
<bind>
<StgValue><ssdm name="_ssdm_op_Read.ap_auto.i8"/></StgValue>
</bind>
</comp>

<comp id="32" class="1001" name="const_32">
<pin_list>
<pin id="33" dir="1" index="0" bw="1" slack="0"/>
</pin_list>
<bind>
<StgValue><ssdm name="_ssdm_op_Read.ap_auto.i7"/></StgValue>
</bind>
</comp>

<comp id="34" class="1001" name="const_34">
<pin_list>
<pin id="35" dir="1" index="0" bw="1" slack="0"/>
</pin_list>
<bind>
<StgValue><ssdm name="_ssdm_op_Read.ap_auto.i16"/></StgValue>
</bind>
</comp>

<comp id="36" class="1001" name="const_36">
<pin_list>
<pin id="37" dir="1" index="0" bw="1" slack="2147483647"/>
</pin_list>
<bind>
<StgValue><ssdm name="_ssdm_op_SpecInterface"/></StgValue>
</bind>
</comp>

<comp id="38" class="1001" name="const_38">
<pin_list>
<pin id="39" dir="1" index="0" bw="1" slack="2147483647"/>
</pin_list>
<bind>
<StgValue><ssdm name="empty"/></StgValue>
</bind>
</comp>

<comp id="40" class="1001" name="const_40">
<pin_list>
<pin id="41" dir="1" index="0" bw="1" slack="2147483647"/>
</pin_list>
<bind>
<StgValue><ssdm name=""/></StgValue>
</bind>
</comp>

<comp id="42" class="1001" name="const_42">
<pin_list>
<pin id="43" dir="1" index="0" bw="1" slack="2147483647"/>
</pin_list>
<bind>
<StgValue><ssdm name="empty_5"/></StgValue>
</bind>
</comp>

<comp id="44" class="1001" name="const_44">
<pin_list>
<pin id="45" dir="1" index="0" bw="1" slack="2147483647"/>
</pin_list>
<bind>
<StgValue><ssdm name=""/></StgValue>
</bind>
</comp>

<comp id="46" class="1001" name="const_46">
<pin_list>
<pin id="47" dir="1" index="0" bw="1" slack="0"/>
</pin_list>
<bind>
<StgValue><ssdm name=""/></StgValue>
</bind>
</comp>

<comp id="48" class="1001" name="const_48">
<pin_list>
<pin id="49" dir="1" index="0" bw="1" slack="0"/>
</pin_list>
<bind>
<StgValue><ssdm name=""/></StgValue>
</bind>
</comp>

<comp id="50" class="1001" name="const_50">
<pin_list>
<pin id="51" dir="1" index="0" bw="1" slack="0"/>
</pin_list>
<bind>
<StgValue><ssdm name=""/></StgValue>
</bind>
</comp>

<comp id="52" class="1001" name="const_52">
<pin_list>
<pin id="53" dir="1" index="0" bw="1" slack="0"/>
</pin_list>
<bind>
<StgValue><ssdm name=""/></StgValue>
</bind>
</comp>

<comp id="54" class="1001" name="const_54">
<pin_list>
<pin id="55" dir="1" index="0" bw="1" slack="0"/>
</pin_list>
<bind>
<StgValue><ssdm name=""/></StgValue>
</bind>
</comp>

<comp id="56" class="1001" name="const_56">
<pin_list>
<pin id="57" dir="1" index="0" bw="1" slack="0"/>
</pin_list>
<bind>
<StgValue><ssdm name=""/></StgValue>
</bind>
</comp>

<comp id="58" class="1001" name="const_58">
<pin_list>
<pin id="59" dir="1" index="0" bw="1" slack="0"/>
</pin_list>
<bind>
<StgValue><ssdm name=""/></StgValue>
</bind>
</comp>

<comp id="60" class="1001" name="const_60">
<pin_list>
<pin id="61" dir="1" index="0" bw="1" slack="0"/>
</pin_list>
<bind>
<StgValue><ssdm name=""/></StgValue>
</bind>
</comp>

<comp id="62" class="1001" name="const_62">
<pin_list>
<pin id="63" dir="1" index="0" bw="1" slack="0"/>
</pin_list>
<bind>
<StgValue><ssdm name=""/></StgValue>
</bind>
</comp>

<comp id="64" class="1001" name="const_64">
<pin_list>
<pin id="65" dir="1" index="0" bw="1" slack="0"/>
</pin_list>
<bind>
<StgValue><ssdm name=""/></StgValue>
</bind>
</comp>

<comp id="66" class="1001" name="const_66">
<pin_list>
<pin id="67" dir="1" index="0" bw="1" slack="0"/>
</pin_list>
<bind>
<StgValue><ssdm name=""/></StgValue>
</bind>
</comp>

<comp id="68" class="1001" name="const_68">
<pin_list>
<pin id="69" dir="1" index="0" bw="1" slack="2147483647"/>
</pin_list>
<bind>
<StgValue><ssdm name="_ssdm_op_SpecLoopName"/></StgValue>
</bind>
</comp>

<comp id="70" class="1001" name="const_70">
<pin_list>
<pin id="71" dir="1" index="0" bw="1" slack="2147483647"/>
</pin_list>
<bind>
<StgValue><ssdm name="L_n12_1_L_n12_2_L_n12_3_str"/></StgValue>
</bind>
</comp>

<comp id="72" class="1001" name="const_72">
<pin_list>
<pin id="73" dir="1" index="0" bw="1" slack="2147483647"/>
</pin_list>
<bind>
<StgValue><ssdm name="_ssdm_op_SpecLoopTripCount"/></StgValue>
</bind>
</comp>

<comp id="74" class="1001" name="const_74">
<pin_list>
<pin id="75" dir="1" index="0" bw="1" slack="2147483647"/>
</pin_list>
<bind>
<StgValue><ssdm name=""/></StgValue>
</bind>
</comp>

<comp id="76" class="1001" name="const_76">
<pin_list>
<pin id="77" dir="1" index="0" bw="1" slack="2147483647"/>
</pin_list>
<bind>
<StgValue><ssdm name="_ssdm_op_SpecPipeline"/></StgValue>
</bind>
</comp>

<comp id="78" class="1001" name="const_78">
<pin_list>
<pin id="79" dir="1" index="0" bw="1" slack="0"/>
</pin_list>
<bind>
<StgValue><ssdm name="_ssdm_op_Write.ap_auto.i16P0A"/></StgValue>
</bind>
</comp>

<comp id="80" class="1004" name="m27_fu_80">
<pin_list>
<pin id="81" dir="0" index="0" bw="1" slack="0"/>
<pin id="82" dir="1" index="1" bw="16" slack="0"/>
</pin_list>
<bind>
<opcode="alloca(26) " fcode="alloca"/>
<opset="m27/1 "/>
</bind>
</comp>

<comp id="84" class="1004" name="i_n12_2_fu_84">
<pin_list>
<pin id="85" dir="0" index="0" bw="1" slack="0"/>
<pin id="86" dir="1" index="1" bw="4" slack="0"/>
</pin_list>
<bind>
<opcode="alloca(26) " fcode="alloca"/>
<opset="i_n12_2/1 "/>
</bind>
</comp>

<comp id="88" class="1004" name="indvar_flatten123_fu_88">
<pin_list>
<pin id="89" dir="0" index="0" bw="1" slack="0"/>
<pin id="90" dir="1" index="1" bw="8" slack="0"/>
</pin_list>
<bind>
<opcode="alloca(26) " fcode="alloca"/>
<opset="indvar_flatten123/1 "/>
</bind>
</comp>

<comp id="92" class="1004" name="indvar_flatten136_fu_92">
<pin_list>
<pin id="93" dir="0" index="0" bw="1" slack="0"/>
<pin id="94" dir="1" index="1" bw="10" slack="0"/>
</pin_list>
<bind>
<opcode="alloca(26) " fcode="alloca"/>
<opset="indvar_flatten136/1 "/>
</bind>
</comp>

<comp id="96" class="1004" name="sext_ln108_read_read_fu_96">
<pin_list>
<pin id="97" dir="0" index="0" bw="4" slack="0"/>
<pin id="98" dir="0" index="1" bw="4" slack="0"/>
<pin id="99" dir="1" index="2" bw="4" slack="0"/>
</pin_list>
<bind>
<opcode="read(1150) " fcode="read"/>
<opset="sext_ln108_read/1 "/>
</bind>
</comp>

<comp id="102" class="1004" name="m120_cast_read_read_fu_102">
<pin_list>
<pin id="103" dir="0" index="0" bw="5" slack="0"/>
<pin id="104" dir="0" index="1" bw="5" slack="0"/>
<pin id="105" dir="1" index="2" bw="5" slack="0"/>
</pin_list>
<bind>
<opcode="read(1150) " fcode="read"/>
<opset="m120_cast_read/1 "/>
</bind>
</comp>

<comp id="108" class="1004" name="conv3_i12_i4097189_phi_reload_read_read_fu_108">
<pin_list>
<pin id="109" dir="0" index="0" bw="3" slack="0"/>
<pin id="110" dir="0" index="1" bw="3" slack="0"/>
<pin id="111" dir="1" index="2" bw="3" slack="0"/>
</pin_list>
<bind>
<opcode="read(1150) " fcode="read"/>
<opset="conv3_i12_i4097189_phi_reload_read/1 "/>
</bind>
</comp>

<comp id="114" class="1004" name="sext_ln241_read_read_fu_114">
<pin_list>
<pin id="115" dir="0" index="0" bw="9" slack="0"/>
<pin id="116" dir="0" index="1" bw="9" slack="0"/>
<pin id="117" dir="1" index="2" bw="9" slack="0"/>
</pin_list>
<bind>
<opcode="read(1150) " fcode="read"/>
<opset="sext_ln241_read/1 "/>
</bind>
</comp>

<comp id="120" class="1004" name="sext_ln22_4_read_read_fu_120">
<pin_list>
<pin id="121" dir="0" index="0" bw="8" slack="0"/>
<pin id="122" dir="0" index="1" bw="8" slack="0"/>
<pin id="123" dir="1" index="2" bw="8" slack="0"/>
</pin_list>
<bind>
<opcode="read(1150) " fcode="read"/>
<opset="sext_ln22_4_read/1 "/>
</bind>
</comp>

<comp id="126" class="1004" name="sext_ln247_read_read_fu_126">
<pin_list>
<pin id="127" dir="0" index="0" bw="7" slack="0"/>
<pin id="128" dir="0" index="1" bw="7" slack="0"/>
<pin id="129" dir="1" index="2" bw="7" slack="0"/>
</pin_list>
<bind>
<opcode="read(1150) " fcode="read"/>
<opset="sext_ln247_read/1 "/>
</bind>
</comp>

<comp id="132" class="1004" name="m27_19_reload_read_read_fu_132">
<pin_list>
<pin id="133" dir="0" index="0" bw="16" slack="0"/>
<pin id="134" dir="0" index="1" bw="16" slack="0"/>
<pin id="135" dir="1" index="2" bw="16" slack="0"/>
</pin_list>
<bind>
<opcode="read(1150) " fcode="read"/>
<opset="m27_19_reload_read/1 "/>
</bind>
</comp>

<comp id="138" class="1004" name="write_ln0_write_fu_138">
<pin_list>
<pin id="139" dir="0" index="0" bw="0" slack="0"/>
<pin id="140" dir="0" index="1" bw="16" slack="0"/>
<pin id="141" dir="0" index="2" bw="16" slack="0"/>
<pin id="142" dir="1" index="3" bw="0" slack="2147483647"/>
</pin_list>
<bind>
<opcode="write(1151) " fcode="write"/>
<opset="write_ln0/2 "/>
</bind>
</comp>

<comp id="145" class="1004" name="in_data_0_addr_gep_fu_145">
<pin_list>
<pin id="146" dir="0" index="0" bw="8" slack="0"/>
<pin id="147" dir="0" index="1" bw="1" slack="0"/>
<pin id="148" dir="0" index="2" bw="4" slack="0"/>
<pin id="149" dir="1" index="3" bw="4" slack="0"/>
</pin_list>
<bind>
<opcode="getelementptr(29) " fcode="getelementptr"/>
<opset="in_data_0_addr/1 "/>
</bind>
</comp>

<comp id="152" class="1004" name="grp_access_fu_152">
<pin_list>
<pin id="153" dir="0" index="0" bw="4" slack="0"/>
<pin id="154" dir="0" index="1" bw="8" slack="2147483647"/>
<pin id="155" dir="0" index="2" bw="0" slack="2147483647"/>
<pin id="156" dir="1" index="3" bw="8" slack="0"/>
</pin_list>
<bind>
<opcode="load(27) " fcode="load"/>
<opset="in_data_0_load/1 "/>
</bind>
</comp>

<comp id="158" class="1004" name="in_data_12_addr_gep_fu_158">
<pin_list>
<pin id="159" dir="0" index="0" bw="8" slack="0"/>
<pin id="160" dir="0" index="1" bw="1" slack="0"/>
<pin id="161" dir="0" index="2" bw="4" slack="0"/>
<pin id="162" dir="1" index="3" bw="4" slack="0"/>
</pin_list>
<bind>
<opcode="getelementptr(29) " fcode="getelementptr"/>
<opset="in_data_12_addr/1 "/>
</bind>
</comp>

<comp id="165" class="1004" name="grp_access_fu_165">
<pin_list>
<pin id="166" dir="0" index="0" bw="4" slack="0"/>
<pin id="167" dir="0" index="1" bw="8" slack="2147483647"/>
<pin id="168" dir="0" index="2" bw="0" slack="2147483647"/>
<pin id="169" dir="1" index="3" bw="8" slack="0"/>
</pin_list>
<bind>
<opcode="load(27) " fcode="load"/>
<opset="in_data_12_load/1 "/>
</bind>
</comp>

<comp id="171" class="1004" name="sext_ln108_cast_fu_171">
<pin_list>
<pin id="172" dir="0" index="0" bw="4" slack="0"/>
<pin id="173" dir="1" index="1" bw="6" slack="1"/>
</pin_list>
<bind>
<opcode="sext(35) " fcode="sext"/>
<opset="sext_ln108_cast/1 "/>
</bind>
</comp>

<comp id="175" class="1004" name="m120_cast_cast_fu_175">
<pin_list>
<pin id="176" dir="0" index="0" bw="5" slack="0"/>
<pin id="177" dir="1" index="1" bw="6" slack="1"/>
</pin_list>
<bind>
<opcode="sext(35) " fcode="sext"/>
<opset="m120_cast_cast/1 "/>
</bind>
</comp>

<comp id="179" class="1004" name="sext_ln22_4_cast_fu_179">
<pin_list>
<pin id="180" dir="0" index="0" bw="8" slack="0"/>
<pin id="181" dir="1" index="1" bw="9" slack="1"/>
</pin_list>
<bind>
<opcode="sext(35) " fcode="sext"/>
<opset="sext_ln22_4_cast/1 "/>
</bind>
</comp>

<comp id="183" class="1004" name="sext_ln247_cast_fu_183">
<pin_list>
<pin id="184" dir="0" index="0" bw="7" slack="0"/>
<pin id="185" dir="1" index="1" bw="9" slack="1"/>
</pin_list>
<bind>
<opcode="sext(35) " fcode="sext"/>
<opset="sext_ln247_cast/1 "/>
</bind>
</comp>

<comp id="187" class="1004" name="conv3_i12_i4097189_phi_reload_cast_fu_187">
<pin_list>
<pin id="188" dir="0" index="0" bw="3" slack="0"/>
<pin id="189" dir="1" index="1" bw="11" slack="2"/>
</pin_list>
<bind>
<opcode="sext(35) " fcode="sext"/>
<opset="conv3_i12_i4097189_phi_reload_cast/1 "/>
</bind>
</comp>

<comp id="191" class="1004" name="sext_ln241_cast_fu_191">
<pin_list>
<pin id="192" dir="0" index="0" bw="9" slack="0"/>
<pin id="193" dir="1" index="1" bw="10" slack="1"/>
</pin_list>
<bind>
<opcode="sext(35) " fcode="sext"/>
<opset="sext_ln241_cast/1 "/>
</bind>
</comp>

<comp id="195" class="1004" name="store_ln0_store_fu_195">
<pin_list>
<pin id="196" dir="0" index="0" bw="1" slack="0"/>
<pin id="197" dir="0" index="1" bw="10" slack="0"/>
<pin id="198" dir="1" index="2" bw="0" slack="2147483647"/>
</pin_list>
<bind>
<opcode="store(28) " fcode="store"/>
<opset="store_ln0/1 "/>
</bind>
</comp>

<comp id="200" class="1004" name="store_ln0_store_fu_200">
<pin_list>
<pin id="201" dir="0" index="0" bw="1" slack="0"/>
<pin id="202" dir="0" index="1" bw="8" slack="0"/>
<pin id="203" dir="1" index="2" bw="0" slack="2147483647"/>
</pin_list>
<bind>
<opcode="store(28) " fcode="store"/>
<opset="store_ln0/1 "/>
</bind>
</comp>

<comp id="205" class="1004" name="store_ln243_store_fu_205">
<pin_list>
<pin id="206" dir="0" index="0" bw="1" slack="0"/>
<pin id="207" dir="0" index="1" bw="4" slack="0"/>
<pin id="208" dir="1" index="2" bw="0" slack="2147483647"/>
</pin_list>
<bind>
<opcode="store(28) " fcode="store"/>
<opset="store_ln243/1 "/>
</bind>
</comp>

<comp id="210" class="1004" name="store_ln22_store_fu_210">
<pin_list>
<pin id="211" dir="0" index="0" bw="16" slack="0"/>
<pin id="212" dir="0" index="1" bw="16" slack="0"/>
<pin id="213" dir="1" index="2" bw="0" slack="2147483647"/>
</pin_list>
<bind>
<opcode="store(28) " fcode="store"/>
<opset="store_ln22/1 "/>
</bind>
</comp>

<comp id="215" class="1004" name="indvar_flatten136_load_load_fu_215">
<pin_list>
<pin id="216" dir="0" index="0" bw="10" slack="0"/>
<pin id="217" dir="1" index="1" bw="10" slack="0"/>
</pin_list>
<bind>
<opcode="load(27) " fcode="load"/>
<opset="indvar_flatten136_load/1 "/>
</bind>
</comp>

<comp id="218" class="1004" name="icmp_ln241_fu_218">
<pin_list>
<pin id="219" dir="0" index="0" bw="10" slack="0"/>
<pin id="220" dir="0" index="1" bw="10" slack="0"/>
<pin id="221" dir="1" index="2" bw="1" slack="1"/>
</pin_list>
<bind>
<opcode="icmp(45) " fcode="icmp"/>
<opset="icmp_ln241/1 "/>
</bind>
</comp>

<comp id="224" class="1004" name="add_ln241_fu_224">
<pin_list>
<pin id="225" dir="0" index="0" bw="10" slack="0"/>
<pin id="226" dir="0" index="1" bw="1" slack="0"/>
<pin id="227" dir="1" index="2" bw="10" slack="0"/>
</pin_list>
<bind>
<opcode="add(8) " fcode="add"/>
<opset="add_ln241/1 "/>
</bind>
</comp>

<comp id="230" class="1004" name="i_n12_2_load_load_fu_230">
<pin_list>
<pin id="231" dir="0" index="0" bw="4" slack="0"/>
<pin id="232" dir="1" index="1" bw="4" slack="0"/>
</pin_list>
<bind>
<opcode="load(27) " fcode="load"/>
<opset="i_n12_2_load/1 "/>
</bind>
</comp>

<comp id="233" class="1004" name="indvar_flatten123_load_load_fu_233">
<pin_list>
<pin id="234" dir="0" index="0" bw="8" slack="0"/>
<pin id="235" dir="1" index="1" bw="8" slack="0"/>
</pin_list>
<bind>
<opcode="load(27) " fcode="load"/>
<opset="indvar_flatten123_load/1 "/>
</bind>
</comp>

<comp id="236" class="1004" name="icmp_ln242_fu_236">
<pin_list>
<pin id="237" dir="0" index="0" bw="8" slack="0"/>
<pin id="238" dir="0" index="1" bw="8" slack="0"/>
<pin id="239" dir="1" index="2" bw="1" slack="0"/>
</pin_list>
<bind>
<opcode="icmp(45) " fcode="icmp"/>
<opset="icmp_ln242/1 "/>
</bind>
</comp>

<comp id="242" class="1004" name="xor_ln22_fu_242">
<pin_list>
<pin id="243" dir="0" index="0" bw="1" slack="0"/>
<pin id="244" dir="0" index="1" bw="1" slack="0"/>
<pin id="245" dir="1" index="2" bw="1" slack="0"/>
</pin_list>
<bind>
<opcode="xor(25) " fcode="xor"/>
<opset="xor_ln22/1 "/>
</bind>
</comp>

<comp id="248" class="1004" name="icmp_ln243_fu_248">
<pin_list>
<pin id="249" dir="0" index="0" bw="4" slack="0"/>
<pin id="250" dir="0" index="1" bw="4" slack="0"/>
<pin id="251" dir="1" index="2" bw="1" slack="0"/>
</pin_list>
<bind>
<opcode="icmp(45) " fcode="icmp"/>
<opset="icmp_ln243/1 "/>
</bind>
</comp>

<comp id="254" class="1004" name="and_ln22_fu_254">
<pin_list>
<pin id="255" dir="0" index="0" bw="1" slack="0"/>
<pin id="256" dir="0" index="1" bw="1" slack="0"/>
<pin id="257" dir="1" index="2" bw="1" slack="0"/>
</pin_list>
<bind>
<opcode="and(23) " fcode="and"/>
<opset="and_ln22/1 "/>
</bind>
</comp>

<comp id="260" class="1004" name="or_ln22_fu_260">
<pin_list>
<pin id="261" dir="0" index="0" bw="1" slack="0"/>
<pin id="262" dir="0" index="1" bw="1" slack="0"/>
<pin id="263" dir="1" index="2" bw="1" slack="0"/>
</pin_list>
<bind>
<opcode="or(24) " fcode="or"/>
<opset="or_ln22/1 "/>
</bind>
</comp>

<comp id="266" class="1004" name="select_ln22_fu_266">
<pin_list>
<pin id="267" dir="0" index="0" bw="1" slack="0"/>
<pin id="268" dir="0" index="1" bw="1" slack="0"/>
<pin id="269" dir="0" index="2" bw="4" slack="0"/>
<pin id="270" dir="1" index="3" bw="4" slack="0"/>
</pin_list>
<bind>
<opcode="select(49) " fcode="select"/>
<opset="select_ln22/1 "/>
</bind>
</comp>

<comp id="274" class="1004" name="zext_ln243_fu_274">
<pin_list>
<pin id="275" dir="0" index="0" bw="4" slack="0"/>
<pin id="276" dir="1" index="1" bw="64" slack="0"/>
</pin_list>
<bind>
<opcode="zext(34) " fcode="zext"/>
<opset="zext_ln243/1 "/>
</bind>
</comp>

<comp id="280" class="1004" name="add_ln243_fu_280">
<pin_list>
<pin id="281" dir="0" index="0" bw="4" slack="0"/>
<pin id="282" dir="0" index="1" bw="1" slack="0"/>
<pin id="283" dir="1" index="2" bw="4" slack="0"/>
</pin_list>
<bind>
<opcode="add(8) " fcode="add"/>
<opset="add_ln243/1 "/>
</bind>
</comp>

<comp id="286" class="1004" name="add_ln242_fu_286">
<pin_list>
<pin id="287" dir="0" index="0" bw="8" slack="0"/>
<pin id="288" dir="0" index="1" bw="1" slack="0"/>
<pin id="289" dir="1" index="2" bw="8" slack="0"/>
</pin_list>
<bind>
<opcode="add(8) " fcode="add"/>
<opset="add_ln242/1 "/>
</bind>
</comp>

<comp id="292" class="1004" name="select_ln242_fu_292">
<pin_list>
<pin id="293" dir="0" index="0" bw="1" slack="0"/>
<pin id="294" dir="0" index="1" bw="1" slack="0"/>
<pin id="295" dir="0" index="2" bw="8" slack="0"/>
<pin id="296" dir="1" index="3" bw="8" slack="0"/>
</pin_list>
<bind>
<opcode="select(49) " fcode="select"/>
<opset="select_ln242/1 "/>
</bind>
</comp>

<comp id="300" class="1004" name="store_ln241_store_fu_300">
<pin_list>
<pin id="301" dir="0" index="0" bw="10" slack="0"/>
<pin id="302" dir="0" index="1" bw="10" slack="0"/>
<pin id="303" dir="1" index="2" bw="0" slack="2147483647"/>
</pin_list>
<bind>
<opcode="store(28) " fcode="store"/>
<opset="store_ln241/1 "/>
</bind>
</comp>

<comp id="305" class="1004" name="store_ln242_store_fu_305">
<pin_list>
<pin id="306" dir="0" index="0" bw="8" slack="0"/>
<pin id="307" dir="0" index="1" bw="8" slack="0"/>
<pin id="308" dir="1" index="2" bw="0" slack="2147483647"/>
</pin_list>
<bind>
<opcode="store(28) " fcode="store"/>
<opset="store_ln242/1 "/>
</bind>
</comp>

<comp id="310" class="1004" name="store_ln243_store_fu_310">
<pin_list>
<pin id="311" dir="0" index="0" bw="4" slack="0"/>
<pin id="312" dir="0" index="1" bw="4" slack="0"/>
<pin id="313" dir="1" index="2" bw="0" slack="2147483647"/>
</pin_list>
<bind>
<opcode="store(28) " fcode="store"/>
<opset="store_ln243/1 "/>
</bind>
</comp>

<comp id="315" class="1004" name="sext_ln247_1_fu_315">
<pin_list>
<pin id="316" dir="0" index="0" bw="8" slack="0"/>
<pin id="317" dir="1" index="1" bw="9" slack="0"/>
</pin_list>
<bind>
<opcode="sext(35) " fcode="sext"/>
<opset="sext_ln247_1/2 "/>
</bind>
</comp>

<comp id="319" class="1004" name="m122_fu_319">
<pin_list>
<pin id="320" dir="0" index="0" bw="8" slack="0"/>
<pin id="321" dir="0" index="1" bw="7" slack="1"/>
<pin id="322" dir="1" index="2" bw="9" slack="0"/>
</pin_list>
<bind>
<opcode="mul(12) " fcode="mul"/>
<opset="m122/2 "/>
</bind>
</comp>

<comp id="324" class="1004" name="sext_ln83_fu_324">
<pin_list>
<pin id="325" dir="0" index="0" bw="9" slack="0"/>
<pin id="326" dir="1" index="1" bw="10" slack="0"/>
</pin_list>
<bind>
<opcode="sext(35) " fcode="sext"/>
<opset="sext_ln83/2 "/>
</bind>
</comp>

<comp id="328" class="1004" name="sext_ln254_fu_328">
<pin_list>
<pin id="329" dir="0" index="0" bw="8" slack="0"/>
<pin id="330" dir="1" index="1" bw="9" slack="0"/>
</pin_list>
<bind>
<opcode="sext(35) " fcode="sext"/>
<opset="sext_ln254/2 "/>
</bind>
</comp>

<comp id="332" class="1004" name="m126_fu_332">
<pin_list>
<pin id="333" dir="0" index="0" bw="8" slack="0"/>
<pin id="334" dir="0" index="1" bw="8" slack="1"/>
<pin id="335" dir="1" index="2" bw="9" slack="0"/>
</pin_list>
<bind>
<opcode="add(8) " fcode="add"/>
<opset="m126/2 "/>
</bind>
</comp>

<comp id="337" class="1004" name="sext_ln262_fu_337">
<pin_list>
<pin id="338" dir="0" index="0" bw="9" slack="0"/>
<pin id="339" dir="1" index="1" bw="10" slack="0"/>
</pin_list>
<bind>
<opcode="sext(35) " fcode="sext"/>
<opset="sext_ln262/2 "/>
</bind>
</comp>

<comp id="341" class="1004" name="add_ln262_fu_341">
<pin_list>
<pin id="342" dir="0" index="0" bw="9" slack="1"/>
<pin id="343" dir="0" index="1" bw="9" slack="0"/>
<pin id="344" dir="1" index="2" bw="10" slack="1"/>
</pin_list>
<bind>
<opcode="add(8) " fcode="add"/>
<opset="add_ln262/2 "/>
</bind>
</comp>

<comp id="346" class="1004" name="add_ln262_2_fu_346">
<pin_list>
<pin id="347" dir="0" index="0" bw="5" slack="1"/>
<pin id="348" dir="0" index="1" bw="4" slack="1"/>
<pin id="349" dir="1" index="2" bw="6" slack="0"/>
</pin_list>
<bind>
<opcode="add(8) " fcode="add"/>
<opset="add_ln262_2/2 "/>
</bind>
</comp>

<comp id="350" class="1004" name="sext_ln262_2_fu_350">
<pin_list>
<pin id="351" dir="0" index="0" bw="6" slack="0"/>
<pin id="352" dir="1" index="1" bw="10" slack="0"/>
</pin_list>
<bind>
<opcode="sext(35) " fcode="sext"/>
<opset="sext_ln262_2/2 "/>
</bind>
</comp>

<comp id="354" class="1004" name="add_ln262_3_fu_354">
<pin_list>
<pin id="355" dir="0" index="0" bw="6" slack="0"/>
<pin id="356" dir="0" index="1" bw="9" slack="0"/>
<pin id="357" dir="1" index="2" bw="10" slack="1"/>
</pin_list>
<bind>
<opcode="add(8) " fcode="add"/>
<opset="add_ln262_3/2 "/>
</bind>
</comp>

<comp id="360" class="1004" name="m27_load_5_load_fu_360">
<pin_list>
<pin id="361" dir="0" index="0" bw="16" slack="2"/>
<pin id="362" dir="1" index="1" bw="16" slack="0"/>
</pin_list>
<bind>
<opcode="load(27) " fcode="load"/>
<opset="m27_load_5/3 "/>
</bind>
</comp>

<comp id="363" class="1004" name="sext_ln262_1_fu_363">
<pin_list>
<pin id="364" dir="0" index="0" bw="10" slack="1"/>
<pin id="365" dir="1" index="1" bw="11" slack="0"/>
</pin_list>
<bind>
<opcode="sext(35) " fcode="sext"/>
<opset="sext_ln262_1/3 "/>
</bind>
</comp>

<comp id="366" class="1004" name="add_ln262_1_fu_366">
<pin_list>
<pin id="367" dir="0" index="0" bw="10" slack="0"/>
<pin id="368" dir="0" index="1" bw="3" slack="2"/>
<pin id="369" dir="1" index="2" bw="11" slack="0"/>
</pin_list>
<bind>
<opcode="add(8) " fcode="add"/>
<opset="add_ln262_1/3 "/>
</bind>
</comp>

<comp id="371" class="1004" name="sext_ln262_3_fu_371">
<pin_list>
<pin id="372" dir="0" index="0" bw="10" slack="1"/>
<pin id="373" dir="1" index="1" bw="11" slack="0"/>
</pin_list>
<bind>
<opcode="sext(35) " fcode="sext"/>
<opset="sext_ln262_3/3 "/>
</bind>
</comp>

<comp id="374" class="1004" name="add_ln262_4_fu_374">
<pin_list>
<pin id="375" dir="0" index="0" bw="10" slack="0"/>
<pin id="376" dir="0" index="1" bw="11" slack="0"/>
<pin id="377" dir="1" index="2" bw="11" slack="0"/>
</pin_list>
<bind>
<opcode="add(8) " fcode="add"/>
<opset="add_ln262_4/3 "/>
</bind>
</comp>

<comp id="380" class="1004" name="sext_ln262_4_fu_380">
<pin_list>
<pin id="381" dir="0" index="0" bw="11" slack="0"/>
<pin id="382" dir="1" index="1" bw="16" slack="0"/>
</pin_list>
<bind>
<opcode="sext(35) " fcode="sext"/>
<opset="sext_ln262_4/3 "/>
</bind>
</comp>

<comp id="384" class="1004" name="m27_8_fu_384">
<pin_list>
<pin id="385" dir="0" index="0" bw="16" slack="0"/>
<pin id="386" dir="0" index="1" bw="11" slack="0"/>
<pin id="387" dir="1" index="2" bw="16" slack="0"/>
</pin_list>
<bind>
<opcode="add(8) " fcode="add"/>
<opset="m27_8/3 "/>
</bind>
</comp>

<comp id="390" class="1004" name="store_ln22_store_fu_390">
<pin_list>
<pin id="391" dir="0" index="0" bw="16" slack="0"/>
<pin id="392" dir="0" index="1" bw="16" slack="2"/>
<pin id="393" dir="1" index="2" bw="0" slack="2147483647"/>
</pin_list>
<bind>
<opcode="store(28) " fcode="store"/>
<opset="store_ln22/3 "/>
</bind>
</comp>

<comp id="395" class="1004" name="m27_load_load_fu_395">
<pin_list>
<pin id="396" dir="0" index="0" bw="16" slack="1"/>
<pin id="397" dir="1" index="1" bw="16" slack="0"/>
</pin_list>
<bind>
<opcode="load(27) " fcode="load"/>
<opset="m27_load/2 "/>
</bind>
</comp>

<comp id="399" class="1005" name="m27_reg_399">
<pin_list>
<pin id="400" dir="0" index="0" bw="16" slack="0"/>
<pin id="401" dir="1" index="1" bw="16" slack="0"/>
</pin_list>
<bind>
<opset="m27 "/>
</bind>
</comp>

<comp id="407" class="1005" name="i_n12_2_reg_407">
<pin_list>
<pin id="408" dir="0" index="0" bw="4" slack="0"/>
<pin id="409" dir="1" index="1" bw="4" slack="0"/>
</pin_list>
<bind>
<opset="i_n12_2 "/>
</bind>
</comp>

<comp id="414" class="1005" name="indvar_flatten123_reg_414">
<pin_list>
<pin id="415" dir="0" index="0" bw="8" slack="0"/>
<pin id="416" dir="1" index="1" bw="8" slack="0"/>
</pin_list>
<bind>
<opset="indvar_flatten123 "/>
</bind>
</comp>

<comp id="421" class="1005" name="indvar_flatten136_reg_421">
<pin_list>
<pin id="422" dir="0" index="0" bw="10" slack="0"/>
<pin id="423" dir="1" index="1" bw="10" slack="0"/>
</pin_list>
<bind>
<opset="indvar_flatten136 "/>
</bind>
</comp>

<comp id="428" class="1005" name="sext_ln108_cast_reg_428">
<pin_list>
<pin id="429" dir="0" index="0" bw="6" slack="1"/>
<pin id="430" dir="1" index="1" bw="6" slack="1"/>
</pin_list>
<bind>
<opset="sext_ln108_cast "/>
</bind>
</comp>

<comp id="433" class="1005" name="m120_cast_cast_reg_433">
<pin_list>
<pin id="434" dir="0" index="0" bw="6" slack="1"/>
<pin id="435" dir="1" index="1" bw="6" slack="1"/>
</pin_list>
<bind>
<opset="m120_cast_cast "/>
</bind>
</comp>

<comp id="438" class="1005" name="sext_ln22_4_cast_reg_438">
<pin_list>
<pin id="439" dir="0" index="0" bw="9" slack="1"/>
<pin id="440" dir="1" index="1" bw="9" slack="1"/>
</pin_list>
<bind>
<opset="sext_ln22_4_cast "/>
</bind>
</comp>

<comp id="443" class="1005" name="sext_ln247_cast_reg_443">
<pin_list>
<pin id="444" dir="0" index="0" bw="9" slack="1"/>
<pin id="445" dir="1" index="1" bw="9" slack="1"/>
</pin_list>
<bind>
<opset="sext_ln247_cast "/>
</bind>
</comp>

<comp id="448" class="1005" name="conv3_i12_i4097189_phi_reload_cast_reg_448">
<pin_list>
<pin id="449" dir="0" index="0" bw="11" slack="2"/>
<pin id="450" dir="1" index="1" bw="11" slack="2"/>
</pin_list>
<bind>
<opset="conv3_i12_i4097189_phi_reload_cast "/>
</bind>
</comp>

<comp id="453" class="1005" name="sext_ln241_cast_reg_453">
<pin_list>
<pin id="454" dir="0" index="0" bw="10" slack="1"/>
<pin id="455" dir="1" index="1" bw="10" slack="1"/>
</pin_list>
<bind>
<opset="sext_ln241_cast "/>
</bind>
</comp>

<comp id="458" class="1005" name="icmp_ln241_reg_458">
<pin_list>
<pin id="459" dir="0" index="0" bw="1" slack="1"/>
<pin id="460" dir="1" index="1" bw="1" slack="2147483647"/>
</pin_list>
<bind>
<opset="icmp_ln241 "/>
</bind>
</comp>

<comp id="462" class="1005" name="in_data_0_addr_reg_462">
<pin_list>
<pin id="463" dir="0" index="0" bw="4" slack="1"/>
<pin id="464" dir="1" index="1" bw="4" slack="1"/>
</pin_list>
<bind>
<opset="in_data_0_addr "/>
</bind>
</comp>

<comp id="467" class="1005" name="in_data_12_addr_reg_467">
<pin_list>
<pin id="468" dir="0" index="0" bw="4" slack="1"/>
<pin id="469" dir="1" index="1" bw="4" slack="1"/>
</pin_list>
<bind>
<opset="in_data_12_addr "/>
</bind>
</comp>

<comp id="472" class="1005" name="add_ln262_reg_472">
<pin_list>
<pin id="473" dir="0" index="0" bw="10" slack="1"/>
<pin id="474" dir="1" index="1" bw="10" slack="1"/>
</pin_list>
<bind>
<opset="add_ln262 "/>
</bind>
</comp>

<comp id="477" class="1005" name="add_ln262_3_reg_477">
<pin_list>
<pin id="478" dir="0" index="0" bw="10" slack="1"/>
<pin id="479" dir="1" index="1" bw="10" slack="1"/>
</pin_list>
<bind>
<opset="add_ln262_3 "/>
</bind>
</comp>

</comp_list>

<net_list>
<net id="83"><net_src comp="20" pin="0"/><net_sink comp="80" pin=0"/></net>

<net id="87"><net_src comp="20" pin="0"/><net_sink comp="84" pin=0"/></net>

<net id="91"><net_src comp="20" pin="0"/><net_sink comp="88" pin=0"/></net>

<net id="95"><net_src comp="20" pin="0"/><net_sink comp="92" pin=0"/></net>

<net id="100"><net_src comp="22" pin="0"/><net_sink comp="96" pin=0"/></net>

<net id="101"><net_src comp="16" pin="0"/><net_sink comp="96" pin=1"/></net>

<net id="106"><net_src comp="24" pin="0"/><net_sink comp="102" pin=0"/></net>

<net id="107"><net_src comp="14" pin="0"/><net_sink comp="102" pin=1"/></net>

<net id="112"><net_src comp="26" pin="0"/><net_sink comp="108" pin=0"/></net>

<net id="113"><net_src comp="12" pin="0"/><net_sink comp="108" pin=1"/></net>

<net id="118"><net_src comp="28" pin="0"/><net_sink comp="114" pin=0"/></net>

<net id="119"><net_src comp="10" pin="0"/><net_sink comp="114" pin=1"/></net>

<net id="124"><net_src comp="30" pin="0"/><net_sink comp="120" pin=0"/></net>

<net id="125"><net_src comp="8" pin="0"/><net_sink comp="120" pin=1"/></net>

<net id="130"><net_src comp="32" pin="0"/><net_sink comp="126" pin=0"/></net>

<net id="131"><net_src comp="4" pin="0"/><net_sink comp="126" pin=1"/></net>

<net id="136"><net_src comp="34" pin="0"/><net_sink comp="132" pin=0"/></net>

<net id="137"><net_src comp="0" pin="0"/><net_sink comp="132" pin=1"/></net>

<net id="143"><net_src comp="78" pin="0"/><net_sink comp="138" pin=0"/></net>

<net id="144"><net_src comp="18" pin="0"/><net_sink comp="138" pin=1"/></net>

<net id="150"><net_src comp="2" pin="0"/><net_sink comp="145" pin=0"/></net>

<net id="151"><net_src comp="62" pin="0"/><net_sink comp="145" pin=1"/></net>

<net id="157"><net_src comp="145" pin="3"/><net_sink comp="152" pin=0"/></net>

<net id="163"><net_src comp="6" pin="0"/><net_sink comp="158" pin=0"/></net>

<net id="164"><net_src comp="62" pin="0"/><net_sink comp="158" pin=1"/></net>

<net id="170"><net_src comp="158" pin="3"/><net_sink comp="165" pin=0"/></net>

<net id="174"><net_src comp="96" pin="2"/><net_sink comp="171" pin=0"/></net>

<net id="178"><net_src comp="102" pin="2"/><net_sink comp="175" pin=0"/></net>

<net id="182"><net_src comp="120" pin="2"/><net_sink comp="179" pin=0"/></net>

<net id="186"><net_src comp="126" pin="2"/><net_sink comp="183" pin=0"/></net>

<net id="190"><net_src comp="108" pin="2"/><net_sink comp="187" pin=0"/></net>

<net id="194"><net_src comp="114" pin="2"/><net_sink comp="191" pin=0"/></net>

<net id="199"><net_src comp="46" pin="0"/><net_sink comp="195" pin=0"/></net>

<net id="204"><net_src comp="48" pin="0"/><net_sink comp="200" pin=0"/></net>

<net id="209"><net_src comp="50" pin="0"/><net_sink comp="205" pin=0"/></net>

<net id="214"><net_src comp="132" pin="2"/><net_sink comp="210" pin=0"/></net>

<net id="222"><net_src comp="215" pin="1"/><net_sink comp="218" pin=0"/></net>

<net id="223"><net_src comp="52" pin="0"/><net_sink comp="218" pin=1"/></net>

<net id="228"><net_src comp="215" pin="1"/><net_sink comp="224" pin=0"/></net>

<net id="229"><net_src comp="54" pin="0"/><net_sink comp="224" pin=1"/></net>

<net id="240"><net_src comp="233" pin="1"/><net_sink comp="236" pin=0"/></net>

<net id="241"><net_src comp="56" pin="0"/><net_sink comp="236" pin=1"/></net>

<net id="246"><net_src comp="236" pin="2"/><net_sink comp="242" pin=0"/></net>

<net id="247"><net_src comp="58" pin="0"/><net_sink comp="242" pin=1"/></net>

<net id="252"><net_src comp="230" pin="1"/><net_sink comp="248" pin=0"/></net>

<net id="253"><net_src comp="60" pin="0"/><net_sink comp="248" pin=1"/></net>

<net id="258"><net_src comp="248" pin="2"/><net_sink comp="254" pin=0"/></net>

<net id="259"><net_src comp="242" pin="2"/><net_sink comp="254" pin=1"/></net>

<net id="264"><net_src comp="254" pin="2"/><net_sink comp="260" pin=0"/></net>

<net id="265"><net_src comp="236" pin="2"/><net_sink comp="260" pin=1"/></net>

<net id="271"><net_src comp="260" pin="2"/><net_sink comp="266" pin=0"/></net>

<net id="272"><net_src comp="50" pin="0"/><net_sink comp="266" pin=1"/></net>

<net id="273"><net_src comp="230" pin="1"/><net_sink comp="266" pin=2"/></net>

<net id="277"><net_src comp="266" pin="3"/><net_sink comp="274" pin=0"/></net>

<net id="278"><net_src comp="274" pin="1"/><net_sink comp="145" pin=2"/></net>

<net id="279"><net_src comp="274" pin="1"/><net_sink comp="158" pin=2"/></net>

<net id="284"><net_src comp="266" pin="3"/><net_sink comp="280" pin=0"/></net>

<net id="285"><net_src comp="64" pin="0"/><net_sink comp="280" pin=1"/></net>

<net id="290"><net_src comp="233" pin="1"/><net_sink comp="286" pin=0"/></net>

<net id="291"><net_src comp="66" pin="0"/><net_sink comp="286" pin=1"/></net>

<net id="297"><net_src comp="236" pin="2"/><net_sink comp="292" pin=0"/></net>

<net id="298"><net_src comp="66" pin="0"/><net_sink comp="292" pin=1"/></net>

<net id="299"><net_src comp="286" pin="2"/><net_sink comp="292" pin=2"/></net>

<net id="304"><net_src comp="224" pin="2"/><net_sink comp="300" pin=0"/></net>

<net id="309"><net_src comp="292" pin="3"/><net_sink comp="305" pin=0"/></net>

<net id="314"><net_src comp="280" pin="2"/><net_sink comp="310" pin=0"/></net>

<net id="318"><net_src comp="152" pin="3"/><net_sink comp="315" pin=0"/></net>

<net id="323"><net_src comp="315" pin="1"/><net_sink comp="319" pin=0"/></net>

<net id="327"><net_src comp="319" pin="2"/><net_sink comp="324" pin=0"/></net>

<net id="331"><net_src comp="165" pin="3"/><net_sink comp="328" pin=0"/></net>

<net id="336"><net_src comp="328" pin="1"/><net_sink comp="332" pin=0"/></net>

<net id="340"><net_src comp="332" pin="2"/><net_sink comp="337" pin=0"/></net>

<net id="345"><net_src comp="337" pin="1"/><net_sink comp="341" pin=1"/></net>

<net id="353"><net_src comp="346" pin="2"/><net_sink comp="350" pin=0"/></net>

<net id="358"><net_src comp="350" pin="1"/><net_sink comp="354" pin=0"/></net>

<net id="359"><net_src comp="324" pin="1"/><net_sink comp="354" pin=1"/></net>

<net id="370"><net_src comp="363" pin="1"/><net_sink comp="366" pin=0"/></net>

<net id="378"><net_src comp="371" pin="1"/><net_sink comp="374" pin=0"/></net>

<net id="379"><net_src comp="366" pin="2"/><net_sink comp="374" pin=1"/></net>

<net id="383"><net_src comp="374" pin="2"/><net_sink comp="380" pin=0"/></net>

<net id="388"><net_src comp="360" pin="1"/><net_sink comp="384" pin=0"/></net>

<net id="389"><net_src comp="380" pin="1"/><net_sink comp="384" pin=1"/></net>

<net id="394"><net_src comp="384" pin="2"/><net_sink comp="390" pin=0"/></net>

<net id="398"><net_src comp="395" pin="1"/><net_sink comp="138" pin=2"/></net>

<net id="402"><net_src comp="80" pin="1"/><net_sink comp="399" pin=0"/></net>

<net id="403"><net_src comp="399" pin="1"/><net_sink comp="210" pin=1"/></net>

<net id="404"><net_src comp="399" pin="1"/><net_sink comp="360" pin=0"/></net>

<net id="405"><net_src comp="399" pin="1"/><net_sink comp="390" pin=1"/></net>

<net id="406"><net_src comp="399" pin="1"/><net_sink comp="395" pin=0"/></net>

<net id="410"><net_src comp="84" pin="1"/><net_sink comp="407" pin=0"/></net>

<net id="411"><net_src comp="407" pin="1"/><net_sink comp="205" pin=1"/></net>

<net id="412"><net_src comp="407" pin="1"/><net_sink comp="230" pin=0"/></net>

<net id="413"><net_src comp="407" pin="1"/><net_sink comp="310" pin=1"/></net>

<net id="417"><net_src comp="88" pin="1"/><net_sink comp="414" pin=0"/></net>

<net id="418"><net_src comp="414" pin="1"/><net_sink comp="200" pin=1"/></net>

<net id="419"><net_src comp="414" pin="1"/><net_sink comp="233" pin=0"/></net>

<net id="420"><net_src comp="414" pin="1"/><net_sink comp="305" pin=1"/></net>

<net id="424"><net_src comp="92" pin="1"/><net_sink comp="421" pin=0"/></net>

<net id="425"><net_src comp="421" pin="1"/><net_sink comp="195" pin=1"/></net>

<net id="426"><net_src comp="421" pin="1"/><net_sink comp="215" pin=0"/></net>

<net id="427"><net_src comp="421" pin="1"/><net_sink comp="300" pin=1"/></net>

<net id="431"><net_src comp="171" pin="1"/><net_sink comp="428" pin=0"/></net>

<net id="432"><net_src comp="428" pin="1"/><net_sink comp="346" pin=1"/></net>

<net id="436"><net_src comp="175" pin="1"/><net_sink comp="433" pin=0"/></net>

<net id="437"><net_src comp="433" pin="1"/><net_sink comp="346" pin=0"/></net>

<net id="441"><net_src comp="179" pin="1"/><net_sink comp="438" pin=0"/></net>

<net id="442"><net_src comp="438" pin="1"/><net_sink comp="332" pin=1"/></net>

<net id="446"><net_src comp="183" pin="1"/><net_sink comp="443" pin=0"/></net>

<net id="447"><net_src comp="443" pin="1"/><net_sink comp="319" pin=1"/></net>

<net id="451"><net_src comp="187" pin="1"/><net_sink comp="448" pin=0"/></net>

<net id="452"><net_src comp="448" pin="1"/><net_sink comp="366" pin=1"/></net>

<net id="456"><net_src comp="191" pin="1"/><net_sink comp="453" pin=0"/></net>

<net id="457"><net_src comp="453" pin="1"/><net_sink comp="341" pin=0"/></net>

<net id="461"><net_src comp="218" pin="2"/><net_sink comp="458" pin=0"/></net>

<net id="465"><net_src comp="145" pin="3"/><net_sink comp="462" pin=0"/></net>

<net id="466"><net_src comp="462" pin="1"/><net_sink comp="152" pin=0"/></net>

<net id="470"><net_src comp="158" pin="3"/><net_sink comp="467" pin=0"/></net>

<net id="471"><net_src comp="467" pin="1"/><net_sink comp="165" pin=0"/></net>

<net id="475"><net_src comp="341" pin="2"/><net_sink comp="472" pin=0"/></net>

<net id="476"><net_src comp="472" pin="1"/><net_sink comp="363" pin=0"/></net>

<net id="480"><net_src comp="354" pin="2"/><net_sink comp="477" pin=0"/></net>

<net id="481"><net_src comp="477" pin="1"/><net_sink comp="371" pin=0"/></net>

</net_list>

</model> 
---------------- Datapath Model END ------------------

* FSMD analyzer results:
  - Output states:
	Port: m27_21_out | {2 }
 - Input state : 
	Port: case_3_Pipeline_L_n12_1_L_n12_2_L_n12_3 : m27_19_reload | {1 }
	Port: case_3_Pipeline_L_n12_1_L_n12_2_L_n12_3 : in_data_0 | {1 2 }
	Port: case_3_Pipeline_L_n12_1_L_n12_2_L_n12_3 : sext_ln247 | {1 }
	Port: case_3_Pipeline_L_n12_1_L_n12_2_L_n12_3 : in_data_12 | {1 2 }
	Port: case_3_Pipeline_L_n12_1_L_n12_2_L_n12_3 : sext_ln22_4 | {1 }
	Port: case_3_Pipeline_L_n12_1_L_n12_2_L_n12_3 : sext_ln241 | {1 }
	Port: case_3_Pipeline_L_n12_1_L_n12_2_L_n12_3 : conv3_i12_i4097189_phi_reload | {1 }
	Port: case_3_Pipeline_L_n12_1_L_n12_2_L_n12_3 : m120_cast | {1 }
	Port: case_3_Pipeline_L_n12_1_L_n12_2_L_n12_3 : sext_ln108 | {1 }
  - Chain level:
	State 1
		store_ln0 : 1
		store_ln0 : 1
		store_ln243 : 1
		indvar_flatten136_load : 1
		icmp_ln241 : 2
		add_ln241 : 2
		br_ln241 : 3
		i_n12_2_load : 1
		indvar_flatten123_load : 1
		icmp_ln242 : 2
		xor_ln22 : 3
		icmp_ln243 : 2
		and_ln22 : 3
		or_ln22 : 3
		select_ln22 : 3
		zext_ln243 : 4
		in_data_0_addr : 5
		in_data_0_load : 6
		in_data_12_addr : 5
		in_data_12_load : 6
		add_ln243 : 4
		add_ln242 : 2
		select_ln242 : 3
		store_ln241 : 3
		store_ln242 : 4
		store_ln243 : 5
	State 2
		sext_ln247_1 : 1
		m122 : 2
		sext_ln83 : 3
		sext_ln254 : 1
		m126 : 2
		sext_ln262 : 3
		add_ln262 : 4
		sext_ln262_2 : 1
		add_ln262_3 : 4
		write_ln0 : 1
	State 3
		add_ln262_1 : 1
		add_ln262_4 : 2
		sext_ln262_4 : 3
		m27_8 : 4
		store_ln22 : 5


============================================================
+ Verbose Summary: Datapath Resource usage 
============================================================

* Functional unit list:
|----------|------------------------------------------------|---------|---------|---------|
| Operation|                 Functional Unit                |   DSP   |    FF   |   LUT   |
|----------|------------------------------------------------|---------|---------|---------|
|          |                add_ln241_fu_224                |    0    |    0    |    13   |
|          |                add_ln243_fu_280                |    0    |    0    |    13   |
|          |                add_ln242_fu_286                |    0    |    0    |    15   |
|          |                   m126_fu_332                  |    0    |    0    |    15   |
|    add   |                add_ln262_fu_341                |    0    |    0    |    14   |
|          |               add_ln262_2_fu_346               |    0    |    0    |    13   |
|          |               add_ln262_3_fu_354               |    0    |    0    |    14   |
|          |               add_ln262_1_fu_366               |    0    |    0    |    10   |
|          |               add_ln262_4_fu_374               |    0    |    0    |    11   |
|          |                  m27_8_fu_384                  |    0    |    0    |    23   |
|----------|------------------------------------------------|---------|---------|---------|
|          |                icmp_ln241_fu_218               |    0    |    0    |    13   |
|   icmp   |                icmp_ln242_fu_236               |    0    |    0    |    15   |
|          |                icmp_ln243_fu_248               |    0    |    0    |    13   |
|----------|------------------------------------------------|---------|---------|---------|
|    mul   |                   m122_fu_319                  |    0    |    0    |    41   |
|----------|------------------------------------------------|---------|---------|---------|
|  select  |               select_ln22_fu_266               |    0    |    0    |    4    |
|          |               select_ln242_fu_292              |    0    |    0    |    8    |
|----------|------------------------------------------------|---------|---------|---------|
|    xor   |                 xor_ln22_fu_242                |    0    |    0    |    2    |
|----------|------------------------------------------------|---------|---------|---------|
|    and   |                 and_ln22_fu_254                |    0    |    0    |    2    |
|----------|------------------------------------------------|---------|---------|---------|
|    or    |                 or_ln22_fu_260                 |    0    |    0    |    2    |
|----------|------------------------------------------------|---------|---------|---------|
|          |           sext_ln108_read_read_fu_96           |    0    |    0    |    0    |
|          |           m120_cast_read_read_fu_102           |    0    |    0    |    0    |
|          | conv3_i12_i4097189_phi_reload_read_read_fu_108 |    0    |    0    |    0    |
|   read   |           sext_ln241_read_read_fu_114          |    0    |    0    |    0    |
|          |          sext_ln22_4_read_read_fu_120          |    0    |    0    |    0    |
|          |           sext_ln247_read_read_fu_126          |    0    |    0    |    0    |
|          |         m27_19_reload_read_read_fu_132         |    0    |    0    |    0    |
|----------|------------------------------------------------|---------|---------|---------|
|   write  |             write_ln0_write_fu_138             |    0    |    0    |    0    |
|----------|------------------------------------------------|---------|---------|---------|
|          |             sext_ln108_cast_fu_171             |    0    |    0    |    0    |
|          |              m120_cast_cast_fu_175             |    0    |    0    |    0    |
|          |             sext_ln22_4_cast_fu_179            |    0    |    0    |    0    |
|          |             sext_ln247_cast_fu_183             |    0    |    0    |    0    |
|          |    conv3_i12_i4097189_phi_reload_cast_fu_187   |    0    |    0    |    0    |
|          |             sext_ln241_cast_fu_191             |    0    |    0    |    0    |
|   sext   |               sext_ln247_1_fu_315              |    0    |    0    |    0    |
|          |                sext_ln83_fu_324                |    0    |    0    |    0    |
|          |                sext_ln254_fu_328               |    0    |    0    |    0    |
|          |                sext_ln262_fu_337               |    0    |    0    |    0    |
|          |               sext_ln262_2_fu_350              |    0    |    0    |    0    |
|          |               sext_ln262_1_fu_363              |    0    |    0    |    0    |
|          |               sext_ln262_3_fu_371              |    0    |    0    |    0    |
|          |               sext_ln262_4_fu_380              |    0    |    0    |    0    |
|----------|------------------------------------------------|---------|---------|---------|
|   zext   |                zext_ln243_fu_274               |    0    |    0    |    0    |
|----------|------------------------------------------------|---------|---------|---------|
|   Total  |                                                |    0    |    0    |   241   |
|----------|------------------------------------------------|---------|---------|---------|

Memories:
N/A

* Register list:
+------------------------------------------+--------+
|                                          |   FF   |
+------------------------------------------+--------+
|            add_ln262_3_reg_477           |   10   |
|             add_ln262_reg_472            |   10   |
|conv3_i12_i4097189_phi_reload_cast_reg_448|   11   |
|              i_n12_2_reg_407             |    4   |
|            icmp_ln241_reg_458            |    1   |
|          in_data_0_addr_reg_462          |    4   |
|          in_data_12_addr_reg_467         |    4   |
|         indvar_flatten123_reg_414        |    8   |
|         indvar_flatten136_reg_421        |   10   |
|          m120_cast_cast_reg_433          |    6   |
|                m27_reg_399               |   16   |
|          sext_ln108_cast_reg_428         |    6   |
|         sext_ln22_4_cast_reg_438         |    9   |
|          sext_ln241_cast_reg_453         |   10   |
|          sext_ln247_cast_reg_443         |    9   |
+------------------------------------------+--------+
|                   Total                  |   118  |
+------------------------------------------+--------+

* Multiplexer (MUX) list: 
|-------------------|------|------|------|--------||---------||---------||---------|
|        Comp       |  Pin | Size |  BW  | S x BW ||  Delay  ||    FF   ||   LUT   |
|-------------------|------|------|------|--------||---------||---------||---------|
| grp_access_fu_152 |  p0  |   2  |   4  |    8   ||    0    ||    9    |
| grp_access_fu_165 |  p0  |   2  |   4  |    8   ||    0    ||    9    |
|-------------------|------|------|------|--------||---------||---------||---------|
|       Total       |      |      |      |   16   ||  3.176  ||    0    ||    18   |
|-------------------|------|------|------|--------||---------||---------||---------|



* Summary:
+-----------+--------+--------+--------+--------+
|           |   DSP  |  Delay |   FF   |   LUT  |
+-----------+--------+--------+--------+--------+
|  Function |    0   |    -   |    0   |   241  |
|   Memory  |    -   |    -   |    -   |    -   |
|Multiplexer|    -   |    3   |    0   |   18   |
|  Register |    -   |    -   |   118  |    -   |
+-----------+--------+--------+--------+--------+
|   Total   |    0   |    3   |   118  |   259  |
+-----------+--------+--------+--------+--------+
