Thu Jan 22 09:08:23 2026: Running xcd server. This server was built by gradle.
Thu Jan 22 09:08:23 2026: Server was asked to start on port: '46435'
Thu Jan 22 09:08:23 2026: Server is using token UUID: 'd5737e8d-ad5c-4c7d-8263-32db1f6b1d15'
Thu Jan 22 09:08:23 2026: SESSION_MGR: creating session with session uuid: '6d04a3e9-ade5-4ab9-8d63-1f78fcd2ec76' and name 'default'
Thu Jan 22 09:08:23 2026: Attempting to start server on port '46435'
Thu Jan 22 09:08:23 2026: XCD main fifo: created main fifo '/tmp/xcdmaind5737e8d-ad5c-4c7d-8263-32db1f6b1d15', fd read = 15
Thu Jan 22 09:08:23 2026: Running Dispatch Server
Thu Jan 22 09:08:23 2026: Version 2.2.0
Thu Jan 22 09:08:24 2026: Dispatch Server: Accepted socket connection from client
Thu Jan 22 09:08:24 2026: Starting Socket connection
Thu Jan 22 09:08:24 2026: EXCHANGE_TOKEN received, server token: d5737e8d-ad5c-4c7d-8263-32db1f6b1d15, passed token: d5737e8d-ad5c-4c7d-8263-32db1f6b1d15
Thu Jan 22 09:08:24 2026: SESSION_MGR: creating session with session uuid: '5a3f184d-aaff-4952-bdfb-33dcf3199c9b' and name 'vitis_hls'
Thu Jan 22 09:08:24 2026: KERNEL_SVC: creating session with uuid: '5a3f184d-aaff-4952-bdfb-33dcf3199c9b' and name 'vitis_hls'
Thu Jan 22 09:08:24 2026: GUIDANCE_SMGR: creating guidance session with uuid: '5a3f184d-aaff-4952-bdfb-33dcf3199c9b' and name 'vitis_hls'
Thu Jan 22 09:08:24 2026: STOP_SERVER received, server token: d5737e8d-ad5c-4c7d-8263-32db1f6b1d15, passed token: d5737e8d-ad5c-4c7d-8263-32db1f6b1d15
Thu Jan 22 09:08:24 2026: Socket received request to stop server.
Thu Jan 22 09:08:24 2026: Dispatch Server: do_await_stop
Thu Jan 22 09:08:24 2026: Dispatch Server: stopping mainFifo_
Thu Jan 22 09:08:24 2026: XCD main fifo: Stopping
Thu Jan 22 09:08:24 2026: XCD main fifo: do_read error code: Operation canceled
Thu Jan 22 09:08:24 2026: XCD main fifo: bytes_transferred: 0
Thu Jan 22 09:08:24 2026: SERVER: destructor for server bound to port 46435
Thu Jan 22 09:08:24 2026: XCD main fifo: Good unlink of /tmp/xcdmaind5737e8d-ad5c-4c7d-8263-32db1f6b1d15
Thu Jan 22 09:08:24 2026: Server exiting with status 0.
Thu Jan 22 09:08:24 2026: Closing log file.
Thu Jan 22 09:08:41 2026: Running xcd server. This server was built by gradle.
Thu Jan 22 09:08:41 2026: Server was asked to start on port: '46797'
Thu Jan 22 09:08:41 2026: Server is using token UUID: '149d2289-01af-4892-ab8b-4f5f1fb96194'
Thu Jan 22 09:08:41 2026: SESSION_MGR: creating session with session uuid: '6d04a3e9-ade5-4ab9-8d63-1f78fcd2ec76' and name 'default'
Thu Jan 22 09:08:41 2026: Attempting to start server on port '46797'
Thu Jan 22 09:08:41 2026: XCD main fifo: created main fifo '/tmp/xcdmain149d2289-01af-4892-ab8b-4f5f1fb96194', fd read = 15
Thu Jan 22 09:08:41 2026: Running Dispatch Server
Thu Jan 22 09:08:41 2026: Version 2.2.0
Thu Jan 22 09:08:41 2026: Dispatch Server: Accepted socket connection from client
Thu Jan 22 09:08:41 2026: Starting Socket connection
Thu Jan 22 09:08:41 2026: EXCHANGE_TOKEN received, server token: 149d2289-01af-4892-ab8b-4f5f1fb96194, passed token: 149d2289-01af-4892-ab8b-4f5f1fb96194
Thu Jan 22 09:08:41 2026: SESSION_MGR: creating session with session uuid: '0fb9ce6f-8fe9-4992-bfce-56bc938901ad' and name 'vitis_hls'
Thu Jan 22 09:08:41 2026: KERNEL_SVC: creating session with uuid: '0fb9ce6f-8fe9-4992-bfce-56bc938901ad' and name 'vitis_hls'
Thu Jan 22 09:08:41 2026: GUIDANCE_SMGR: creating guidance session with uuid: '0fb9ce6f-8fe9-4992-bfce-56bc938901ad' and name 'vitis_hls'
Thu Jan 22 09:08:43 2026: STOP_SERVER received, server token: 149d2289-01af-4892-ab8b-4f5f1fb96194, passed token: 149d2289-01af-4892-ab8b-4f5f1fb96194
Thu Jan 22 09:08:43 2026: Socket received request to stop server.
Thu Jan 22 09:08:43 2026: Dispatch Server: do_await_stop
Thu Jan 22 09:08:43 2026: Dispatch Server: stopping mainFifo_
Thu Jan 22 09:08:43 2026: XCD main fifo: Stopping
Thu Jan 22 09:08:43 2026: XCD main fifo: do_read error code: Operation canceled
Thu Jan 22 09:08:43 2026: XCD main fifo: bytes_transferred: 0
Thu Jan 22 09:08:43 2026: SERVER: destructor for server bound to port 46797
Thu Jan 22 09:08:43 2026: XCD main fifo: Good unlink of /tmp/xcdmain149d2289-01af-4892-ab8b-4f5f1fb96194
Thu Jan 22 09:08:43 2026: Server exiting with status 0.
Thu Jan 22 09:08:43 2026: Closing log file.
Thu Jan 22 09:08:59 2026: Running xcd server. This server was built by gradle.
Thu Jan 22 09:08:59 2026: Server was asked to start on port: '46845'
Thu Jan 22 09:08:59 2026: Server is using token UUID: '6ea32e22-2a0e-4048-b79d-c4cdd47dc3e8'
Thu Jan 22 09:08:59 2026: SESSION_MGR: creating session with session uuid: '6d04a3e9-ade5-4ab9-8d63-1f78fcd2ec76' and name 'default'
Thu Jan 22 09:08:59 2026: Attempting to start server on port '46845'
Thu Jan 22 09:08:59 2026: XCD main fifo: created main fifo '/tmp/xcdmain6ea32e22-2a0e-4048-b79d-c4cdd47dc3e8', fd read = 15
Thu Jan 22 09:08:59 2026: Running Dispatch Server
Thu Jan 22 09:08:59 2026: Version 2.2.0
Thu Jan 22 09:08:59 2026: Dispatch Server: Accepted socket connection from client
Thu Jan 22 09:08:59 2026: Starting Socket connection
Thu Jan 22 09:08:59 2026: EXCHANGE_TOKEN received, server token: 6ea32e22-2a0e-4048-b79d-c4cdd47dc3e8, passed token: 6ea32e22-2a0e-4048-b79d-c4cdd47dc3e8
Thu Jan 22 09:08:59 2026: SESSION_MGR: creating session with session uuid: 'b074f6e5-f273-4e70-b9f1-1f0d8a610805' and name 'vitis_hls'
Thu Jan 22 09:08:59 2026: KERNEL_SVC: creating session with uuid: 'b074f6e5-f273-4e70-b9f1-1f0d8a610805' and name 'vitis_hls'
Thu Jan 22 09:08:59 2026: GUIDANCE_SMGR: creating guidance session with uuid: 'b074f6e5-f273-4e70-b9f1-1f0d8a610805' and name 'vitis_hls'
Thu Jan 22 09:09:01 2026: STOP_SERVER received, server token: 6ea32e22-2a0e-4048-b79d-c4cdd47dc3e8, passed token: 6ea32e22-2a0e-4048-b79d-c4cdd47dc3e8
Thu Jan 22 09:09:01 2026: Socket received request to stop server.
Thu Jan 22 09:09:01 2026: Dispatch Server: do_await_stop
Thu Jan 22 09:09:01 2026: Dispatch Server: stopping mainFifo_
Thu Jan 22 09:09:01 2026: XCD main fifo: Stopping
Thu Jan 22 09:09:01 2026: XCD main fifo: do_read error code: Operation canceled
Thu Jan 22 09:09:01 2026: XCD main fifo: bytes_transferred: 0
Thu Jan 22 09:09:01 2026: SERVER: destructor for server bound to port 46845
Thu Jan 22 09:09:01 2026: XCD main fifo: Good unlink of /tmp/xcdmain6ea32e22-2a0e-4048-b79d-c4cdd47dc3e8
Thu Jan 22 09:09:01 2026: Server exiting with status 0.
Thu Jan 22 09:09:01 2026: Closing log file.
Thu Jan 22 09:09:17 2026: Running xcd server. This server was built by gradle.
Thu Jan 22 09:09:17 2026: Server was asked to start on port: '38509'
Thu Jan 22 09:09:17 2026: Server is using token UUID: '6cd6632a-cac8-485a-a1eb-7e3f31ffd59a'
Thu Jan 22 09:09:17 2026: SESSION_MGR: creating session with session uuid: '6d04a3e9-ade5-4ab9-8d63-1f78fcd2ec76' and name 'default'
Thu Jan 22 09:09:17 2026: Attempting to start server on port '38509'
Thu Jan 22 09:09:17 2026: XCD main fifo: created main fifo '/tmp/xcdmain6cd6632a-cac8-485a-a1eb-7e3f31ffd59a', fd read = 15
Thu Jan 22 09:09:17 2026: Running Dispatch Server
Thu Jan 22 09:09:17 2026: Version 2.2.0
Thu Jan 22 09:09:17 2026: Dispatch Server: Accepted socket connection from client
Thu Jan 22 09:09:17 2026: Starting Socket connection
Thu Jan 22 09:09:17 2026: EXCHANGE_TOKEN received, server token: 6cd6632a-cac8-485a-a1eb-7e3f31ffd59a, passed token: 6cd6632a-cac8-485a-a1eb-7e3f31ffd59a
Thu Jan 22 09:09:17 2026: SESSION_MGR: creating session with session uuid: '3b636265-4a8a-4e4e-9f7d-7ff54e3adb45' and name 'vitis_hls'
Thu Jan 22 09:09:17 2026: KERNEL_SVC: creating session with uuid: '3b636265-4a8a-4e4e-9f7d-7ff54e3adb45' and name 'vitis_hls'
Thu Jan 22 09:09:17 2026: GUIDANCE_SMGR: creating guidance session with uuid: '3b636265-4a8a-4e4e-9f7d-7ff54e3adb45' and name 'vitis_hls'
Thu Jan 22 09:09:19 2026: STOP_SERVER received, server token: 6cd6632a-cac8-485a-a1eb-7e3f31ffd59a, passed token: 6cd6632a-cac8-485a-a1eb-7e3f31ffd59a
Thu Jan 22 09:09:19 2026: Socket received request to stop server.
Thu Jan 22 09:09:19 2026: Dispatch Server: do_await_stop
Thu Jan 22 09:09:19 2026: Dispatch Server: stopping mainFifo_
Thu Jan 22 09:09:19 2026: XCD main fifo: Stopping
Thu Jan 22 09:09:19 2026: XCD main fifo: do_read error code: Operation canceled
Thu Jan 22 09:09:19 2026: XCD main fifo: bytes_transferred: 0
Thu Jan 22 09:09:19 2026: SERVER: destructor for server bound to port 38509
Thu Jan 22 09:09:19 2026: XCD main fifo: Good unlink of /tmp/xcdmain6cd6632a-cac8-485a-a1eb-7e3f31ffd59a
Thu Jan 22 09:09:19 2026: Server exiting with status 0.
Thu Jan 22 09:09:19 2026: Closing log file.
Thu Jan 22 09:09:40 2026: Running xcd server. This server was built by gradle.
Thu Jan 22 09:09:40 2026: Server was asked to start on port: '43715'
Thu Jan 22 09:09:40 2026: Server is using token UUID: 'b79b852a-d181-4992-b32e-9a49a9cbf715'
Thu Jan 22 09:09:40 2026: SESSION_MGR: creating session with session uuid: '6d04a3e9-ade5-4ab9-8d63-1f78fcd2ec76' and name 'default'
Thu Jan 22 09:09:40 2026: Attempting to start server on port '43715'
Thu Jan 22 09:09:40 2026: XCD main fifo: created main fifo '/tmp/xcdmainb79b852a-d181-4992-b32e-9a49a9cbf715', fd read = 15
Thu Jan 22 09:09:40 2026: Running Dispatch Server
Thu Jan 22 09:09:40 2026: Version 2.2.0
Thu Jan 22 09:09:41 2026: Dispatch Server: Accepted socket connection from client
Thu Jan 22 09:09:41 2026: Starting Socket connection
Thu Jan 22 09:09:41 2026: EXCHANGE_TOKEN received, server token: b79b852a-d181-4992-b32e-9a49a9cbf715, passed token: b79b852a-d181-4992-b32e-9a49a9cbf715
Thu Jan 22 09:09:41 2026: SESSION_MGR: creating session with session uuid: '202aba8c-e6ce-4636-a854-c6105e463bf3' and name 'vitis_hls'
Thu Jan 22 09:09:41 2026: KERNEL_SVC: creating session with uuid: '202aba8c-e6ce-4636-a854-c6105e463bf3' and name 'vitis_hls'
Thu Jan 22 09:09:41 2026: GUIDANCE_SMGR: creating guidance session with uuid: '202aba8c-e6ce-4636-a854-c6105e463bf3' and name 'vitis_hls'
Thu Jan 22 09:09:43 2026: STOP_SERVER received, server token: b79b852a-d181-4992-b32e-9a49a9cbf715, passed token: b79b852a-d181-4992-b32e-9a49a9cbf715
Thu Jan 22 09:09:43 2026: Socket received request to stop server.
Thu Jan 22 09:09:43 2026: Dispatch Server: do_await_stop
Thu Jan 22 09:09:43 2026: Dispatch Server: stopping mainFifo_
Thu Jan 22 09:09:43 2026: XCD main fifo: Stopping
Thu Jan 22 09:09:43 2026: XCD main fifo: do_read error code: Operation canceled
Thu Jan 22 09:09:43 2026: XCD main fifo: bytes_transferred: 0
Thu Jan 22 09:09:43 2026: SERVER: destructor for server bound to port 43715
Thu Jan 22 09:09:43 2026: XCD main fifo: Good unlink of /tmp/xcdmainb79b852a-d181-4992-b32e-9a49a9cbf715
Thu Jan 22 09:09:43 2026: Server exiting with status 0.
Thu Jan 22 09:09:43 2026: Closing log file.
Thu Jan 22 09:10:04 2026: Running xcd server. This server was built by gradle.
Thu Jan 22 09:10:04 2026: Server was asked to start on port: '42267'
Thu Jan 22 09:10:04 2026: Server is using token UUID: '82b9e7a2-6293-41de-a2a7-4e277d00f189'
Thu Jan 22 09:10:04 2026: SESSION_MGR: creating session with session uuid: '6d04a3e9-ade5-4ab9-8d63-1f78fcd2ec76' and name 'default'
Thu Jan 22 09:10:04 2026: Attempting to start server on port '42267'
Thu Jan 22 09:10:04 2026: XCD main fifo: created main fifo '/tmp/xcdmain82b9e7a2-6293-41de-a2a7-4e277d00f189', fd read = 15
Thu Jan 22 09:10:04 2026: Running Dispatch Server
Thu Jan 22 09:10:04 2026: Version 2.2.0
Thu Jan 22 09:10:04 2026: Dispatch Server: Accepted socket connection from client
Thu Jan 22 09:10:04 2026: Starting Socket connection
Thu Jan 22 09:10:04 2026: EXCHANGE_TOKEN received, server token: 82b9e7a2-6293-41de-a2a7-4e277d00f189, passed token: 82b9e7a2-6293-41de-a2a7-4e277d00f189
Thu Jan 22 09:10:04 2026: SESSION_MGR: creating session with session uuid: '803903a9-b698-43aa-a666-09ad6d669c03' and name 'vitis_hls'
Thu Jan 22 09:10:04 2026: KERNEL_SVC: creating session with uuid: '803903a9-b698-43aa-a666-09ad6d669c03' and name 'vitis_hls'
Thu Jan 22 09:10:04 2026: GUIDANCE_SMGR: creating guidance session with uuid: '803903a9-b698-43aa-a666-09ad6d669c03' and name 'vitis_hls'
Thu Jan 22 09:10:08 2026: STOP_SERVER received, server token: 82b9e7a2-6293-41de-a2a7-4e277d00f189, passed token: 82b9e7a2-6293-41de-a2a7-4e277d00f189
Thu Jan 22 09:10:08 2026: Socket received request to stop server.
Thu Jan 22 09:10:08 2026: Dispatch Server: do_await_stop
Thu Jan 22 09:10:08 2026: Dispatch Server: stopping mainFifo_
Thu Jan 22 09:10:08 2026: XCD main fifo: Stopping
Thu Jan 22 09:10:08 2026: XCD main fifo: do_read error code: Operation canceled
Thu Jan 22 09:10:08 2026: XCD main fifo: bytes_transferred: 0
Thu Jan 22 09:10:08 2026: SERVER: destructor for server bound to port 42267
Thu Jan 22 09:10:08 2026: XCD main fifo: Good unlink of /tmp/xcdmain82b9e7a2-6293-41de-a2a7-4e277d00f189
Thu Jan 22 09:10:08 2026: Server exiting with status 0.
Thu Jan 22 09:10:08 2026: Closing log file.
Thu Jan 22 09:10:33 2026: Running xcd server. This server was built by gradle.
Thu Jan 22 09:10:33 2026: Server was asked to start on port: '42411'
Thu Jan 22 09:10:33 2026: Server is using token UUID: 'b02bdb99-d470-4b50-8586-08170cf008d3'
Thu Jan 22 09:10:33 2026: SESSION_MGR: creating session with session uuid: '6d04a3e9-ade5-4ab9-8d63-1f78fcd2ec76' and name 'default'
Thu Jan 22 09:10:33 2026: Attempting to start server on port '42411'
Thu Jan 22 09:10:33 2026: XCD main fifo: created main fifo '/tmp/xcdmainb02bdb99-d470-4b50-8586-08170cf008d3', fd read = 15
Thu Jan 22 09:10:33 2026: Running Dispatch Server
Thu Jan 22 09:10:33 2026: Version 2.2.0
Thu Jan 22 09:10:34 2026: Dispatch Server: Accepted socket connection from client
Thu Jan 22 09:10:34 2026: Starting Socket connection
Thu Jan 22 09:10:34 2026: EXCHANGE_TOKEN received, server token: b02bdb99-d470-4b50-8586-08170cf008d3, passed token: b02bdb99-d470-4b50-8586-08170cf008d3
Thu Jan 22 09:10:34 2026: SESSION_MGR: creating session with session uuid: 'fde30d1c-8f70-493c-9cc9-2c9045cdd37c' and name 'vitis_hls'
Thu Jan 22 09:10:34 2026: KERNEL_SVC: creating session with uuid: 'fde30d1c-8f70-493c-9cc9-2c9045cdd37c' and name 'vitis_hls'
Thu Jan 22 09:10:34 2026: GUIDANCE_SMGR: creating guidance session with uuid: 'fde30d1c-8f70-493c-9cc9-2c9045cdd37c' and name 'vitis_hls'
Thu Jan 22 09:10:37 2026: STOP_SERVER received, server token: b02bdb99-d470-4b50-8586-08170cf008d3, passed token: b02bdb99-d470-4b50-8586-08170cf008d3
Thu Jan 22 09:10:37 2026: Socket received request to stop server.
Thu Jan 22 09:10:37 2026: Dispatch Server: do_await_stop
Thu Jan 22 09:10:37 2026: Dispatch Server: stopping mainFifo_
Thu Jan 22 09:10:37 2026: XCD main fifo: Stopping
Thu Jan 22 09:10:37 2026: XCD main fifo: do_read error code: Operation canceled
Thu Jan 22 09:10:37 2026: XCD main fifo: bytes_transferred: 0
Thu Jan 22 09:10:37 2026: SERVER: destructor for server bound to port 42411
Thu Jan 22 09:10:37 2026: XCD main fifo: Good unlink of /tmp/xcdmainb02bdb99-d470-4b50-8586-08170cf008d3
Thu Jan 22 09:10:37 2026: Server exiting with status 0.
Thu Jan 22 09:10:37 2026: Closing log file.
Thu Jan 22 09:11:08 2026: Running xcd server. This server was built by gradle.
Thu Jan 22 09:11:08 2026: Server was asked to start on port: '33027'
Thu Jan 22 09:11:08 2026: Server is using token UUID: '26a948f4-8dd4-4122-8753-cfa08d51feb7'
Thu Jan 22 09:11:08 2026: SESSION_MGR: creating session with session uuid: '6d04a3e9-ade5-4ab9-8d63-1f78fcd2ec76' and name 'default'
Thu Jan 22 09:11:08 2026: Attempting to start server on port '33027'
Thu Jan 22 09:11:08 2026: XCD main fifo: created main fifo '/tmp/xcdmain26a948f4-8dd4-4122-8753-cfa08d51feb7', fd read = 15
Thu Jan 22 09:11:08 2026: Running Dispatch Server
Thu Jan 22 09:11:08 2026: Version 2.2.0
Thu Jan 22 09:11:09 2026: Dispatch Server: Accepted socket connection from client
Thu Jan 22 09:11:09 2026: Starting Socket connection
Thu Jan 22 09:11:09 2026: EXCHANGE_TOKEN received, server token: 26a948f4-8dd4-4122-8753-cfa08d51feb7, passed token: 26a948f4-8dd4-4122-8753-cfa08d51feb7
Thu Jan 22 09:11:09 2026: SESSION_MGR: creating session with session uuid: '5e449c32-5991-456d-87f9-a4f0d6b888a7' and name 'vitis_hls'
Thu Jan 22 09:11:09 2026: KERNEL_SVC: creating session with uuid: '5e449c32-5991-456d-87f9-a4f0d6b888a7' and name 'vitis_hls'
Thu Jan 22 09:11:09 2026: GUIDANCE_SMGR: creating guidance session with uuid: '5e449c32-5991-456d-87f9-a4f0d6b888a7' and name 'vitis_hls'
Thu Jan 22 09:11:13 2026: STOP_SERVER received, server token: 26a948f4-8dd4-4122-8753-cfa08d51feb7, passed token: 26a948f4-8dd4-4122-8753-cfa08d51feb7
Thu Jan 22 09:11:13 2026: Socket received request to stop server.
Thu Jan 22 09:11:13 2026: Dispatch Server: do_await_stop
Thu Jan 22 09:11:13 2026: Dispatch Server: stopping mainFifo_
Thu Jan 22 09:11:13 2026: XCD main fifo: Stopping
Thu Jan 22 09:11:13 2026: XCD main fifo: do_read error code: Operation canceled
Thu Jan 22 09:11:13 2026: XCD main fifo: bytes_transferred: 0
Thu Jan 22 09:11:13 2026: SERVER: destructor for server bound to port 33027
Thu Jan 22 09:11:13 2026: XCD main fifo: Good unlink of /tmp/xcdmain26a948f4-8dd4-4122-8753-cfa08d51feb7
Thu Jan 22 09:11:13 2026: Server exiting with status 0.
Thu Jan 22 09:11:13 2026: Closing log file.
Thu Jan 22 09:11:48 2026: Running xcd server. This server was built by gradle.
Thu Jan 22 09:11:48 2026: Server was asked to start on port: '36201'
Thu Jan 22 09:11:48 2026: Server is using token UUID: 'b9d5ac54-d512-48e5-abe9-71026690e02f'
Thu Jan 22 09:11:48 2026: SESSION_MGR: creating session with session uuid: '6d04a3e9-ade5-4ab9-8d63-1f78fcd2ec76' and name 'default'
Thu Jan 22 09:11:48 2026: Attempting to start server on port '36201'
Thu Jan 22 09:11:48 2026: XCD main fifo: created main fifo '/tmp/xcdmainb9d5ac54-d512-48e5-abe9-71026690e02f', fd read = 15
Thu Jan 22 09:11:48 2026: Running Dispatch Server
Thu Jan 22 09:11:48 2026: Version 2.2.0
Thu Jan 22 09:11:49 2026: Dispatch Server: Accepted socket connection from client
Thu Jan 22 09:11:49 2026: Starting Socket connection
Thu Jan 22 09:11:49 2026: EXCHANGE_TOKEN received, server token: b9d5ac54-d512-48e5-abe9-71026690e02f, passed token: b9d5ac54-d512-48e5-abe9-71026690e02f
Thu Jan 22 09:11:49 2026: SESSION_MGR: creating session with session uuid: 'c4b7c898-cf03-4dca-bb16-21ec1b0a77d7' and name 'vitis_hls'
Thu Jan 22 09:11:49 2026: KERNEL_SVC: creating session with uuid: 'c4b7c898-cf03-4dca-bb16-21ec1b0a77d7' and name 'vitis_hls'
Thu Jan 22 09:11:49 2026: GUIDANCE_SMGR: creating guidance session with uuid: 'c4b7c898-cf03-4dca-bb16-21ec1b0a77d7' and name 'vitis_hls'
Thu Jan 22 09:11:53 2026: STOP_SERVER received, server token: b9d5ac54-d512-48e5-abe9-71026690e02f, passed token: b9d5ac54-d512-48e5-abe9-71026690e02f
Thu Jan 22 09:11:53 2026: Socket received request to stop server.
Thu Jan 22 09:11:53 2026: Dispatch Server: do_await_stop
Thu Jan 22 09:11:53 2026: Dispatch Server: stopping mainFifo_
Thu Jan 22 09:11:53 2026: XCD main fifo: Stopping
Thu Jan 22 09:11:53 2026: XCD main fifo: do_read error code: Operation canceled
Thu Jan 22 09:11:53 2026: XCD main fifo: bytes_transferred: 0
Thu Jan 22 09:11:53 2026: SERVER: destructor for server bound to port 36201
Thu Jan 22 09:11:53 2026: XCD main fifo: Good unlink of /tmp/xcdmainb9d5ac54-d512-48e5-abe9-71026690e02f
Thu Jan 22 09:11:53 2026: Server exiting with status 0.
Thu Jan 22 09:11:53 2026: Closing log file.
Thu Jan 22 09:16:56 2026: Running xcd server. This server was built by gradle.
Thu Jan 22 09:16:56 2026: Server was asked to start on port: '35151'
Thu Jan 22 09:16:56 2026: Server is using token UUID: '1f8c1206-81ae-4950-8d06-c7077d346fc4'
Thu Jan 22 09:16:56 2026: SESSION_MGR: creating session with session uuid: '6d04a3e9-ade5-4ab9-8d63-1f78fcd2ec76' and name 'default'
Thu Jan 22 09:16:56 2026: Attempting to start server on port '35151'
Thu Jan 22 09:16:56 2026: XCD main fifo: created main fifo '/tmp/xcdmain1f8c1206-81ae-4950-8d06-c7077d346fc4', fd read = 15
Thu Jan 22 09:16:56 2026: Running Dispatch Server
Thu Jan 22 09:16:56 2026: Version 2.2.0
Thu Jan 22 09:16:57 2026: Dispatch Server: Accepted socket connection from client
Thu Jan 22 09:16:57 2026: Starting Socket connection
Thu Jan 22 09:16:57 2026: EXCHANGE_TOKEN received, server token: 1f8c1206-81ae-4950-8d06-c7077d346fc4, passed token: 1f8c1206-81ae-4950-8d06-c7077d346fc4
Thu Jan 22 09:16:57 2026: SESSION_MGR: creating session with session uuid: '158cf933-726e-4052-b92f-b9b65405e8b1' and name 'vitis_hls'
Thu Jan 22 09:16:57 2026: KERNEL_SVC: creating session with uuid: '158cf933-726e-4052-b92f-b9b65405e8b1' and name 'vitis_hls'
Thu Jan 22 09:16:57 2026: GUIDANCE_SMGR: creating guidance session with uuid: '158cf933-726e-4052-b92f-b9b65405e8b1' and name 'vitis_hls'
