  **** HLS Build v2025.1 6135595
Sourcing Tcl script '/home/jjh/RL_test/for_ironman/script.tcl'
INFO: [HLS 200-1510] Running: open_project -reset project_tmp 
WARNING: [HLS 200-2182] The 'project_tmp' project will not automatically appear within Vitis IDE workspaces and is meant only for TCL batch use.  Please use open_component instead of open_project/open_solution to generate Vitis IDE compatible component files and directory structure.
Resolution: For help on HLS 200-2182 see docs.xilinx.com/access/sources/dita/topic?Doc_Version=2025.1%20English&url=ug1448-hls-guidance&resourceid=200-2182.html
INFO: [HLS 200-10] Creating and opening solution '/home/jjh/RL_test/for_ironman/project_tmp'.
INFO: [HLS 200-1510] Running: open_component hls_component -flow_target vivado 
INFO: [HLS 200-10] Creating and opening component '/home/jjh/RL_test/for_ironman/hls_component'.
INFO: [HLS 200-1505] Using flow_target 'vivado'
Resolution: For help on HLS 200-1505 see docs.xilinx.com/access/sources/dita/topic?Doc_Version=2025.1%20English&url=ug1448-hls-guidance&resourceid=200-1505.html
INFO: [HLS 200-2176] Writing Vitis IDE component file /home/jjh/RL_test/for_ironman/hls_component/vitis-comp.json
INFO: [HLS 200-1915] Writing HLS config ini file /home/jjh/RL_test/for_ironman/hls_component/hls_config.cfg
INFO: [HLS 200-1510] Running: set_top case_1 
INFO: [HLS 200-1510] Running: add_files cc/case_1.cc 
WARNING: [HLS 200-40] Cannot find design file 'cc/case_1.cc'
INFO: [HLS 200-1510] Running: open_solution solution_tmp 
INFO: [HLS 200-10] Creating and opening solution '/home/jjh/RL_test/for_ironman/hls_componentsolution_tmp/hls'.
INFO: [HLS 200-1505] Using default flow_target 'vivado'
Resolution: For help on HLS 200-1505 see docs.xilinx.com/access/sources/dita/topic?Doc_Version=2025.1%20English&url=ug1448-hls-guidance&resourceid=200-1505.html
INFO: [HLS 200-2176] Writing Vitis IDE component file /home/jjh/RL_test/for_ironman/hls_componentsolution_tmp/vitis-comp.json
INFO: [HLS 200-1915] Writing HLS config ini file /home/jjh/RL_test/for_ironman/hls_componentsolution_tmp/hls_config.cfg
WARNING: [HLS 200-1998] cannot find relative file path 'cc/case_1.cc' in directory(s): /home/jjh/RL_test/for_ironman /home/jjh/RL_test/for_ironman
INFO: [HLS 200-1510] Running: set_part xc7z020clg400-1 
INFO: [HLS 200-1611] Setting target device to 'xc7z020-clg400-1'
INFO: [HLS 200-1510] Running: create_clock -period 10 -name default 
INFO: [SYN 201-201] Setting up clock 'default' with a period of 10ns.
INFO: [HLS 200-1510] Running: source ./directive.tcl
INFO: [HLS 200-1510] Running: set_directive_pipeline -off case_1/L_n1_1 
INFO: [HLS 200-1510] Running: set_directive_pipeline -off case_1/L_n1_2 
INFO: [HLS 200-1510] Running: set_directive_bind_op -op add -impl fabric case_1 m25 
INFO: [HLS 200-1510] Running: set_directive_pipeline case_1/L_n2_1 
INFO: [HLS 200-1510] Running: set_directive_pipeline -off case_1/L_n2_2 
INFO: [HLS 200-1510] Running: set_directive_bind_op -op mul -impl fabric case_1 m35 
INFO: [HLS 200-1510] Running: set_directive_pipeline -off case_1/L_n3_1 
INFO: [HLS 200-1510] Running: set_directive_pipeline -off case_1/L_n3_2 
INFO: [HLS 200-1510] Running: set_directive_pipeline -off case_1/L_n3_3 
INFO: [HLS 200-1510] Running: set_directive_pipeline -off case_1/L_s1_1 
INFO: [HLS 200-1510] Running: set_directive_bind_op -op mul -impl fabric case_1 m45 
INFO: [HLS 200-1510] Running: set_directive_pipeline -off case_1/L_n4_1 
INFO: [HLS 200-1510] Running: set_directive_pipeline case_1/L_n4_2 
INFO: [HLS 200-1510] Running: set_directive_pipeline -off case_1/L_n4_3 
INFO: [HLS 200-1510] Running: set_directive_pipeline -off case_1/L_n5_1 
INFO: [HLS 200-1510] Running: set_directive_pipeline -off case_1/L_n5_2 
INFO: [HLS 200-1510] Running: set_directive_bind_op -op add -impl fabric case_1 m62 
INFO: [HLS 200-1510] Running: set_directive_pipeline -off case_1/L_m1_1 
INFO: [HLS 200-1510] Running: set_directive_pipeline -off case_1/L_m1_2 
INFO: [HLS 200-1510] Running: set_directive_pipeline case_1/L_m1_3 
INFO: [HLS 200-1510] Running: set_directive_bind_op -op add -impl fabric case_1 m68 
INFO: [HLS 200-1510] Running: set_directive_pipeline -off case_1/L_n6_1 
INFO: [HLS 200-1510] Running: set_directive_pipeline case_1/L_n6_2 
INFO: [HLS 200-1510] Running: set_directive_bind_op -op mul -impl fabric case_1 m76 
INFO: [HLS 200-1510] Running: set_directive_pipeline case_1/L_s2_1 
INFO: [HLS 200-1510] Running: set_directive_bind_op -op mul -impl fabric case_1 m78 
INFO: [HLS 200-1510] Running: set_directive_bind_op -op add -impl fabric case_1 m79 
INFO: [HLS 200-1510] Running: set_directive_pipeline -off case_1/L_s3_1 
INFO: [HLS 200-1510] Running: set_directive_bind_op -op add -impl fabric case_1 m81 
INFO: [HLS 200-1510] Running: set_directive_pipeline -off case_1/L_s4_1 
INFO: [HLS 200-1510] Running: set_directive_bind_op -op add -impl fabric case_1 m83 
INFO: [HLS 200-1510] Running: set_directive_pipeline -off case_1/L_m2_1 
INFO: [HLS 200-1510] Running: set_directive_pipeline case_1/L_m2_2 
INFO: [HLS 200-1510] Running: set_directive_pipeline case_1/L_m2_3 
INFO: [HLS 200-1510] Running: set_directive_bind_op -op add -impl fabric case_1 m88 
INFO: [HLS 200-1510] Running: set_directive_pipeline -off case_1/L_n7_1 
INFO: [HLS 200-1510] Running: set_directive_pipeline case_1/L_n7_2 
INFO: [HLS 200-1510] Running: set_directive_bind_op -op mul -impl fabric case_1 m96 
INFO: [HLS 200-1510] Running: set_directive_bind_op -op add -impl fabric case_1 m97 
INFO: [HLS 200-1510] Running: set_directive_bind_op -op mul -impl fabric case_1 m100 
INFO: [HLS 200-1510] Running: set_directive_bind_op -op mul -impl fabric case_1 m101 
INFO: [HLS 200-1510] Running: set_directive_bind_op -op add -impl fabric case_1 m102 
INFO: [HLS 200-1510] Running: set_directive_bind_op -op add -impl fabric case_1 m106 
INFO: [HLS 200-1510] Running: set_directive_bind_op -op mul -impl fabric case_1 m108 
INFO: [HLS 200-1510] Running: set_directive_bind_op -op mul -impl fabric case_1 m109 
INFO: [HLS 200-1510] Running: set_directive_bind_op -op mul -impl fabric case_1 m110 
INFO: [HLS 200-1510] Running: set_directive_bind_op -op add -impl fabric case_1 m111 
INFO: [HLS 200-1510] Running: set_directive_pipeline case_1/L_m3_1 
INFO: [HLS 200-1510] Running: set_directive_pipeline case_1/L_m3_2 
INFO: [HLS 200-1510] Running: set_directive_pipeline case_1/L_m3_3 
INFO: [HLS 200-1510] Running: set_directive_bind_op -op add -impl fabric case_1 m115 
INFO: [HLS 200-1510] Running: set_directive_pipeline -off case_1/L_n8_1 
INFO: [HLS 200-1510] Running: set_directive_pipeline case_1/L_n8_2 
INFO: [HLS 200-1510] Running: set_directive_pipeline case_1/L_n8_3 
INFO: [HLS 200-1510] Running: set_directive_bind_op -op mul -impl fabric case_1 m124 
INFO: [HLS 200-1510] Running: set_directive_pipeline case_1/L_n9_1 
INFO: [HLS 200-1510] Running: set_directive_pipeline case_1/L_n9_2 
INFO: [HLS 200-1510] Running: set_directive_bind_op -op add -impl fabric case_1 m127 
INFO: [HLS 200-1510] Running: set_directive_bind_op -op add -impl fabric case_1 m132 
INFO: [HLS 200-1510] Running: set_directive_bind_op -op mul -impl fabric case_1 m135 
INFO: [HLS 200-1510] Running: set_directive_bind_op -op add -impl fabric case_1 m136 
INFO: [HLS 200-1510] Running: set_directive_pipeline -off case_1/L_s5_1 
INFO: [HLS 200-1510] Running: set_directive_bind_op -op mul -impl fabric case_1 m138 
INFO: [HLS 200-1510] Running: set_directive_bind_op -op add -impl fabric case_1 m139 
INFO: [HLS 200-1510] Running: set_directive_bind_op -op mul -impl fabric case_1 m141 
INFO: [HLS 200-1510] Running: set_directive_pipeline case_1/L_n10_1 
INFO: [HLS 200-1510] Running: set_directive_pipeline case_1/L_n10_2 
INFO: [HLS 200-1510] Running: set_directive_bind_op -op mul -impl fabric case_1 m144 
INFO: [HLS 200-1510] Running: set_directive_bind_op -op mul -impl fabric case_1 m145 
INFO: [HLS 200-1510] Running: set_directive_pipeline case_1/L_n11_1 
INFO: [HLS 200-1510] Running: set_directive_pipeline case_1/L_n11_2 
INFO: [HLS 200-1510] Running: set_directive_pipeline case_1/L_n11_3 
INFO: [HLS 200-1510] Running: set_directive_bind_op -op add -impl fabric case_1 m149 
INFO: [HLS 200-1510] Running: set_directive_pipeline case_1/L_s6_1 
INFO: [HLS 200-1510] Running: set_directive_bind_op -op mul -impl fabric case_1 m152 
INFO: [HLS 200-1510] Running: csynth_design 
INFO: [HLS 200-1915] Writing HLS config ini file /home/jjh/RL_test/for_ironman/hls_componentsolution_tmp/hls_config.cfg
WARNING: [HLS 200-1998] cannot find relative file path 'cc/case_1.cc' in directory(s): /home/jjh/RL_test/for_ironman /home/jjh/RL_test/for_ironman
WARNING: [HLS 200-40] Cannot find source file cc/case_1.cc; skipping it.
INFO: [HLS 200-111] Finished File checks and directory preparation: CPU user time: 0.27 seconds. CPU system time: 0.05 seconds. Elapsed time: 2.85 seconds; current allocated memory: 268.895 MB.
WARNING: [HLS 200-1986] Could not apply PIPELINE directive, invalid function, label, or variable (/home/jjh/RL_test/for_ironman/directive.tcl:1)
WARNING: [HLS 200-1986] Could not apply PIPELINE directive, invalid function, label, or variable (/home/jjh/RL_test/for_ironman/directive.tcl:2)
WARNING: [HLS 200-1986] Could not apply BIND_OP directive, invalid function, label, or variable (/home/jjh/RL_test/for_ironman/directive.tcl:3)
WARNING: [HLS 200-1986] Could not apply PIPELINE directive, invalid function, label, or variable (/home/jjh/RL_test/for_ironman/directive.tcl:4)
WARNING: [HLS 200-1986] Could not apply PIPELINE directive, invalid function, label, or variable (/home/jjh/RL_test/for_ironman/directive.tcl:5)
WARNING: [HLS 200-1986] Could not apply BIND_OP directive, invalid function, label, or variable (/home/jjh/RL_test/for_ironman/directive.tcl:6)
WARNING: [HLS 200-1986] Could not apply PIPELINE directive, invalid function, label, or variable (/home/jjh/RL_test/for_ironman/directive.tcl:7)
WARNING: [HLS 200-1986] Could not apply PIPELINE directive, invalid function, label, or variable (/home/jjh/RL_test/for_ironman/directive.tcl:8)
WARNING: [HLS 200-1986] Could not apply PIPELINE directive, invalid function, label, or variable (/home/jjh/RL_test/for_ironman/directive.tcl:9)
WARNING: [HLS 200-1986] Could not apply PIPELINE directive, invalid function, label, or variable (/home/jjh/RL_test/for_ironman/directive.tcl:10)
WARNING: [HLS 200-1986] Could not apply BIND_OP directive, invalid function, label, or variable (/home/jjh/RL_test/for_ironman/directive.tcl:11)
WARNING: [HLS 200-1986] Could not apply PIPELINE directive, invalid function, label, or variable (/home/jjh/RL_test/for_ironman/directive.tcl:12)
WARNING: [HLS 200-1986] Could not apply PIPELINE directive, invalid function, label, or variable (/home/jjh/RL_test/for_ironman/directive.tcl:13)
WARNING: [HLS 200-1986] Could not apply PIPELINE directive, invalid function, label, or variable (/home/jjh/RL_test/for_ironman/directive.tcl:14)
WARNING: [HLS 200-1986] Could not apply PIPELINE directive, invalid function, label, or variable (/home/jjh/RL_test/for_ironman/directive.tcl:15)
WARNING: [HLS 200-1986] Could not apply PIPELINE directive, invalid function, label, or variable (/home/jjh/RL_test/for_ironman/directive.tcl:16)
WARNING: [HLS 200-1986] Could not apply BIND_OP directive, invalid function, label, or variable (/home/jjh/RL_test/for_ironman/directive.tcl:17)
WARNING: [HLS 200-1986] Could not apply PIPELINE directive, invalid function, label, or variable (/home/jjh/RL_test/for_ironman/directive.tcl:18)
WARNING: [HLS 200-1986] Could not apply PIPELINE directive, invalid function, label, or variable (/home/jjh/RL_test/for_ironman/directive.tcl:19)
WARNING: [HLS 200-1986] Could not apply PIPELINE directive, invalid function, label, or variable (/home/jjh/RL_test/for_ironman/directive.tcl:20)
WARNING: [HLS 200-1986] Could not apply BIND_OP directive, invalid function, label, or variable (/home/jjh/RL_test/for_ironman/directive.tcl:21)
WARNING: [HLS 200-1986] Could not apply PIPELINE directive, invalid function, label, or variable (/home/jjh/RL_test/for_ironman/directive.tcl:22)
WARNING: [HLS 200-1986] Could not apply PIPELINE directive, invalid function, label, or variable (/home/jjh/RL_test/for_ironman/directive.tcl:23)
WARNING: [HLS 200-1986] Could not apply BIND_OP directive, invalid function, label, or variable (/home/jjh/RL_test/for_ironman/directive.tcl:24)
WARNING: [HLS 200-1986] Could not apply PIPELINE directive, invalid function, label, or variable (/home/jjh/RL_test/for_ironman/directive.tcl:25)
WARNING: [HLS 200-1986] Could not apply BIND_OP directive, invalid function, label, or variable (/home/jjh/RL_test/for_ironman/directive.tcl:26)
WARNING: [HLS 200-1986] Could not apply BIND_OP directive, invalid function, label, or variable (/home/jjh/RL_test/for_ironman/directive.tcl:27)
WARNING: [HLS 200-1986] Could not apply PIPELINE directive, invalid function, label, or variable (/home/jjh/RL_test/for_ironman/directive.tcl:28)
WARNING: [HLS 200-1986] Could not apply BIND_OP directive, invalid function, label, or variable (/home/jjh/RL_test/for_ironman/directive.tcl:29)
WARNING: [HLS 200-1986] Could not apply PIPELINE directive, invalid function, label, or variable (/home/jjh/RL_test/for_ironman/directive.tcl:30)
WARNING: [HLS 200-1986] Could not apply BIND_OP directive, invalid function, label, or variable (/home/jjh/RL_test/for_ironman/directive.tcl:31)
WARNING: [HLS 200-1986] Could not apply PIPELINE directive, invalid function, label, or variable (/home/jjh/RL_test/for_ironman/directive.tcl:32)
WARNING: [HLS 200-1986] Could not apply PIPELINE directive, invalid function, label, or variable (/home/jjh/RL_test/for_ironman/directive.tcl:33)
WARNING: [HLS 200-1986] Could not apply PIPELINE directive, invalid function, label, or variable (/home/jjh/RL_test/for_ironman/directive.tcl:34)
WARNING: [HLS 200-1986] Could not apply BIND_OP directive, invalid function, label, or variable (/home/jjh/RL_test/for_ironman/directive.tcl:35)
WARNING: [HLS 200-1986] Could not apply PIPELINE directive, invalid function, label, or variable (/home/jjh/RL_test/for_ironman/directive.tcl:36)
WARNING: [HLS 200-1986] Could not apply PIPELINE directive, invalid function, label, or variable (/home/jjh/RL_test/for_ironman/directive.tcl:37)
WARNING: [HLS 200-1986] Could not apply BIND_OP directive, invalid function, label, or variable (/home/jjh/RL_test/for_ironman/directive.tcl:38)
WARNING: [HLS 200-1986] Could not apply BIND_OP directive, invalid function, label, or variable (/home/jjh/RL_test/for_ironman/directive.tcl:39)
WARNING: [HLS 200-1986] Could not apply BIND_OP directive, invalid function, label, or variable (/home/jjh/RL_test/for_ironman/directive.tcl:40)
WARNING: [HLS 200-1986] Could not apply BIND_OP directive, invalid function, label, or variable (/home/jjh/RL_test/for_ironman/directive.tcl:41)
WARNING: [HLS 200-1986] Could not apply BIND_OP directive, invalid function, label, or variable (/home/jjh/RL_test/for_ironman/directive.tcl:42)
WARNING: [HLS 200-1986] Could not apply BIND_OP directive, invalid function, label, or variable (/home/jjh/RL_test/for_ironman/directive.tcl:43)
WARNING: [HLS 200-1986] Could not apply BIND_OP directive, invalid function, label, or variable (/home/jjh/RL_test/for_ironman/directive.tcl:44)
WARNING: [HLS 200-1986] Could not apply BIND_OP directive, invalid function, label, or variable (/home/jjh/RL_test/for_ironman/directive.tcl:45)
WARNING: [HLS 200-1986] Could not apply BIND_OP directive, invalid function, label, or variable (/home/jjh/RL_test/for_ironman/directive.tcl:46)
WARNING: [HLS 200-1986] Could not apply BIND_OP directive, invalid function, label, or variable (/home/jjh/RL_test/for_ironman/directive.tcl:47)
WARNING: [HLS 200-1986] Could not apply PIPELINE directive, invalid function, label, or variable (/home/jjh/RL_test/for_ironman/directive.tcl:48)
WARNING: [HLS 200-1986] Could not apply PIPELINE directive, invalid function, label, or variable (/home/jjh/RL_test/for_ironman/directive.tcl:49)
WARNING: [HLS 200-1986] Could not apply PIPELINE directive, invalid function, label, or variable (/home/jjh/RL_test/for_ironman/directive.tcl:50)
WARNING: [HLS 200-1986] Could not apply BIND_OP directive, invalid function, label, or variable (/home/jjh/RL_test/for_ironman/directive.tcl:51)
WARNING: [HLS 200-1986] Could not apply PIPELINE directive, invalid function, label, or variable (/home/jjh/RL_test/for_ironman/directive.tcl:52)
WARNING: [HLS 200-1986] Could not apply PIPELINE directive, invalid function, label, or variable (/home/jjh/RL_test/for_ironman/directive.tcl:53)
WARNING: [HLS 200-1986] Could not apply PIPELINE directive, invalid function, label, or variable (/home/jjh/RL_test/for_ironman/directive.tcl:54)
WARNING: [HLS 200-1986] Could not apply BIND_OP directive, invalid function, label, or variable (/home/jjh/RL_test/for_ironman/directive.tcl:55)
WARNING: [HLS 200-1986] Could not apply PIPELINE directive, invalid function, label, or variable (/home/jjh/RL_test/for_ironman/directive.tcl:56)
WARNING: [HLS 200-1986] Could not apply PIPELINE directive, invalid function, label, or variable (/home/jjh/RL_test/for_ironman/directive.tcl:57)
WARNING: [HLS 200-1986] Could not apply BIND_OP directive, invalid function, label, or variable (/home/jjh/RL_test/for_ironman/directive.tcl:58)
WARNING: [HLS 200-1986] Could not apply BIND_OP directive, invalid function, label, or variable (/home/jjh/RL_test/for_ironman/directive.tcl:59)
WARNING: [HLS 200-1986] Could not apply BIND_OP directive, invalid function, label, or variable (/home/jjh/RL_test/for_ironman/directive.tcl:60)
WARNING: [HLS 200-1986] Could not apply BIND_OP directive, invalid function, label, or variable (/home/jjh/RL_test/for_ironman/directive.tcl:61)
WARNING: [HLS 200-1986] Could not apply PIPELINE directive, invalid function, label, or variable (/home/jjh/RL_test/for_ironman/directive.tcl:62)
WARNING: [HLS 200-1986] Could not apply BIND_OP directive, invalid function, label, or variable (/home/jjh/RL_test/for_ironman/directive.tcl:63)
WARNING: [HLS 200-1986] Could not apply BIND_OP directive, invalid function, label, or variable (/home/jjh/RL_test/for_ironman/directive.tcl:64)
WARNING: [HLS 200-1986] Could not apply BIND_OP directive, invalid function, label, or variable (/home/jjh/RL_test/for_ironman/directive.tcl:65)
WARNING: [HLS 200-1986] Could not apply PIPELINE directive, invalid function, label, or variable (/home/jjh/RL_test/for_ironman/directive.tcl:66)
WARNING: [HLS 200-1986] Could not apply PIPELINE directive, invalid function, label, or variable (/home/jjh/RL_test/for_ironman/directive.tcl:67)
WARNING: [HLS 200-1986] Could not apply BIND_OP directive, invalid function, label, or variable (/home/jjh/RL_test/for_ironman/directive.tcl:68)
WARNING: [HLS 200-1986] Could not apply BIND_OP directive, invalid function, label, or variable (/home/jjh/RL_test/for_ironman/directive.tcl:69)
WARNING: [HLS 200-1986] Could not apply PIPELINE directive, invalid function, label, or variable (/home/jjh/RL_test/for_ironman/directive.tcl:70)
WARNING: [HLS 200-1986] Could not apply PIPELINE directive, invalid function, label, or variable (/home/jjh/RL_test/for_ironman/directive.tcl:71)
WARNING: [HLS 200-1986] Could not apply PIPELINE directive, invalid function, label, or variable (/home/jjh/RL_test/for_ironman/directive.tcl:72)
WARNING: [HLS 200-1986] Could not apply BIND_OP directive, invalid function, label, or variable (/home/jjh/RL_test/for_ironman/directive.tcl:73)
WARNING: [HLS 200-1986] Could not apply PIPELINE directive, invalid function, label, or variable (/home/jjh/RL_test/for_ironman/directive.tcl:74)
WARNING: [HLS 200-1986] Could not apply BIND_OP directive, invalid function, label, or variable (/home/jjh/RL_test/for_ironman/directive.tcl:75)
WARNING: [HLS 200-1986] Could not apply TOP directive, invalid function, label, or variable (/home/jjh/RL_test/for_ironman/script.tcl:10)
INFO: [HLS 200-111] Finished Source Code Analysis and Preprocessing: CPU user time: 0.3 seconds. CPU system time: 0.01 seconds. Elapsed time: 0.31 seconds; current allocated memory: 269.566 MB.
ERROR: [HLS 200-70] Cannot find any design unit to elaborate.
INFO: [HLS 200-2161] Finished Command csynth_design Elapsed time: 00:00:03; Allocated memory: 17.516 MB.
Error in linking the design.
    while executing
"source /home/jjh/RL_test/for_ironman/script.tcl"
    ("uplevel" body line 1)
    invoked from within
"uplevel \#0 [list source $tclfile] "

INFO: [HLS 200-112] Total CPU user time: 2.82 seconds. Total CPU system time: 0.45 seconds. Total elapsed time: 5.61 seconds; peak allocated memory: 269.676 MB.
INFO: [vitis-run 60-1662] Stopping dispatch session having empty uuid.
