Copyright 1986-2022 Xilinx, Inc. All Rights Reserved. Copyright 2022-2025 Advanced Micro Devices, Inc. All Rights Reserved.
---------------------------------------------------------------------------------------------------------------------------------------------
| Tool Version : Vivado v.2025.1 (lin64) Build 6140274 Wed May 21 22:58:25 MDT 2025
| Date         : Wed Jan 21 17:38:19 2026
| Host         : woong-Super-Server running 64-bit Ubuntu 24.04.3 LTS
| Command      : report_control_sets -verbose -file bd_0_wrapper_control_sets_placed.rpt
| Design       : bd_0_wrapper
| Device       : xc7z020
---------------------------------------------------------------------------------------------------------------------------------------------

Control Set Information

Table of Contents
-----------------
1. Summary
2. Histogram
3. Flip-Flop Distribution
4. Detailed Control Set Information

1. Summary
----------

+----------------------------------------------------------+-------+
|                          Status                          | Count |
+----------------------------------------------------------+-------+
| Total control sets                                       |    61 |
|    Minimum number of control sets                        |    61 |
|    Addition due to synthesis replication                 |     0 |
|    Addition due to physical synthesis replication        |     0 |
| Unused register locations in slices containing registers |   199 |
+----------------------------------------------------------+-------+
* Control sets can be merged at opt_design using control_set_merge or merge_equivalent_drivers
** Run report_qor_suggestions for automated merging and remapping suggestions


2. Histogram
------------

+--------------------+-------+
|       Fanout       | Count |
+--------------------+-------+
| Total control sets |    61 |
| >= 0 to < 4        |     0 |
| >= 4 to < 6        |    13 |
| >= 6 to < 8        |     1 |
| >= 8 to < 10       |     2 |
| >= 10 to < 12      |     4 |
| >= 12 to < 14      |     3 |
| >= 14 to < 16      |     3 |
| >= 16              |    35 |
+--------------------+-------+
* Control sets can be remapped at either synth_design or opt_design


3. Flip-Flop Distribution
-------------------------

+--------------+-----------------------+------------------------+-----------------+--------------+
| Clock Enable | Synchronous Set/Reset | Asynchronous Set/Reset | Total Registers | Total Slices |
+--------------+-----------------------+------------------------+-----------------+--------------+
| No           | No                    | No                     |             569 |          177 |
| No           | No                    | Yes                    |               0 |            0 |
| No           | Yes                   | No                     |              57 |           23 |
| Yes          | No                    | No                     |            1139 |          358 |
| Yes          | No                    | Yes                    |               0 |            0 |
| Yes          | Yes                   | No                     |              68 |           19 |
+--------------+-----------------------+------------------------+-----------------+--------------+


4. Detailed Control Set Information
-----------------------------------

+--------------+------------------------------------------------------------------------------------------------------------------------------+---------------------------------------------------------------------------------------------------------------------+------------------+----------------+--------------+
| Clock Signal |                                                         Enable Signal                                                        |                                                   Set/Reset Signal                                                  | Slice Load Count | Bel Load Count | Bels / Slice |
+--------------+------------------------------------------------------------------------------------------------------------------------------+---------------------------------------------------------------------------------------------------------------------+------------------+----------------+--------------+
|  ap_clk      | bd_0_i/hls_inst/inst/ap_enable_reg_pp0_iter4                                                                                 |                                                                                                                     |                1 |              4 |         4.00 |
|  ap_clk      | bd_0_i/hls_inst/inst/phi_ln127_fu_2660                                                                                       |                                                                                                                     |                2 |              4 |         2.00 |
|  ap_clk      | bd_0_i/hls_inst/inst/ap_CS_fsm_state18                                                                                       | bd_0_i/hls_inst/inst/i_n2_1_reg_1086                                                                                |                1 |              4 |         4.00 |
|  ap_clk      | bd_0_i/hls_inst/inst/ap_CS_fsm_state22                                                                                       |                                                                                                                     |                2 |              4 |         2.00 |
|  ap_clk      | bd_0_i/hls_inst/inst/ap_CS_fsm_state16                                                                                       |                                                                                                                     |                1 |              4 |         4.00 |
|  ap_clk      | bd_0_i/hls_inst/inst/ap_CS_fsm_state15                                                                                       |                                                                                                                     |                1 |              4 |         4.00 |
|  ap_clk      | bd_0_i/hls_inst/inst/ap_NS_fsm17_out                                                                                         | bd_0_i/hls_inst/inst/ap_NS_fsm19_out                                                                                |                1 |              4 |         4.00 |
|  ap_clk      | bd_0_i/hls_inst/inst/ap_NS_fsm15_out                                                                                         | bd_0_i/hls_inst/inst/ap_CS_fsm[13]_i_1_n_0                                                                          |                1 |              4 |         4.00 |
|  ap_clk      | bd_0_i/hls_inst/inst/ap_CS_fsm_state26                                                                                       | bd_0_i/hls_inst/inst/i_n3_1_reg_1097                                                                                |                1 |              4 |         4.00 |
|  ap_clk      | bd_0_i/hls_inst/inst/ap_CS_fsm[6]_i_1_n_0                                                                                    | bd_0_i/hls_inst/inst/ap_CS_fsm_state10                                                                              |                1 |              4 |         4.00 |
|  ap_clk      | bd_0_i/hls_inst/inst/ap_NS_fsm[36]                                                                                           | bd_0_i/hls_inst/inst/mac_muladd_8s_3s_12s_12_4_1_U60/case_9_mac_muladd_8s_3s_12s_12_4_1_DSP48_0_U/ap_CS_fsm_reg[29] |                1 |              4 |         4.00 |
|  ap_clk      | bd_0_i/hls_inst/inst/grp_case_9_Pipeline_L_s4_1_fu_1108/flow_control_loop_pipe_sequential_init_U/i_s4_0_fu_700               |                                                                                                                     |                1 |              4 |         4.00 |
|  ap_clk      | bd_0_i/hls_inst/inst/ap_NS_fsm[30]                                                                                           | bd_0_i/hls_inst/inst/ap_CS_fsm_state33                                                                              |                2 |              4 |         2.00 |
|  ap_clk      | bd_0_i/hls_inst/inst/in_data_8_address1[0]                                                                                   |                                                                                                                     |                2 |              6 |         3.00 |
|  ap_clk      | bd_0_i/hls_inst/inst/reg_1155[7]_i_1_n_0                                                                                     |                                                                                                                     |                2 |              8 |         4.00 |
|  ap_clk      | bd_0_i/hls_inst/inst/reg_1160[7]_i_1_n_0                                                                                     |                                                                                                                     |                3 |              8 |         2.67 |
|  ap_clk      | bd_0_i/hls_inst/inst/ap_CS_fsm_state42                                                                                       |                                                                                                                     |                3 |             11 |         3.67 |
|  ap_clk      | bd_0_i/hls_inst/inst/ap_CS_fsm_state48                                                                                       |                                                                                                                     |                3 |             11 |         3.67 |
|  ap_clk      | bd_0_i/hls_inst/inst/i_n1_1_fu_2940                                                                                          | bd_0_i/hls_inst/inst/ap_NS_fsm112_out                                                                               |                3 |             11 |         3.67 |
|  ap_clk      | bd_0_i/hls_inst/inst/i_n4_1_fu_3780                                                                                          | bd_0_i/hls_inst/inst/ap_NS_fsm16_out                                                                                |                3 |             11 |         3.67 |
|  ap_clk      | bd_0_i/hls_inst/inst/add_i6572_phi_fu_2820                                                                                   |                                                                                                                     |                4 |             12 |         3.00 |
|  ap_clk      | bd_0_i/hls_inst/inst/ap_CS_fsm_state35                                                                                       |                                                                                                                     |                4 |             12 |         3.00 |
|  ap_clk      | bd_0_i/hls_inst/inst/ap_CS_fsm_state17                                                                                       |                                                                                                                     |                4 |             13 |         3.25 |
|  ap_clk      | bd_0_i/hls_inst/inst/ap_CS_fsm_state2                                                                                        |                                                                                                                     |                7 |             14 |         2.00 |
|  ap_clk      | bd_0_i/hls_inst/inst/ap_CS_fsm_state25                                                                                       |                                                                                                                     |                4 |             15 |         3.75 |
|  ap_clk      | bd_0_i/hls_inst/inst/ap_CS_fsm_state38                                                                                       |                                                                                                                     |                5 |             15 |         3.00 |
|  ap_clk      | bd_0_i/hls_inst/inst/ap_enable_reg_pp1_iter3                                                                                 |                                                                                                                     |                4 |             16 |         4.00 |
|  ap_clk      | bd_0_i/hls_inst/inst/ap_CS_fsm_state3                                                                                        |                                                                                                                     |                6 |             16 |         2.67 |
|  ap_clk      | bd_0_i/hls_inst/inst/ap_CS_fsm_state11                                                                                       |                                                                                                                     |                8 |             17 |         2.12 |
|  ap_clk      | bd_0_i/hls_inst/inst/ap_CS_fsm_state44                                                                                       |                                                                                                                     |                5 |             17 |         3.40 |
|  ap_clk      | bd_0_i/hls_inst/inst/grp_case_9_Pipeline_L_s4_1_fu_1108/flow_control_loop_pipe_sequential_init_U/E[0]                        |                                                                                                                     |                8 |             18 |         2.25 |
|  ap_clk      | bd_0_i/hls_inst/inst/m16_1_fu_2900                                                                                           | bd_0_i/hls_inst/inst/ap_NS_fsm112_out                                                                               |                5 |             18 |         3.60 |
|  ap_clk      | bd_0_i/hls_inst/inst/ap_NS_fsm[5]                                                                                            |                                                                                                                     |                3 |             19 |         6.33 |
|  ap_clk      | bd_0_i/hls_inst/inst/ap_CS_fsm_state13                                                                                       |                                                                                                                     |                5 |             19 |         3.80 |
|  ap_clk      | bd_0_i/hls_inst/inst/ap_CS_fsm_pp0_stage0                                                                                    |                                                                                                                     |               10 |             19 |         1.90 |
|  ap_clk      | bd_0_i/hls_inst/inst/ap_CS_fsm_state37                                                                                       |                                                                                                                     |                6 |             20 |         3.33 |
|  ap_clk      | bd_0_i/hls_inst/inst/ap_CS_fsm_state47                                                                                       |                                                                                                                     |                6 |             21 |         3.50 |
|  ap_clk      | bd_0_i/hls_inst/inst/mul_i3533_phi_fu_3540                                                                                   |                                                                                                                     |                8 |             23 |         2.88 |
|  ap_clk      | bd_0_i/hls_inst/inst/ap_CS_fsm_state33                                                                                       |                                                                                                                     |                9 |             26 |         2.89 |
|  ap_clk      | bd_0_i/hls_inst/inst/add_i6304_phi_fu_2740                                                                                   |                                                                                                                     |                9 |             28 |         3.11 |
|  ap_clk      | bd_0_i/hls_inst/inst/ap_CS_fsm_state10                                                                                       |                                                                                                                     |               10 |             31 |         3.10 |
|  ap_clk      | bd_0_i/hls_inst/inst/ap_CS_fsm_pp1_stage0                                                                                    |                                                                                                                     |               11 |             31 |         2.82 |
|  ap_clk      | bd_0_i/hls_inst/inst/m16_6_fu_334[0]_i_1_n_0                                                                                 |                                                                                                                     |                8 |             32 |         4.00 |
|  ap_clk      | bd_0_i/hls_inst/inst/m16_4_fu_322[0]_i_1_n_0                                                                                 |                                                                                                                     |                8 |             32 |         4.00 |
|  ap_clk      | bd_0_i/hls_inst/inst/ap_NS_fsm[29]                                                                                           |                                                                                                                     |                8 |             32 |         4.00 |
|  ap_clk      | bd_0_i/hls_inst/inst/m16_17_fu_398[0]_i_1_n_0                                                                                |                                                                                                                     |                8 |             32 |         4.00 |
|  ap_clk      | bd_0_i/hls_inst/inst/m16_10_fu_374[0]_i_1_n_0                                                                                |                                                                                                                     |                8 |             32 |         4.00 |
|  ap_clk      | bd_0_i/hls_inst/inst/ap_CS_fsm_state24                                                                                       |                                                                                                                     |                9 |             32 |         3.56 |
|  ap_clk      | bd_0_i/hls_inst/inst/grp_case_9_Pipeline_L_s4_1_fu_1108/flow_control_loop_pipe_sequential_init_U/ap_enable_reg_pp0_iter2_reg |                                                                                                                     |                8 |             32 |         4.00 |
|  ap_clk      | bd_0_i/hls_inst/inst/ap_CS_fsm_state12                                                                                       |                                                                                                                     |                9 |             34 |         3.78 |
|  ap_clk      | bd_0_i/hls_inst/inst/ap_CS_fsm_state41                                                                                       |                                                                                                                     |               12 |             35 |         2.92 |
|  ap_clk      | bd_0_i/hls_inst/inst/ap_enable_reg_pp0_iter5                                                                                 |                                                                                                                     |                9 |             36 |         4.00 |
|  ap_clk      | bd_0_i/hls_inst/inst/ap_CS_fsm_state46                                                                                       |                                                                                                                     |               10 |             36 |         3.60 |
|  ap_clk      | bd_0_i/hls_inst/inst/ap_CS_fsm_state20                                                                                       |                                                                                                                     |               12 |             37 |         3.08 |
|  ap_clk      | bd_0_i/hls_inst/inst/add_i5493_phi_fu_2500                                                                                   |                                                                                                                     |               14 |             38 |         2.71 |
|  ap_clk      | bd_0_i/hls_inst/inst/ap_CS_fsm_state39                                                                                       |                                                                                                                     |               14 |             44 |         3.14 |
|  ap_clk      | bd_0_i/hls_inst/inst/ap_CS_fsm_state40                                                                                       |                                                                                                                     |               15 |             44 |         2.93 |
|  ap_clk      | bd_0_i/hls_inst/inst/ap_CS_fsm_state23                                                                                       |                                                                                                                     |               16 |             46 |         2.88 |
|  ap_clk      |                                                                                                                              | ap_rst                                                                                                              |               23 |             57 |         2.48 |
|  ap_clk      | bd_0_i/hls_inst/inst/ap_CS_fsm_state21                                                                                       |                                                                                                                     |               33 |             95 |         2.88 |
|  ap_clk      |                                                                                                                              |                                                                                                                     |              177 |            569 |         3.21 |
+--------------+------------------------------------------------------------------------------------------------------------------------------+---------------------------------------------------------------------------------------------------------------------+------------------+----------------+--------------+


