
*** Running vivado
    with args -log bd_0_wrapper.vdi -applog -m64 -product Vivado -messageDb vivado.pb -mode batch -source bd_0_wrapper.tcl -notrace


****** Vivado v2025.1 (64-bit)
  **** SW Build 6140274 on Wed May 21 22:58:25 MDT 2025
  **** IP Build 6138677 on Thu May 22 03:10:11 MDT 2025
  **** SharedData Build 6139179 on Tue May 20 17:58:58 MDT 2025
  **** Start of session at: Wed Jan 21 17:37:39 2026
    ** Copyright 1986-2022 Xilinx, Inc. All Rights Reserved.
    ** Copyright 2022-2025 Advanced Micro Devices, Inc. All Rights Reserved.

source bd_0_wrapper.tcl -notrace
Command: open_checkpoint /home/jjh/RL_test/for_ironman/synthesis/project_tmp/solution_tmp/impl/verilog/project.runs/impl_1/bd_0_wrapper.dcp
INFO: [Device 21-403] Loading part xc7z020clg484-1
Netlist sorting complete. Time (s): cpu = 00:00:00.03 ; elapsed = 00:00:00.04 . Memory (MB): peak = 1716.691 ; gain = 0.000 ; free physical = 103441 ; free virtual = 118814
INFO: [Netlist 29-17] Analyzing 439 Unisim elements for replacement
INFO: [Netlist 29-28] Unisim Transformation completed in 0 CPU seconds
INFO: [Project 1-479] Netlist was created with Vivado 2025.1
INFO: [Project 1-570] Preparing netlist for logic optimization
Read ShapeDB Complete: Time (s): cpu = 00:00:00.02 ; elapsed = 00:00:00.02 . Memory (MB): peak = 1784.504 ; gain = 1.000 ; free physical = 103347 ; free virtual = 118720
INFO: [Timing 38-478] Restoring timing data from binary archive.
INFO: [Timing 38-479] Binary timing data restore complete.
INFO: [Project 1-856] Restoring constraints from binary archive.
INFO: [Project 1-853] Binary constraint restore complete.
Netlist sorting complete. Time (s): cpu = 00:00:00 ; elapsed = 00:00:00 . Memory (MB): peak = 2360.035 ; gain = 0.000 ; free physical = 102833 ; free virtual = 118206
INFO: [Project 1-111] Unisim Transformation Summary:
No Unisim elements were transformed.

INFO: [Project 1-604] Checkpoint was created with Vivado v2025.1 (64-bit) build 6140274
open_checkpoint: Time (s): cpu = 00:00:29 ; elapsed = 00:00:19 . Memory (MB): peak = 2360.070 ; gain = 929.016 ; free physical = 102832 ; free virtual = 118205
INFO: [IP_Flow 19-234] Refreshing IP repositories
INFO: [IP_Flow 19-1700] Loaded user IP repository '/home/jjh/RL_test/for_ironman/synthesis/project_tmp/solution_tmp/impl/ip'.
INFO: [IP_Flow 19-2313] Loaded Vivado IP repository '/tools/Xilinx/2025.1/Vivado/data/ip'.
Command: opt_design
Attempting to get a license for feature 'Implementation' and/or device 'xc7z020'
INFO: [Common 17-349] Got license for feature 'Implementation' and/or device 'xc7z020'
Running DRC as a precondition to command opt_design

Starting DRC Task
INFO: [DRC 23-27] Running DRC with 8 threads
WARNING: [DRC 23-814] Not all possible (connectivity based) DRCs may have been run because this design is seen as Out of Context.
INFO: [Project 1-461] DRC finished with 0 Errors
INFO: [Project 1-462] Please refer to the DRC report (report_drc) for more information.

Time (s): cpu = 00:00:01 ; elapsed = 00:00:00.67 . Memory (MB): peak = 2504.707 ; gain = 136.734 ; free physical = 102769 ; free virtual = 118142

Starting Cache Timing Information Task
Ending Cache Timing Information Task | Checksum: 540101ce

Time (s): cpu = 00:00:00.01 ; elapsed = 00:00:00.01 . Memory (MB): peak = 2504.707 ; gain = 0.000 ; free physical = 102769 ; free virtual = 118142

Starting Logic Optimization Task

Phase 1 Initialization

Phase 1.1 Core Generation And Design Setup
Phase 1.1 Core Generation And Design Setup | Checksum: 540101ce

Time (s): cpu = 00:00:00 ; elapsed = 00:00:00.01 . Memory (MB): peak = 2753.691 ; gain = 0.000 ; free physical = 102469 ; free virtual = 117842

Phase 1.2 Setup Constraints And Sort Netlist
Phase 1.2 Setup Constraints And Sort Netlist | Checksum: 540101ce

Time (s): cpu = 00:00:00.01 ; elapsed = 00:00:00.02 . Memory (MB): peak = 2753.691 ; gain = 0.000 ; free physical = 102469 ; free virtual = 117842
Phase 1 Initialization | Checksum: 540101ce

Time (s): cpu = 00:00:00.01 ; elapsed = 00:00:00.02 . Memory (MB): peak = 2753.691 ; gain = 0.000 ; free physical = 102469 ; free virtual = 117842

Phase 2 Timer Update And Timing Data Collection

Phase 2.1 Timer Update
Phase 2.1 Timer Update | Checksum: 540101ce

Time (s): cpu = 00:00:00.27 ; elapsed = 00:00:00.11 . Memory (MB): peak = 2753.691 ; gain = 0.000 ; free physical = 102468 ; free virtual = 117842

Phase 2.2 Timing Data Collection
Phase 2.2 Timing Data Collection | Checksum: 540101ce

Time (s): cpu = 00:00:00.28 ; elapsed = 00:00:00.12 . Memory (MB): peak = 2753.691 ; gain = 0.000 ; free physical = 102461 ; free virtual = 117834
Phase 2 Timer Update And Timing Data Collection | Checksum: 540101ce

Time (s): cpu = 00:00:00.28 ; elapsed = 00:00:00.13 . Memory (MB): peak = 2753.691 ; gain = 0.000 ; free physical = 102461 ; free virtual = 117834

Phase 3 Retarget
INFO: [Opt 31-1851] Number of loadless carry chains removed were: 0
INFO: [Opt 31-1834] Total Chains To Be Transformed Were: 0 AND Number of Transformed insts Created are: 0
INFO: [Opt 31-138] Pushed 1 inverter(s) to 1 load pin(s).
INFO: [Opt 31-49] Retargeted 0 cell(s).
Phase 3 Retarget | Checksum: 14074cd31

Time (s): cpu = 00:00:00.39 ; elapsed = 00:00:00.24 . Memory (MB): peak = 2753.691 ; gain = 0.000 ; free physical = 102461 ; free virtual = 117834
Retarget | Checksum: 14074cd31
INFO: [Opt 31-389] Phase Retarget created 0 cells and removed 0 cells

Phase 4 Constant propagation
INFO: [Opt 31-138] Pushed 0 inverter(s) to 0 load pin(s).
Phase 4 Constant propagation | Checksum: 14d62f12e

Time (s): cpu = 00:00:00.45 ; elapsed = 00:00:00.3 . Memory (MB): peak = 2753.691 ; gain = 0.000 ; free physical = 102461 ; free virtual = 117834
Constant propagation | Checksum: 14d62f12e
INFO: [Opt 31-389] Phase Constant propagation created 0 cells and removed 0 cells

Phase 5 Sweep
INFO: [Constraints 18-11670] Building netlist checker database with flags, 0x8
Done building netlist checker database: Time (s): cpu = 00:00:00 ; elapsed = 00:00:00 . Memory (MB): peak = 2753.691 ; gain = 0.000 ; free physical = 102461 ; free virtual = 117834
INFO: [Constraints 18-11670] Building netlist checker database with flags, 0x8
Done building netlist checker database: Time (s): cpu = 00:00:00 ; elapsed = 00:00:00 . Memory (MB): peak = 2753.691 ; gain = 0.000 ; free physical = 102461 ; free virtual = 117834
Phase 5 Sweep | Checksum: 168bfb635

Time (s): cpu = 00:00:00.52 ; elapsed = 00:00:00.37 . Memory (MB): peak = 2753.691 ; gain = 0.000 ; free physical = 102461 ; free virtual = 117834
Sweep | Checksum: 168bfb635
INFO: [Opt 31-389] Phase Sweep created 0 cells and removed 0 cells

Phase 6 BUFG optimization
Phase 6 BUFG optimization | Checksum: 168bfb635

Time (s): cpu = 00:00:00.54 ; elapsed = 00:00:00.4 . Memory (MB): peak = 2785.707 ; gain = 32.016 ; free physical = 102461 ; free virtual = 117834
BUFG optimization | Checksum: 168bfb635
INFO: [Opt 31-662] Phase BUFG optimization created 0 cells of which 0 are BUFGs and removed 0 cells.

Phase 7 Shift Register Optimization
INFO: [Opt 31-1064] SRL Remap converted 0 SRLs to 0 registers and converted 0 registers of register chains to 0 SRLs
Phase 7 Shift Register Optimization | Checksum: 168bfb635

Time (s): cpu = 00:00:00.55 ; elapsed = 00:00:00.41 . Memory (MB): peak = 2785.707 ; gain = 32.016 ; free physical = 102461 ; free virtual = 117834
Shift Register Optimization | Checksum: 168bfb635
INFO: [Opt 31-389] Phase Shift Register Optimization created 0 cells and removed 0 cells

Phase 8 Post Processing Netlist
Phase 8 Post Processing Netlist | Checksum: 168bfb635

Time (s): cpu = 00:00:00.57 ; elapsed = 00:00:00.42 . Memory (MB): peak = 2785.707 ; gain = 32.016 ; free physical = 102461 ; free virtual = 117834
Post Processing Netlist | Checksum: 168bfb635
INFO: [Opt 31-389] Phase Post Processing Netlist created 0 cells and removed 0 cells

Phase 9 Finalization

Phase 9.1 Finalizing Design Cores and Updating Shapes
Phase 9.1 Finalizing Design Cores and Updating Shapes | Checksum: 174f59741

Time (s): cpu = 00:00:00.9 ; elapsed = 00:00:00.7 . Memory (MB): peak = 2809.719 ; gain = 56.027 ; free physical = 102461 ; free virtual = 117834

Phase 9.2 Verifying Netlist Connectivity

Starting Connectivity Check Task

Time (s): cpu = 00:00:00.01 ; elapsed = 00:00:00.01 . Memory (MB): peak = 2809.719 ; gain = 0.000 ; free physical = 102461 ; free virtual = 117834
Phase 9.2 Verifying Netlist Connectivity | Checksum: 174f59741

Time (s): cpu = 00:00:00.91 ; elapsed = 00:00:00.71 . Memory (MB): peak = 2809.719 ; gain = 56.027 ; free physical = 102461 ; free virtual = 117834
Phase 9 Finalization | Checksum: 174f59741

Time (s): cpu = 00:00:00.91 ; elapsed = 00:00:00.71 . Memory (MB): peak = 2809.719 ; gain = 56.027 ; free physical = 102461 ; free virtual = 117834
Opt_design Change Summary
=========================


-------------------------------------------------------------------------------------------------------------------------
|  Phase                        |  #Cells created  |  #Cells Removed  |  #Constrained objects preventing optimizations  |
-------------------------------------------------------------------------------------------------------------------------
|  Retarget                     |               0  |               0  |                                              0  |
|  Constant propagation         |               0  |               0  |                                              0  |
|  Sweep                        |               0  |               0  |                                              0  |
|  BUFG optimization            |               0  |               0  |                                              0  |
|  Shift Register Optimization  |               0  |               0  |                                              0  |
|  Post Processing Netlist      |               0  |               0  |                                              0  |
-------------------------------------------------------------------------------------------------------------------------


Ending Logic Optimization Task | Checksum: 174f59741

Time (s): cpu = 00:00:00.92 ; elapsed = 00:00:00.71 . Memory (MB): peak = 2809.719 ; gain = 56.027 ; free physical = 102461 ; free virtual = 117834

Starting Power Optimization Task
INFO: [Pwropt 34-132] Skipping clock gating for clocks with a period < 2.00 ns.
Ending Power Optimization Task | Checksum: 174f59741

Time (s): cpu = 00:00:00.01 ; elapsed = 00:00:00.01 . Memory (MB): peak = 2809.719 ; gain = 0.000 ; free physical = 102461 ; free virtual = 117834

Starting Final Cleanup Task
Ending Final Cleanup Task | Checksum: 174f59741

Time (s): cpu = 00:00:00 ; elapsed = 00:00:00 . Memory (MB): peak = 2809.719 ; gain = 0.000 ; free physical = 102461 ; free virtual = 117834

Starting Netlist Obfuscation Task
Netlist sorting complete. Time (s): cpu = 00:00:00 ; elapsed = 00:00:00 . Memory (MB): peak = 2809.719 ; gain = 0.000 ; free physical = 102461 ; free virtual = 117834
Ending Netlist Obfuscation Task | Checksum: 174f59741

Time (s): cpu = 00:00:00 ; elapsed = 00:00:00 . Memory (MB): peak = 2809.719 ; gain = 0.000 ; free physical = 102461 ; free virtual = 117834
INFO: [Common 17-83] Releasing license: Implementation
34 Infos, 1 Warnings, 0 Critical Warnings and 0 Errors encountered.
opt_design completed successfully
opt_design: Time (s): cpu = 00:00:06 ; elapsed = 00:00:05 . Memory (MB): peak = 2809.719 ; gain = 441.746 ; free physical = 102461 ; free virtual = 117834
INFO: [Vivado 12-24828] Executing command : report_drc -file bd_0_wrapper_drc_opted.rpt -pb bd_0_wrapper_drc_opted.pb -rpx bd_0_wrapper_drc_opted.rpx
Command: report_drc -file bd_0_wrapper_drc_opted.rpt -pb bd_0_wrapper_drc_opted.pb -rpx bd_0_wrapper_drc_opted.rpx
INFO: [IP_Flow 19-1839] IP Catalog is up to date.
INFO: [DRC 23-27] Running DRC with 8 threads
WARNING: [DRC 23-814] Not all possible (connectivity based) DRCs may have been run because this design is seen as Out of Context.
INFO: [Vivado_Tcl 2-168] The results of DRC are in file /home/jjh/RL_test/for_ironman/synthesis/project_tmp/solution_tmp/impl/verilog/project.runs/impl_1/bd_0_wrapper_drc_opted.rpt.
report_drc completed successfully
INFO: [Timing 38-35] Done setting XDC timing constraints.
INFO: [Timing 38-480] Writing timing data to binary archive.
Write ShapeDB Complete: Time (s): cpu = 00:00:00.08 ; elapsed = 00:00:00.03 . Memory (MB): peak = 2841.734 ; gain = 0.000 ; free physical = 102441 ; free virtual = 117816
INFO: [Common 17-1381] The checkpoint '/home/jjh/RL_test/for_ironman/synthesis/project_tmp/solution_tmp/impl/verilog/project.runs/impl_1/bd_0_wrapper_opt.dcp' has been generated.
Command: place_design
Attempting to get a license for feature 'Implementation' and/or device 'xc7z020'
INFO: [Common 17-349] Got license for feature 'Implementation' and/or device 'xc7z020'
INFO: [Common 17-83] Releasing license: Implementation
INFO: [DRC 23-27] Running DRC with 8 threads
WARNING: [DRC 23-814] Not all possible (connectivity based) DRCs may have been run because this design is seen as Out of Context.
INFO: [Vivado_Tcl 4-198] DRC finished with 0 Errors
INFO: [Vivado_Tcl 4-199] Please refer to the DRC report (report_drc) for more information.
Running DRC as a precondition to command place_design
INFO: [DRC 23-27] Running DRC with 8 threads
WARNING: [DRC 23-814] Not all possible (connectivity based) DRCs may have been run because this design is seen as Out of Context.
INFO: [Vivado_Tcl 4-198] DRC finished with 0 Errors
INFO: [Vivado_Tcl 4-199] Please refer to the DRC report (report_drc) for more information.
INFO: [Place 30-611] Multithreading enabled for place_design using a maximum of 8 CPUs

Starting Placer Task

Phase 1 Placer Initialization

Phase 1.1 Placer Initialization Netlist Sorting
Netlist sorting complete. Time (s): cpu = 00:00:00.01 ; elapsed = 00:00:00 . Memory (MB): peak = 2906.031 ; gain = 0.000 ; free physical = 102394 ; free virtual = 117768
Phase 1.1 Placer Initialization Netlist Sorting | Checksum: f1b13f15

Time (s): cpu = 00:00:00.01 ; elapsed = 00:00:00.01 . Memory (MB): peak = 2906.031 ; gain = 0.000 ; free physical = 102394 ; free virtual = 117768
Netlist sorting complete. Time (s): cpu = 00:00:00 ; elapsed = 00:00:00 . Memory (MB): peak = 2906.031 ; gain = 0.000 ; free physical = 102394 ; free virtual = 117768

Phase 1.2 IO Placement/ Clock Placement/ Build Placer Device
Phase 1.2 IO Placement/ Clock Placement/ Build Placer Device | Checksum: 25acd44f

Time (s): cpu = 00:00:00.76 ; elapsed = 00:00:00.38 . Memory (MB): peak = 2906.031 ; gain = 0.000 ; free physical = 102394 ; free virtual = 117768

Phase 1.3 Build Placer Netlist Model
Phase 1.3 Build Placer Netlist Model | Checksum: e836c83b

Time (s): cpu = 00:00:02 ; elapsed = 00:00:01 . Memory (MB): peak = 2945.074 ; gain = 39.043 ; free physical = 102394 ; free virtual = 117768

Phase 1.4 Constrain Clocks/Macros
Phase 1.4 Constrain Clocks/Macros | Checksum: e836c83b

Time (s): cpu = 00:00:02 ; elapsed = 00:00:01 . Memory (MB): peak = 2945.074 ; gain = 39.043 ; free physical = 102394 ; free virtual = 117768
Phase 1 Placer Initialization | Checksum: e836c83b

Time (s): cpu = 00:00:03 ; elapsed = 00:00:01 . Memory (MB): peak = 2945.074 ; gain = 39.043 ; free physical = 102394 ; free virtual = 117768

Phase 2 Global Placement

Phase 2.1 Floorplanning
Phase 2.1 Floorplanning | Checksum: 935f6a22

Time (s): cpu = 00:00:03 ; elapsed = 00:00:02 . Memory (MB): peak = 2945.074 ; gain = 39.043 ; free physical = 102427 ; free virtual = 117802

Phase 2.2 Update Timing before SLR Path Opt
Phase 2.2 Update Timing before SLR Path Opt | Checksum: 8dd55e9c

Time (s): cpu = 00:00:04 ; elapsed = 00:00:02 . Memory (MB): peak = 2945.074 ; gain = 39.043 ; free physical = 102428 ; free virtual = 117802

Phase 2.3 Post-Processing in Floorplanning
Phase 2.3 Post-Processing in Floorplanning | Checksum: 8dd55e9c

Time (s): cpu = 00:00:04 ; elapsed = 00:00:02 . Memory (MB): peak = 2945.074 ; gain = 39.043 ; free physical = 102428 ; free virtual = 117802

Phase 2.4 Global Place Phase1
Phase 2.4 Global Place Phase1 | Checksum: d992781a

Time (s): cpu = 00:00:17 ; elapsed = 00:00:05 . Memory (MB): peak = 2945.074 ; gain = 39.043 ; free physical = 102495 ; free virtual = 117870

Phase 2.5 Global Place Phase2

Phase 2.5.1 UpdateTiming Before Physical Synthesis
Phase 2.5.1 UpdateTiming Before Physical Synthesis | Checksum: d992781a

Time (s): cpu = 00:00:18 ; elapsed = 00:00:06 . Memory (MB): peak = 2945.074 ; gain = 39.043 ; free physical = 102495 ; free virtual = 117870

Phase 2.5.2 Physical Synthesis In Placer
INFO: [Physopt 32-1035] Found 0 LUTNM shape to break, 126 LUT instances to create LUTNM shape
INFO: [Physopt 32-1044] Break lutnm for timing: one critical 0, two critical 0, total 0, new lutff created 0
INFO: [Physopt 32-1138] End 1 Pass. Optimized 56 nets or LUTs. Breaked 0 LUT, combined 56 existing LUTs and moved 0 existing LUT
INFO: [Physopt 32-65] No nets found for high-fanout optimization.
INFO: [Physopt 32-232] Optimized 0 net. Created 0 new instance.
INFO: [Physopt 32-775] End 1 Pass. Optimized 0 net or cell. Created 0 new cell, deleted 0 existing cell and moved 0 existing cell
INFO: [Physopt 32-670] No setup violation found.  DSP Register Optimization was not performed.
INFO: [Physopt 32-670] No setup violation found.  Shift Register to Pipeline Optimization was not performed.
INFO: [Physopt 32-670] No setup violation found.  Shift Register Optimization was not performed.
INFO: [Physopt 32-670] No setup violation found.  BRAM Register Optimization was not performed.
INFO: [Physopt 32-670] No setup violation found.  URAM Register Optimization was not performed.
INFO: [Physopt 32-949] No candidate nets found for dynamic/static region interface net replication
INFO: [Physopt 32-775] End 1 Pass. Optimized 0 net or cell. Created 0 new cell, deleted 0 existing cell and moved 0 existing cell
Netlist sorting complete. Time (s): cpu = 00:00:00.01 ; elapsed = 00:00:00 . Memory (MB): peak = 2945.074 ; gain = 0.000 ; free physical = 102495 ; free virtual = 117870

Summary of Physical Synthesis Optimizations
============================================


-----------------------------------------------------------------------------------------------------------------------------------------------------------
|  Optimization                                     |  Added Cells  |  Removed Cells  |  Optimized Cells/Nets  |  Dont Touch  |  Iterations  |  Elapsed   |
-----------------------------------------------------------------------------------------------------------------------------------------------------------
|  LUT Combining                                    |            0  |             56  |                    56  |           0  |           1  |  00:00:00  |
|  Retime                                           |            0  |              0  |                     0  |           0  |           1  |  00:00:00  |
|  Very High Fanout                                 |            0  |              0  |                     0  |           0  |           1  |  00:00:00  |
|  DSP Register                                     |            0  |              0  |                     0  |           0  |           0  |  00:00:00  |
|  Shift Register to Pipeline                       |            0  |              0  |                     0  |           0  |           0  |  00:00:00  |
|  Shift Register                                   |            0  |              0  |                     0  |           0  |           0  |  00:00:00  |
|  BRAM Register                                    |            0  |              0  |                     0  |           0  |           0  |  00:00:00  |
|  URAM Register                                    |            0  |              0  |                     0  |           0  |           0  |  00:00:00  |
|  Dynamic/Static Region Interface Net Replication  |            0  |              0  |                     0  |           0  |           1  |  00:00:00  |
|  Total                                            |            0  |             56  |                    56  |           0  |           4  |  00:00:00  |
-----------------------------------------------------------------------------------------------------------------------------------------------------------


Phase 2.5.2 Physical Synthesis In Placer | Checksum: 951b44ce

Time (s): cpu = 00:00:19 ; elapsed = 00:00:06 . Memory (MB): peak = 2945.074 ; gain = 39.043 ; free physical = 102494 ; free virtual = 117868
Phase 2.5 Global Place Phase2 | Checksum: 15928394b

Time (s): cpu = 00:00:21 ; elapsed = 00:00:07 . Memory (MB): peak = 2945.074 ; gain = 39.043 ; free physical = 102495 ; free virtual = 117870
Phase 2 Global Placement | Checksum: 15928394b

Time (s): cpu = 00:00:21 ; elapsed = 00:00:07 . Memory (MB): peak = 2945.074 ; gain = 39.043 ; free physical = 102495 ; free virtual = 117870

Phase 3 Detail Placement

Phase 3.1 Commit Multi Column Macros
Phase 3.1 Commit Multi Column Macros | Checksum: af858ee2

Time (s): cpu = 00:00:22 ; elapsed = 00:00:07 . Memory (MB): peak = 2945.074 ; gain = 39.043 ; free physical = 102495 ; free virtual = 117869

Phase 3.2 Commit Most Macros & LUTRAMs
Phase 3.2 Commit Most Macros & LUTRAMs | Checksum: f3aea608

Time (s): cpu = 00:00:23 ; elapsed = 00:00:08 . Memory (MB): peak = 2945.074 ; gain = 39.043 ; free physical = 102494 ; free virtual = 117869

Phase 3.3 Area Swap Optimization
Phase 3.3 Area Swap Optimization | Checksum: f70efaa7

Time (s): cpu = 00:00:23 ; elapsed = 00:00:08 . Memory (MB): peak = 2945.074 ; gain = 39.043 ; free physical = 102494 ; free virtual = 117869

Phase 3.4 Pipeline Register Optimization
Phase 3.4 Pipeline Register Optimization | Checksum: 10fc9fc26

Time (s): cpu = 00:00:23 ; elapsed = 00:00:08 . Memory (MB): peak = 2945.074 ; gain = 39.043 ; free physical = 102494 ; free virtual = 117869

Phase 3.5 Small Shape Detail Placement
Phase 3.5 Small Shape Detail Placement | Checksum: 18f5c5ee7

Time (s): cpu = 00:00:24 ; elapsed = 00:00:09 . Memory (MB): peak = 2945.074 ; gain = 39.043 ; free physical = 102491 ; free virtual = 117866

Phase 3.6 Re-assign LUT pins
Phase 3.6 Re-assign LUT pins | Checksum: 25e7d73ce

Time (s): cpu = 00:00:25 ; elapsed = 00:00:09 . Memory (MB): peak = 2945.074 ; gain = 39.043 ; free physical = 102491 ; free virtual = 117866

Phase 3.7 Pipeline Register Optimization
Phase 3.7 Pipeline Register Optimization | Checksum: 1884b9457

Time (s): cpu = 00:00:25 ; elapsed = 00:00:09 . Memory (MB): peak = 2945.074 ; gain = 39.043 ; free physical = 102491 ; free virtual = 117865
Phase 3 Detail Placement | Checksum: 1884b9457

Time (s): cpu = 00:00:25 ; elapsed = 00:00:09 . Memory (MB): peak = 2945.074 ; gain = 39.043 ; free physical = 102491 ; free virtual = 117865

Phase 4 Post Placement Optimization and Clean-Up

Phase 4.1 Post Commit Optimization
INFO: [Timing 38-35] Done setting XDC timing constraints.

Phase 4.1.1 Post Placement Optimization
Post Placement Optimization Initialization | Checksum: 20cbe2c16

Phase 4.1.1.1 BUFG Insertion

Starting Physical Synthesis Task

Phase 1 Physical Synthesis Initialization
INFO: [Physopt 32-721] Multithreading enabled for phys_opt_design using a maximum of 8 CPUs
INFO: [Physopt 32-619] Estimated Timing Summary | WNS=2.442 | TNS=0.000 |
Phase 1 Physical Synthesis Initialization | Checksum: 1e77cc205

Time (s): cpu = 00:00:00.15 ; elapsed = 00:00:00.07 . Memory (MB): peak = 2945.074 ; gain = 0.000 ; free physical = 102490 ; free virtual = 117865
INFO: [Place 46-56] BUFG insertion identified 0 candidate nets. Inserted BUFG: 0, Replicated BUFG Driver: 0, Skipped due to Placement/Routing Conflicts: 0, Skipped due to Timing Degradation: 0, Skipped due to netlist editing failed: 0.
Ending Physical Synthesis Task | Checksum: 1f61da468

Time (s): cpu = 00:00:00.2 ; elapsed = 00:00:00.1 . Memory (MB): peak = 2945.074 ; gain = 0.000 ; free physical = 102490 ; free virtual = 117865
Phase 4.1.1.1 BUFG Insertion | Checksum: 20cbe2c16

Time (s): cpu = 00:00:27 ; elapsed = 00:00:10 . Memory (MB): peak = 2945.074 ; gain = 39.043 ; free physical = 102490 ; free virtual = 117865

Phase 4.1.1.2 Post Placement Timing Optimization
INFO: [Place 30-746] Post Placement Timing Summary WNS=2.442. For the most accurate timing information please run report_timing.
Phase 4.1.1.2 Post Placement Timing Optimization | Checksum: 184c6c4dc

Time (s): cpu = 00:00:27 ; elapsed = 00:00:10 . Memory (MB): peak = 2945.074 ; gain = 39.043 ; free physical = 102490 ; free virtual = 117865

Time (s): cpu = 00:00:27 ; elapsed = 00:00:10 . Memory (MB): peak = 2945.074 ; gain = 39.043 ; free physical = 102490 ; free virtual = 117865
Phase 4.1 Post Commit Optimization | Checksum: 184c6c4dc

Time (s): cpu = 00:00:27 ; elapsed = 00:00:10 . Memory (MB): peak = 2945.074 ; gain = 39.043 ; free physical = 102490 ; free virtual = 117865

Phase 4.2 Post Placement Cleanup
Phase 4.2 Post Placement Cleanup | Checksum: 184c6c4dc

Time (s): cpu = 00:00:27 ; elapsed = 00:00:10 . Memory (MB): peak = 2945.074 ; gain = 39.043 ; free physical = 102490 ; free virtual = 117865

Phase 4.3 Placer Reporting

Phase 4.3.1 Print Estimated Congestion
INFO: [Place 30-612] Post-Placement Estimated Congestion 
 ____________________________________________________
|           | Global Congestion | Short Congestion  |
| Direction | Region Size       | Region Size       |
|___________|___________________|___________________|
|      North|                1x1|                1x1|
|___________|___________________|___________________|
|      South|                1x1|                1x1|
|___________|___________________|___________________|
|       East|                1x1|                1x1|
|___________|___________________|___________________|
|       West|                1x1|                1x1|
|___________|___________________|___________________|

Phase 4.3.1 Print Estimated Congestion | Checksum: 184c6c4dc

Time (s): cpu = 00:00:27 ; elapsed = 00:00:10 . Memory (MB): peak = 2945.074 ; gain = 39.043 ; free physical = 102490 ; free virtual = 117865
Phase 4.3 Placer Reporting | Checksum: 184c6c4dc

Time (s): cpu = 00:00:27 ; elapsed = 00:00:10 . Memory (MB): peak = 2945.074 ; gain = 39.043 ; free physical = 102490 ; free virtual = 117865

Phase 4.4 Final Placement Cleanup
Netlist sorting complete. Time (s): cpu = 00:00:00 ; elapsed = 00:00:00 . Memory (MB): peak = 2945.074 ; gain = 0.000 ; free physical = 102490 ; free virtual = 117865

Time (s): cpu = 00:00:27 ; elapsed = 00:00:10 . Memory (MB): peak = 2945.074 ; gain = 39.043 ; free physical = 102490 ; free virtual = 117865
Phase 4 Post Placement Optimization and Clean-Up | Checksum: 10d029fdd

Time (s): cpu = 00:00:27 ; elapsed = 00:00:10 . Memory (MB): peak = 2945.074 ; gain = 39.043 ; free physical = 102490 ; free virtual = 117865
Ending Placer Task | Checksum: fb15273d

Time (s): cpu = 00:00:27 ; elapsed = 00:00:10 . Memory (MB): peak = 2945.074 ; gain = 39.043 ; free physical = 102490 ; free virtual = 117865
69 Infos, 4 Warnings, 0 Critical Warnings and 0 Errors encountered.
place_design completed successfully
place_design: Time (s): cpu = 00:00:30 ; elapsed = 00:00:11 . Memory (MB): peak = 2945.074 ; gain = 103.340 ; free physical = 102490 ; free virtual = 117865
INFO: [Vivado 12-24838] Running report commands "report_control_sets, report_io, report_utilization" in parallel.
Running report generation with 3 threads.
INFO: [Vivado 12-24828] Executing command : report_control_sets -verbose -file bd_0_wrapper_control_sets_placed.rpt
report_control_sets: Time (s): cpu = 00:00:00.17 ; elapsed = 00:00:00.12 . Memory (MB): peak = 2945.074 ; gain = 0.000 ; free physical = 102471 ; free virtual = 117846
INFO: [Vivado 12-24828] Executing command : report_utilization -file bd_0_wrapper_utilization_placed.rpt -pb bd_0_wrapper_utilization_placed.pb
INFO: [Vivado 12-24828] Executing command : report_io -file bd_0_wrapper_io_placed.rpt
report_io: Time (s): cpu = 00:00:00.32 ; elapsed = 00:00:00.35 . Memory (MB): peak = 2945.074 ; gain = 0.000 ; free physical = 102456 ; free virtual = 117830
INFO: [Timing 38-480] Writing timing data to binary archive.
Write ShapeDB Complete: Time (s): cpu = 00:00:00.1 ; elapsed = 00:00:00.03 . Memory (MB): peak = 2945.074 ; gain = 0.000 ; free physical = 102456 ; free virtual = 117830
Wrote PlaceDB: Time (s): cpu = 00:00:00.72 ; elapsed = 00:00:00.3 . Memory (MB): peak = 2945.074 ; gain = 0.000 ; free physical = 102452 ; free virtual = 117829
Wrote PulsedLatchDB: Time (s): cpu = 00:00:00 ; elapsed = 00:00:00 . Memory (MB): peak = 2945.074 ; gain = 0.000 ; free physical = 102452 ; free virtual = 117829
Writing XDEF routing.
Writing XDEF routing logical nets.
Writing XDEF routing special nets.
Wrote RouteStorage: Time (s): cpu = 00:00:00.09 ; elapsed = 00:00:00.09 . Memory (MB): peak = 2945.074 ; gain = 0.000 ; free physical = 102452 ; free virtual = 117829
Wrote Netlist Cache: Time (s): cpu = 00:00:00 ; elapsed = 00:00:00.01 . Memory (MB): peak = 2945.074 ; gain = 0.000 ; free physical = 102452 ; free virtual = 117830
Wrote Device Cache: Time (s): cpu = 00:00:00 ; elapsed = 00:00:00.01 . Memory (MB): peak = 2945.074 ; gain = 0.000 ; free physical = 102448 ; free virtual = 117827
Write Physdb Complete: Time (s): cpu = 00:00:00.83 ; elapsed = 00:00:00.41 . Memory (MB): peak = 2945.074 ; gain = 0.000 ; free physical = 102448 ; free virtual = 117827
INFO: [Common 17-1381] The checkpoint '/home/jjh/RL_test/for_ironman/synthesis/project_tmp/solution_tmp/impl/verilog/project.runs/impl_1/bd_0_wrapper_placed.dcp' has been generated.
Command: phys_opt_design
Attempting to get a license for feature 'Implementation' and/or device 'xc7z020'
INFO: [Common 17-349] Got license for feature 'Implementation' and/or device 'xc7z020'

Starting Initial Update Timing Task
WARNING: [Timing 38-242] The property HD.CLK_SRC of clock port "ap_clk" is not set. In out-of-context mode, this prevents timing estimation for clock delay/skew
Resolution: Set the HD.CLK_SRC property of the out-of-context port to the location of the clock buffer instance in the top-level design

Time (s): cpu = 00:00:00.93 ; elapsed = 00:00:00.33 . Memory (MB): peak = 2945.074 ; gain = 0.000 ; free physical = 102442 ; free virtual = 117818
INFO: [Vivado_Tcl 4-2279] Estimated Timing Summary | WNS= 2.442 | TNS= 0.000 | 
INFO: [Vivado_Tcl 4-383] Design worst setup slack (WNS) is greater than or equal to 0.000 ns. All physical synthesis setup optimizations will be skipped.
INFO: [Vivado_Tcl 4-232] No setup violation found. The netlist was not modified.
INFO: [Common 17-83] Releasing license: Implementation
80 Infos, 5 Warnings, 0 Critical Warnings and 0 Errors encountered.
phys_opt_design completed successfully
INFO: [Timing 38-480] Writing timing data to binary archive.
Write ShapeDB Complete: Time (s): cpu = 00:00:00.07 ; elapsed = 00:00:00.01 . Memory (MB): peak = 2945.074 ; gain = 0.000 ; free physical = 102441 ; free virtual = 117817
Wrote PlaceDB: Time (s): cpu = 00:00:00.71 ; elapsed = 00:00:00.25 . Memory (MB): peak = 2945.074 ; gain = 0.000 ; free physical = 102424 ; free virtual = 117803
Wrote PulsedLatchDB: Time (s): cpu = 00:00:00 ; elapsed = 00:00:00 . Memory (MB): peak = 2945.074 ; gain = 0.000 ; free physical = 102424 ; free virtual = 117803
Writing XDEF routing.
Writing XDEF routing logical nets.
Writing XDEF routing special nets.
Wrote RouteStorage: Time (s): cpu = 00:00:00.03 ; elapsed = 00:00:00.03 . Memory (MB): peak = 2945.074 ; gain = 0.000 ; free physical = 102422 ; free virtual = 117801
Wrote Netlist Cache: Time (s): cpu = 00:00:00.01 ; elapsed = 00:00:00.01 . Memory (MB): peak = 2945.074 ; gain = 0.000 ; free physical = 102422 ; free virtual = 117801
Wrote Device Cache: Time (s): cpu = 00:00:00.01 ; elapsed = 00:00:00.01 . Memory (MB): peak = 2945.074 ; gain = 0.000 ; free physical = 102422 ; free virtual = 117802
Write Physdb Complete: Time (s): cpu = 00:00:00.76 ; elapsed = 00:00:00.3 . Memory (MB): peak = 2945.074 ; gain = 0.000 ; free physical = 102422 ; free virtual = 117802
INFO: [Common 17-1381] The checkpoint '/home/jjh/RL_test/for_ironman/synthesis/project_tmp/solution_tmp/impl/verilog/project.runs/impl_1/bd_0_wrapper_physopt.dcp' has been generated.
Command: route_design
Attempting to get a license for feature 'Implementation' and/or device 'xc7z020'
INFO: [Common 17-349] Got license for feature 'Implementation' and/or device 'xc7z020'


Starting Routing Task
INFO: [Route 35-254] Multithreading enabled for route_design using a maximum of 8 CPUs

Phase 1 Build RT Design
Checksum: PlaceDB: 928c4f4d ConstDB: 0 ShapeSum: 528f6500 RouteDB: 15f972f0
WARNING: [Route 35-197] Clock port "ap_clk" does not have an associated HD.CLK_SRC. Without this constraint, timing analysis may not be accurate and upstream checks cannot be done to ensure correct clock placement.
WARNING: [Route 35-198] Port "ap_rst" does not have an associated HD.PARTPIN_LOCS, which will prevent the partial routing of the signal "ap_rst". Without this partial route, timing analysis to/from this port will not be accurate, and no routing information for this port can be exported.
WARNING: [Route 35-198] Port "ap_ctrl_start" does not have an associated HD.PARTPIN_LOCS, which will prevent the partial routing of the signal "ap_ctrl_start". Without this partial route, timing analysis to/from this port will not be accurate, and no routing information for this port can be exported.
WARNING: [Route 35-198] Port "in_data_4_q0[0]" does not have an associated HD.PARTPIN_LOCS, which will prevent the partial routing of the signal "in_data_4_q0[0]". Without this partial route, timing analysis to/from this port will not be accurate, and no routing information for this port can be exported.
WARNING: [Route 35-198] Port "in_data_4_q0[2]" does not have an associated HD.PARTPIN_LOCS, which will prevent the partial routing of the signal "in_data_4_q0[2]". Without this partial route, timing analysis to/from this port will not be accurate, and no routing information for this port can be exported.
WARNING: [Route 35-198] Port "in_data_4_q0[1]" does not have an associated HD.PARTPIN_LOCS, which will prevent the partial routing of the signal "in_data_4_q0[1]". Without this partial route, timing analysis to/from this port will not be accurate, and no routing information for this port can be exported.
WARNING: [Route 35-198] Port "in_scalar_q0[2]" does not have an associated HD.PARTPIN_LOCS, which will prevent the partial routing of the signal "in_scalar_q0[2]". Without this partial route, timing analysis to/from this port will not be accurate, and no routing information for this port can be exported.
WARNING: [Route 35-198] Port "in_scalar_q1[2]" does not have an associated HD.PARTPIN_LOCS, which will prevent the partial routing of the signal "in_scalar_q1[2]". Without this partial route, timing analysis to/from this port will not be accurate, and no routing information for this port can be exported.
WARNING: [Route 35-198] Port "in_scalar_q0[3]" does not have an associated HD.PARTPIN_LOCS, which will prevent the partial routing of the signal "in_scalar_q0[3]". Without this partial route, timing analysis to/from this port will not be accurate, and no routing information for this port can be exported.
WARNING: [Route 35-198] Port "in_scalar_q1[3]" does not have an associated HD.PARTPIN_LOCS, which will prevent the partial routing of the signal "in_scalar_q1[3]". Without this partial route, timing analysis to/from this port will not be accurate, and no routing information for this port can be exported.
WARNING: [Route 35-198] Port "in_scalar_q0[4]" does not have an associated HD.PARTPIN_LOCS, which will prevent the partial routing of the signal "in_scalar_q0[4]". Without this partial route, timing analysis to/from this port will not be accurate, and no routing information for this port can be exported.
WARNING: [Route 35-198] Port "in_scalar_q1[4]" does not have an associated HD.PARTPIN_LOCS, which will prevent the partial routing of the signal "in_scalar_q1[4]". Without this partial route, timing analysis to/from this port will not be accurate, and no routing information for this port can be exported.
WARNING: [Route 35-198] Port "in_scalar_q0[5]" does not have an associated HD.PARTPIN_LOCS, which will prevent the partial routing of the signal "in_scalar_q0[5]". Without this partial route, timing analysis to/from this port will not be accurate, and no routing information for this port can be exported.
WARNING: [Route 35-198] Port "in_scalar_q1[5]" does not have an associated HD.PARTPIN_LOCS, which will prevent the partial routing of the signal "in_scalar_q1[5]". Without this partial route, timing analysis to/from this port will not be accurate, and no routing information for this port can be exported.
WARNING: [Route 35-198] Port "in_scalar_q0[6]" does not have an associated HD.PARTPIN_LOCS, which will prevent the partial routing of the signal "in_scalar_q0[6]". Without this partial route, timing analysis to/from this port will not be accurate, and no routing information for this port can be exported.
WARNING: [Route 35-198] Port "in_scalar_q1[6]" does not have an associated HD.PARTPIN_LOCS, which will prevent the partial routing of the signal "in_scalar_q1[6]". Without this partial route, timing analysis to/from this port will not be accurate, and no routing information for this port can be exported.
WARNING: [Route 35-198] Port "in_scalar_q0[7]" does not have an associated HD.PARTPIN_LOCS, which will prevent the partial routing of the signal "in_scalar_q0[7]". Without this partial route, timing analysis to/from this port will not be accurate, and no routing information for this port can be exported.
WARNING: [Route 35-198] Port "in_scalar_q1[7]" does not have an associated HD.PARTPIN_LOCS, which will prevent the partial routing of the signal "in_scalar_q1[7]". Without this partial route, timing analysis to/from this port will not be accurate, and no routing information for this port can be exported.
WARNING: [Route 35-198] Port "in_data_14_q1[1]" does not have an associated HD.PARTPIN_LOCS, which will prevent the partial routing of the signal "in_data_14_q1[1]". Without this partial route, timing analysis to/from this port will not be accurate, and no routing information for this port can be exported.
WARNING: [Route 35-198] Port "in_data_14_q1[2]" does not have an associated HD.PARTPIN_LOCS, which will prevent the partial routing of the signal "in_data_14_q1[2]". Without this partial route, timing analysis to/from this port will not be accurate, and no routing information for this port can be exported.
WARNING: [Route 35-198] Port "in_data_14_q1[0]" does not have an associated HD.PARTPIN_LOCS, which will prevent the partial routing of the signal "in_data_14_q1[0]". Without this partial route, timing analysis to/from this port will not be accurate, and no routing information for this port can be exported.
WARNING: [Route 35-198] Port "in_data_0_q0[0]" does not have an associated HD.PARTPIN_LOCS, which will prevent the partial routing of the signal "in_data_0_q0[0]". Without this partial route, timing analysis to/from this port will not be accurate, and no routing information for this port can be exported.
WARNING: [Route 35-198] Port "in_data_0_q0[2]" does not have an associated HD.PARTPIN_LOCS, which will prevent the partial routing of the signal "in_data_0_q0[2]". Without this partial route, timing analysis to/from this port will not be accurate, and no routing information for this port can be exported.
WARNING: [Route 35-198] Port "in_data_0_q0[1]" does not have an associated HD.PARTPIN_LOCS, which will prevent the partial routing of the signal "in_data_0_q0[1]". Without this partial route, timing analysis to/from this port will not be accurate, and no routing information for this port can be exported.
WARNING: [Route 35-198] Port "in_scalar_q0[0]" does not have an associated HD.PARTPIN_LOCS, which will prevent the partial routing of the signal "in_scalar_q0[0]". Without this partial route, timing analysis to/from this port will not be accurate, and no routing information for this port can be exported.
WARNING: [Route 35-198] Port "in_scalar_q1[0]" does not have an associated HD.PARTPIN_LOCS, which will prevent the partial routing of the signal "in_scalar_q1[0]". Without this partial route, timing analysis to/from this port will not be accurate, and no routing information for this port can be exported.
WARNING: [Route 35-198] Port "in_scalar_q0[1]" does not have an associated HD.PARTPIN_LOCS, which will prevent the partial routing of the signal "in_scalar_q0[1]". Without this partial route, timing analysis to/from this port will not be accurate, and no routing information for this port can be exported.
WARNING: [Route 35-198] Port "in_scalar_q1[1]" does not have an associated HD.PARTPIN_LOCS, which will prevent the partial routing of the signal "in_scalar_q1[1]". Without this partial route, timing analysis to/from this port will not be accurate, and no routing information for this port can be exported.
WARNING: [Route 35-198] Port "in_data_8_q0[2]" does not have an associated HD.PARTPIN_LOCS, which will prevent the partial routing of the signal "in_data_8_q0[2]". Without this partial route, timing analysis to/from this port will not be accurate, and no routing information for this port can be exported.
WARNING: [Route 35-198] Port "in_data_8_q0[1]" does not have an associated HD.PARTPIN_LOCS, which will prevent the partial routing of the signal "in_data_8_q0[1]". Without this partial route, timing analysis to/from this port will not be accurate, and no routing information for this port can be exported.
WARNING: [Route 35-198] Port "in_data_8_q0[0]" does not have an associated HD.PARTPIN_LOCS, which will prevent the partial routing of the signal "in_data_8_q0[0]". Without this partial route, timing analysis to/from this port will not be accurate, and no routing information for this port can be exported.
WARNING: [Route 35-198] Port "in_data_14_q0[2]" does not have an associated HD.PARTPIN_LOCS, which will prevent the partial routing of the signal "in_data_14_q0[2]". Without this partial route, timing analysis to/from this port will not be accurate, and no routing information for this port can be exported.
WARNING: [Route 35-198] Port "in_data_14_q0[1]" does not have an associated HD.PARTPIN_LOCS, which will prevent the partial routing of the signal "in_data_14_q0[1]". Without this partial route, timing analysis to/from this port will not be accurate, and no routing information for this port can be exported.
WARNING: [Route 35-198] Port "in_data_14_q0[0]" does not have an associated HD.PARTPIN_LOCS, which will prevent the partial routing of the signal "in_data_14_q0[0]". Without this partial route, timing analysis to/from this port will not be accurate, and no routing information for this port can be exported.
WARNING: [Route 35-198] Port "in_data_12_q0[0]" does not have an associated HD.PARTPIN_LOCS, which will prevent the partial routing of the signal "in_data_12_q0[0]". Without this partial route, timing analysis to/from this port will not be accurate, and no routing information for this port can be exported.
WARNING: [Route 35-198] Port "in_data_12_q0[1]" does not have an associated HD.PARTPIN_LOCS, which will prevent the partial routing of the signal "in_data_12_q0[1]". Without this partial route, timing analysis to/from this port will not be accurate, and no routing information for this port can be exported.
WARNING: [Route 35-198] Port "in_data_12_q0[2]" does not have an associated HD.PARTPIN_LOCS, which will prevent the partial routing of the signal "in_data_12_q0[2]". Without this partial route, timing analysis to/from this port will not be accurate, and no routing information for this port can be exported.
WARNING: [Route 35-198] Port "in_data_2_q0[0]" does not have an associated HD.PARTPIN_LOCS, which will prevent the partial routing of the signal "in_data_2_q0[0]". Without this partial route, timing analysis to/from this port will not be accurate, and no routing information for this port can be exported.
WARNING: [Route 35-198] Port "in_data_2_q0[1]" does not have an associated HD.PARTPIN_LOCS, which will prevent the partial routing of the signal "in_data_2_q0[1]". Without this partial route, timing analysis to/from this port will not be accurate, and no routing information for this port can be exported.
WARNING: [Route 35-198] Port "in_data_2_q0[2]" does not have an associated HD.PARTPIN_LOCS, which will prevent the partial routing of the signal "in_data_2_q0[2]". Without this partial route, timing analysis to/from this port will not be accurate, and no routing information for this port can be exported.
WARNING: [Route 35-198] Port "in_data_10_q1[0]" does not have an associated HD.PARTPIN_LOCS, which will prevent the partial routing of the signal "in_data_10_q1[0]". Without this partial route, timing analysis to/from this port will not be accurate, and no routing information for this port can be exported.
WARNING: [Route 35-198] Port "in_data_10_q1[1]" does not have an associated HD.PARTPIN_LOCS, which will prevent the partial routing of the signal "in_data_10_q1[1]". Without this partial route, timing analysis to/from this port will not be accurate, and no routing information for this port can be exported.
WARNING: [Route 35-198] Port "in_data_10_q1[2]" does not have an associated HD.PARTPIN_LOCS, which will prevent the partial routing of the signal "in_data_10_q1[2]". Without this partial route, timing analysis to/from this port will not be accurate, and no routing information for this port can be exported.
WARNING: [Route 35-198] Port "in_data_6_q0[1]" does not have an associated HD.PARTPIN_LOCS, which will prevent the partial routing of the signal "in_data_6_q0[1]". Without this partial route, timing analysis to/from this port will not be accurate, and no routing information for this port can be exported.
WARNING: [Route 35-198] Port "in_data_6_q0[0]" does not have an associated HD.PARTPIN_LOCS, which will prevent the partial routing of the signal "in_data_6_q0[0]". Without this partial route, timing analysis to/from this port will not be accurate, and no routing information for this port can be exported.
WARNING: [Route 35-198] Port "in_data_6_q0[2]" does not have an associated HD.PARTPIN_LOCS, which will prevent the partial routing of the signal "in_data_6_q0[2]". Without this partial route, timing analysis to/from this port will not be accurate, and no routing information for this port can be exported.
WARNING: [Route 35-198] Port "in_data_10_q0[1]" does not have an associated HD.PARTPIN_LOCS, which will prevent the partial routing of the signal "in_data_10_q0[1]". Without this partial route, timing analysis to/from this port will not be accurate, and no routing information for this port can be exported.
WARNING: [Route 35-198] Port "in_data_10_q0[0]" does not have an associated HD.PARTPIN_LOCS, which will prevent the partial routing of the signal "in_data_10_q0[0]". Without this partial route, timing analysis to/from this port will not be accurate, and no routing information for this port can be exported.
WARNING: [Route 35-198] Port "in_data_10_q0[2]" does not have an associated HD.PARTPIN_LOCS, which will prevent the partial routing of the signal "in_data_10_q0[2]". Without this partial route, timing analysis to/from this port will not be accurate, and no routing information for this port can be exported.
WARNING: [Route 35-198] Port "in_data_8_q1[0]" does not have an associated HD.PARTPIN_LOCS, which will prevent the partial routing of the signal "in_data_8_q1[0]". Without this partial route, timing analysis to/from this port will not be accurate, and no routing information for this port can be exported.
WARNING: [Route 35-198] Port "in_data_8_q1[1]" does not have an associated HD.PARTPIN_LOCS, which will prevent the partial routing of the signal "in_data_8_q1[1]". Without this partial route, timing analysis to/from this port will not be accurate, and no routing information for this port can be exported.
WARNING: [Route 35-198] Port "in_data_8_q1[2]" does not have an associated HD.PARTPIN_LOCS, which will prevent the partial routing of the signal "in_data_8_q1[2]". Without this partial route, timing analysis to/from this port will not be accurate, and no routing information for this port can be exported.
WARNING: [Constraints 18-8777] Unable to split tiles. All required files are not available.
Post Restoration Checksum: NetGraph: 285add1b | NumContArr: 25b7acb | Constraints: c2a8fa9d | Timing: c2a8fa9d
Phase 1 Build RT Design | Checksum: 1b0084d20

Time (s): cpu = 00:00:37 ; elapsed = 00:00:32 . Memory (MB): peak = 3023.832 ; gain = 78.758 ; free physical = 102268 ; free virtual = 117646

Phase 2 Router Initialization

Phase 2.1 Fix Topology Constraints
Phase 2.1 Fix Topology Constraints | Checksum: 1b0084d20

Time (s): cpu = 00:00:37 ; elapsed = 00:00:33 . Memory (MB): peak = 3023.832 ; gain = 78.758 ; free physical = 102268 ; free virtual = 117646

Phase 2.2 Pre Route Cleanup
Phase 2.2 Pre Route Cleanup | Checksum: 1b0084d20

Time (s): cpu = 00:00:37 ; elapsed = 00:00:33 . Memory (MB): peak = 3023.832 ; gain = 78.758 ; free physical = 102268 ; free virtual = 117646
 Number of Nodes with overlaps = 0

Phase 2.3 Update Timing
Phase 2.3 Update Timing | Checksum: 27b6e6b28

Time (s): cpu = 00:00:39 ; elapsed = 00:00:33 . Memory (MB): peak = 3051.848 ; gain = 106.773 ; free physical = 102245 ; free virtual = 117622
INFO: [Route 35-416] Intermediate Timing Summary | WNS=2.535  | TNS=0.000  | WHS=0.131  | THS=0.000  |


Phase 2.4 Soft Constraint Pins - Fast Budgeting
Phase 2.4 Soft Constraint Pins - Fast Budgeting | Checksum: 268c7c8db

Time (s): cpu = 00:00:39 ; elapsed = 00:00:33 . Memory (MB): peak = 3059.848 ; gain = 114.773 ; free physical = 102245 ; free virtual = 117622

Router Utilization Summary
  Global Vertical Routing Utilization    = 0 %
  Global Horizontal Routing Utilization  = 0 %
  Routable Net Status*
  *Does not include unroutable nets such as driverless and loadless.
  Run report_route_status for detailed report.
  Number of Failed Nets               = 3566
    (Failed Nets is the sum of unrouted and partially routed nets)
  Number of Unrouted Nets             = 3566
  Number of Partially Routed Nets     = 0
  Number of Node Overlaps             = 0

Phase 2 Router Initialization | Checksum: 268c7c8db

Time (s): cpu = 00:00:40 ; elapsed = 00:00:33 . Memory (MB): peak = 3059.848 ; gain = 114.773 ; free physical = 102237 ; free virtual = 117615

Phase 3 Global Routing
Phase 3 Global Routing | Checksum: 268c7c8db

Time (s): cpu = 00:00:40 ; elapsed = 00:00:33 . Memory (MB): peak = 3059.848 ; gain = 114.773 ; free physical = 102237 ; free virtual = 117615

Phase 4 Initial Routing

Phase 4.1 Initial Net Routing Pass
Phase 4.1 Initial Net Routing Pass | Checksum: 180ef9f58

Time (s): cpu = 00:00:41 ; elapsed = 00:00:33 . Memory (MB): peak = 3059.848 ; gain = 114.773 ; free physical = 102237 ; free virtual = 117615
Phase 4 Initial Routing | Checksum: 180ef9f58

Time (s): cpu = 00:00:41 ; elapsed = 00:00:34 . Memory (MB): peak = 3059.848 ; gain = 114.773 ; free physical = 102237 ; free virtual = 117615

Phase 5 Rip-up And Reroute

Phase 5.1 Global Iteration 0
 Number of Nodes with overlaps = 284
 Number of Nodes with overlaps = 12
 Number of Nodes with overlaps = 1
 Number of Nodes with overlaps = 0
INFO: [Route 35-416] Intermediate Timing Summary | WNS=2.183  | TNS=0.000  | WHS=N/A    | THS=N/A    |

Phase 5.1 Global Iteration 0 | Checksum: 1c7ad283d

Time (s): cpu = 00:00:43 ; elapsed = 00:00:35 . Memory (MB): peak = 3059.848 ; gain = 114.773 ; free physical = 102237 ; free virtual = 117615
Phase 5 Rip-up And Reroute | Checksum: 1c7ad283d

Time (s): cpu = 00:00:43 ; elapsed = 00:00:35 . Memory (MB): peak = 3059.848 ; gain = 114.773 ; free physical = 102237 ; free virtual = 117615

Phase 6 Delay and Skew Optimization

Phase 6.1 Delay CleanUp
Phase 6.1 Delay CleanUp | Checksum: 1c7ad283d

Time (s): cpu = 00:00:43 ; elapsed = 00:00:35 . Memory (MB): peak = 3059.848 ; gain = 114.773 ; free physical = 102237 ; free virtual = 117615

Phase 6.2 Clock Skew Optimization
Phase 6.2 Clock Skew Optimization | Checksum: 1c7ad283d

Time (s): cpu = 00:00:43 ; elapsed = 00:00:35 . Memory (MB): peak = 3059.848 ; gain = 114.773 ; free physical = 102237 ; free virtual = 117615
Phase 6 Delay and Skew Optimization | Checksum: 1c7ad283d

Time (s): cpu = 00:00:43 ; elapsed = 00:00:35 . Memory (MB): peak = 3059.848 ; gain = 114.773 ; free physical = 102237 ; free virtual = 117615

Phase 7 Post Hold Fix

Phase 7.1 Hold Fix Iter
INFO: [Route 35-416] Intermediate Timing Summary | WNS=2.183  | TNS=0.000  | WHS=0.116  | THS=0.000  |

Phase 7.1 Hold Fix Iter | Checksum: 1c95ad344

Time (s): cpu = 00:00:43 ; elapsed = 00:00:35 . Memory (MB): peak = 3059.848 ; gain = 114.773 ; free physical = 102237 ; free virtual = 117615
Phase 7 Post Hold Fix | Checksum: 1c95ad344

Time (s): cpu = 00:00:43 ; elapsed = 00:00:35 . Memory (MB): peak = 3059.848 ; gain = 114.773 ; free physical = 102237 ; free virtual = 117615

Phase 8 Route finalize

Router Utilization Summary
  Global Vertical Routing Utilization    = 0.496893 %
  Global Horizontal Routing Utilization  = 0.639875 %
  Routable Net Status*
  *Does not include unroutable nets such as driverless and loadless.
  Run report_route_status for detailed report.
  Number of Failed Nets               = 0
    (Failed Nets is the sum of unrouted and partially routed nets)
  Number of Unrouted Nets             = 0
  Number of Partially Routed Nets     = 0
  Number of Node Overlaps             = 0

Phase 8 Route finalize | Checksum: 1c95ad344

Time (s): cpu = 00:00:43 ; elapsed = 00:00:35 . Memory (MB): peak = 3059.848 ; gain = 114.773 ; free physical = 102237 ; free virtual = 117615

Phase 9 Verifying routed nets

 Verification completed successfully
Phase 9 Verifying routed nets | Checksum: 1c95ad344

Time (s): cpu = 00:00:43 ; elapsed = 00:00:35 . Memory (MB): peak = 3059.848 ; gain = 114.773 ; free physical = 102237 ; free virtual = 117615

Phase 10 Depositing Routes
Phase 10 Depositing Routes | Checksum: 270d97738

Time (s): cpu = 00:00:44 ; elapsed = 00:00:35 . Memory (MB): peak = 3059.848 ; gain = 114.773 ; free physical = 102238 ; free virtual = 117615

Phase 11 Post Process Routing
Phase 11 Post Process Routing | Checksum: 270d97738

Time (s): cpu = 00:00:44 ; elapsed = 00:00:35 . Memory (MB): peak = 3059.848 ; gain = 114.773 ; free physical = 102238 ; free virtual = 117615

Phase 12 Post Router Timing
INFO: [Route 35-57] Estimated Timing Summary | WNS=2.183  | TNS=0.000  | WHS=0.116  | THS=0.000  |

INFO: [Route 35-327] The final timing numbers are based on the router estimated timing analysis. For a complete and accurate timing signoff, please run report_timing_summary.
Phase 12 Post Router Timing | Checksum: 270d97738

Time (s): cpu = 00:00:44 ; elapsed = 00:00:35 . Memory (MB): peak = 3059.848 ; gain = 114.773 ; free physical = 102238 ; free virtual = 117615
Total Elapsed time in route_design: 35.16 secs

Phase 13 Post-Route Event Processing
Phase 13 Post-Route Event Processing | Checksum: 14d527a67

Time (s): cpu = 00:00:44 ; elapsed = 00:00:35 . Memory (MB): peak = 3059.848 ; gain = 114.773 ; free physical = 102238 ; free virtual = 117615
INFO: [Route 35-16] Router Completed Successfully
Ending Routing Task | Checksum: 14d527a67

Time (s): cpu = 00:00:44 ; elapsed = 00:00:35 . Memory (MB): peak = 3059.848 ; gain = 114.773 ; free physical = 102238 ; free virtual = 117615

Routing Is Done.
INFO: [Common 17-83] Releasing license: Implementation
91 Infos, 58 Warnings, 0 Critical Warnings and 0 Errors encountered.
route_design completed successfully
route_design: Time (s): cpu = 00:00:44 ; elapsed = 00:00:35 . Memory (MB): peak = 3059.848 ; gain = 114.773 ; free physical = 102238 ; free virtual = 117615
INFO: [Vivado 12-24828] Executing command : report_drc -file bd_0_wrapper_drc_routed.rpt -pb bd_0_wrapper_drc_routed.pb -rpx bd_0_wrapper_drc_routed.rpx
Command: report_drc -file bd_0_wrapper_drc_routed.rpt -pb bd_0_wrapper_drc_routed.pb -rpx bd_0_wrapper_drc_routed.rpx
INFO: [IP_Flow 19-1839] IP Catalog is up to date.
INFO: [DRC 23-27] Running DRC with 8 threads
WARNING: [DRC 23-814] Not all possible (connectivity based) DRCs may have been run because this design is seen as Out of Context.
INFO: [Vivado_Tcl 2-168] The results of DRC are in file /home/jjh/RL_test/for_ironman/synthesis/project_tmp/solution_tmp/impl/verilog/project.runs/impl_1/bd_0_wrapper_drc_routed.rpt.
report_drc completed successfully
INFO: [Vivado 12-24828] Executing command : report_methodology -file bd_0_wrapper_methodology_drc_routed.rpt -pb bd_0_wrapper_methodology_drc_routed.pb -rpx bd_0_wrapper_methodology_drc_routed.rpx
Command: report_methodology -file bd_0_wrapper_methodology_drc_routed.rpt -pb bd_0_wrapper_methodology_drc_routed.pb -rpx bd_0_wrapper_methodology_drc_routed.rpx
INFO: [Timing 38-35] Done setting XDC timing constraints.
WARNING: [Timing 38-242] The property HD.CLK_SRC of clock port "ap_clk" is not set. In out-of-context mode, this prevents timing estimation for clock delay/skew
Resolution: Set the HD.CLK_SRC property of the out-of-context port to the location of the clock buffer instance in the top-level design
INFO: [DRC 23-133] Running Methodology with 8 threads
WARNING: [DRC 23-814] Not all possible (connectivity based) DRCs may have been run because this design is seen as Out of Context.
INFO: [Vivado_Tcl 2-1520] The results of Report Methodology are in file /home/jjh/RL_test/for_ironman/synthesis/project_tmp/solution_tmp/impl/verilog/project.runs/impl_1/bd_0_wrapper_methodology_drc_routed.rpt.
report_methodology completed successfully
INFO: [Vivado 12-24828] Executing command : report_timing_summary -max_paths 10 -routable_nets -report_unconstrained -file bd_0_wrapper_timing_summary_routed.rpt -pb bd_0_wrapper_timing_summary_routed.pb -rpx bd_0_wrapper_timing_summary_routed.rpx -warn_on_violation 
INFO: [Timing 38-35] Done setting XDC timing constraints.
INFO: [Timing 38-91] UpdateTimingParams: Speed grade: -1, Delay Type: min_max.
INFO: [Timing 38-191] Multithreading enabled for timing update using a maximum of 8 CPUs
INFO: [Vivado 12-24838] Running report commands "report_bus_skew, report_incremental_reuse, report_route_status" in parallel.
Running report generation with 3 threads.
INFO: [Vivado 12-24828] Executing command : report_incremental_reuse -file bd_0_wrapper_incremental_reuse_routed.rpt
INFO: [Vivado_Tcl 4-1062] Incremental flow is disabled. No incremental reuse Info to report.
INFO: [Vivado 12-24828] Executing command : report_route_status -file bd_0_wrapper_route_status.rpt -pb bd_0_wrapper_route_status.pb
INFO: [Vivado 12-24828] Executing command : report_bus_skew -warn_on_violation -file bd_0_wrapper_bus_skew_routed.rpt -pb bd_0_wrapper_bus_skew_routed.pb -rpx bd_0_wrapper_bus_skew_routed.rpx
INFO: [Timing 38-91] UpdateTimingParams: Speed grade: -1, Delay Type: min_max.
INFO: [Timing 38-191] Multithreading enabled for timing update using a maximum of 8 CPUs
INFO: [Vivado 12-24828] Executing command : report_power -file bd_0_wrapper_power_routed.rpt -pb bd_0_wrapper_power_summary_routed.pb -rpx bd_0_wrapper_power_routed.rpx
Command: report_power -file bd_0_wrapper_power_routed.rpt -pb bd_0_wrapper_power_summary_routed.pb -rpx bd_0_wrapper_power_routed.rpx
Running Vector-less Activity Propagation...

Finished Running Vector-less Activity Propagation
111 Infos, 61 Warnings, 0 Critical Warnings and 0 Errors encountered.
report_power completed successfully
INFO: [Vivado 12-24828] Executing command : report_clock_utilization -file bd_0_wrapper_clock_utilization_routed.rpt
generate_parallel_reports: Time (s): cpu = 00:00:24 ; elapsed = 00:00:07 . Memory (MB): peak = 3225.906 ; gain = 166.059 ; free physical = 102167 ; free virtual = 117547
INFO: [Timing 38-480] Writing timing data to binary archive.
Write ShapeDB Complete: Time (s): cpu = 00:00:00.08 ; elapsed = 00:00:00.02 . Memory (MB): peak = 3225.906 ; gain = 0.000 ; free physical = 102165 ; free virtual = 117546
Wrote PlaceDB: Time (s): cpu = 00:00:00.74 ; elapsed = 00:00:00.27 . Memory (MB): peak = 3225.906 ; gain = 0.000 ; free physical = 102159 ; free virtual = 117542
Wrote PulsedLatchDB: Time (s): cpu = 00:00:00 ; elapsed = 00:00:00 . Memory (MB): peak = 3225.906 ; gain = 0.000 ; free physical = 102159 ; free virtual = 117542
Writing XDEF routing.
Writing XDEF routing logical nets.
Writing XDEF routing special nets.
Wrote RouteStorage: Time (s): cpu = 00:00:00.07 ; elapsed = 00:00:00.06 . Memory (MB): peak = 3225.906 ; gain = 0.000 ; free physical = 102159 ; free virtual = 117543
Wrote Netlist Cache: Time (s): cpu = 00:00:00.01 ; elapsed = 00:00:00.01 . Memory (MB): peak = 3225.906 ; gain = 0.000 ; free physical = 102159 ; free virtual = 117543
Wrote Device Cache: Time (s): cpu = 00:00:00.01 ; elapsed = 00:00:00.01 . Memory (MB): peak = 3225.906 ; gain = 0.000 ; free physical = 102159 ; free virtual = 117544
Write Physdb Complete: Time (s): cpu = 00:00:00.83 ; elapsed = 00:00:00.36 . Memory (MB): peak = 3225.906 ; gain = 0.000 ; free physical = 102159 ; free virtual = 117544
INFO: [Common 17-1381] The checkpoint '/home/jjh/RL_test/for_ironman/synthesis/project_tmp/solution_tmp/impl/verilog/project.runs/impl_1/bd_0_wrapper_routed.dcp' has been generated.
INFO: [Common 17-206] Exiting Vivado at Wed Jan 21 17:39:04 2026...
