Execute       source -notrace -encoding utf-8 /tools/Xilinx/2025.1/Vitis/tps/tcl/tcl8.6/clock.tcl 
Execute         source -encoding utf-8 /tools/Xilinx/2025.1/tps/tcl/tcl8/8.5/msgcat-1.6.1.tm 
INFO-FLOW: Workspace /home/jjh/RL_test/for_ironman/RLMD/gemm_syn/solution_gemm opened at Sat Jan 24 01:15:36 KST 2026
Execute       send_msg_by_id INFO @200-1505@%s%s  vivado 
INFO: [HLS 200-1505] Using flow_target 'vivado'
Execute     set_part xc7z020clg484-1 
INFO: [HLS 200-1510] Running: set_part xc7z020clg484-1 
Execute       create_platform xc7z020clg484-1 -board  
DBG:HLSDevice: Trying to load device library: /tools/Xilinx/2025.1/Vitis/lib/lnx64.o/libxv_hlsvwrap.so
DBG:HLSDevice: first parts/arch.xml in RDI_DATADIR: /tools/Xilinx/2025.1/Vivado/data/parts/arch.xml
DBG:HLSDevice: init success
INFO: [HLS 200-1611] Setting target device to 'xc7z020-clg484-1'
Command       create_platform done; 0.7 sec.
Execute       source /tools/Xilinx/2025.1/Vitis/common/technology/xilinx/common/xilinx.gen 
Execute         source /tools/Xilinx/2025.1/Vitis/common/technology/xilinx/interface/plb46.gen 
Execute         source /tools/Xilinx/2025.1/Vitis/common/technology/xilinx/interface/axi4.gen 
Execute         source /tools/Xilinx/2025.1/Vitis/common/technology/xilinx/interface/nativeAXI4.gen 
Execute           source /tools/Xilinx/2025.1/Vitis/common/technology/xilinx/interface/saxilite.gen 
Execute         source /tools/Xilinx/2025.1/Vitis/common/technology/xilinx/scripts/xilinxcoregen.gen 
Execute         source /tools/Xilinx/2025.1/Vitis/common/technology/xilinx/interface/XilEDKCoreGen.gen 
Execute         source /tools/Xilinx/2025.1/Vitis/common/technology/xilinx/ip/xfir.gen 
Execute         source /tools/Xilinx/2025.1/Vitis/common/technology/xilinx/ip/util.gen 
Execute         source /tools/Xilinx/2025.1/Vitis/common/technology/xilinx/ip/dds_compiler.gen 
Execute         source /tools/Xilinx/2025.1/Vitis/common/technology/xilinx/ip/xfft.gen 
Command         ap_source done; 0.12 sec.
Execute         source /tools/Xilinx/2025.1/Vitis/common/technology/xilinx/DSP48/dsp48.gen 
Command       ap_source done; 0.14 sec.
Execute       ap_part_info -name xc7z020-clg484-1 -data info 
Execute       config_compile -quiet -complex-mul-dsp=0 
Command     set_part done; 0.86 sec.
Execute     create_clock -period 10.0 -name default 
INFO: [HLS 200-1510] Running: create_clock -period 10.0 -name default 
Execute       ap_set_clock -name default -period 10 -unit ns -default=false 
INFO: [SYN 201-201] Setting up clock 'default' with a period of 10ns.
Execute     set_directive_pipeline -off gemm/outer 
INFO: [HLS 200-1510] Running: set_directive_pipeline -off gemm/outer 
Execute     set_directive_pipeline -off gemm/middle 
INFO: [HLS 200-1510] Running: set_directive_pipeline -off gemm/middle 
Execute     set_directive_pipeline -off gemm/inner 
INFO: [HLS 200-1510] Running: set_directive_pipeline -off gemm/inner 
Execute     set_directive_bind_op -op mul -impl dsp gemm mult 
INFO: [HLS 200-1510] Running: set_directive_bind_op -op mul -impl dsp gemm mult 
Execute     csynth_design 
INFO: [HLS 200-1510] Running: csynth_design 
Execute       ::AP::init_summary_file csynth 
Execute       ap_part_info -name xc7z020-clg484-1 -data info 
INFO-FLOW: run_clang exec: /tools/Xilinx/2025.1/Vitis/lnx64/tools/clang-3.9-csynth/bin/xilinx-performance-pragma-detector ../CASE/test/gemm.cc -- -fhls -D__VITIS_HLS__ -DAESL_SYN -D__SYNTHESIS__ -D__HLS_SYN__ -I /tools/Xilinx/2025.1/Vitis/common/technology/autopilot -I /tools/Xilinx/2025.1/Vitis/common/technology/autopilot/ap_sysc -include etc/autopilot_ssdm_op.h -D__DSP48E1__ -I /usr/include/x86_64-linux-gnu > /home/jjh/RL_test/for_ironman/RLMD/gemm_syn/solution_gemm/.autopilot/db/gemm.cc.xilinx-performance-pragma-detector.out.log 2> /home/jjh/RL_test/for_ironman/RLMD/gemm_syn/solution_gemm/.autopilot/db/gemm.cc.xilinx-performance-pragma-detector.err.log
INFO-FLOW: Running SLX 'csynth' proc: ::SLX::run_csynth
Execute       elaborate -effort=medium -skip_syncheck=0 -keep_printf=0 -skip_cdt=0 -skip_transform=0 -ng=0 -g=0 -from_csynth_design=1 
INFO: [HLS 200-111] Finished File checks and directory preparation: CPU user time: 0.17 seconds. CPU system time: 0.03 seconds. Elapsed time: 0.21 seconds; current allocated memory: 247.719 MB.
Execute         set_directive_top gemm -name=gemm 
Execute         source /tools/Xilinx/2025.1/Vitis/tps/tcl/tcllib2.0/yaml/huddle.tcl 
Execute           source /tools/Xilinx/2025.1/tps/tcl/tcllib2.0/yaml/huddle_types.tcl 
Execute         source /tools/Xilinx/2025.1/Vitis/tps/tcl/tcllib2.0/yaml/json2huddle.tcl 
Execute           source /tools/Xilinx/2025.1/Vitis/tps/tcl/tcllib2.0/try/try.tcl 
INFO: [HLS 200-10] Analyzing design file '../CASE/test/gemm.cc' ... 
INFO-FLOW: Compiling one TU...
INFO-FLOW: Handling ../CASE/test/gemm.cc as C++
Execute         ap_part_info -name xc7z020-clg484-1 -data info 
INFO-FLOW: Running: GCC PP 39
INFO-FLOW: Source preprocessing
INFO-FLOW: run_clang exec: /tools/Xilinx/2025.1/Vitis/lnx64/tools/clang-3.9-csynth/bin/clang ../CASE/test/gemm.cc -foptimization-record-file=/home/jjh/RL_test/for_ironman/RLMD/gemm_syn/solution_gemm/.autopilot/db/gemm.cc.clang.diag.yml -mllvm -pass-remarks-missed=reflow|pasta|unroll|inline -mllvm -pass-remarks=reflow|pasta|unroll|inline -fno-limit-debug-info --gcc-toolchain=/tools/Xilinx/2025.1/Vitis/tps/lnx64/gcc-8.3.0 -fhls -fno-exceptions -insert-hls-directive=/home/jjh/RL_test/for_ironman/RLMD/gemm_syn/solution_gemm/.autopilot/db/all.directive.json -E -fno-math-errno -c -emit-llvm -mllvm -disable-llvm-optzns -Werror=implicit-function-declaration -Werror=implicit-hls-streams -Werror=return-type -Wpragmas -Wunused-parameter -Wdump-hls-pragmas -Wno-error=dump-hls-pragmas -hls-clock-period=10 -fno-threadsafe-statics -fno-use-cxa-atexit -target fpga64-xilinx-linux-gnu -fno-threadsafe-statics -fno-use-cxa-atexit -D__VITIS_HLS__ -DAESL_SYN -D__SYNTHESIS__ -D__HLS_SYN__ -I /tools/Xilinx/2025.1/Vitis/common/technology/autopilot -I /tools/Xilinx/2025.1/Vitis/common/technology/autopilot/ap_sysc -include etc/autopilot_ssdm_op.h -D__DSP48E1__ -I /usr/include/x86_64-linux-gnu -o /home/jjh/RL_test/for_ironman/RLMD/gemm_syn/solution_gemm/.autopilot/db/gemm.pp.0.cc -hls-platform-db-name=/tools/Xilinx/2025.1/Vitis/common/technology/xilinx/common/platform.db -hls-platform-name=zynq_slow -device-resource-info=BRAM_280.000000_DSP_220.000000_FF_106400.000000_LUT_53200.000000_SLICE_13300.000000_URAM_0.000000 -device-name-info=xc7z020clg484-1 > /home/jjh/RL_test/for_ironman/RLMD/gemm_syn/solution_gemm/.autopilot/db/gemm.cc.clang.out.log 2> /home/jjh/RL_test/for_ironman/RLMD/gemm_syn/solution_gemm/.autopilot/db/gemm.cc.clang.err.log
INFO-FLOW: Done: GCC PP 39 time: 0.2 seconds per iteration
INFO-FLOW: Source syntax check for synthesis
INFO-FLOW: run_clang exec: /tools/Xilinx/2025.1/Vitis/lnx64/tools/clang-3.9-csynth/bin/clang -foptimization-record-file=/home/jjh/RL_test/for_ironman/RLMD/gemm_syn/solution_gemm/.autopilot/db/clang.diag.yml -mllvm -pass-remarks-missed=reflow|pasta|unroll|inline -mllvm -pass-remarks=reflow|pasta|unroll|inline -fsyntax-only -fhls -target fpga64-xilinx-linux-gnu /home/jjh/RL_test/for_ironman/RLMD/gemm_syn/solution_gemm/.autopilot/db/gemm.pp.0.cc -hls-platform-db-name=/tools/Xilinx/2025.1/Vitis/common/technology/xilinx/common/platform.db -hls-platform-name=zynq_slow -device-resource-info=BRAM_280.000000_DSP_220.000000_FF_106400.000000_LUT_53200.000000_SLICE_13300.000000_URAM_0.000000 -device-name-info=xc7z020clg484-1 > /home/jjh/RL_test/for_ironman/RLMD/gemm_syn/solution_gemm/.autopilot/db/clang.out.log 2> /home/jjh/RL_test/for_ironman/RLMD/gemm_syn/solution_gemm/.autopilot/db/clang.err.log
Execute         clang_tidy xilinx-systemc-detector -desc systemc-detector /home/jjh/RL_test/for_ironman/RLMD/gemm_syn/solution_gemm/.autopilot/db/gemm.pp.0.cc  -target fpga  -directive=/home/jjh/RL_test/for_ironman/RLMD/gemm_syn/solution_gemm/.autopilot/db/.systemc_flag 
INFO-FLOW: exec /tools/Xilinx/2025.1/Vitis/lnx64/tools/clang-3.9-csynth/bin/clang-tidy -header-filter=.* --checks=-*,xilinx-systemc-detector -import-directive=/home/jjh/RL_test/for_ironman/RLMD/gemm_syn/solution_gemm/.autopilot/db/.systemc_flag -fix-errors /home/jjh/RL_test/for_ironman/RLMD/gemm_syn/solution_gemm/.autopilot/db/gemm.pp.0.cc -- - -target fpga -fhls -ferror-limit=0
INFO-FLOW: Running: clang-tidy CDT preprocess 39
Execute         clang_tidy xilinx-directive2pragma -desc directive2pragma /home/jjh/RL_test/for_ironman/RLMD/gemm_syn/solution_gemm/.autopilot/db/gemm.pp.0.cc  -target fpga  -directive=/home/jjh/RL_test/for_ironman/RLMD/gemm_syn/solution_gemm/.autopilot/db/all.directive.json 
INFO-FLOW: exec /tools/Xilinx/2025.1/Vitis/lnx64/tools/clang-3.9-csynth/bin/clang-tidy -header-filter=.* --checks=-*,xilinx-directive2pragma -import-directive=/home/jjh/RL_test/for_ironman/RLMD/gemm_syn/solution_gemm/.autopilot/db/all.directive.json -fix-errors /home/jjh/RL_test/for_ironman/RLMD/gemm_syn/solution_gemm/.autopilot/db/gemm.pp.0.cc -- - -target fpga -fhls -ferror-limit=0
INFO-FLOW: Done: clang-tidy CDT preprocess 39 time: 0.1 seconds per iteration
INFO-FLOW: Calling xilinx-label-all-loops ... 
INFO-FLOW: Calling xilinx-aggregate-on-hls-vector ... 
Execute         clang_tidy -errorcheck -desc loop-label xilinx-label-all-loops,xilinx-aggregate-on-hls-vector,,xilinx-warn-mayneed-no-ctor-attribute /home/jjh/RL_test/for_ironman/RLMD/gemm_syn/solution_gemm/.autopilot/db/gemm.pp.0.cc  -target fpga  
INFO-FLOW: run_clang exec: /tools/Xilinx/2025.1/Vitis/lnx64/tools/clang-3.9-csynth/bin/clang-tidy -export-fixes=/home/jjh/RL_test/for_ironman/RLMD/gemm_syn/solution_gemm/.autopilot/db/gemm.pp.0.cc.clang-tidy.loop-label.diag.yml -header-filter=.* --checks=-*,xilinx-label-all-loops,xilinx-aggregate-on-hls-vector,,xilinx-warn-mayneed-no-ctor-attribute -fix-errors /home/jjh/RL_test/for_ironman/RLMD/gemm_syn/solution_gemm/.autopilot/db/gemm.pp.0.cc -- - -target fpga -fhls -ferror-limit=0 > /home/jjh/RL_test/for_ironman/RLMD/gemm_syn/solution_gemm/.autopilot/db/gemm.pp.0.cc.clang-tidy.loop-label.out.log 2> /home/jjh/RL_test/for_ironman/RLMD/gemm_syn/solution_gemm/.autopilot/db/gemm.pp.0.cc.clang-tidy.loop-label.err.log
Execute           source /tools/Xilinx/2025.1/Vitis/tps/tcl/tcllib2.0/yaml/yaml.tcl 
INFO-FLOW: run_clang exec: /tools/Xilinx/2025.1/Vitis/lnx64/tools/clang-3.9-csynth/bin/xilinx-dataflow-lawyer -export-fixes=/home/jjh/RL_test/for_ironman/RLMD/gemm_syn/solution_gemm/.autopilot/db/gemm.pp.0.cc.xilinx-dataflow-lawyer.diag.yml /home/jjh/RL_test/for_ironman/RLMD/gemm_syn/solution_gemm/.autopilot/db/gemm.pp.0.cc -- - -target fpga -fhls -ferror-limit=0 -fstrict-dataflow > /home/jjh/RL_test/for_ironman/RLMD/gemm_syn/solution_gemm/.autopilot/db/gemm.pp.0.cc.xilinx-dataflow-lawyer.out.log 2> /home/jjh/RL_test/for_ironman/RLMD/gemm_syn/solution_gemm/.autopilot/db/gemm.pp.0.cc.xilinx-dataflow-lawyer.err.log
Execute         ap_part_info -name xc7z020-clg484-1 -data info 
INFO-FLOW: compiling source code to llvm bc
INFO-FLOW: run_clang exec: /tools/Xilinx/2025.1/Vitis/lnx64/tools/clang-3.9-csynth/bin/clang -foptimization-record-file=/home/jjh/RL_test/for_ironman/RLMD/gemm_syn/solution_gemm/.autopilot/db/gemm.pp.0.cc.clang.diag.yml -mllvm -pass-remarks-missed=reflow|pasta|unroll|inline -mllvm -pass-remarks=reflow|pasta|unroll|inline -fno-limit-debug-info -fhls -flto -fno-exceptions -Wno-error=c++11-narrowing -hls-emit-hint-scope /home/jjh/RL_test/for_ironman/RLMD/gemm_syn/solution_gemm/.autopilot/db/gemm.pp.0.cc -fno-math-errno -c -emit-llvm -mllvm -disable-llvm-optzns -Werror=implicit-function-declaration -Werror=implicit-hls-streams -Werror=return-type -Wpragmas -Wunused-parameter -Wdump-hls-pragmas -Wno-error=dump-hls-pragmas -hls-clock-period=10 -fno-threadsafe-statics -fno-use-cxa-atexit -target fpga64-xilinx-linux-gnu -D__VITIS_HLS__ -DAESL_SYN -D__SYNTHESIS__ -D__HLS_SYN__ -I /tools/Xilinx/2025.1/Vitis/common/technology/autopilot -I /tools/Xilinx/2025.1/Vitis/common/technology/autopilot/ap_sysc -include etc/autopilot_ssdm_op.h -D__DSP48E1__ -g -o /home/jjh/RL_test/for_ironman/RLMD/gemm_syn/solution_gemm/.autopilot/db/gemm.bc -hls-platform-db-name=/tools/Xilinx/2025.1/Vitis/common/technology/xilinx/common/platform.db -hls-platform-name=zynq_slow -device-resource-info=BRAM_280.000000_DSP_220.000000_FF_106400.000000_LUT_53200.000000_SLICE_13300.000000_URAM_0.000000 -device-name-info=xc7z020clg484-1 > /home/jjh/RL_test/for_ironman/RLMD/gemm_syn/solution_gemm/.autopilot/db/gemm.pp.0.cc.clang.out.log 2> /home/jjh/RL_test/for_ironman/RLMD/gemm_syn/solution_gemm/.autopilot/db/gemm.pp.0.cc.clang.err.log
INFO: [HLS 200-111] Finished Source Code Analysis and Preprocessing: CPU user time: 0.43 seconds. CPU system time: 0.34 seconds. Elapsed time: 0.76 seconds; current allocated memory: 249.750 MB.
INFO-FLOW: Linking Debug ...
INFO-FLOW: Linking dut bc code.
Execute         run_link_or_opt -out /home/jjh/RL_test/for_ironman/RLMD/gemm_syn/solution_gemm/.autopilot/db/a.g.ld.0.bc -args  "/home/jjh/RL_test/for_ironman/RLMD/gemm_syn/solution_gemm/.autopilot/db/gemm.g.bc"  
INFO-FLOW: run_clang exec: /tools/Xilinx/2025.1/Vitis/lnx64/tools/clang-3.9-csynth/bin/llvm-link /home/jjh/RL_test/for_ironman/RLMD/gemm_syn/solution_gemm/.autopilot/db/gemm.g.bc -o /home/jjh/RL_test/for_ironman/RLMD/gemm_syn/solution_gemm/.autopilot/db/a.g.ld.0.bc > /home/jjh/RL_test/for_ironman/RLMD/gemm_syn/solution_gemm/.autopilot/db/a.g.ld.0.bc.llvm-link.out.log 2> /home/jjh/RL_test/for_ironman/RLMD/gemm_syn/solution_gemm/.autopilot/db/a.g.ld.0.bc.llvm-link.err.log
Execute         run_link_or_opt -opt -out /home/jjh/RL_test/for_ironman/RLMD/gemm_syn/solution_gemm/.autopilot/db/a.g.ld.1.lower.bc -args /home/jjh/RL_test/for_ironman/RLMD/gemm_syn/solution_gemm/.autopilot/db/a.g.ld.0.bc -reflow-lower-math-intrinsics 
INFO-FLOW: run_clang exec: /tools/Xilinx/2025.1/Vitis/lnx64/tools/clang-3.9-csynth/bin/opt -pass-remarks-missed=reflow|pasta|unroll|inline -pass-remarks=reflow|pasta|unroll|inline -pass-remarks-output=/home/jjh/RL_test/for_ironman/RLMD/gemm_syn/solution_gemm/.autopilot/db/a.g.ld.1.lower.bc.opt.diag.yml /home/jjh/RL_test/for_ironman/RLMD/gemm_syn/solution_gemm/.autopilot/db/a.g.ld.0.bc -reflow-lower-math-intrinsics -o /home/jjh/RL_test/for_ironman/RLMD/gemm_syn/solution_gemm/.autopilot/db/a.g.ld.1.lower.bc > /home/jjh/RL_test/for_ironman/RLMD/gemm_syn/solution_gemm/.autopilot/db/a.g.ld.1.lower.bc.opt.out.log 2> /home/jjh/RL_test/for_ironman/RLMD/gemm_syn/solution_gemm/.autopilot/db/a.g.ld.1.lower.bc.opt.err.log
INFO-FLOW: Running: gen_design_size_report post-opt
INFO-FLOW: Done: gen_design_size_report post-opt time: 0 seconds per iteration
INFO-FLOW: Linking math bc lib
Execute         run_link_or_opt -out /home/jjh/RL_test/for_ironman/RLMD/gemm_syn/solution_gemm/.autopilot/db/a.g.ld.2.m1.bc -args /home/jjh/RL_test/for_ironman/RLMD/gemm_syn/solution_gemm/.autopilot/db/a.g.ld.1.lower.bc -only-needed /tools/Xilinx/2025.1/Vitis/lnx64/lib/libhlsm_39.bc /tools/Xilinx/2025.1/Vitis/lnx64/lib/libhlsmc++_39.bc 
INFO-FLOW: run_clang exec: /tools/Xilinx/2025.1/Vitis/lnx64/tools/clang-3.9-csynth/bin/llvm-link /home/jjh/RL_test/for_ironman/RLMD/gemm_syn/solution_gemm/.autopilot/db/a.g.ld.1.lower.bc -only-needed /tools/Xilinx/2025.1/Vitis/lnx64/lib/libhlsm_39.bc /tools/Xilinx/2025.1/Vitis/lnx64/lib/libhlsmc++_39.bc -o /home/jjh/RL_test/for_ironman/RLMD/gemm_syn/solution_gemm/.autopilot/db/a.g.ld.2.m1.bc > /home/jjh/RL_test/for_ironman/RLMD/gemm_syn/solution_gemm/.autopilot/db/a.g.ld.2.m1.bc.llvm-link.out.log 2> /home/jjh/RL_test/for_ironman/RLMD/gemm_syn/solution_gemm/.autopilot/db/a.g.ld.2.m1.bc.llvm-link.err.log
Command         run_link_or_opt done; 2.29 sec.
Execute         run_link_or_opt -opt -out /home/jjh/RL_test/for_ironman/RLMD/gemm_syn/solution_gemm/.autopilot/db/a.g.ld.3.fpc.bc -args /home/jjh/RL_test/for_ironman/RLMD/gemm_syn/solution_gemm/.autopilot/db/a.g.ld.2.m1.bc -reflow-globaldce -hls-top-function-name=gemm -reflow-float-conversion 
INFO-FLOW: run_clang exec: /tools/Xilinx/2025.1/Vitis/lnx64/tools/clang-3.9-csynth/bin/opt -pass-remarks-missed=reflow|pasta|unroll|inline -pass-remarks=reflow|pasta|unroll|inline -pass-remarks-output=/home/jjh/RL_test/for_ironman/RLMD/gemm_syn/solution_gemm/.autopilot/db/a.g.ld.3.fpc.bc.opt.diag.yml /home/jjh/RL_test/for_ironman/RLMD/gemm_syn/solution_gemm/.autopilot/db/a.g.ld.2.m1.bc -reflow-globaldce -hls-top-function-name=gemm -reflow-float-conversion -o /home/jjh/RL_test/for_ironman/RLMD/gemm_syn/solution_gemm/.autopilot/db/a.g.ld.3.fpc.bc > /home/jjh/RL_test/for_ironman/RLMD/gemm_syn/solution_gemm/.autopilot/db/a.g.ld.3.fpc.bc.opt.out.log 2> /home/jjh/RL_test/for_ironman/RLMD/gemm_syn/solution_gemm/.autopilot/db/a.g.ld.3.fpc.bc.opt.err.log
INFO-FLOW: Running: gen_design_size_report post-opt
INFO-FLOW: Done: gen_design_size_report post-opt time: 0 seconds per iteration
Command         run_link_or_opt done; 0.91 sec.
Execute         run_link_or_opt -out /home/jjh/RL_test/for_ironman/RLMD/gemm_syn/solution_gemm/.autopilot/db/a.g.ld.4.m2.bc -args /home/jjh/RL_test/for_ironman/RLMD/gemm_syn/solution_gemm/.autopilot/db/a.g.ld.3.fpc.bc -only-needed /tools/Xilinx/2025.1/Vitis/lnx64/lib/libfloatconversion_39.bc 
INFO-FLOW: run_clang exec: /tools/Xilinx/2025.1/Vitis/lnx64/tools/clang-3.9-csynth/bin/llvm-link /home/jjh/RL_test/for_ironman/RLMD/gemm_syn/solution_gemm/.autopilot/db/a.g.ld.3.fpc.bc -only-needed /tools/Xilinx/2025.1/Vitis/lnx64/lib/libfloatconversion_39.bc -o /home/jjh/RL_test/for_ironman/RLMD/gemm_syn/solution_gemm/.autopilot/db/a.g.ld.4.m2.bc > /home/jjh/RL_test/for_ironman/RLMD/gemm_syn/solution_gemm/.autopilot/db/a.g.ld.4.m2.bc.llvm-link.out.log 2> /home/jjh/RL_test/for_ironman/RLMD/gemm_syn/solution_gemm/.autopilot/db/a.g.ld.4.m2.bc.llvm-link.err.log
Execute         run_link_or_opt -opt -out /home/jjh/RL_test/for_ironman/RLMD/gemm_syn/solution_gemm/.autopilot/db/a.g.ld.5.gdce.bc -args /home/jjh/RL_test/for_ironman/RLMD/gemm_syn/solution_gemm/.autopilot/db/a.g.ld.4.m2.bc -reflow-globaldce -hls-top-function-name=gemm 
INFO-FLOW: run_clang exec: /tools/Xilinx/2025.1/Vitis/lnx64/tools/clang-3.9-csynth/bin/opt -pass-remarks-missed=reflow|pasta|unroll|inline -pass-remarks=reflow|pasta|unroll|inline -pass-remarks-output=/home/jjh/RL_test/for_ironman/RLMD/gemm_syn/solution_gemm/.autopilot/db/a.g.ld.5.gdce.bc.opt.diag.yml /home/jjh/RL_test/for_ironman/RLMD/gemm_syn/solution_gemm/.autopilot/db/a.g.ld.4.m2.bc -reflow-globaldce -hls-top-function-name=gemm -o /home/jjh/RL_test/for_ironman/RLMD/gemm_syn/solution_gemm/.autopilot/db/a.g.ld.5.gdce.bc > /home/jjh/RL_test/for_ironman/RLMD/gemm_syn/solution_gemm/.autopilot/db/a.g.ld.5.gdce.bc.opt.out.log 2> /home/jjh/RL_test/for_ironman/RLMD/gemm_syn/solution_gemm/.autopilot/db/a.g.ld.5.gdce.bc.opt.err.log
INFO-FLOW: Running: gen_design_size_report post-opt
INFO-FLOW: Done: gen_design_size_report post-opt time: 0 seconds per iteration
Execute         send_msg_by_id INFO @200-777@%s Vivado 
INFO: [HLS 200-777] Using interface defaults for 'Vivado' flow target.
Execute         is_m_axi_addr64 
INFO-FLOW: Doing LTO.
INFO-FLOW: run_clang (background poll_ms 5000) exec: /tools/Xilinx/2025.1/Vitis/lnx64/tools/clang-3.9-csynth/bin/clang -foptimization-record-file=/home/jjh/RL_test/for_ironman/RLMD/gemm_syn/solution_gemm/.autopilot/db/a.g.ld.0.bc.clang.reflow.diag.yml -mllvm -pass-remarks-missed=reflow|pasta|unroll|inline -mllvm -pass-remarks=reflow|pasta|unroll|inline -fhls -mllvm -hls-top-function-name=gemm -mllvm -hls-db-dir -mllvm /home/jjh/RL_test/for_ironman/RLMD/gemm_syn/solution_gemm/.autopilot/db -emit-llvm -c -target fpga64-xilinx-none -mllvm -xcl-xmlinfo=/home/jjh/RL_test/for_ironman/RLMD/gemm_syn/solution_gemm/.autopilot/db/kernel.internal.xml -mllvm -top-io-mapping-info=/home/jjh/RL_test/for_ironman/RLMD/gemm_syn/solution_gemm/.autopilot/db/top-io-fe.xml -mllvm -hls-bitcode-version=3.1 -mllvm -reflow-enable-slave-interface-default-setting=true -mllvm -gen-kernel-xml=false -mllvm -default-maxi-offset=slave -mllvm -reflow-unroll-size-threshold=10000 -mllvm -reflow-unroll-cost-threshold=1000000 -mllvm -maxi-latency=0 -mllvm -hls-maxi-data-size-in-bits=8 -mllvm -hls-maxi-max-data-size-in-bits=1024 -mllvm -hls-max-widen-size-in-bits=0 -mllvm -xcl-kernel-max-mem-ports=0 -mllvm -maxi-read-trans=16 -mllvm -maxi-write-trans=16 -mllvm -maxi-read-burst-len=16 -mllvm -maxi-write-burst-len=16 -mllvm -reflow-enable-saxi-64bits=0 -mllvm -reflow-basic-block-instr-threshold=200000 -mllvm -reflow-auto-pipeline-threshold=64 -mllvm -reflow-enable-maxi-auto-id-channel=0 -mllvm -reflow-bdd-simplify-threshold=1048576 -mllvm -reflow-fanout-threshold=16 -mllvm -reflow-force-aggressive-unroll=0 -mllvm -reflow-aggressive-unroll-adjust-factor=1.000000 -mllvm -reflow-complete-threshold=4 -mllvm -reflow-array-promotion-threshold=64 -mllvm -reflow-enable-critical-path-for-performance=1 -mllvm -assume-maxi-align=1 -mllvm -reflow-enable-dataflow-strict-mode-checking=1 -ftime-report -mllvm -time-passes -mllvm -reflow-auto-array-partition-mode=default -mllvm -reflow-enable-auto-small-array-partition=true -mllvm -reflow-enable-auto-array-promotion=true -mllvm -reflow-enable-auto-array-partition-for-flatten=true -mllvm -reflow-enable-auto-parallel-performance-driven=true -mllvm -reflow-enable-partition-for-automation=true -mllvm -reflow-aggregate-bitwidth-threshold=4096 -mllvm -reflow-reserved-saxilite-registers=0 -mllvm -enable-reflow-auto-loop-pipeline -mllvm -reflow-max-unroll-threshold=409600 -mllvm -auto-unroll-tripcount-threshold=0 -mllvm -reflow-assume-no-address-wrap=true -mllvm -reflow-enable-occurrence-inference=true -mllvm -reflow-emit-hint-scope=true -mllvm -reflow-enable-codegen-with-if=true -mllvm -reflow-enable-dataflow-canon=true -mllvm -reflow-enable-dataflow-canon2=true -mllvm -reflow-dump-extra-complexity-metric=true -mllvm -hls -mllvm -disable-inlined-alloca-merging=true -mllvm -default-clock-period=10 -mllvm -use_read_first_ram_in_loop=1 -mllvm -default-clock-uncertainty=2.7 -x ir /home/jjh/RL_test/for_ironman/RLMD/gemm_syn/solution_gemm/.autopilot/db/a.g.ld.5.gdce.bc -o /home/jjh/RL_test/for_ironman/RLMD/gemm_syn/solution_gemm/.autopilot/db/a.g.lto.bc -hls-platform-db-name=/tools/Xilinx/2025.1/Vitis/common/technology/xilinx/common/platform.db -hls-platform-name=zynq_slow -device-resource-info=BRAM_280.000000_DSP_220.000000_FF_106400.000000_LUT_53200.000000_SLICE_13300.000000_URAM_0.000000 -device-name-info=xc7z020clg484-1 2> /home/jjh/RL_test/for_ironman/RLMD/gemm_syn/solution_gemm/.autopilot/db/a.g.ld.0.bc.clang.reflow.err.log bg_poll_cmd: ::AP::poll_clang_39_closed_source
Execute         send_msg_by_id INFO @200-1995@%s%s%s 44 Compile/Link (/home/jjh/RL_test/for_ironman/RLMD/gemm_syn/solution_gemm/syn/report/csynth_design_size.rpt:2) 
INFO: [HLS 200-1995] There were 44 instructions in the design after the 'Compile/Link' phase of compilation. See the Design Size Report for more details (/home/jjh/RL_test/for_ironman/RLMD/gemm_syn/solution_gemm/syn/report/csynth_design_size.rpt:2)
Execute         send_msg_by_id INFO @200-1995@%s%s%s 37 Unroll/Inline (step 1) (/home/jjh/RL_test/for_ironman/RLMD/gemm_syn/solution_gemm/syn/report/csynth_design_size.rpt:2) 
INFO: [HLS 200-1995] There were 37 instructions in the design after the 'Unroll/Inline (step 1)' phase of compilation. See the Design Size Report for more details (/home/jjh/RL_test/for_ironman/RLMD/gemm_syn/solution_gemm/syn/report/csynth_design_size.rpt:2)
Execute         send_msg_by_id INFO @200-1995@%s%s%s 35 Unroll/Inline (step 2) (/home/jjh/RL_test/for_ironman/RLMD/gemm_syn/solution_gemm/syn/report/csynth_design_size.rpt:2) 
INFO: [HLS 200-1995] There were 35 instructions in the design after the 'Unroll/Inline (step 2)' phase of compilation. See the Design Size Report for more details (/home/jjh/RL_test/for_ironman/RLMD/gemm_syn/solution_gemm/syn/report/csynth_design_size.rpt:2)
Execute         send_msg_by_id INFO @200-1995@%s%s%s 32 Unroll/Inline (step 3) (/home/jjh/RL_test/for_ironman/RLMD/gemm_syn/solution_gemm/syn/report/csynth_design_size.rpt:2) 
INFO: [HLS 200-1995] There were 32 instructions in the design after the 'Unroll/Inline (step 3)' phase of compilation. See the Design Size Report for more details (/home/jjh/RL_test/for_ironman/RLMD/gemm_syn/solution_gemm/syn/report/csynth_design_size.rpt:2)
Execute         send_msg_by_id INFO @200-1995@%s%s%s 32 Unroll/Inline (step 4) (/home/jjh/RL_test/for_ironman/RLMD/gemm_syn/solution_gemm/syn/report/csynth_design_size.rpt:2) 
INFO: [HLS 200-1995] There were 32 instructions in the design after the 'Unroll/Inline (step 4)' phase of compilation. See the Design Size Report for more details (/home/jjh/RL_test/for_ironman/RLMD/gemm_syn/solution_gemm/syn/report/csynth_design_size.rpt:2)
Execute         send_msg_by_id INFO @200-1995@%s%s%s 32 Array/Struct (step 1) (/home/jjh/RL_test/for_ironman/RLMD/gemm_syn/solution_gemm/syn/report/csynth_design_size.rpt:2) 
INFO: [HLS 200-1995] There were 32 instructions in the design after the 'Array/Struct (step 1)' phase of compilation. See the Design Size Report for more details (/home/jjh/RL_test/for_ironman/RLMD/gemm_syn/solution_gemm/syn/report/csynth_design_size.rpt:2)
Execute         send_msg_by_id INFO @200-1995@%s%s%s 32 Array/Struct (step 2) (/home/jjh/RL_test/for_ironman/RLMD/gemm_syn/solution_gemm/syn/report/csynth_design_size.rpt:2) 
INFO: [HLS 200-1995] There were 32 instructions in the design after the 'Array/Struct (step 2)' phase of compilation. See the Design Size Report for more details (/home/jjh/RL_test/for_ironman/RLMD/gemm_syn/solution_gemm/syn/report/csynth_design_size.rpt:2)
Execute         send_msg_by_id INFO @200-1995@%s%s%s 32 Array/Struct (step 3) (/home/jjh/RL_test/for_ironman/RLMD/gemm_syn/solution_gemm/syn/report/csynth_design_size.rpt:2) 
INFO: [HLS 200-1995] There were 32 instructions in the design after the 'Array/Struct (step 3)' phase of compilation. See the Design Size Report for more details (/home/jjh/RL_test/for_ironman/RLMD/gemm_syn/solution_gemm/syn/report/csynth_design_size.rpt:2)
Execute         send_msg_by_id INFO @200-1995@%s%s%s 32 Array/Struct (step 4) (/home/jjh/RL_test/for_ironman/RLMD/gemm_syn/solution_gemm/syn/report/csynth_design_size.rpt:2) 
INFO: [HLS 200-1995] There were 32 instructions in the design after the 'Array/Struct (step 4)' phase of compilation. See the Design Size Report for more details (/home/jjh/RL_test/for_ironman/RLMD/gemm_syn/solution_gemm/syn/report/csynth_design_size.rpt:2)
Execute         send_msg_by_id INFO @200-1995@%s%s%s 33 Array/Struct (step 5) (/home/jjh/RL_test/for_ironman/RLMD/gemm_syn/solution_gemm/syn/report/csynth_design_size.rpt:2) 
INFO: [HLS 200-1995] There were 33 instructions in the design after the 'Array/Struct (step 5)' phase of compilation. See the Design Size Report for more details (/home/jjh/RL_test/for_ironman/RLMD/gemm_syn/solution_gemm/syn/report/csynth_design_size.rpt:2)
Execute         send_msg_by_id INFO @200-1995@%s%s%s 33 Performance (step 1) (/home/jjh/RL_test/for_ironman/RLMD/gemm_syn/solution_gemm/syn/report/csynth_design_size.rpt:2) 
INFO: [HLS 200-1995] There were 33 instructions in the design after the 'Performance (step 1)' phase of compilation. See the Design Size Report for more details (/home/jjh/RL_test/for_ironman/RLMD/gemm_syn/solution_gemm/syn/report/csynth_design_size.rpt:2)
Execute         send_msg_by_id INFO @200-1995@%s%s%s 32 Performance (step 2) (/home/jjh/RL_test/for_ironman/RLMD/gemm_syn/solution_gemm/syn/report/csynth_design_size.rpt:2) 
INFO: [HLS 200-1995] There were 32 instructions in the design after the 'Performance (step 2)' phase of compilation. See the Design Size Report for more details (/home/jjh/RL_test/for_ironman/RLMD/gemm_syn/solution_gemm/syn/report/csynth_design_size.rpt:2)
Execute         send_msg_by_id INFO @200-1995@%s%s%s 32 Performance (step 3) (/home/jjh/RL_test/for_ironman/RLMD/gemm_syn/solution_gemm/syn/report/csynth_design_size.rpt:2) 
INFO: [HLS 200-1995] There were 32 instructions in the design after the 'Performance (step 3)' phase of compilation. See the Design Size Report for more details (/home/jjh/RL_test/for_ironman/RLMD/gemm_syn/solution_gemm/syn/report/csynth_design_size.rpt:2)
Execute         send_msg_by_id INFO @200-1995@%s%s%s 32 Performance (step 4) (/home/jjh/RL_test/for_ironman/RLMD/gemm_syn/solution_gemm/syn/report/csynth_design_size.rpt:2) 
INFO: [HLS 200-1995] There were 32 instructions in the design after the 'Performance (step 4)' phase of compilation. See the Design Size Report for more details (/home/jjh/RL_test/for_ironman/RLMD/gemm_syn/solution_gemm/syn/report/csynth_design_size.rpt:2)
Execute         send_msg_by_id INFO @200-1995@%s%s%s 41 HW Transforms (step 1) (/home/jjh/RL_test/for_ironman/RLMD/gemm_syn/solution_gemm/syn/report/csynth_design_size.rpt:2) 
INFO: [HLS 200-1995] There were 41 instructions in the design after the 'HW Transforms (step 1)' phase of compilation. See the Design Size Report for more details (/home/jjh/RL_test/for_ironman/RLMD/gemm_syn/solution_gemm/syn/report/csynth_design_size.rpt:2)
Execute         send_msg_by_id INFO @200-1995@%s%s%s 54 HW Transforms (step 2) (/home/jjh/RL_test/for_ironman/RLMD/gemm_syn/solution_gemm/syn/report/csynth_design_size.rpt:2) 
INFO: [HLS 200-1995] There were 54 instructions in the design after the 'HW Transforms (step 2)' phase of compilation. See the Design Size Report for more details (/home/jjh/RL_test/for_ironman/RLMD/gemm_syn/solution_gemm/syn/report/csynth_design_size.rpt:2)
INFO-FLOW: DBG:PUTS: copy_raw_kernel_xml ap_link_39: kernel.xml not generated: /home/jjh/RL_test/for_ironman/RLMD/gemm_syn/solution_gemm/.autopilot/db/kernel.internal.xml
INFO: [HLS 200-111] Finished Compiling Optimization and Transform: CPU user time: 3.36 seconds. CPU system time: 0.44 seconds. Elapsed time: 8.43 seconds; current allocated memory: 259.266 MB.
INFO: [HLS 200-111] Finished Checking Pragmas: CPU user time: 0 seconds. CPU system time: 0 seconds. Elapsed time: 0 seconds; current allocated memory: 259.266 MB.
Execute         opt_and_import_c a -opt_level=2 -skip_syncheck=0 -ng=0 -keep_printf=0 
Execute           cleanup_all_models 
INFO: [HLS 200-10] Starting code transformations ...
INFO-FLOW: Running Standard Transforms...
Execute           transform -hls -share-std-xform -demangle-name -inline-byval-memcpy -always-inline -promote-dbg-pointer -interface-preproc -mem2reg -scalarrepl -mem2reg -keep-read-access -instcombine -dce -promote-dbg-pointer -bitop-raise -loop-simplify -indvarspre -indvars -loop-simplify -constprop -instcombine -simplifycfg -indvars -simplifycfg -dce -globaldce -basicaa -simplifycfg -mem2reg -globalopt -global-constprop -deadargelim -instcombine -simplifycfg -scalarrepl -instcombine -reassociate -licm -simplifycfg -loop-simplify -indvars -instcombine -simplifycfg -mem2reg -loop-simplify -indvars -instcombine -gvn -gvn -instcombine -adce -break-crit-edges -simplifycfg -loop-delete -global-array-opt -dce -dse -adce -find-syn-modules -top gemm -deadargelim -mem2reg -instcombine -dce -presyn-prepare -interface-preproc -syn-check -check-rec-only -find-region -simplifycfg -func-extr -function-inline -globaldce -mem2reg -instcombine -dce -gvn -globaldce -adce -adse -constprop -instcombine -bit-constprop -instcombine -dce -simplifycfg -bitop-raise -simplifycfg -dce -loop-delete -reassociate -globalopt -global-privatize -mem2reg -dce -global-constprop -pointer-simplify -constprop -dce -promote-dbg-pointer -norm-name /home/jjh/RL_test/for_ironman/RLMD/gemm_syn/solution_gemm/.autopilot/db/a.g.0.bc -o /home/jjh/RL_test/for_ironman/RLMD/gemm_syn/solution_gemm/.autopilot/db/a.g.1.bc -f -phase std-opt 
INFO: [HLS 200-111] Finished Standard Transforms: CPU user time: 0.01 seconds. CPU system time: 0 seconds. Elapsed time: 0.01 seconds; current allocated memory: 259.266 MB.
INFO: [HLS 200-10] Checking synthesizability ...
INFO-FLOW: Checking Synthesizability 1/2..
Execute           transform -hls -syn-check -check-rec-only -scalarrepl -norm-name -dce -mem2reg -instcombine -directive-preproc -mem2reg -dse -dce -dce -pag -array-normalize -instcombine -dce -array-seg-normalize -instcombine -dce -data-pack -instcombine -dce -inst-simplify -array-flatten -instcombine -dce -array-burst -dce -deadargelim -promote-global-argument -simplifycfg -mem2reg -globaldce -dce -deadargelim -dce -instcombine -function-inline -globaldce -dce -doublePtrSimplify -doublePtrElim -dce -doublePtrSimplify -promote-dbg-pointer -dce -scalarrepl -dse -adse -instcombine -ptrLegalization -simplifycfg -dce -instcombine -pointer-simplify -ptrArgReplace -dce -instcombine -resolve-double-ptr -scalarrepl -norm-name -dce -mem2reg -instcombine -ptrLegalization -simplifycfg -deadargelim -instcombine -dce -inst-simplify -directive-preproc -mem2reg -dse -dce -globaldce /home/jjh/RL_test/for_ironman/RLMD/gemm_syn/solution_gemm/.autopilot/db/a.g.1.bc -o /home/jjh/RL_test/for_ironman/RLMD/gemm_syn/solution_gemm/.autopilot/db/a.g.2.prechk.bc -f 
INFO-FLOW: Checking Synthesizability 2/2..
Execute           transform -syn-check /home/jjh/RL_test/for_ironman/RLMD/gemm_syn/solution_gemm/.autopilot/db/a.g.2.prechk.bc -o /home/jjh/RL_test/for_ironman/RLMD/gemm_syn/solution_gemm/.autopilot/db/a.g.2.bc -f -phase syn-check 
INFO: [HLS 200-111] Finished Checking Synthesizability: CPU user time: 0.01 seconds. CPU system time: 0 seconds. Elapsed time: 0.01 seconds; current allocated memory: 259.266 MB.
INFO-FLOW: Compiler optimizing ...
INFO-FLOW: Share syncheck's 1.bc for syn flow: copy /home/jjh/RL_test/for_ironman/RLMD/gemm_syn/solution_gemm/.autopilot/db/a.g.1.bc to /home/jjh/RL_test/for_ironman/RLMD/gemm_syn/solution_gemm/.autopilot/db/a.o.1.bc
INFO-FLOW: Presyn 1...
Execute           transform -hls -tmp /home/jjh/RL_test/for_ironman/RLMD/gemm_syn/solution_gemm/.autopilot/db -interface-port-rename -directive-preproc -mem2reg -dse -dce -scalarrepl -norm-name -deadargelim -dce -hls-dead-arg-elim -deadargelim -mem2reg -instcombine -dce -simplifycfg -dce -resource-proc -clib-intrinsic-prepare -dce -func-buffer -dce -pag -array-normalize -func-legal -instcombine -gvn -constprop -dce -simplifycfg -mem2reg -globaldce -resolve-double-ptr -dce -deadargelim -dce -instcombine -ptrArgReplace -mem2reg -dce -array-seg-normalize -deadargelim -instcombine -dce -directive-preproc -mem2reg -dse -dce -pointer-simplify -dce -port-alignment -dce -interface-preproc -data-pack -instcombine -dce -basicaa -aggr-aa -aggrmodref-aa -aggr-aa -gvn -gvn -basicaa -aggr-aa -aggrmodref-aa -aggr-aa -dse -adse -adce -loop-simplify -indvars -instcombine -gvn -loop-simplify -mem2reg -dce -find-region -instcombine -inst-simplify -interface-preproc -cfgopt -instcombine -indvars -loop-simplify -loop-bound -constprop -instcombine -simplifycfg -indvars -simplifycfg -dce -globaldce -clean-region -attach-range -gvn -inst-simplify -constprop -simplifycfg -dce -pointer-simplify -dce -globalopt -constprop -dce -ptrArgReplace -mem2reg -simplifycfg -dce -instcombine -dce -array-transform-check -array-reshape -instcombine -simplifycfg -dce -ptrArgReplace -deadargelim -mem2reg -instcombine -simplifycfg -dce -indvars -loop-simplify -loop-bound -constprop -instcombine -simplifycfg -indvars -simplifycfg -dce -globaldce -basicaa -aggr-aa -aggrmodref-aa -aggr-aa -dse -duplicate-dataflow-processes -globaldce -instcombine -array-partition -prepare-dynamic-array-partition -instcombine -simplifycfg -dce -ptrArgReplace -global-constprop -deadargelim -mem2reg -func-legal -dce -global-constprop -deadargelim -mem2reg -simplifycfg -dce -merge-param -deadargelim -globalopt -constprop -dce -ptrArgReplace -mem2reg -simplifycfg -dce -mem-intrinsic-preproc -dce -global-internalize -global-privatize -mem2reg -globaldce -lcssa -loop-simplify -phi-select-elim -promote-global-argument -ptrArgReplace -mem2reg -dce -globalopt -mergereturn -simplify-global-access -mem2reg -dce -pointer-simplify -dce -basicaa -aggr-aa -aggrmodref-aa -aggr-aa -functionattrs -basicaa -aggr-aa -aggrmodref-aa -aggr-aa -gvn -gvn -basicaa -aggr-aa -aggrmodref-aa -aggr-aa -dse -adse -adce -dce -norm-name -basicaa -aggr-aa -aggrmodref-aa -aggr-aa -accesses-merge -function-inline -complex-op-raise -inst-simplify -globaldce -func-legal -dce -loop-bound -arraycheck -bitwidthmin2 -bitwidthmin2 -on-by-dataflow -loop-delete -instcombine -simplifycfg -globaldce -dce -gvn -deadargelim -dce -loop-simplify -clean-region -simplifycfg -propagate-stable-arguments -instcombine -simplifycfg -dce -globaldce -duplicate-dataflow-processes -stream-intrinsic-preproc -dce -check-ap-stream -loop-simplify -eliminate-keepreads -extract-dataflow-in-loop -loop-simplify -dce -gvn -deadargelim -dse -duplicate-dataflow-processes -check-dataflow-syntax -legalize-stream-variable -globaldce -extract-subproc -global-constprop -deadargelim -globaldce -legalize-global -dce -dead-channel-elimination -canonicalize-gep -globaldce -dce -gvn -hls-dead-arg-elim -deadargelim -canonicalize-dataflow -directive-preproc -dce -globaldce -scalar-preprocessing -scalar-propagation2 -scalar-stream -deadargelim -globaldce -mem2reg -check-dataflow-channels -function-stream -dce -globaldce -prop-fifo-spec -internal-stream-gen -canonicalize-gep -globaldce -dce -gvn -deadargelim -mergereturn -indvars -loop-simplify -instcombine -array-stream -array-seg-normalize -array-partition -clean-array-spec -func-legal -instcombine -simplifycfg -dce -bundle-memfifo-ops -deadargelim -directive-preproc -mem2reg -dse -dce -group-axi-access -licm -simplifycfg -dce -loop-delete -hls-display -norm-name /home/jjh/RL_test/for_ironman/RLMD/gemm_syn/solution_gemm/.autopilot/db/a.o.1.bc -o /home/jjh/RL_test/for_ironman/RLMD/gemm_syn/solution_gemm/.autopilot/db/a.o.1.tmp.bc -f 
INFO-FLOW: Presyn 2...
Execute           transform -hls -keep-callgraph -scalarrepl -mem2reg -port-alignment -attach-range -dce -pipe-mux-gen -indvars -loop-bound -inst-simplify -instcombine -dce -merge-array-access -mem2reg -dce -clean-region -mergereturn -if-conv -instcombine -dce -constprop -basicaa -aggr-aa -aggrmodref-aa -aggr-aa -gvn -gvn -basicaa -aggr-aa -aggrmodref-aa -aggr-aa -dse -adse -adce -scalarrepl -mem2reg -global-constprop -deadargelim -deadargelim -instcombine -dce -simplifycfg -ptrArgReplace -mem2reg -function-inline -globaldce -mem2reg -instcombine -dce -expr-balance -instcombine -dce -bitwidthmin2 -bitwidthmin2 -interface-preproc -directive-preproc -inst-rectify -instcombine -dce -basicaa -aggr-aa -aggrmodref-aa -aggr-aa -functionattrs -constprop -instcombine -bit-constprop -simplify-global-access -globalopt -globaldce -inst-simplify -instcombine -elimdeaddata -dce -loop-delete -simplifycfg -loop-simplify -barrier -norm-name /home/jjh/RL_test/for_ironman/RLMD/gemm_syn/solution_gemm/.autopilot/db/a.o.1.tmp.bc -o /home/jjh/RL_test/for_ironman/RLMD/gemm_syn/solution_gemm/.autopilot/db/a.o.2.bc -f -phase presyn 
INFO: [HLS 200-111] Finished Loop, function and other optimizations: CPU user time: 0.03 seconds. CPU system time: 0.01 seconds. Elapsed time: 0.05 seconds; current allocated memory: 280.082 MB.
Execute           transform -hls -auto-function-inline -globaldce -ptrArgReplace -mem2reg -dce -reset-lda -loop-simplify -indvars -aggr-aa -licm -loop-dep -loop-bound -licm -loop-simplify -loop-sink-hoist -flattenloopnest -array-flatten -gvn -instcombine -dce -array-map -dce -func-legal -gvn -adce -instcombine -cfgopt -simplifycfg-lite -loop-simplify -array-burst -promote-global-argument -dce -array-seg-normalize -basicaa -aggrmodref-aa -globalsmodref-aa -aggr-aa -gvn -gvn -basicaa -aggrmodref-aa -globalsmodref-aa -aggr-aa -dse -adse -adce -licm -inst-simplify -dce -globaldce -instcombine -array-stream -eliminate-keepreads -instcombine -dce -deadargelim -doublePtrSimplify -doublePtrElim -dce -doublePtrSimplify -promote-dbg-pointer -dce -scalarrepl -mem2reg -norm-name -mem2reg -instcombine -dse -adse -adce -ptrLegalization -dce -array-flatten -dce -instcombine -check-doubleptr -loop-rot -constprop -inst-simplify -cfgopt -simplifycfg-lite -loop-simplify -indvars -pointer-simplify -dce -loop-bound -loop-simplify -loop-preproc -constprop -global-constprop -gvn -mem2reg -instcombine -dce -loop-bound -loop-merge -dce -deadargelim -dce -canonicalize-dataflow -dce -deadargelim -globaldce -mem2reg -bram-byte-enable -inst-simplify -inst-rectify -instcombine -adce -deadargelim -load-elim -read-loop-dep -loop-simplify -loop-rewind-sink-hoist -loop-outline -hls-dead-arg-elim -directive-preproc -bitwidthmin2 -bitwidthmin2 -read-loop-dep -interface-preproc -directive-preproc -interface-gen -bram-byte-enable-spec-prop -mul2addshift -deadargelim -inst-simplify -dce -mem2reg -instcombine -gvn -dce -adse -loop-bound -instcombine -cfgopt -simplifycfg-lite -loop-simplify -clean-region -io-protocol -find-region -mem2reg -bitop-raise -complex-op-raise -inst-simplify -inst-rectify -instcombine -gvn -adce -deadargelim -float-op-raise -loop-simplify -phi-opt -bitop-raise -cfgopt -simplifycfg-lite -strip-dead-prototypes -interface-lower -bitop-lower -intrinsic-lower -auto-function-inline -basicaa -aggrmodref-aa -globalsmodref-aa -aggr-aa -inst-simplify -simplifycfg-lite -loop-simplify -mergereturn -inst-simplify -inst-rectify -globaldce -dce -load-elim -bitop-lower -float-op-raise -fma-raise -loop-rewind -pointer-simplify -dce -cfgopt -dce -loop-bound -loop-dep -read-loop-dep -dce -dyn-mem-reuse -dce -recurrence-min -dce -share-scalar-alloca -deadargelim -dce -check-stream -norm-name -legalize -inst-clarity -bitwidth -dce -validate-dataflow -dump-loop-dep-to-ir -check-all-ssdm -drop-inferred-ii -dump-complexity-metric /home/jjh/RL_test/for_ironman/RLMD/gemm_syn/solution_gemm/.autopilot/db/a.o.2.bc -o /home/jjh/RL_test/for_ironman/RLMD/gemm_syn/solution_gemm/.autopilot/db/a.o.3.bc -f -phase build-ssdm 
Execute             auto_get_db
INFO-FLOW: Building ssdm...
Execute           transform -hls -cdfg-build /home/jjh/RL_test/for_ironman/RLMD/gemm_syn/solution_gemm/.autopilot/db/a.o.3.bc -o /home/jjh/RL_test/for_ironman/RLMD/gemm_syn/solution_gemm/.autopilot/db/a.o.3.bc -f -phase build-ssdm 
INFO: [HLS 200-111] Finished Architecture Synthesis: CPU user time: 0.04 seconds. CPU system time: 0 seconds. Elapsed time: 0.03 seconds; current allocated memory: 280.082 MB.
INFO-FLOW: Finish building internal data model.
Command       elaborate done; 9.29 sec.
Execute       ap_eval exec zip -j /home/jjh/RL_test/for_ironman/RLMD/gemm_syn/solution_gemm/.autopilot/db/dut.hcp $dbDir/a.o.3.bc $dbDir/${topname}.rtl_wrap.cfg.tcl $dbDir/apatb_${topname}.cpp $dbDir/apatb_${topname}_util.cpp $dbDir/apatb_${topname}_ir.ll $dbDir/mapper_${topname}.cpp $dbDir/top-io-fe.xml $dbDir/kernel.internal.xml $workdir/../hls.app 
Execute       autosyn -from_csynth_design=1 
INFO: [HLS 200-10] Starting hardware synthesis ...
INFO-FLOW: Synthesizing C/C++ design ...
INFO: [HLS 200-10] Synthesizing 'gemm' ...
Execute         ap_set_top_model gemm 
Execute         get_model_list gemm -filter all-wo-channel -topdown 
Execute         preproc_iomode -model gemm 
Execute         get_model_list gemm -filter all-wo-channel 
INFO-FLOW: Model list for configure: gemm
INFO-FLOW: Configuring Module : gemm ...
Execute         set_default_model gemm 
Execute         apply_spec_resource_limit gemm 
INFO-FLOW: Model list for preprocess: gemm
INFO-FLOW: Preprocessing Module: gemm ...
Execute         set_default_model gemm 
Execute         cdfg_preprocess -model gemm 
Execute         rtl_gen_preprocess gemm 
INFO-FLOW: Model list for synthesis: gemm
INFO: [HLS 200-10] ----------------------------------------------------------------
INFO: [HLS 200-42] -- Implementing module 'gemm' 
INFO: [HLS 200-10] ----------------------------------------------------------------
Execute         set_default_model gemm 
Execute         schedule -model gemm 
INFO: [SCHED 204-11] Starting scheduling ...
INFO: [SCHED 204-11] Finished scheduling.
INFO: [HLS 200-111] Finished Scheduling: CPU user time: 0.06 seconds. CPU system time: 0.02 seconds. Elapsed time: 0.1 seconds; current allocated memory: 280.082 MB.
Execute         syn_report -verbosereport -o /home/jjh/RL_test/for_ironman/RLMD/gemm_syn/solution_gemm/.autopilot/db/gemm.verbose.sched.rpt 
Execute           list_part -family xc7z020-clg484-1 
Execute             ap_family_info -name xc7z020-clg484-1 -data names 
Execute             ap_part_info -quiet -name xc7z020-clg484-1 -data family 
Execute         db_write -o /home/jjh/RL_test/for_ironman/RLMD/gemm_syn/solution_gemm/.autopilot/db/gemm.sched.adb -f 
INFO-FLOW: Finish scheduling gemm.
Execute         set_default_model gemm 
Execute         bind -model gemm 
INFO: [BIND 205-100] Starting micro-architecture generation ...
INFO: [BIND 205-101] Performing variable lifetime analysis.
INFO: [BIND 205-101] Exploring resource sharing.
INFO: [BIND 205-101] Binding ...
INFO: [BIND 205-100] Finished micro-architecture generation.
INFO: [HLS 200-111] Finished Binding: CPU user time: 0.02 seconds. CPU system time: 0 seconds. Elapsed time: 0.02 seconds; current allocated memory: 280.082 MB.
Execute         syn_report -verbosereport -o /home/jjh/RL_test/for_ironman/RLMD/gemm_syn/solution_gemm/.autopilot/db/gemm.verbose.bind.rpt 
Execute           list_part -family xc7z020-clg484-1 
Execute             ap_family_info -name xc7z020-clg484-1 -data names 
Execute             ap_part_info -quiet -name xc7z020-clg484-1 -data family 
Execute         db_write -o /home/jjh/RL_test/for_ironman/RLMD/gemm_syn/solution_gemm/.autopilot/db/gemm.bind.adb -f 
INFO-FLOW: Finish binding gemm.
Execute         get_model_list gemm -filter all-wo-channel 
INFO-FLOW: Preprocessing for RTLGen ...
Execute         rtl_gen_preprocess gemm 
INFO-FLOW: Model list for RTL generation: gemm
INFO: [HLS 200-10] ----------------------------------------------------------------
INFO: [HLS 200-10] -- Generating RTL for module 'gemm' 
INFO: [HLS 200-10] ----------------------------------------------------------------
Execute         create_rtl_model gemm -top_prefix  -sub_prefix gemm_ -mg_file /home/jjh/RL_test/for_ironman/RLMD/gemm_syn/solution_gemm/.autopilot/db/gemm.compgen.tcl 
INFO: [RTGEN 206-500] Setting interface mode on port 'gemm/m1' to 'ap_memory'.
INFO: [RTGEN 206-500] Setting interface mode on port 'gemm/m2' to 'ap_memory'.
INFO: [RTGEN 206-500] Setting interface mode on port 'gemm/prod' to 'ap_memory'.
INFO: [RTGEN 206-500] Setting interface mode on function 'gemm' to 'ap_ctrl_hs'.
INFO: [RTGEN 206-100] Generating core module 'dadd_64ns_64ns_64_7_full_dsp_1': 1 instance(s).
INFO: [RTGEN 206-100] Generating core module 'dmul_64ns_64ns_64_7_max_dsp_1': 1 instance(s).
INFO: [RTGEN 206-100] Finished creating RTL model for 'gemm'.
INFO: [HLS 200-111] Finished Creating RTL model: CPU user time: 0.03 seconds. CPU system time: 0.01 seconds. Elapsed time: 0.03 seconds; current allocated memory: 280.082 MB.
Execute         source /home/jjh/RL_test/for_ironman/RLMD/gemm_syn/solution_gemm/.autopilot/db/gemm.rtl_wrap.cfg.tcl 
Execute         gen_rtl gemm -istop -style xilinx -f -lang vhdl -o /home/jjh/RL_test/for_ironman/RLMD/gemm_syn/solution_gemm/syn/vhdl/gemm 
Execute         gen_rtl gemm -istop -style xilinx -f -lang vlog -o /home/jjh/RL_test/for_ironman/RLMD/gemm_syn/solution_gemm/syn/verilog/gemm 
Execute         syn_report -csynth -model gemm -o /home/jjh/RL_test/for_ironman/RLMD/gemm_syn/solution_gemm/syn/report/gemm_csynth.rpt 
Execute           list_part -family xc7z020-clg484-1 
Execute             ap_family_info -name xc7z020-clg484-1 -data names 
Execute             ap_part_info -quiet -name xc7z020-clg484-1 -data family 
Execute         syn_report -rtlxml -model gemm -o /home/jjh/RL_test/for_ironman/RLMD/gemm_syn/solution_gemm/syn/report/gemm_csynth.xml 
Execute           list_part -family xc7z020-clg484-1 
Execute             ap_family_info -name xc7z020-clg484-1 -data names 
Execute             ap_part_info -quiet -name xc7z020-clg484-1 -data family 
Execute         syn_report -verbosereport -model gemm -o /home/jjh/RL_test/for_ironman/RLMD/gemm_syn/solution_gemm/.autopilot/db/gemm.verbose.rpt 
Execute           list_part -family xc7z020-clg484-1 
Execute             ap_family_info -name xc7z020-clg484-1 -data names 
Execute             ap_part_info -quiet -name xc7z020-clg484-1 -data family 
Execute         db_write -model gemm -f -o /home/jjh/RL_test/for_ironman/RLMD/gemm_syn/solution_gemm/.autopilot/db/gemm.adb 
Execute         db_write -model gemm -bindview -o /home/jjh/RL_test/for_ironman/RLMD/gemm_syn/solution_gemm/.autopilot/db/design.bindinfo.xml 
Execute         gen_tb_info gemm -p /home/jjh/RL_test/for_ironman/RLMD/gemm_syn/solution_gemm/.autopilot/db -o /home/jjh/RL_test/for_ironman/RLMD/gemm_syn/solution_gemm/.autopilot/db/gemm 
Execute         export_constraint_db -f -tool general -o /home/jjh/RL_test/for_ironman/RLMD/gemm_syn/solution_gemm/.autopilot/db/gemm.constraint.tcl 
Execute         syn_report -designview -model gemm -o /home/jjh/RL_test/for_ironman/RLMD/gemm_syn/solution_gemm/.autopilot/db/gemm.design.xml 
Execute         syn_report -csynthDesign -model gemm -o /home/jjh/RL_test/for_ironman/RLMD/gemm_syn/solution_gemm/syn/report/csynth.rpt -MHOut /home/jjh/RL_test/for_ironman/RLMD/gemm_syn/solution_gemm/.autopilot/db/kernel_module_hierarchy.tcl 
Execute           list_part -family xc7z020-clg484-1 
Execute             ap_family_info -name xc7z020-clg484-1 -data names 
Execute             ap_part_info -quiet -name xc7z020-clg484-1 -data family 
Execute         syn_report -wcfg -model gemm -o /home/jjh/RL_test/for_ironman/RLMD/gemm_syn/solution_gemm/.autopilot/db/gemm_dataflow_ana.wcfg 
Execute         syn_report -protoinst -model gemm -o /home/jjh/RL_test/for_ironman/RLMD/gemm_syn/solution_gemm/.autopilot/db/gemm.protoinst 
Execute         sc_get_clocks gemm 
Execute         sc_get_portdomain gemm 
INFO-FLOW: Model list for RTL component generation: gemm
INFO-FLOW: Handling components in module [gemm] ... 
Execute         source /home/jjh/RL_test/for_ironman/RLMD/gemm_syn/solution_gemm/.autopilot/db/gemm.compgen.tcl 
INFO-FLOW: Found component gemm_dadd_64ns_64ns_64_7_full_dsp_1.
INFO-FLOW: Append model gemm_dadd_64ns_64ns_64_7_full_dsp_1
INFO-FLOW: Found component gemm_dmul_64ns_64ns_64_7_max_dsp_1.
INFO-FLOW: Append model gemm_dmul_64ns_64ns_64_7_max_dsp_1
INFO-FLOW: Append model gemm
INFO-FLOW: Generating RTL model list ...
INFO-FLOW: All models in this session: gemm_dadd_64ns_64ns_64_7_full_dsp_1 gemm_dmul_64ns_64ns_64_7_max_dsp_1 gemm
INFO-FLOW: Generating /home/jjh/RL_test/for_ironman/RLMD/gemm_syn/solution_gemm/.autopilot/db/autopilot.rtl.models.txt file...
INFO-FLOW: To file: write model gemm_dadd_64ns_64ns_64_7_full_dsp_1
INFO-FLOW: To file: write model gemm_dmul_64ns_64ns_64_7_max_dsp_1
INFO-FLOW: To file: write model gemm
INFO-FLOW: Generating /home/jjh/RL_test/for_ironman/RLMD/gemm_syn/solution_gemm/.autopilot/db/autopilot.rtl.models.tcl file...
INFO-FLOW: Finished generating RTL model list.


INFO-FLOW: RTL Generation done.
INFO-FLOW: CAS Generation done.
INFO-FLOW: CBC Generation done.
INFO-FLOW: DBG:PROC: ::AESL_AUTOMG::auto_generate_csynth_design
INFO-FLOW: DBG:PUTS: read_platform_lib /home/jjh/RL_test/for_ironman/RLMD/gemm_syn/solution_gemm/.autopilot/db/global.setting.tcl
Execute         source /tools/Xilinx/2025.1/Vitis/common/technology/generic/autopilot/common.gen 
Execute           source /tools/Xilinx/2025.1/Vitis/common/technology/generic/autopilot/APCoreGen.gen 
Execute         source /tools/Xilinx/2025.1/Vitis/common/technology/generic/autopilot/op.gen 
Execute         source /tools/Xilinx/2025.1/Vitis/common/technology/generic/autopilot/op_simcore.gen 
Execute         source /tools/Xilinx/2025.1/Vitis/common/technology/generic/autopilot/interface.gen 
Execute         source /home/jjh/RL_test/for_ironman/RLMD/gemm_syn/solution_gemm/.autopilot/db/global.setting.tcl 
Execute         source /tools/Xilinx/2025.1/Vitis/common/technology/xilinx/common/xilinx.gen 
Execute           source /tools/Xilinx/2025.1/Vitis/common/technology/xilinx/interface/plb46.gen 
Execute           source /tools/Xilinx/2025.1/Vitis/common/technology/xilinx/interface/axi4.gen 
Execute           source /tools/Xilinx/2025.1/Vitis/common/technology/xilinx/interface/nativeAXI4.gen 
Execute             source /tools/Xilinx/2025.1/Vitis/common/technology/xilinx/interface/saxilite.gen 
Execute           source /tools/Xilinx/2025.1/Vitis/common/technology/xilinx/scripts/xilinxcoregen.gen 
Execute           source /tools/Xilinx/2025.1/Vitis/common/technology/xilinx/interface/XilEDKCoreGen.gen 
Execute           source /tools/Xilinx/2025.1/Vitis/common/technology/xilinx/ip/xfir.gen 
Execute           source /tools/Xilinx/2025.1/Vitis/common/technology/xilinx/ip/util.gen 
Execute           source /tools/Xilinx/2025.1/Vitis/common/technology/xilinx/ip/dds_compiler.gen 
Execute           source /tools/Xilinx/2025.1/Vitis/common/technology/xilinx/ip/xfft.gen 
Command           ap_source done; 0.11 sec.
Execute           source /tools/Xilinx/2025.1/Vitis/common/technology/xilinx/DSP48/dsp48.gen 
Command         ap_source done; 0.13 sec.
INFO-FLOW: DBG:PUTS:   using AESL_AUTOCG::g_clock_period=10.000 (was NA)
INFO-FLOW: DBG:PROC: ::AESL_AUTOMG::generate_ip_cores gen_sim_model='1' gen_fp_models='0' gen_for_export='0' dstSCDir='' dstVhdlDir='/home/jjh/RL_test/for_ironman/RLMD/gemm_syn/solution_gemm/.autopilot/db/vhdl' dstVlogDir='/home/jjh/RL_test/for_ironman/RLMD/gemm_syn/solution_gemm/.autopilot/db/vlog' tclDir='/home/jjh/RL_test/for_ironman/RLMD/gemm_syn/solution_gemm/.autopilot/db' modelList='gemm_dadd_64ns_64ns_64_7_full_dsp_1
gemm_dmul_64ns_64ns_64_7_max_dsp_1
gemm
' expOnly='0'
Execute         source /home/jjh/RL_test/for_ironman/RLMD/gemm_syn/solution_gemm/.autopilot/db/global.setting.tcl 
Execute         ap_part_info -name xc7z020-clg484-1 -data names -quiet 
Execute         ap_part_info -name xc7z020-clg484-1 -data info -quiet 
Execute         source /home/jjh/RL_test/for_ironman/RLMD/gemm_syn/solution_gemm/.autopilot/db/global.setting.tcl 
Execute         source /home/jjh/RL_test/for_ironman/RLMD/gemm_syn/solution_gemm/.autopilot/db/global.setting.tcl 
Execute         source /home/jjh/RL_test/for_ironman/RLMD/gemm_syn/solution_gemm/.autopilot/db/gemm.compgen.tcl 
INFO: [HLS 200-111] Finished Generating all RTL models: CPU user time: 0.23 seconds. CPU system time: 0.02 seconds. Elapsed time: 0.25 seconds; current allocated memory: 280.082 MB.
INFO-FLOW: DBG:PROC: ::HLSREPORTS::create_csynth_xml bind_info_var='bind_info' RtlSubPrefix='gemm_' outfile=''
INFO-FLOW: Running: create_csynth_xml read xml data
INFO-FLOW: Done: create_csynth_xml read xml data time: 0 seconds per iteration
INFO-FLOW: Running: create_csynth_xml bind info
INFO-FLOW: Done: create_csynth_xml bind info time: 0 seconds per iteration
INFO-FLOW: Running: create_csynth_xml config info
INFO-FLOW: Done: create_csynth_xml config info time: 0.2 seconds per iteration
INFO-FLOW: Running: create_csynth_xml write xml
INFO-FLOW: Done: create_csynth_xml write xml time: 0 seconds per iteration
INFO-FLOW: DBG:PUTS:      create_csynth_xml wrote csynth_xml=/home/jjh/RL_test/for_ironman/RLMD/gemm_syn/solution_gemm/syn/report/csynth.xml
INFO-FLOW: DBG:PROC: ::AP::DESIGN_DATA::generate_json generate_bd_files='0' generate_xo_files='0' modelList='gemm_dadd_64ns_64ns_64_7_full_dsp_1
gemm_dmul_64ns_64ns_64_7_max_dsp_1
gemm
' rtl_lang='both' bootstrap_tcl='false' outdir='' outfilename=''
Execute         source /home/jjh/RL_test/for_ironman/RLMD/gemm_syn/solution_gemm/.autopilot/db/global.setting.tcl 
Execute         source /home/jjh/RL_test/for_ironman/RLMD/gemm_syn/solution_gemm/.autopilot/db/global.setting.tcl 
Execute         source /home/jjh/RL_test/for_ironman/RLMD/gemm_syn/solution_gemm/.autopilot/db/top-io-be.tcl 
Execute         source /home/jjh/RL_test/for_ironman/RLMD/gemm_syn/solution_gemm/.autopilot/db/gemm.tbgen.tcl 
Execute         source /home/jjh/RL_test/for_ironman/RLMD/gemm_syn/solution_gemm/.autopilot/db/gemm.rtl_wrap.cfg.tcl 
Execute         source /home/jjh/RL_test/for_ironman/RLMD/gemm_syn/solution_gemm/.autopilot/db/gemm.compgen.dataonly.tcl 
Execute         source /home/jjh/RL_test/for_ironman/RLMD/gemm_syn/solution_gemm/.autopilot/db/gemm.tbgen.tcl 
Execute         source /home/jjh/RL_test/for_ironman/RLMD/gemm_syn/solution_gemm/.autopilot/db/global.setting.tcl 
Execute         ap_part_info -name xc7z020-clg484-1 -data names -quiet 
Execute         ap_part_info -name xc7z020-clg484-1 -data info -quiet 
Execute         source /home/jjh/RL_test/for_ironman/RLMD/gemm_syn/solution_gemm/.autopilot/db/gemm.constraint.tcl 
Execute         sc_get_clocks gemm 
Execute         source /home/jjh/RL_test/for_ironman/RLMD/gemm_syn/solution_gemm/.autopilot/db/global.setting.tcl 
Execute         source /home/jjh/RL_test/for_ironman/RLMD/gemm_syn/solution_gemm/impl/misc/gemm_dadd_64ns_64ns_64_7_full_dsp_1_ip.tcl 
Execute         source /home/jjh/RL_test/for_ironman/RLMD/gemm_syn/solution_gemm/impl/misc/gemm_dmul_64ns_64ns_64_7_max_dsp_1_ip.tcl 
INFO-FLOW: DBG:PROC: ::HLSREPORTS::add_csynth_report_sections bind_info_dict='adapter_nodes {} cache_nodes {} report_dict {TOPINST gemm MODULE2INSTS {gemm gemm} INST2MODULE {gemm gemm} INSTDATA {gemm {DEPTH 1 CHILDREN {}}} MODULEDATA {gemm {BINDINFO {{BINDTYPE op ID {} IMPL auto LATENCY 0 OPTYPE seteq PRAGMA {} RTLNAME icmp_ln8_fu_146_p2 SOURCE ../CASE/test/gemm.cc:8 VARIABLE icmp_ln8 LOOP outer BUNDLEDNAME {} DSP 0 BRAM 0 URAM 0 STORAGESUBTYPE {} DISPNAME {bind_op seteq} VISIBLE false} {BINDTYPE op ID {} IMPL fabric LATENCY 0 OPTYPE add PRAGMA {} RTLNAME add_ln8_fu_152_p2 SOURCE ../CASE/test/gemm.cc:8 VARIABLE add_ln8 LOOP outer BUNDLEDNAME {} DSP 0 BRAM 0 URAM 0 STORAGESUBTYPE {} DISPNAME {bind_op add} VISIBLE true} {BINDTYPE op ID {} IMPL auto LATENCY 0 OPTYPE seteq PRAGMA {} RTLNAME icmp_ln9_fu_170_p2 SOURCE ../CASE/test/gemm.cc:9 VARIABLE icmp_ln9 LOOP middle BUNDLEDNAME {} DSP 0 BRAM 0 URAM 0 STORAGESUBTYPE {} DISPNAME {bind_op seteq} VISIBLE false} {BINDTYPE op ID {} IMPL fabric LATENCY 0 OPTYPE add PRAGMA {} RTLNAME add_ln9_fu_176_p2 SOURCE ../CASE/test/gemm.cc:9 VARIABLE add_ln9 LOOP middle BUNDLEDNAME {} DSP 0 BRAM 0 URAM 0 STORAGESUBTYPE {} DISPNAME {bind_op add} VISIBLE true} {BINDTYPE op ID {} IMPL auto LATENCY 0 OPTYPE seteq PRAGMA {} RTLNAME icmp_ln12_fu_190_p2 SOURCE ../CASE/test/gemm.cc:12 VARIABLE icmp_ln12 LOOP inner BUNDLEDNAME {} DSP 0 BRAM 0 URAM 0 STORAGESUBTYPE {} DISPNAME {bind_op seteq} VISIBLE false} {BINDTYPE op ID {} IMPL fabric LATENCY 0 OPTYPE add PRAGMA {} RTLNAME add_ln12_fu_196_p2 SOURCE ../CASE/test/gemm.cc:12 VARIABLE add_ln12 LOOP inner BUNDLEDNAME {} DSP 0 BRAM 0 URAM 0 STORAGESUBTYPE {} DISPNAME {bind_op add} VISIBLE true} {BINDTYPE op ID {} IMPL fabric LATENCY 0 OPTYPE add PRAGMA {} RTLNAME add_ln14_fu_218_p2 SOURCE ../CASE/test/gemm.cc:14 VARIABLE add_ln14 LOOP inner BUNDLEDNAME {} DSP 0 BRAM 0 URAM 0 STORAGESUBTYPE {} DISPNAME {bind_op add} VISIBLE true} {BINDTYPE op ID {} IMPL fabric LATENCY 0 OPTYPE add PRAGMA {} RTLNAME add_ln14_1_fu_228_p2 SOURCE ../CASE/test/gemm.cc:14 VARIABLE add_ln14_1 LOOP inner BUNDLEDNAME {} DSP 0 BRAM 0 URAM 0 STORAGESUBTYPE {} DISPNAME {bind_op add} VISIBLE true} {BINDTYPE op ID {} IMPL maxdsp LATENCY 6 OPTYPE dmul PRAGMA {} RTLNAME dmul_64ns_64ns_64_7_max_dsp_1_U2 SOURCE ../CASE/test/gemm.cc:14 VARIABLE mult LOOP inner BUNDLEDNAME {} DSP 11 BRAM 0 URAM 0 STORAGESUBTYPE {} DISPNAME {bind_op dmul} VISIBLE true} {BINDTYPE op ID {} IMPL fulldsp LATENCY 6 OPTYPE dadd PRAGMA {} RTLNAME dadd_64ns_64ns_64_7_full_dsp_1_U1 SOURCE ../CASE/test/gemm.cc:15 VARIABLE sum_1 LOOP inner BUNDLEDNAME {} DSP 3 BRAM 0 URAM 0 STORAGESUBTYPE {} DISPNAME {bind_op dadd} VISIBLE true} {BINDTYPE op ID {} IMPL fabric LATENCY 0 OPTYPE add PRAGMA {} RTLNAME add_ln17_fu_238_p2 SOURCE ../CASE/test/gemm.cc:17 VARIABLE add_ln17 LOOP middle BUNDLEDNAME {} DSP 0 BRAM 0 URAM 0 STORAGESUBTYPE {} DISPNAME {bind_op add} VISIBLE true}} AREA {DSP 14 BRAM 0 URAM 0}}}}'
INFO-FLOW: DBG:PUTS:      update_csynth_reports json2rpt_hw_sw_interfaces
INFO-FLOW: Running: gen_csynth_sec_pragma
INFO-FLOW: Done: gen_csynth_sec_pragma time: 0 seconds per iteration
INFO-FLOW: DBG:PUTS:      update_csynth_reports wrote xml
INFO-FLOW: DBG:PUTS:      update_csynth_reports appended to csynth rpt file
INFO: [HLS 200-111] Finished Updating report files: CPU user time: 0.35 seconds. CPU system time: 0.04 seconds. Elapsed time: 0.4 seconds; current allocated memory: 280.082 MB.
INFO: [VHDL 208-304] Generating VHDL RTL for gemm.
INFO: [VLOG 209-307] Generating Verilog RTL for gemm.
Execute         syn_report -model gemm -printsummary 
INFO: [HLS 200-790] **** Loop Constraint Status: All loop constraints were satisfied.
INFO: [HLS 200-789] **** Estimated Fmax: 137.04 MHz
Command       autosyn done; 0.77 sec.
Command     csynth_design done; 10.3 sec.
INFO: [HLS 200-2161] Finished Command csynth_design Elapsed time: 00:00:10; Allocated memory: 32.363 MB.
Execute     cleanup_all 
